[2025-03-25T15:09:15.575+0000] {processor.py:186} INFO - Started process (PID=110) to work on /home/airflow/.local/lib/python3.12/site-packages/airflow/example_dags/example_branch_labels.py
[2025-03-25T15:09:15.577+0000] {processor.py:914} INFO - Processing file /home/airflow/.local/lib/python3.12/site-packages/airflow/example_dags/example_branch_labels.py for tasks to queue
[2025-03-25T15:09:15.581+0000] {logging_mixin.py:190} INFO - [2025-03-25T15:09:15.580+0000] {dagbag.py:588} INFO - Filling up the DagBag from /home/airflow/.local/lib/python3.12/site-packages/airflow/example_dags/example_branch_labels.py
[2025-03-25T15:09:15.597+0000] {processor.py:925} INFO - DAG(s) 'example_branch_labels' retrieved from /home/airflow/.local/lib/python3.12/site-packages/airflow/example_dags/example_branch_labels.py
[2025-03-25T15:09:15.755+0000] {logging_mixin.py:190} INFO - [2025-03-25T15:09:15.754+0000] {override.py:1912} INFO - Created Permission View: can read on DAG:example_branch_labels
[2025-03-25T15:09:15.770+0000] {logging_mixin.py:190} INFO - [2025-03-25T15:09:15.769+0000] {override.py:1912} INFO - Created Permission View: can delete on DAG:example_branch_labels
[2025-03-25T15:09:15.780+0000] {logging_mixin.py:190} INFO - [2025-03-25T15:09:15.779+0000] {override.py:1912} INFO - Created Permission View: can edit on DAG:example_branch_labels
[2025-03-25T15:09:15.792+0000] {logging_mixin.py:190} INFO - [2025-03-25T15:09:15.791+0000] {override.py:1912} INFO - Created Permission View: can create on DAG Run:example_branch_labels
[2025-03-25T15:09:15.803+0000] {logging_mixin.py:190} INFO - [2025-03-25T15:09:15.803+0000] {override.py:1912} INFO - Created Permission View: can read on DAG Run:example_branch_labels
[2025-03-25T15:09:15.812+0000] {logging_mixin.py:190} INFO - [2025-03-25T15:09:15.812+0000] {override.py:1912} INFO - Created Permission View: can delete on DAG Run:example_branch_labels
[2025-03-25T15:09:15.821+0000] {logging_mixin.py:190} INFO - [2025-03-25T15:09:15.820+0000] {override.py:1912} INFO - Created Permission View: menu access on DAG Run:example_branch_labels
[2025-03-25T15:09:15.821+0000] {logging_mixin.py:190} INFO - [2025-03-25T15:09:15.821+0000] {dag.py:3239} INFO - Sync 1 DAGs
[2025-03-25T15:09:15.842+0000] {logging_mixin.py:190} INFO - [2025-03-25T15:09:15.842+0000] {dag.py:3262} INFO - Creating ORM DAG for example_branch_labels
[2025-03-25T15:09:15.856+0000] {logging_mixin.py:190} INFO - [2025-03-25T15:09:15.856+0000] {dag.py:4180} INFO - Setting next_dagrun for example_branch_labels to 2025-03-24 00:00:00+00:00, run_after=2025-03-25 00:00:00+00:00
[2025-03-25T15:09:15.876+0000] {processor.py:208} INFO - Processing /home/airflow/.local/lib/python3.12/site-packages/airflow/example_dags/example_branch_labels.py took 0.310 seconds
[2025-03-25T15:09:46.899+0000] {processor.py:186} INFO - Started process (PID=173) to work on /home/airflow/.local/lib/python3.12/site-packages/airflow/example_dags/example_branch_labels.py
[2025-03-25T15:09:46.900+0000] {processor.py:914} INFO - Processing file /home/airflow/.local/lib/python3.12/site-packages/airflow/example_dags/example_branch_labels.py for tasks to queue
[2025-03-25T15:09:46.903+0000] {logging_mixin.py:190} INFO - [2025-03-25T15:09:46.903+0000] {dagbag.py:588} INFO - Filling up the DagBag from /home/airflow/.local/lib/python3.12/site-packages/airflow/example_dags/example_branch_labels.py
[2025-03-25T15:09:46.917+0000] {processor.py:925} INFO - DAG(s) 'example_branch_labels' retrieved from /home/airflow/.local/lib/python3.12/site-packages/airflow/example_dags/example_branch_labels.py
[2025-03-25T15:09:46.944+0000] {logging_mixin.py:190} INFO - [2025-03-25T15:09:46.944+0000] {dag.py:3239} INFO - Sync 1 DAGs
[2025-03-25T15:09:46.990+0000] {logging_mixin.py:190} INFO - [2025-03-25T15:09:46.989+0000] {dag.py:4180} INFO - Setting next_dagrun for example_branch_labels to 2025-03-24 00:00:00+00:00, run_after=2025-03-25 00:00:00+00:00
[2025-03-25T15:09:47.022+0000] {processor.py:208} INFO - Processing /home/airflow/.local/lib/python3.12/site-packages/airflow/example_dags/example_branch_labels.py took 0.131 seconds
[2025-03-25T15:10:18.947+0000] {processor.py:186} INFO - Started process (PID=242) to work on /home/airflow/.local/lib/python3.12/site-packages/airflow/example_dags/example_branch_labels.py
[2025-03-25T15:10:18.949+0000] {processor.py:914} INFO - Processing file /home/airflow/.local/lib/python3.12/site-packages/airflow/example_dags/example_branch_labels.py for tasks to queue
[2025-03-25T15:10:18.953+0000] {logging_mixin.py:190} INFO - [2025-03-25T15:10:18.953+0000] {dagbag.py:588} INFO - Filling up the DagBag from /home/airflow/.local/lib/python3.12/site-packages/airflow/example_dags/example_branch_labels.py
[2025-03-25T15:10:18.970+0000] {processor.py:925} INFO - DAG(s) 'example_branch_labels' retrieved from /home/airflow/.local/lib/python3.12/site-packages/airflow/example_dags/example_branch_labels.py
[2025-03-25T15:10:19.015+0000] {logging_mixin.py:190} INFO - [2025-03-25T15:10:19.015+0000] {dag.py:3239} INFO - Sync 1 DAGs
[2025-03-25T15:10:19.054+0000] {logging_mixin.py:190} INFO - [2025-03-25T15:10:19.053+0000] {dag.py:4180} INFO - Setting next_dagrun for example_branch_labels to 2025-03-24 00:00:00+00:00, run_after=2025-03-25 00:00:00+00:00
[2025-03-25T15:10:19.080+0000] {processor.py:208} INFO - Processing /home/airflow/.local/lib/python3.12/site-packages/airflow/example_dags/example_branch_labels.py took 0.143 seconds
[2025-03-25T15:10:50.185+0000] {processor.py:186} INFO - Started process (PID=305) to work on /home/airflow/.local/lib/python3.12/site-packages/airflow/example_dags/example_branch_labels.py
[2025-03-25T15:10:50.186+0000] {processor.py:914} INFO - Processing file /home/airflow/.local/lib/python3.12/site-packages/airflow/example_dags/example_branch_labels.py for tasks to queue
[2025-03-25T15:10:50.189+0000] {logging_mixin.py:190} INFO - [2025-03-25T15:10:50.188+0000] {dagbag.py:588} INFO - Filling up the DagBag from /home/airflow/.local/lib/python3.12/site-packages/airflow/example_dags/example_branch_labels.py
[2025-03-25T15:10:50.204+0000] {processor.py:925} INFO - DAG(s) 'example_branch_labels' retrieved from /home/airflow/.local/lib/python3.12/site-packages/airflow/example_dags/example_branch_labels.py
[2025-03-25T15:10:50.236+0000] {logging_mixin.py:190} INFO - [2025-03-25T15:10:50.236+0000] {dag.py:3239} INFO - Sync 1 DAGs
[2025-03-25T15:10:50.271+0000] {logging_mixin.py:190} INFO - [2025-03-25T15:10:50.271+0000] {dag.py:4180} INFO - Setting next_dagrun for example_branch_labels to 2025-03-24 00:00:00+00:00, run_after=2025-03-25 00:00:00+00:00
[2025-03-25T15:10:50.290+0000] {processor.py:208} INFO - Processing /home/airflow/.local/lib/python3.12/site-packages/airflow/example_dags/example_branch_labels.py took 0.112 seconds
[2025-03-25T15:11:21.733+0000] {processor.py:186} INFO - Started process (PID=368) to work on /home/airflow/.local/lib/python3.12/site-packages/airflow/example_dags/example_branch_labels.py
[2025-03-25T15:11:21.735+0000] {processor.py:914} INFO - Processing file /home/airflow/.local/lib/python3.12/site-packages/airflow/example_dags/example_branch_labels.py for tasks to queue
[2025-03-25T15:11:21.738+0000] {logging_mixin.py:190} INFO - [2025-03-25T15:11:21.737+0000] {dagbag.py:588} INFO - Filling up the DagBag from /home/airflow/.local/lib/python3.12/site-packages/airflow/example_dags/example_branch_labels.py
[2025-03-25T15:11:21.751+0000] {processor.py:925} INFO - DAG(s) 'example_branch_labels' retrieved from /home/airflow/.local/lib/python3.12/site-packages/airflow/example_dags/example_branch_labels.py
[2025-03-25T15:11:21.776+0000] {logging_mixin.py:190} INFO - [2025-03-25T15:11:21.776+0000] {dag.py:3239} INFO - Sync 1 DAGs
[2025-03-25T15:11:21.808+0000] {logging_mixin.py:190} INFO - [2025-03-25T15:11:21.808+0000] {dag.py:4180} INFO - Setting next_dagrun for example_branch_labels to 2025-03-24 00:00:00+00:00, run_after=2025-03-25 00:00:00+00:00
[2025-03-25T15:11:21.834+0000] {processor.py:208} INFO - Processing /home/airflow/.local/lib/python3.12/site-packages/airflow/example_dags/example_branch_labels.py took 0.108 seconds
[2025-03-25T15:11:52.946+0000] {processor.py:186} INFO - Started process (PID=431) to work on /home/airflow/.local/lib/python3.12/site-packages/airflow/example_dags/example_branch_labels.py
[2025-03-25T15:11:52.947+0000] {processor.py:914} INFO - Processing file /home/airflow/.local/lib/python3.12/site-packages/airflow/example_dags/example_branch_labels.py for tasks to queue
[2025-03-25T15:11:52.950+0000] {logging_mixin.py:190} INFO - [2025-03-25T15:11:52.949+0000] {dagbag.py:588} INFO - Filling up the DagBag from /home/airflow/.local/lib/python3.12/site-packages/airflow/example_dags/example_branch_labels.py
[2025-03-25T15:11:52.962+0000] {processor.py:925} INFO - DAG(s) 'example_branch_labels' retrieved from /home/airflow/.local/lib/python3.12/site-packages/airflow/example_dags/example_branch_labels.py
[2025-03-25T15:11:52.990+0000] {logging_mixin.py:190} INFO - [2025-03-25T15:11:52.989+0000] {dag.py:3239} INFO - Sync 1 DAGs
[2025-03-25T15:11:53.024+0000] {logging_mixin.py:190} INFO - [2025-03-25T15:11:53.024+0000] {dag.py:4180} INFO - Setting next_dagrun for example_branch_labels to 2025-03-24 00:00:00+00:00, run_after=2025-03-25 00:00:00+00:00
[2025-03-25T15:11:53.043+0000] {processor.py:208} INFO - Processing /home/airflow/.local/lib/python3.12/site-packages/airflow/example_dags/example_branch_labels.py took 0.105 seconds
[2025-03-25T15:12:24.577+0000] {processor.py:186} INFO - Started process (PID=494) to work on /home/airflow/.local/lib/python3.12/site-packages/airflow/example_dags/example_branch_labels.py
[2025-03-25T15:12:24.579+0000] {processor.py:914} INFO - Processing file /home/airflow/.local/lib/python3.12/site-packages/airflow/example_dags/example_branch_labels.py for tasks to queue
[2025-03-25T15:12:24.583+0000] {logging_mixin.py:190} INFO - [2025-03-25T15:12:24.582+0000] {dagbag.py:588} INFO - Filling up the DagBag from /home/airflow/.local/lib/python3.12/site-packages/airflow/example_dags/example_branch_labels.py
[2025-03-25T15:12:24.599+0000] {processor.py:925} INFO - DAG(s) 'example_branch_labels' retrieved from /home/airflow/.local/lib/python3.12/site-packages/airflow/example_dags/example_branch_labels.py
[2025-03-25T15:12:24.629+0000] {logging_mixin.py:190} INFO - [2025-03-25T15:12:24.629+0000] {dag.py:3239} INFO - Sync 1 DAGs
[2025-03-25T15:12:24.662+0000] {logging_mixin.py:190} INFO - [2025-03-25T15:12:24.661+0000] {dag.py:4180} INFO - Setting next_dagrun for example_branch_labels to 2025-03-24 00:00:00+00:00, run_after=2025-03-25 00:00:00+00:00
[2025-03-25T15:12:24.687+0000] {processor.py:208} INFO - Processing /home/airflow/.local/lib/python3.12/site-packages/airflow/example_dags/example_branch_labels.py took 0.117 seconds
[2025-03-25T15:12:55.422+0000] {processor.py:186} INFO - Started process (PID=557) to work on /home/airflow/.local/lib/python3.12/site-packages/airflow/example_dags/example_branch_labels.py
[2025-03-25T15:12:55.424+0000] {processor.py:914} INFO - Processing file /home/airflow/.local/lib/python3.12/site-packages/airflow/example_dags/example_branch_labels.py for tasks to queue
[2025-03-25T15:12:55.426+0000] {logging_mixin.py:190} INFO - [2025-03-25T15:12:55.426+0000] {dagbag.py:588} INFO - Filling up the DagBag from /home/airflow/.local/lib/python3.12/site-packages/airflow/example_dags/example_branch_labels.py
[2025-03-25T15:12:55.438+0000] {processor.py:925} INFO - DAG(s) 'example_branch_labels' retrieved from /home/airflow/.local/lib/python3.12/site-packages/airflow/example_dags/example_branch_labels.py
[2025-03-25T15:12:55.462+0000] {logging_mixin.py:190} INFO - [2025-03-25T15:12:55.461+0000] {dag.py:3239} INFO - Sync 1 DAGs
[2025-03-25T15:12:55.489+0000] {logging_mixin.py:190} INFO - [2025-03-25T15:12:55.489+0000] {dag.py:4180} INFO - Setting next_dagrun for example_branch_labels to 2025-03-24 00:00:00+00:00, run_after=2025-03-25 00:00:00+00:00
[2025-03-25T15:12:55.516+0000] {processor.py:208} INFO - Processing /home/airflow/.local/lib/python3.12/site-packages/airflow/example_dags/example_branch_labels.py took 0.102 seconds
[2025-03-25T15:13:27.748+0000] {processor.py:186} INFO - Started process (PID=620) to work on /home/airflow/.local/lib/python3.12/site-packages/airflow/example_dags/example_branch_labels.py
[2025-03-25T15:13:27.749+0000] {processor.py:914} INFO - Processing file /home/airflow/.local/lib/python3.12/site-packages/airflow/example_dags/example_branch_labels.py for tasks to queue
[2025-03-25T15:13:27.752+0000] {logging_mixin.py:190} INFO - [2025-03-25T15:13:27.752+0000] {dagbag.py:588} INFO - Filling up the DagBag from /home/airflow/.local/lib/python3.12/site-packages/airflow/example_dags/example_branch_labels.py
[2025-03-25T15:13:27.765+0000] {processor.py:925} INFO - DAG(s) 'example_branch_labels' retrieved from /home/airflow/.local/lib/python3.12/site-packages/airflow/example_dags/example_branch_labels.py
[2025-03-25T15:13:27.797+0000] {logging_mixin.py:190} INFO - [2025-03-25T15:13:27.797+0000] {dag.py:3239} INFO - Sync 1 DAGs
[2025-03-25T15:13:27.840+0000] {logging_mixin.py:190} INFO - [2025-03-25T15:13:27.836+0000] {dag.py:4180} INFO - Setting next_dagrun for example_branch_labels to 2025-03-24 00:00:00+00:00, run_after=2025-03-25 00:00:00+00:00
[2025-03-25T15:13:27.876+0000] {processor.py:208} INFO - Processing /home/airflow/.local/lib/python3.12/site-packages/airflow/example_dags/example_branch_labels.py took 0.136 seconds
[2025-03-25T15:15:12.766+0000] {processor.py:186} INFO - Started process (PID=104) to work on /home/airflow/.local/lib/python3.12/site-packages/airflow/example_dags/example_branch_labels.py
[2025-03-25T15:15:12.768+0000] {processor.py:914} INFO - Processing file /home/airflow/.local/lib/python3.12/site-packages/airflow/example_dags/example_branch_labels.py for tasks to queue
[2025-03-25T15:15:12.771+0000] {logging_mixin.py:190} INFO - [2025-03-25T15:15:12.771+0000] {dagbag.py:588} INFO - Filling up the DagBag from /home/airflow/.local/lib/python3.12/site-packages/airflow/example_dags/example_branch_labels.py
[2025-03-25T15:15:12.802+0000] {processor.py:925} INFO - DAG(s) 'example_branch_labels' retrieved from /home/airflow/.local/lib/python3.12/site-packages/airflow/example_dags/example_branch_labels.py
[2025-03-25T15:15:12.836+0000] {logging_mixin.py:190} INFO - [2025-03-25T15:15:12.836+0000] {dag.py:3239} INFO - Sync 1 DAGs
[2025-03-25T15:15:12.869+0000] {logging_mixin.py:190} INFO - [2025-03-25T15:15:12.868+0000] {dag.py:4180} INFO - Setting next_dagrun for example_branch_labels to 2025-03-24 00:00:00+00:00, run_after=2025-03-25 00:00:00+00:00
[2025-03-25T15:15:12.892+0000] {processor.py:208} INFO - Processing /home/airflow/.local/lib/python3.12/site-packages/airflow/example_dags/example_branch_labels.py took 0.135 seconds
[2025-03-25T15:20:26.758+0000] {processor.py:186} INFO - Started process (PID=111) to work on /home/airflow/.local/lib/python3.12/site-packages/airflow/example_dags/example_branch_labels.py
[2025-03-25T15:20:26.759+0000] {processor.py:914} INFO - Processing file /home/airflow/.local/lib/python3.12/site-packages/airflow/example_dags/example_branch_labels.py for tasks to queue
[2025-03-25T15:20:26.762+0000] {logging_mixin.py:190} INFO - [2025-03-25T15:20:26.761+0000] {dagbag.py:588} INFO - Filling up the DagBag from /home/airflow/.local/lib/python3.12/site-packages/airflow/example_dags/example_branch_labels.py
[2025-03-25T15:20:26.777+0000] {processor.py:925} INFO - DAG(s) 'example_branch_labels' retrieved from /home/airflow/.local/lib/python3.12/site-packages/airflow/example_dags/example_branch_labels.py
[2025-03-25T15:20:26.812+0000] {logging_mixin.py:190} INFO - [2025-03-25T15:20:26.812+0000] {dag.py:3239} INFO - Sync 1 DAGs
[2025-03-25T15:20:26.849+0000] {logging_mixin.py:190} INFO - [2025-03-25T15:20:26.848+0000] {dag.py:4180} INFO - Setting next_dagrun for example_branch_labels to 2025-03-24 00:00:00+00:00, run_after=2025-03-25 00:00:00+00:00
[2025-03-25T15:20:26.875+0000] {processor.py:208} INFO - Processing /home/airflow/.local/lib/python3.12/site-packages/airflow/example_dags/example_branch_labels.py took 0.126 seconds
[2025-03-25T15:20:59.944+0000] {processor.py:186} INFO - Started process (PID=174) to work on /home/airflow/.local/lib/python3.12/site-packages/airflow/example_dags/example_branch_labels.py
[2025-03-25T15:20:59.945+0000] {processor.py:914} INFO - Processing file /home/airflow/.local/lib/python3.12/site-packages/airflow/example_dags/example_branch_labels.py for tasks to queue
[2025-03-25T15:20:59.950+0000] {logging_mixin.py:190} INFO - [2025-03-25T15:20:59.949+0000] {dagbag.py:588} INFO - Filling up the DagBag from /home/airflow/.local/lib/python3.12/site-packages/airflow/example_dags/example_branch_labels.py
[2025-03-25T15:20:59.975+0000] {processor.py:925} INFO - DAG(s) 'example_branch_labels' retrieved from /home/airflow/.local/lib/python3.12/site-packages/airflow/example_dags/example_branch_labels.py
[2025-03-25T15:21:00.025+0000] {logging_mixin.py:190} INFO - [2025-03-25T15:21:00.024+0000] {dag.py:3239} INFO - Sync 1 DAGs
[2025-03-25T15:20:56.972+0000] {logging_mixin.py:190} INFO - [2025-03-25T15:20:56.971+0000] {dag.py:4180} INFO - Setting next_dagrun for example_branch_labels to 2025-03-24 00:00:00+00:00, run_after=2025-03-25 00:00:00+00:00
[2025-03-25T15:20:57.017+0000] {processor.py:208} INFO - Processing /home/airflow/.local/lib/python3.12/site-packages/airflow/example_dags/example_branch_labels.py took 0.225 seconds
[2025-03-25T15:21:27.501+0000] {processor.py:186} INFO - Started process (PID=231) to work on /home/airflow/.local/lib/python3.12/site-packages/airflow/example_dags/example_branch_labels.py
[2025-03-25T15:21:27.502+0000] {processor.py:914} INFO - Processing file /home/airflow/.local/lib/python3.12/site-packages/airflow/example_dags/example_branch_labels.py for tasks to queue
[2025-03-25T15:21:27.505+0000] {logging_mixin.py:190} INFO - [2025-03-25T15:21:27.505+0000] {dagbag.py:588} INFO - Filling up the DagBag from /home/airflow/.local/lib/python3.12/site-packages/airflow/example_dags/example_branch_labels.py
[2025-03-25T15:21:27.525+0000] {processor.py:925} INFO - DAG(s) 'example_branch_labels' retrieved from /home/airflow/.local/lib/python3.12/site-packages/airflow/example_dags/example_branch_labels.py
[2025-03-25T15:21:27.592+0000] {logging_mixin.py:190} INFO - [2025-03-25T15:21:27.592+0000] {dag.py:3239} INFO - Sync 1 DAGs
[2025-03-25T15:21:27.638+0000] {logging_mixin.py:190} INFO - [2025-03-25T15:21:27.638+0000] {dag.py:4180} INFO - Setting next_dagrun for example_branch_labels to 2025-03-24 00:00:00+00:00, run_after=2025-03-25 00:00:00+00:00
[2025-03-25T15:21:27.664+0000] {processor.py:208} INFO - Processing /home/airflow/.local/lib/python3.12/site-packages/airflow/example_dags/example_branch_labels.py took 0.173 seconds
[2025-03-25T15:21:58.035+0000] {processor.py:186} INFO - Started process (PID=297) to work on /home/airflow/.local/lib/python3.12/site-packages/airflow/example_dags/example_branch_labels.py
[2025-03-25T15:21:58.037+0000] {processor.py:914} INFO - Processing file /home/airflow/.local/lib/python3.12/site-packages/airflow/example_dags/example_branch_labels.py for tasks to queue
[2025-03-25T15:21:58.044+0000] {logging_mixin.py:190} INFO - [2025-03-25T15:21:58.044+0000] {dagbag.py:588} INFO - Filling up the DagBag from /home/airflow/.local/lib/python3.12/site-packages/airflow/example_dags/example_branch_labels.py
[2025-03-25T15:21:58.062+0000] {processor.py:925} INFO - DAG(s) 'example_branch_labels' retrieved from /home/airflow/.local/lib/python3.12/site-packages/airflow/example_dags/example_branch_labels.py
[2025-03-25T15:21:58.102+0000] {logging_mixin.py:190} INFO - [2025-03-25T15:21:58.101+0000] {dag.py:3239} INFO - Sync 1 DAGs
[2025-03-25T15:21:58.150+0000] {logging_mixin.py:190} INFO - [2025-03-25T15:21:58.150+0000] {dag.py:4180} INFO - Setting next_dagrun for example_branch_labels to 2025-03-24 00:00:00+00:00, run_after=2025-03-25 00:00:00+00:00
[2025-03-25T15:21:58.187+0000] {processor.py:208} INFO - Processing /home/airflow/.local/lib/python3.12/site-packages/airflow/example_dags/example_branch_labels.py took 0.162 seconds
