[2025-03-25T15:09:17.424+0000] {processor.py:186} INFO - Started process (PID=120) to work on /home/airflow/.local/lib/python3.12/site-packages/airflow/example_dags/example_sla_dag.py
[2025-03-25T15:09:17.425+0000] {processor.py:914} INFO - Processing file /home/airflow/.local/lib/python3.12/site-packages/airflow/example_dags/example_sla_dag.py for tasks to queue
[2025-03-25T15:09:17.428+0000] {logging_mixin.py:190} INFO - [2025-03-25T15:09:17.427+0000] {dagbag.py:588} INFO - Filling up the DagBag from /home/airflow/.local/lib/python3.12/site-packages/airflow/example_dags/example_sla_dag.py
[2025-03-25T15:09:17.442+0000] {processor.py:925} INFO - DAG(s) 'example_sla_dag' retrieved from /home/airflow/.local/lib/python3.12/site-packages/airflow/example_dags/example_sla_dag.py
[2025-03-25T15:09:17.591+0000] {logging_mixin.py:190} INFO - [2025-03-25T15:09:17.590+0000] {override.py:1912} INFO - Created Permission View: can read on DAG:example_sla_dag
[2025-03-25T15:09:17.604+0000] {logging_mixin.py:190} INFO - [2025-03-25T15:09:17.603+0000] {override.py:1912} INFO - Created Permission View: can delete on DAG:example_sla_dag
[2025-03-25T15:09:17.613+0000] {logging_mixin.py:190} INFO - [2025-03-25T15:09:17.612+0000] {override.py:1912} INFO - Created Permission View: can edit on DAG:example_sla_dag
[2025-03-25T15:09:17.625+0000] {logging_mixin.py:190} INFO - [2025-03-25T15:09:17.624+0000] {override.py:1912} INFO - Created Permission View: can create on DAG Run:example_sla_dag
[2025-03-25T15:09:17.635+0000] {logging_mixin.py:190} INFO - [2025-03-25T15:09:17.634+0000] {override.py:1912} INFO - Created Permission View: can read on DAG Run:example_sla_dag
[2025-03-25T15:09:17.645+0000] {logging_mixin.py:190} INFO - [2025-03-25T15:09:17.644+0000] {override.py:1912} INFO - Created Permission View: can delete on DAG Run:example_sla_dag
[2025-03-25T15:09:17.654+0000] {logging_mixin.py:190} INFO - [2025-03-25T15:09:17.654+0000] {override.py:1912} INFO - Created Permission View: menu access on DAG Run:example_sla_dag
[2025-03-25T15:09:17.655+0000] {logging_mixin.py:190} INFO - [2025-03-25T15:09:17.655+0000] {dag.py:3239} INFO - Sync 1 DAGs
[2025-03-25T15:09:17.673+0000] {logging_mixin.py:190} INFO - [2025-03-25T15:09:17.673+0000] {dag.py:3262} INFO - Creating ORM DAG for example_sla_dag
[2025-03-25T15:09:17.691+0000] {logging_mixin.py:190} INFO - [2025-03-25T15:09:17.691+0000] {dag.py:4180} INFO - Setting next_dagrun for example_sla_dag to 2025-03-25 15:06:00+00:00, run_after=2025-03-25 15:08:00+00:00
[2025-03-25T15:09:17.711+0000] {processor.py:208} INFO - Processing /home/airflow/.local/lib/python3.12/site-packages/airflow/example_dags/example_sla_dag.py took 0.296 seconds
[2025-03-25T15:09:48.650+0000] {processor.py:186} INFO - Started process (PID=183) to work on /home/airflow/.local/lib/python3.12/site-packages/airflow/example_dags/example_sla_dag.py
[2025-03-25T15:09:48.652+0000] {processor.py:914} INFO - Processing file /home/airflow/.local/lib/python3.12/site-packages/airflow/example_dags/example_sla_dag.py for tasks to queue
[2025-03-25T15:09:48.656+0000] {logging_mixin.py:190} INFO - [2025-03-25T15:09:48.656+0000] {dagbag.py:588} INFO - Filling up the DagBag from /home/airflow/.local/lib/python3.12/site-packages/airflow/example_dags/example_sla_dag.py
[2025-03-25T15:09:48.676+0000] {processor.py:925} INFO - DAG(s) 'example_sla_dag' retrieved from /home/airflow/.local/lib/python3.12/site-packages/airflow/example_dags/example_sla_dag.py
[2025-03-25T15:09:48.703+0000] {logging_mixin.py:190} INFO - [2025-03-25T15:09:48.703+0000] {dag.py:3239} INFO - Sync 1 DAGs
[2025-03-25T15:09:48.736+0000] {logging_mixin.py:190} INFO - [2025-03-25T15:09:48.736+0000] {dag.py:4180} INFO - Setting next_dagrun for example_sla_dag to 2025-03-25 15:06:00+00:00, run_after=2025-03-25 15:08:00+00:00
[2025-03-25T15:09:48.766+0000] {processor.py:208} INFO - Processing /home/airflow/.local/lib/python3.12/site-packages/airflow/example_dags/example_sla_dag.py took 0.129 seconds
[2025-03-25T15:10:19.901+0000] {processor.py:186} INFO - Started process (PID=252) to work on /home/airflow/.local/lib/python3.12/site-packages/airflow/example_dags/example_sla_dag.py
[2025-03-25T15:10:19.903+0000] {processor.py:914} INFO - Processing file /home/airflow/.local/lib/python3.12/site-packages/airflow/example_dags/example_sla_dag.py for tasks to queue
[2025-03-25T15:10:19.905+0000] {logging_mixin.py:190} INFO - [2025-03-25T15:10:19.904+0000] {dagbag.py:588} INFO - Filling up the DagBag from /home/airflow/.local/lib/python3.12/site-packages/airflow/example_dags/example_sla_dag.py
[2025-03-25T15:10:19.916+0000] {processor.py:925} INFO - DAG(s) 'example_sla_dag' retrieved from /home/airflow/.local/lib/python3.12/site-packages/airflow/example_dags/example_sla_dag.py
[2025-03-25T15:10:19.936+0000] {logging_mixin.py:190} INFO - [2025-03-25T15:10:19.936+0000] {dag.py:3239} INFO - Sync 1 DAGs
[2025-03-25T15:10:19.964+0000] {logging_mixin.py:190} INFO - [2025-03-25T15:10:19.964+0000] {dag.py:4180} INFO - Setting next_dagrun for example_sla_dag to 2025-03-25 15:08:00+00:00, run_after=2025-03-25 15:10:00+00:00
[2025-03-25T15:10:19.984+0000] {processor.py:208} INFO - Processing /home/airflow/.local/lib/python3.12/site-packages/airflow/example_dags/example_sla_dag.py took 0.089 seconds
[2025-03-25T15:10:50.892+0000] {processor.py:186} INFO - Started process (PID=315) to work on /home/airflow/.local/lib/python3.12/site-packages/airflow/example_dags/example_sla_dag.py
[2025-03-25T15:10:50.894+0000] {processor.py:914} INFO - Processing file /home/airflow/.local/lib/python3.12/site-packages/airflow/example_dags/example_sla_dag.py for tasks to queue
[2025-03-25T15:10:50.897+0000] {logging_mixin.py:190} INFO - [2025-03-25T15:10:50.896+0000] {dagbag.py:588} INFO - Filling up the DagBag from /home/airflow/.local/lib/python3.12/site-packages/airflow/example_dags/example_sla_dag.py
[2025-03-25T15:10:50.911+0000] {processor.py:925} INFO - DAG(s) 'example_sla_dag' retrieved from /home/airflow/.local/lib/python3.12/site-packages/airflow/example_dags/example_sla_dag.py
[2025-03-25T15:10:50.942+0000] {logging_mixin.py:190} INFO - [2025-03-25T15:10:50.942+0000] {dag.py:3239} INFO - Sync 1 DAGs
[2025-03-25T15:10:50.977+0000] {logging_mixin.py:190} INFO - [2025-03-25T15:10:50.977+0000] {dag.py:4180} INFO - Setting next_dagrun for example_sla_dag to 2025-03-25 15:08:00+00:00, run_after=2025-03-25 15:10:00+00:00
[2025-03-25T15:10:51.003+0000] {processor.py:208} INFO - Processing /home/airflow/.local/lib/python3.12/site-packages/airflow/example_dags/example_sla_dag.py took 0.125 seconds
[2025-03-25T15:11:22.498+0000] {processor.py:186} INFO - Started process (PID=378) to work on /home/airflow/.local/lib/python3.12/site-packages/airflow/example_dags/example_sla_dag.py
[2025-03-25T15:11:22.500+0000] {processor.py:914} INFO - Processing file /home/airflow/.local/lib/python3.12/site-packages/airflow/example_dags/example_sla_dag.py for tasks to queue
[2025-03-25T15:11:22.502+0000] {logging_mixin.py:190} INFO - [2025-03-25T15:11:22.502+0000] {dagbag.py:588} INFO - Filling up the DagBag from /home/airflow/.local/lib/python3.12/site-packages/airflow/example_dags/example_sla_dag.py
[2025-03-25T15:11:22.514+0000] {processor.py:925} INFO - DAG(s) 'example_sla_dag' retrieved from /home/airflow/.local/lib/python3.12/site-packages/airflow/example_dags/example_sla_dag.py
[2025-03-25T15:11:22.537+0000] {logging_mixin.py:190} INFO - [2025-03-25T15:11:22.536+0000] {dag.py:3239} INFO - Sync 1 DAGs
[2025-03-25T15:11:22.566+0000] {logging_mixin.py:190} INFO - [2025-03-25T15:11:22.566+0000] {dag.py:4180} INFO - Setting next_dagrun for example_sla_dag to 2025-03-25 15:08:00+00:00, run_after=2025-03-25 15:10:00+00:00
[2025-03-25T15:11:22.587+0000] {processor.py:208} INFO - Processing /home/airflow/.local/lib/python3.12/site-packages/airflow/example_dags/example_sla_dag.py took 0.096 seconds
[2025-03-25T15:11:53.576+0000] {processor.py:186} INFO - Started process (PID=441) to work on /home/airflow/.local/lib/python3.12/site-packages/airflow/example_dags/example_sla_dag.py
[2025-03-25T15:11:53.578+0000] {processor.py:914} INFO - Processing file /home/airflow/.local/lib/python3.12/site-packages/airflow/example_dags/example_sla_dag.py for tasks to queue
[2025-03-25T15:11:53.582+0000] {logging_mixin.py:190} INFO - [2025-03-25T15:11:53.581+0000] {dagbag.py:588} INFO - Filling up the DagBag from /home/airflow/.local/lib/python3.12/site-packages/airflow/example_dags/example_sla_dag.py
[2025-03-25T15:11:53.601+0000] {processor.py:925} INFO - DAG(s) 'example_sla_dag' retrieved from /home/airflow/.local/lib/python3.12/site-packages/airflow/example_dags/example_sla_dag.py
[2025-03-25T15:11:53.629+0000] {logging_mixin.py:190} INFO - [2025-03-25T15:11:53.628+0000] {dag.py:3239} INFO - Sync 1 DAGs
[2025-03-25T15:11:53.675+0000] {logging_mixin.py:190} INFO - [2025-03-25T15:11:53.675+0000] {dag.py:4180} INFO - Setting next_dagrun for example_sla_dag to 2025-03-25 15:08:00+00:00, run_after=2025-03-25 15:10:00+00:00
[2025-03-25T15:11:53.707+0000] {processor.py:208} INFO - Processing /home/airflow/.local/lib/python3.12/site-packages/airflow/example_dags/example_sla_dag.py took 0.143 seconds
[2025-03-25T15:12:25.308+0000] {processor.py:186} INFO - Started process (PID=504) to work on /home/airflow/.local/lib/python3.12/site-packages/airflow/example_dags/example_sla_dag.py
[2025-03-25T15:12:25.310+0000] {processor.py:914} INFO - Processing file /home/airflow/.local/lib/python3.12/site-packages/airflow/example_dags/example_sla_dag.py for tasks to queue
[2025-03-25T15:12:25.312+0000] {logging_mixin.py:190} INFO - [2025-03-25T15:12:25.312+0000] {dagbag.py:588} INFO - Filling up the DagBag from /home/airflow/.local/lib/python3.12/site-packages/airflow/example_dags/example_sla_dag.py
[2025-03-25T15:12:25.329+0000] {processor.py:925} INFO - DAG(s) 'example_sla_dag' retrieved from /home/airflow/.local/lib/python3.12/site-packages/airflow/example_dags/example_sla_dag.py
[2025-03-25T15:12:25.356+0000] {logging_mixin.py:190} INFO - [2025-03-25T15:12:25.355+0000] {dag.py:3239} INFO - Sync 1 DAGs
[2025-03-25T15:12:25.388+0000] {logging_mixin.py:190} INFO - [2025-03-25T15:12:25.387+0000] {dag.py:4180} INFO - Setting next_dagrun for example_sla_dag to 2025-03-25 15:10:00+00:00, run_after=2025-03-25 15:12:00+00:00
[2025-03-25T15:12:25.411+0000] {processor.py:208} INFO - Processing /home/airflow/.local/lib/python3.12/site-packages/airflow/example_dags/example_sla_dag.py took 0.111 seconds
[2025-03-25T15:12:56.177+0000] {processor.py:186} INFO - Started process (PID=567) to work on /home/airflow/.local/lib/python3.12/site-packages/airflow/example_dags/example_sla_dag.py
[2025-03-25T15:12:56.178+0000] {processor.py:914} INFO - Processing file /home/airflow/.local/lib/python3.12/site-packages/airflow/example_dags/example_sla_dag.py for tasks to queue
[2025-03-25T15:12:56.180+0000] {logging_mixin.py:190} INFO - [2025-03-25T15:12:56.180+0000] {dagbag.py:588} INFO - Filling up the DagBag from /home/airflow/.local/lib/python3.12/site-packages/airflow/example_dags/example_sla_dag.py
[2025-03-25T15:12:56.191+0000] {processor.py:925} INFO - DAG(s) 'example_sla_dag' retrieved from /home/airflow/.local/lib/python3.12/site-packages/airflow/example_dags/example_sla_dag.py
[2025-03-25T15:12:56.213+0000] {logging_mixin.py:190} INFO - [2025-03-25T15:12:56.213+0000] {dag.py:3239} INFO - Sync 1 DAGs
[2025-03-25T15:12:56.241+0000] {logging_mixin.py:190} INFO - [2025-03-25T15:12:56.241+0000] {dag.py:4180} INFO - Setting next_dagrun for example_sla_dag to 2025-03-25 15:10:00+00:00, run_after=2025-03-25 15:12:00+00:00
[2025-03-25T15:12:56.262+0000] {processor.py:208} INFO - Processing /home/airflow/.local/lib/python3.12/site-packages/airflow/example_dags/example_sla_dag.py took 0.092 seconds
[2025-03-25T15:13:28.653+0000] {processor.py:186} INFO - Started process (PID=630) to work on /home/airflow/.local/lib/python3.12/site-packages/airflow/example_dags/example_sla_dag.py
[2025-03-25T15:13:28.655+0000] {processor.py:914} INFO - Processing file /home/airflow/.local/lib/python3.12/site-packages/airflow/example_dags/example_sla_dag.py for tasks to queue
[2025-03-25T15:13:28.659+0000] {logging_mixin.py:190} INFO - [2025-03-25T15:13:28.659+0000] {dagbag.py:588} INFO - Filling up the DagBag from /home/airflow/.local/lib/python3.12/site-packages/airflow/example_dags/example_sla_dag.py
[2025-03-25T15:13:28.674+0000] {processor.py:925} INFO - DAG(s) 'example_sla_dag' retrieved from /home/airflow/.local/lib/python3.12/site-packages/airflow/example_dags/example_sla_dag.py
[2025-03-25T15:13:28.699+0000] {logging_mixin.py:190} INFO - [2025-03-25T15:13:28.699+0000] {dag.py:3239} INFO - Sync 1 DAGs
[2025-03-25T15:13:28.738+0000] {logging_mixin.py:190} INFO - [2025-03-25T15:13:28.738+0000] {dag.py:4180} INFO - Setting next_dagrun for example_sla_dag to 2025-03-25 15:10:00+00:00, run_after=2025-03-25 15:12:00+00:00
[2025-03-25T15:13:28.768+0000] {processor.py:208} INFO - Processing /home/airflow/.local/lib/python3.12/site-packages/airflow/example_dags/example_sla_dag.py took 0.124 seconds
[2025-03-25T15:15:13.825+0000] {processor.py:186} INFO - Started process (PID=114) to work on /home/airflow/.local/lib/python3.12/site-packages/airflow/example_dags/example_sla_dag.py
[2025-03-25T15:15:13.826+0000] {processor.py:914} INFO - Processing file /home/airflow/.local/lib/python3.12/site-packages/airflow/example_dags/example_sla_dag.py for tasks to queue
[2025-03-25T15:15:13.828+0000] {logging_mixin.py:190} INFO - [2025-03-25T15:15:13.828+0000] {dagbag.py:588} INFO - Filling up the DagBag from /home/airflow/.local/lib/python3.12/site-packages/airflow/example_dags/example_sla_dag.py
[2025-03-25T15:15:13.842+0000] {processor.py:925} INFO - DAG(s) 'example_sla_dag' retrieved from /home/airflow/.local/lib/python3.12/site-packages/airflow/example_dags/example_sla_dag.py
[2025-03-25T15:15:13.871+0000] {logging_mixin.py:190} INFO - [2025-03-25T15:15:13.871+0000] {dag.py:3239} INFO - Sync 1 DAGs
[2025-03-25T15:15:13.907+0000] {logging_mixin.py:190} INFO - [2025-03-25T15:15:13.906+0000] {dag.py:4180} INFO - Setting next_dagrun for example_sla_dag to 2025-03-25 15:12:00+00:00, run_after=2025-03-25 15:14:00+00:00
[2025-03-25T15:15:13.933+0000] {processor.py:208} INFO - Processing /home/airflow/.local/lib/python3.12/site-packages/airflow/example_dags/example_sla_dag.py took 0.115 seconds
[2025-03-25T15:20:27.758+0000] {processor.py:186} INFO - Started process (PID=121) to work on /home/airflow/.local/lib/python3.12/site-packages/airflow/example_dags/example_sla_dag.py
[2025-03-25T15:20:27.760+0000] {processor.py:914} INFO - Processing file /home/airflow/.local/lib/python3.12/site-packages/airflow/example_dags/example_sla_dag.py for tasks to queue
[2025-03-25T15:20:27.762+0000] {logging_mixin.py:190} INFO - [2025-03-25T15:20:27.762+0000] {dagbag.py:588} INFO - Filling up the DagBag from /home/airflow/.local/lib/python3.12/site-packages/airflow/example_dags/example_sla_dag.py
[2025-03-25T15:20:27.778+0000] {processor.py:925} INFO - DAG(s) 'example_sla_dag' retrieved from /home/airflow/.local/lib/python3.12/site-packages/airflow/example_dags/example_sla_dag.py
[2025-03-25T15:20:27.812+0000] {logging_mixin.py:190} INFO - [2025-03-25T15:20:27.812+0000] {dag.py:3239} INFO - Sync 1 DAGs
[2025-03-25T15:20:27.864+0000] {logging_mixin.py:190} INFO - [2025-03-25T15:20:27.863+0000] {dag.py:4180} INFO - Setting next_dagrun for example_sla_dag to 2025-03-25 15:18:00+00:00, run_after=2025-03-25 15:20:00+00:00
[2025-03-25T15:20:27.896+0000] {processor.py:208} INFO - Processing /home/airflow/.local/lib/python3.12/site-packages/airflow/example_dags/example_sla_dag.py took 0.145 seconds
[2025-03-25T15:20:58.879+0000] {processor.py:186} INFO - Started process (PID=184) to work on /home/airflow/.local/lib/python3.12/site-packages/airflow/example_dags/example_sla_dag.py
[2025-03-25T15:20:58.880+0000] {processor.py:914} INFO - Processing file /home/airflow/.local/lib/python3.12/site-packages/airflow/example_dags/example_sla_dag.py for tasks to queue
[2025-03-25T15:20:58.884+0000] {logging_mixin.py:190} INFO - [2025-03-25T15:20:58.883+0000] {dagbag.py:588} INFO - Filling up the DagBag from /home/airflow/.local/lib/python3.12/site-packages/airflow/example_dags/example_sla_dag.py
[2025-03-25T15:20:58.899+0000] {processor.py:925} INFO - DAG(s) 'example_sla_dag' retrieved from /home/airflow/.local/lib/python3.12/site-packages/airflow/example_dags/example_sla_dag.py
[2025-03-25T15:20:58.926+0000] {logging_mixin.py:190} INFO - [2025-03-25T15:20:58.926+0000] {dag.py:3239} INFO - Sync 1 DAGs
[2025-03-25T15:20:58.959+0000] {logging_mixin.py:190} INFO - [2025-03-25T15:20:58.959+0000] {dag.py:4180} INFO - Setting next_dagrun for example_sla_dag to 2025-03-25 15:18:00+00:00, run_after=2025-03-25 15:20:00+00:00
[2025-03-25T15:20:58.982+0000] {processor.py:208} INFO - Processing /home/airflow/.local/lib/python3.12/site-packages/airflow/example_dags/example_sla_dag.py took 0.112 seconds
[2025-03-25T15:21:29.499+0000] {processor.py:186} INFO - Started process (PID=245) to work on /home/airflow/.local/lib/python3.12/site-packages/airflow/example_dags/example_sla_dag.py
[2025-03-25T15:21:29.501+0000] {processor.py:914} INFO - Processing file /home/airflow/.local/lib/python3.12/site-packages/airflow/example_dags/example_sla_dag.py for tasks to queue
[2025-03-25T15:21:29.505+0000] {logging_mixin.py:190} INFO - [2025-03-25T15:21:29.504+0000] {dagbag.py:588} INFO - Filling up the DagBag from /home/airflow/.local/lib/python3.12/site-packages/airflow/example_dags/example_sla_dag.py
[2025-03-25T15:21:29.523+0000] {processor.py:925} INFO - DAG(s) 'example_sla_dag' retrieved from /home/airflow/.local/lib/python3.12/site-packages/airflow/example_dags/example_sla_dag.py
[2025-03-25T15:21:29.550+0000] {logging_mixin.py:190} INFO - [2025-03-25T15:21:29.549+0000] {dag.py:3239} INFO - Sync 1 DAGs
[2025-03-25T15:21:29.593+0000] {logging_mixin.py:190} INFO - [2025-03-25T15:21:29.593+0000] {dag.py:4180} INFO - Setting next_dagrun for example_sla_dag to 2025-03-25 15:18:00+00:00, run_after=2025-03-25 15:20:00+00:00
[2025-03-25T15:21:29.617+0000] {processor.py:208} INFO - Processing /home/airflow/.local/lib/python3.12/site-packages/airflow/example_dags/example_sla_dag.py took 0.128 seconds
[2025-03-25T15:22:00.678+0000] {processor.py:186} INFO - Started process (PID=308) to work on /home/airflow/.local/lib/python3.12/site-packages/airflow/example_dags/example_sla_dag.py
[2025-03-25T15:22:00.680+0000] {processor.py:914} INFO - Processing file /home/airflow/.local/lib/python3.12/site-packages/airflow/example_dags/example_sla_dag.py for tasks to queue
[2025-03-25T15:22:00.682+0000] {logging_mixin.py:190} INFO - [2025-03-25T15:22:00.682+0000] {dagbag.py:588} INFO - Filling up the DagBag from /home/airflow/.local/lib/python3.12/site-packages/airflow/example_dags/example_sla_dag.py
[2025-03-25T15:22:00.694+0000] {processor.py:925} INFO - DAG(s) 'example_sla_dag' retrieved from /home/airflow/.local/lib/python3.12/site-packages/airflow/example_dags/example_sla_dag.py
[2025-03-25T15:22:00.715+0000] {logging_mixin.py:190} INFO - [2025-03-25T15:22:00.715+0000] {dag.py:3239} INFO - Sync 1 DAGs
[2025-03-25T15:22:00.745+0000] {logging_mixin.py:190} INFO - [2025-03-25T15:22:00.745+0000] {dag.py:4180} INFO - Setting next_dagrun for example_sla_dag to 2025-03-25 15:20:00+00:00, run_after=2025-03-25 15:22:00+00:00
[2025-03-25T15:22:00.765+0000] {processor.py:208} INFO - Processing /home/airflow/.local/lib/python3.12/site-packages/airflow/example_dags/example_sla_dag.py took 0.094 seconds
