[2025-03-25T15:09:13.986+0000] {processor.py:186} INFO - Started process (PID=109) to work on /home/airflow/.local/lib/python3.12/site-packages/airflow/example_dags/example_dataset_alias.py
[2025-03-25T15:09:13.987+0000] {processor.py:914} INFO - Processing file /home/airflow/.local/lib/python3.12/site-packages/airflow/example_dags/example_dataset_alias.py for tasks to queue
[2025-03-25T15:09:13.990+0000] {logging_mixin.py:190} INFO - [2025-03-25T15:09:13.989+0000] {dagbag.py:588} INFO - Filling up the DagBag from /home/airflow/.local/lib/python3.12/site-packages/airflow/example_dags/example_dataset_alias.py
[2025-03-25T15:09:14.946+0000] {processor.py:925} INFO - DAG(s) 'dataset_s3_bucket_producer', 'dataset_s3_bucket_consumer', 'dataset_alias_example_alias_producer', 'dataset_alias_example_alias_consumer' retrieved from /home/airflow/.local/lib/python3.12/site-packages/airflow/example_dags/example_dataset_alias.py
[2025-03-25T15:09:15.120+0000] {logging_mixin.py:190} INFO - [2025-03-25T15:09:15.119+0000] {override.py:1912} INFO - Created Permission View: can read on DAG:dataset_s3_bucket_producer
[2025-03-25T15:09:15.137+0000] {logging_mixin.py:190} INFO - [2025-03-25T15:09:15.137+0000] {override.py:1912} INFO - Created Permission View: can delete on DAG:dataset_s3_bucket_producer
[2025-03-25T15:09:15.147+0000] {logging_mixin.py:190} INFO - [2025-03-25T15:09:15.147+0000] {override.py:1912} INFO - Created Permission View: can edit on DAG:dataset_s3_bucket_producer
[2025-03-25T15:09:15.158+0000] {logging_mixin.py:190} INFO - [2025-03-25T15:09:15.157+0000] {override.py:1912} INFO - Created Permission View: can create on DAG Run:dataset_s3_bucket_producer
[2025-03-25T15:09:15.167+0000] {logging_mixin.py:190} INFO - [2025-03-25T15:09:15.167+0000] {override.py:1912} INFO - Created Permission View: can read on DAG Run:dataset_s3_bucket_producer
[2025-03-25T15:09:15.177+0000] {logging_mixin.py:190} INFO - [2025-03-25T15:09:15.177+0000] {override.py:1912} INFO - Created Permission View: can delete on DAG Run:dataset_s3_bucket_producer
[2025-03-25T15:09:15.187+0000] {logging_mixin.py:190} INFO - [2025-03-25T15:09:15.186+0000] {override.py:1912} INFO - Created Permission View: menu access on DAG Run:dataset_s3_bucket_producer
[2025-03-25T15:09:15.205+0000] {logging_mixin.py:190} INFO - [2025-03-25T15:09:15.205+0000] {override.py:1912} INFO - Created Permission View: can read on DAG:dataset_s3_bucket_consumer
[2025-03-25T15:09:15.217+0000] {logging_mixin.py:190} INFO - [2025-03-25T15:09:15.216+0000] {override.py:1912} INFO - Created Permission View: can delete on DAG:dataset_s3_bucket_consumer
[2025-03-25T15:09:15.226+0000] {logging_mixin.py:190} INFO - [2025-03-25T15:09:15.226+0000] {override.py:1912} INFO - Created Permission View: can edit on DAG:dataset_s3_bucket_consumer
[2025-03-25T15:09:15.238+0000] {logging_mixin.py:190} INFO - [2025-03-25T15:09:15.237+0000] {override.py:1912} INFO - Created Permission View: can create on DAG Run:dataset_s3_bucket_consumer
[2025-03-25T15:09:15.247+0000] {logging_mixin.py:190} INFO - [2025-03-25T15:09:15.246+0000] {override.py:1912} INFO - Created Permission View: can read on DAG Run:dataset_s3_bucket_consumer
[2025-03-25T15:09:15.256+0000] {logging_mixin.py:190} INFO - [2025-03-25T15:09:15.255+0000] {override.py:1912} INFO - Created Permission View: can delete on DAG Run:dataset_s3_bucket_consumer
[2025-03-25T15:09:15.266+0000] {logging_mixin.py:190} INFO - [2025-03-25T15:09:15.265+0000] {override.py:1912} INFO - Created Permission View: menu access on DAG Run:dataset_s3_bucket_consumer
[2025-03-25T15:09:15.286+0000] {logging_mixin.py:190} INFO - [2025-03-25T15:09:15.285+0000] {override.py:1912} INFO - Created Permission View: can read on DAG:dataset_alias_example_alias_producer
[2025-03-25T15:09:15.297+0000] {logging_mixin.py:190} INFO - [2025-03-25T15:09:15.296+0000] {override.py:1912} INFO - Created Permission View: can delete on DAG:dataset_alias_example_alias_producer
[2025-03-25T15:09:15.307+0000] {logging_mixin.py:190} INFO - [2025-03-25T15:09:15.306+0000] {override.py:1912} INFO - Created Permission View: can edit on DAG:dataset_alias_example_alias_producer
[2025-03-25T15:09:15.321+0000] {logging_mixin.py:190} INFO - [2025-03-25T15:09:15.321+0000] {override.py:1912} INFO - Created Permission View: can create on DAG Run:dataset_alias_example_alias_producer
[2025-03-25T15:09:15.332+0000] {logging_mixin.py:190} INFO - [2025-03-25T15:09:15.332+0000] {override.py:1912} INFO - Created Permission View: can read on DAG Run:dataset_alias_example_alias_producer
[2025-03-25T15:09:15.342+0000] {logging_mixin.py:190} INFO - [2025-03-25T15:09:15.341+0000] {override.py:1912} INFO - Created Permission View: can delete on DAG Run:dataset_alias_example_alias_producer
[2025-03-25T15:09:15.352+0000] {logging_mixin.py:190} INFO - [2025-03-25T15:09:15.351+0000] {override.py:1912} INFO - Created Permission View: menu access on DAG Run:dataset_alias_example_alias_producer
[2025-03-25T15:09:15.371+0000] {logging_mixin.py:190} INFO - [2025-03-25T15:09:15.370+0000] {override.py:1912} INFO - Created Permission View: can read on DAG:dataset_alias_example_alias_consumer
[2025-03-25T15:09:15.381+0000] {logging_mixin.py:190} INFO - [2025-03-25T15:09:15.381+0000] {override.py:1912} INFO - Created Permission View: can delete on DAG:dataset_alias_example_alias_consumer
[2025-03-25T15:09:15.390+0000] {logging_mixin.py:190} INFO - [2025-03-25T15:09:15.390+0000] {override.py:1912} INFO - Created Permission View: can edit on DAG:dataset_alias_example_alias_consumer
[2025-03-25T15:09:15.403+0000] {logging_mixin.py:190} INFO - [2025-03-25T15:09:15.402+0000] {override.py:1912} INFO - Created Permission View: can create on DAG Run:dataset_alias_example_alias_consumer
[2025-03-25T15:09:15.415+0000] {logging_mixin.py:190} INFO - [2025-03-25T15:09:15.415+0000] {override.py:1912} INFO - Created Permission View: can read on DAG Run:dataset_alias_example_alias_consumer
[2025-03-25T15:09:15.425+0000] {logging_mixin.py:190} INFO - [2025-03-25T15:09:15.425+0000] {override.py:1912} INFO - Created Permission View: can delete on DAG Run:dataset_alias_example_alias_consumer
[2025-03-25T15:09:15.435+0000] {logging_mixin.py:190} INFO - [2025-03-25T15:09:15.435+0000] {override.py:1912} INFO - Created Permission View: menu access on DAG Run:dataset_alias_example_alias_consumer
[2025-03-25T15:09:15.436+0000] {logging_mixin.py:190} INFO - [2025-03-25T15:09:15.436+0000] {dag.py:3239} INFO - Sync 4 DAGs
[2025-03-25T15:09:15.461+0000] {logging_mixin.py:190} INFO - [2025-03-25T15:09:15.460+0000] {dag.py:3262} INFO - Creating ORM DAG for dataset_alias_example_alias_consumer
[2025-03-25T15:09:15.462+0000] {logging_mixin.py:190} INFO - [2025-03-25T15:09:15.462+0000] {dag.py:3262} INFO - Creating ORM DAG for dataset_s3_bucket_producer
[2025-03-25T15:09:15.463+0000] {logging_mixin.py:190} INFO - [2025-03-25T15:09:15.463+0000] {dag.py:3262} INFO - Creating ORM DAG for dataset_alias_example_alias_producer
[2025-03-25T15:09:15.464+0000] {logging_mixin.py:190} INFO - [2025-03-25T15:09:15.463+0000] {dag.py:3262} INFO - Creating ORM DAG for dataset_s3_bucket_consumer
[2025-03-25T15:09:15.477+0000] {logging_mixin.py:190} INFO - [2025-03-25T15:09:15.476+0000] {dag.py:4180} INFO - Setting next_dagrun for dataset_alias_example_alias_consumer to None, run_after=None
[2025-03-25T15:09:15.478+0000] {logging_mixin.py:190} INFO - [2025-03-25T15:09:15.477+0000] {dag.py:4180} INFO - Setting next_dagrun for dataset_alias_example_alias_producer to None, run_after=None
[2025-03-25T15:09:15.478+0000] {logging_mixin.py:190} INFO - [2025-03-25T15:09:15.478+0000] {dag.py:4180} INFO - Setting next_dagrun for dataset_s3_bucket_consumer to None, run_after=None
[2025-03-25T15:09:15.479+0000] {logging_mixin.py:190} INFO - [2025-03-25T15:09:15.479+0000] {dag.py:4180} INFO - Setting next_dagrun for dataset_s3_bucket_producer to None, run_after=None
[2025-03-25T15:09:15.525+0000] {processor.py:208} INFO - Processing /home/airflow/.local/lib/python3.12/site-packages/airflow/example_dags/example_dataset_alias.py took 1.547 seconds
[2025-03-25T15:09:45.763+0000] {processor.py:186} INFO - Started process (PID=172) to work on /home/airflow/.local/lib/python3.12/site-packages/airflow/example_dags/example_dataset_alias.py
[2025-03-25T15:09:45.764+0000] {processor.py:914} INFO - Processing file /home/airflow/.local/lib/python3.12/site-packages/airflow/example_dags/example_dataset_alias.py for tasks to queue
[2025-03-25T15:09:45.766+0000] {logging_mixin.py:190} INFO - [2025-03-25T15:09:45.766+0000] {dagbag.py:588} INFO - Filling up the DagBag from /home/airflow/.local/lib/python3.12/site-packages/airflow/example_dags/example_dataset_alias.py
[2025-03-25T15:09:46.747+0000] {processor.py:925} INFO - DAG(s) 'dataset_s3_bucket_consumer', 'dataset_s3_bucket_producer', 'dataset_alias_example_alias_consumer', 'dataset_alias_example_alias_producer' retrieved from /home/airflow/.local/lib/python3.12/site-packages/airflow/example_dags/example_dataset_alias.py
[2025-03-25T15:09:46.778+0000] {logging_mixin.py:190} INFO - [2025-03-25T15:09:46.778+0000] {dag.py:3239} INFO - Sync 4 DAGs
[2025-03-25T15:09:46.818+0000] {logging_mixin.py:190} INFO - [2025-03-25T15:09:46.817+0000] {dag.py:4180} INFO - Setting next_dagrun for dataset_alias_example_alias_consumer to None, run_after=None
[2025-03-25T15:09:46.822+0000] {logging_mixin.py:190} INFO - [2025-03-25T15:09:46.821+0000] {dag.py:4180} INFO - Setting next_dagrun for dataset_alias_example_alias_producer to None, run_after=None
[2025-03-25T15:09:46.824+0000] {logging_mixin.py:190} INFO - [2025-03-25T15:09:46.823+0000] {dag.py:4180} INFO - Setting next_dagrun for dataset_s3_bucket_consumer to None, run_after=None
[2025-03-25T15:09:46.825+0000] {logging_mixin.py:190} INFO - [2025-03-25T15:09:46.825+0000] {dag.py:4180} INFO - Setting next_dagrun for dataset_s3_bucket_producer to None, run_after=None
[2025-03-25T15:09:46.862+0000] {processor.py:208} INFO - Processing /home/airflow/.local/lib/python3.12/site-packages/airflow/example_dags/example_dataset_alias.py took 1.105 seconds
[2025-03-25T15:10:17.229+0000] {processor.py:186} INFO - Started process (PID=241) to work on /home/airflow/.local/lib/python3.12/site-packages/airflow/example_dags/example_dataset_alias.py
[2025-03-25T15:10:17.231+0000] {processor.py:914} INFO - Processing file /home/airflow/.local/lib/python3.12/site-packages/airflow/example_dags/example_dataset_alias.py for tasks to queue
[2025-03-25T15:10:17.235+0000] {logging_mixin.py:190} INFO - [2025-03-25T15:10:17.235+0000] {dagbag.py:588} INFO - Filling up the DagBag from /home/airflow/.local/lib/python3.12/site-packages/airflow/example_dags/example_dataset_alias.py
[2025-03-25T15:10:18.798+0000] {processor.py:925} INFO - DAG(s) 'dataset_s3_bucket_producer', 'dataset_alias_example_alias_consumer', 'dataset_s3_bucket_consumer', 'dataset_alias_example_alias_producer' retrieved from /home/airflow/.local/lib/python3.12/site-packages/airflow/example_dags/example_dataset_alias.py
[2025-03-25T15:10:18.829+0000] {logging_mixin.py:190} INFO - [2025-03-25T15:10:18.828+0000] {dag.py:3239} INFO - Sync 4 DAGs
[2025-03-25T15:10:18.863+0000] {logging_mixin.py:190} INFO - [2025-03-25T15:10:18.862+0000] {dag.py:4180} INFO - Setting next_dagrun for dataset_alias_example_alias_consumer to None, run_after=None
[2025-03-25T15:10:18.866+0000] {logging_mixin.py:190} INFO - [2025-03-25T15:10:18.866+0000] {dag.py:4180} INFO - Setting next_dagrun for dataset_alias_example_alias_producer to None, run_after=None
[2025-03-25T15:10:18.870+0000] {logging_mixin.py:190} INFO - [2025-03-25T15:10:18.870+0000] {dag.py:4180} INFO - Setting next_dagrun for dataset_s3_bucket_consumer to None, run_after=None
[2025-03-25T15:10:18.872+0000] {logging_mixin.py:190} INFO - [2025-03-25T15:10:18.872+0000] {dag.py:4180} INFO - Setting next_dagrun for dataset_s3_bucket_producer to None, run_after=None
[2025-03-25T15:10:18.902+0000] {processor.py:208} INFO - Processing /home/airflow/.local/lib/python3.12/site-packages/airflow/example_dags/example_dataset_alias.py took 1.686 seconds
[2025-03-25T15:10:49.222+0000] {processor.py:186} INFO - Started process (PID=304) to work on /home/airflow/.local/lib/python3.12/site-packages/airflow/example_dags/example_dataset_alias.py
[2025-03-25T15:10:49.223+0000] {processor.py:914} INFO - Processing file /home/airflow/.local/lib/python3.12/site-packages/airflow/example_dags/example_dataset_alias.py for tasks to queue
[2025-03-25T15:10:49.225+0000] {logging_mixin.py:190} INFO - [2025-03-25T15:10:49.225+0000] {dagbag.py:588} INFO - Filling up the DagBag from /home/airflow/.local/lib/python3.12/site-packages/airflow/example_dags/example_dataset_alias.py
[2025-03-25T15:10:50.059+0000] {processor.py:925} INFO - DAG(s) 'dataset_s3_bucket_consumer', 'dataset_s3_bucket_producer', 'dataset_alias_example_alias_producer', 'dataset_alias_example_alias_consumer' retrieved from /home/airflow/.local/lib/python3.12/site-packages/airflow/example_dags/example_dataset_alias.py
[2025-03-25T15:10:50.086+0000] {logging_mixin.py:190} INFO - [2025-03-25T15:10:50.085+0000] {dag.py:3239} INFO - Sync 4 DAGs
[2025-03-25T15:10:50.120+0000] {logging_mixin.py:190} INFO - [2025-03-25T15:10:50.120+0000] {dag.py:4180} INFO - Setting next_dagrun for dataset_alias_example_alias_consumer to None, run_after=None
[2025-03-25T15:10:50.123+0000] {logging_mixin.py:190} INFO - [2025-03-25T15:10:50.123+0000] {dag.py:4180} INFO - Setting next_dagrun for dataset_alias_example_alias_producer to None, run_after=None
[2025-03-25T15:10:50.125+0000] {logging_mixin.py:190} INFO - [2025-03-25T15:10:50.124+0000] {dag.py:4180} INFO - Setting next_dagrun for dataset_s3_bucket_consumer to None, run_after=None
[2025-03-25T15:10:50.126+0000] {logging_mixin.py:190} INFO - [2025-03-25T15:10:50.126+0000] {dag.py:4180} INFO - Setting next_dagrun for dataset_s3_bucket_producer to None, run_after=None
[2025-03-25T15:10:50.153+0000] {processor.py:208} INFO - Processing /home/airflow/.local/lib/python3.12/site-packages/airflow/example_dags/example_dataset_alias.py took 0.938 seconds
[2025-03-25T15:11:20.697+0000] {processor.py:186} INFO - Started process (PID=367) to work on /home/airflow/.local/lib/python3.12/site-packages/airflow/example_dags/example_dataset_alias.py
[2025-03-25T15:11:20.698+0000] {processor.py:914} INFO - Processing file /home/airflow/.local/lib/python3.12/site-packages/airflow/example_dags/example_dataset_alias.py for tasks to queue
[2025-03-25T15:11:20.701+0000] {logging_mixin.py:190} INFO - [2025-03-25T15:11:20.701+0000] {dagbag.py:588} INFO - Filling up the DagBag from /home/airflow/.local/lib/python3.12/site-packages/airflow/example_dags/example_dataset_alias.py
[2025-03-25T15:11:21.572+0000] {processor.py:925} INFO - DAG(s) 'dataset_alias_example_alias_consumer', 'dataset_s3_bucket_consumer', 'dataset_alias_example_alias_producer', 'dataset_s3_bucket_producer' retrieved from /home/airflow/.local/lib/python3.12/site-packages/airflow/example_dags/example_dataset_alias.py
[2025-03-25T15:11:21.602+0000] {logging_mixin.py:190} INFO - [2025-03-25T15:11:21.602+0000] {dag.py:3239} INFO - Sync 4 DAGs
[2025-03-25T15:11:21.634+0000] {logging_mixin.py:190} INFO - [2025-03-25T15:11:21.634+0000] {dag.py:4180} INFO - Setting next_dagrun for dataset_alias_example_alias_consumer to None, run_after=None
[2025-03-25T15:11:21.638+0000] {logging_mixin.py:190} INFO - [2025-03-25T15:11:21.638+0000] {dag.py:4180} INFO - Setting next_dagrun for dataset_alias_example_alias_producer to None, run_after=None
[2025-03-25T15:11:21.640+0000] {logging_mixin.py:190} INFO - [2025-03-25T15:11:21.640+0000] {dag.py:4180} INFO - Setting next_dagrun for dataset_s3_bucket_consumer to None, run_after=None
[2025-03-25T15:11:21.641+0000] {logging_mixin.py:190} INFO - [2025-03-25T15:11:21.641+0000] {dag.py:4180} INFO - Setting next_dagrun for dataset_s3_bucket_producer to None, run_after=None
[2025-03-25T15:11:21.670+0000] {processor.py:208} INFO - Processing /home/airflow/.local/lib/python3.12/site-packages/airflow/example_dags/example_dataset_alias.py took 0.981 seconds
[2025-03-25T15:11:52.026+0000] {processor.py:186} INFO - Started process (PID=430) to work on /home/airflow/.local/lib/python3.12/site-packages/airflow/example_dags/example_dataset_alias.py
[2025-03-25T15:11:52.027+0000] {processor.py:914} INFO - Processing file /home/airflow/.local/lib/python3.12/site-packages/airflow/example_dags/example_dataset_alias.py for tasks to queue
[2025-03-25T15:11:52.029+0000] {logging_mixin.py:190} INFO - [2025-03-25T15:11:52.029+0000] {dagbag.py:588} INFO - Filling up the DagBag from /home/airflow/.local/lib/python3.12/site-packages/airflow/example_dags/example_dataset_alias.py
[2025-03-25T15:11:52.806+0000] {processor.py:925} INFO - DAG(s) 'dataset_s3_bucket_consumer', 'dataset_s3_bucket_producer', 'dataset_alias_example_alias_producer', 'dataset_alias_example_alias_consumer' retrieved from /home/airflow/.local/lib/python3.12/site-packages/airflow/example_dags/example_dataset_alias.py
[2025-03-25T15:11:52.838+0000] {logging_mixin.py:190} INFO - [2025-03-25T15:11:52.837+0000] {dag.py:3239} INFO - Sync 4 DAGs
[2025-03-25T15:11:52.869+0000] {logging_mixin.py:190} INFO - [2025-03-25T15:11:52.869+0000] {dag.py:4180} INFO - Setting next_dagrun for dataset_alias_example_alias_consumer to None, run_after=None
[2025-03-25T15:11:52.874+0000] {logging_mixin.py:190} INFO - [2025-03-25T15:11:52.874+0000] {dag.py:4180} INFO - Setting next_dagrun for dataset_alias_example_alias_producer to None, run_after=None
[2025-03-25T15:11:52.876+0000] {logging_mixin.py:190} INFO - [2025-03-25T15:11:52.876+0000] {dag.py:4180} INFO - Setting next_dagrun for dataset_s3_bucket_consumer to None, run_after=None
[2025-03-25T15:11:52.878+0000] {logging_mixin.py:190} INFO - [2025-03-25T15:11:52.878+0000] {dag.py:4180} INFO - Setting next_dagrun for dataset_s3_bucket_producer to None, run_after=None
[2025-03-25T15:11:52.910+0000] {processor.py:208} INFO - Processing /home/airflow/.local/lib/python3.12/site-packages/airflow/example_dags/example_dataset_alias.py took 0.890 seconds
[2025-03-25T15:12:23.627+0000] {processor.py:186} INFO - Started process (PID=493) to work on /home/airflow/.local/lib/python3.12/site-packages/airflow/example_dags/example_dataset_alias.py
[2025-03-25T15:12:23.628+0000] {processor.py:914} INFO - Processing file /home/airflow/.local/lib/python3.12/site-packages/airflow/example_dags/example_dataset_alias.py for tasks to queue
[2025-03-25T15:12:23.631+0000] {logging_mixin.py:190} INFO - [2025-03-25T15:12:23.630+0000] {dagbag.py:588} INFO - Filling up the DagBag from /home/airflow/.local/lib/python3.12/site-packages/airflow/example_dags/example_dataset_alias.py
[2025-03-25T15:12:24.436+0000] {processor.py:925} INFO - DAG(s) 'dataset_s3_bucket_consumer', 'dataset_alias_example_alias_producer', 'dataset_alias_example_alias_consumer', 'dataset_s3_bucket_producer' retrieved from /home/airflow/.local/lib/python3.12/site-packages/airflow/example_dags/example_dataset_alias.py
[2025-03-25T15:12:24.471+0000] {logging_mixin.py:190} INFO - [2025-03-25T15:12:24.470+0000] {dag.py:3239} INFO - Sync 4 DAGs
[2025-03-25T15:12:24.502+0000] {logging_mixin.py:190} INFO - [2025-03-25T15:12:24.502+0000] {dag.py:4180} INFO - Setting next_dagrun for dataset_alias_example_alias_consumer to None, run_after=None
[2025-03-25T15:12:24.505+0000] {logging_mixin.py:190} INFO - [2025-03-25T15:12:24.505+0000] {dag.py:4180} INFO - Setting next_dagrun for dataset_alias_example_alias_producer to None, run_after=None
[2025-03-25T15:12:24.508+0000] {logging_mixin.py:190} INFO - [2025-03-25T15:12:24.507+0000] {dag.py:4180} INFO - Setting next_dagrun for dataset_s3_bucket_consumer to None, run_after=None
[2025-03-25T15:12:24.509+0000] {logging_mixin.py:190} INFO - [2025-03-25T15:12:24.509+0000] {dag.py:4180} INFO - Setting next_dagrun for dataset_s3_bucket_producer to None, run_after=None
[2025-03-25T15:12:24.538+0000] {processor.py:208} INFO - Processing /home/airflow/.local/lib/python3.12/site-packages/airflow/example_dags/example_dataset_alias.py took 0.918 seconds
[2025-03-25T15:12:54.618+0000] {processor.py:186} INFO - Started process (PID=555) to work on /home/airflow/.local/lib/python3.12/site-packages/airflow/example_dags/example_dataset_alias.py
[2025-03-25T15:12:54.620+0000] {processor.py:914} INFO - Processing file /home/airflow/.local/lib/python3.12/site-packages/airflow/example_dags/example_dataset_alias.py for tasks to queue
[2025-03-25T15:12:54.622+0000] {logging_mixin.py:190} INFO - [2025-03-25T15:12:54.622+0000] {dagbag.py:588} INFO - Filling up the DagBag from /home/airflow/.local/lib/python3.12/site-packages/airflow/example_dags/example_dataset_alias.py
[2025-03-25T15:12:55.293+0000] {processor.py:925} INFO - DAG(s) 'dataset_s3_bucket_producer', 'dataset_s3_bucket_consumer', 'dataset_alias_example_alias_consumer', 'dataset_alias_example_alias_producer' retrieved from /home/airflow/.local/lib/python3.12/site-packages/airflow/example_dags/example_dataset_alias.py
[2025-03-25T15:12:55.319+0000] {logging_mixin.py:190} INFO - [2025-03-25T15:12:55.318+0000] {dag.py:3239} INFO - Sync 4 DAGs
[2025-03-25T15:12:55.352+0000] {logging_mixin.py:190} INFO - [2025-03-25T15:12:55.352+0000] {dag.py:4180} INFO - Setting next_dagrun for dataset_alias_example_alias_consumer to None, run_after=None
[2025-03-25T15:12:55.355+0000] {logging_mixin.py:190} INFO - [2025-03-25T15:12:55.355+0000] {dag.py:4180} INFO - Setting next_dagrun for dataset_alias_example_alias_producer to None, run_after=None
[2025-03-25T15:12:55.356+0000] {logging_mixin.py:190} INFO - [2025-03-25T15:12:55.356+0000] {dag.py:4180} INFO - Setting next_dagrun for dataset_s3_bucket_consumer to None, run_after=None
[2025-03-25T15:12:55.358+0000] {logging_mixin.py:190} INFO - [2025-03-25T15:12:55.357+0000] {dag.py:4180} INFO - Setting next_dagrun for dataset_s3_bucket_producer to None, run_after=None
[2025-03-25T15:12:55.384+0000] {processor.py:208} INFO - Processing /home/airflow/.local/lib/python3.12/site-packages/airflow/example_dags/example_dataset_alias.py took 0.772 seconds
[2025-03-25T15:13:26.013+0000] {processor.py:186} INFO - Started process (PID=619) to work on /home/airflow/.local/lib/python3.12/site-packages/airflow/example_dags/example_dataset_alias.py
[2025-03-25T15:13:26.018+0000] {processor.py:914} INFO - Processing file /home/airflow/.local/lib/python3.12/site-packages/airflow/example_dags/example_dataset_alias.py for tasks to queue
[2025-03-25T15:13:26.025+0000] {logging_mixin.py:190} INFO - [2025-03-25T15:13:26.023+0000] {dagbag.py:588} INFO - Filling up the DagBag from /home/airflow/.local/lib/python3.12/site-packages/airflow/example_dags/example_dataset_alias.py
[2025-03-25T15:13:27.585+0000] {processor.py:925} INFO - DAG(s) 'dataset_s3_bucket_consumer', 'dataset_alias_example_alias_producer', 'dataset_alias_example_alias_consumer', 'dataset_s3_bucket_producer' retrieved from /home/airflow/.local/lib/python3.12/site-packages/airflow/example_dags/example_dataset_alias.py
[2025-03-25T15:13:27.621+0000] {logging_mixin.py:190} INFO - [2025-03-25T15:13:27.620+0000] {dag.py:3239} INFO - Sync 4 DAGs
[2025-03-25T15:13:27.660+0000] {logging_mixin.py:190} INFO - [2025-03-25T15:13:27.660+0000] {dag.py:4180} INFO - Setting next_dagrun for dataset_alias_example_alias_consumer to None, run_after=None
[2025-03-25T15:13:27.665+0000] {logging_mixin.py:190} INFO - [2025-03-25T15:13:27.665+0000] {dag.py:4180} INFO - Setting next_dagrun for dataset_alias_example_alias_producer to None, run_after=None
[2025-03-25T15:13:27.668+0000] {logging_mixin.py:190} INFO - [2025-03-25T15:13:27.667+0000] {dag.py:4180} INFO - Setting next_dagrun for dataset_s3_bucket_consumer to None, run_after=None
[2025-03-25T15:13:27.669+0000] {logging_mixin.py:190} INFO - [2025-03-25T15:13:27.669+0000] {dag.py:4180} INFO - Setting next_dagrun for dataset_s3_bucket_producer to None, run_after=None
[2025-03-25T15:13:27.708+0000] {processor.py:208} INFO - Processing /home/airflow/.local/lib/python3.12/site-packages/airflow/example_dags/example_dataset_alias.py took 1.720 seconds
[2025-03-25T15:15:11.087+0000] {processor.py:186} INFO - Started process (PID=103) to work on /home/airflow/.local/lib/python3.12/site-packages/airflow/example_dags/example_dataset_alias.py
[2025-03-25T15:15:11.091+0000] {processor.py:914} INFO - Processing file /home/airflow/.local/lib/python3.12/site-packages/airflow/example_dags/example_dataset_alias.py for tasks to queue
[2025-03-25T15:15:11.098+0000] {logging_mixin.py:190} INFO - [2025-03-25T15:15:11.097+0000] {dagbag.py:588} INFO - Filling up the DagBag from /home/airflow/.local/lib/python3.12/site-packages/airflow/example_dags/example_dataset_alias.py
[2025-03-25T15:15:12.882+0000] {processor.py:925} INFO - DAG(s) 'dataset_s3_bucket_producer', 'dataset_alias_example_alias_consumer', 'dataset_alias_example_alias_producer', 'dataset_s3_bucket_consumer' retrieved from /home/airflow/.local/lib/python3.12/site-packages/airflow/example_dags/example_dataset_alias.py
[2025-03-25T15:15:12.910+0000] {logging_mixin.py:190} INFO - [2025-03-25T15:15:12.909+0000] {dag.py:3239} INFO - Sync 4 DAGs
[2025-03-25T15:15:12.940+0000] {logging_mixin.py:190} INFO - [2025-03-25T15:15:12.940+0000] {dag.py:4180} INFO - Setting next_dagrun for dataset_alias_example_alias_consumer to None, run_after=None
[2025-03-25T15:15:12.944+0000] {logging_mixin.py:190} INFO - [2025-03-25T15:15:12.944+0000] {dag.py:4180} INFO - Setting next_dagrun for dataset_alias_example_alias_producer to None, run_after=None
[2025-03-25T15:15:12.946+0000] {logging_mixin.py:190} INFO - [2025-03-25T15:15:12.946+0000] {dag.py:4180} INFO - Setting next_dagrun for dataset_s3_bucket_consumer to None, run_after=None
[2025-03-25T15:15:12.947+0000] {logging_mixin.py:190} INFO - [2025-03-25T15:15:12.947+0000] {dag.py:4180} INFO - Setting next_dagrun for dataset_s3_bucket_producer to None, run_after=None
[2025-03-25T15:15:12.976+0000] {processor.py:208} INFO - Processing /home/airflow/.local/lib/python3.12/site-packages/airflow/example_dags/example_dataset_alias.py took 1.908 seconds
[2025-03-25T15:20:26.005+0000] {processor.py:186} INFO - Started process (PID=110) to work on /home/airflow/.local/lib/python3.12/site-packages/airflow/example_dags/example_dataset_alias.py
[2025-03-25T15:20:26.007+0000] {processor.py:914} INFO - Processing file /home/airflow/.local/lib/python3.12/site-packages/airflow/example_dags/example_dataset_alias.py for tasks to queue
[2025-03-25T15:20:26.009+0000] {logging_mixin.py:190} INFO - [2025-03-25T15:20:26.009+0000] {dagbag.py:588} INFO - Filling up the DagBag from /home/airflow/.local/lib/python3.12/site-packages/airflow/example_dags/example_dataset_alias.py
[2025-03-25T15:20:26.954+0000] {processor.py:925} INFO - DAG(s) 'dataset_s3_bucket_producer', 'dataset_s3_bucket_consumer', 'dataset_alias_example_alias_producer', 'dataset_alias_example_alias_consumer' retrieved from /home/airflow/.local/lib/python3.12/site-packages/airflow/example_dags/example_dataset_alias.py
[2025-03-25T15:20:26.986+0000] {logging_mixin.py:190} INFO - [2025-03-25T15:20:26.986+0000] {dag.py:3239} INFO - Sync 4 DAGs
[2025-03-25T15:20:27.021+0000] {logging_mixin.py:190} INFO - [2025-03-25T15:20:27.021+0000] {dag.py:4180} INFO - Setting next_dagrun for dataset_alias_example_alias_consumer to None, run_after=None
[2025-03-25T15:20:27.026+0000] {logging_mixin.py:190} INFO - [2025-03-25T15:20:27.026+0000] {dag.py:4180} INFO - Setting next_dagrun for dataset_alias_example_alias_producer to None, run_after=None
[2025-03-25T15:20:27.031+0000] {logging_mixin.py:190} INFO - [2025-03-25T15:20:27.030+0000] {dag.py:4180} INFO - Setting next_dagrun for dataset_s3_bucket_consumer to None, run_after=None
[2025-03-25T15:20:27.034+0000] {logging_mixin.py:190} INFO - [2025-03-25T15:20:27.033+0000] {dag.py:4180} INFO - Setting next_dagrun for dataset_s3_bucket_producer to None, run_after=None
[2025-03-25T15:20:27.074+0000] {processor.py:208} INFO - Processing /home/airflow/.local/lib/python3.12/site-packages/airflow/example_dags/example_dataset_alias.py took 1.076 seconds
[2025-03-25T15:20:57.950+0000] {processor.py:186} INFO - Started process (PID=173) to work on /home/airflow/.local/lib/python3.12/site-packages/airflow/example_dags/example_dataset_alias.py
[2025-03-25T15:20:57.951+0000] {processor.py:914} INFO - Processing file /home/airflow/.local/lib/python3.12/site-packages/airflow/example_dags/example_dataset_alias.py for tasks to queue
[2025-03-25T15:20:57.954+0000] {logging_mixin.py:190} INFO - [2025-03-25T15:20:57.953+0000] {dagbag.py:588} INFO - Filling up the DagBag from /home/airflow/.local/lib/python3.12/site-packages/airflow/example_dags/example_dataset_alias.py
[2025-03-25T15:20:59.769+0000] {processor.py:925} INFO - DAG(s) 'dataset_s3_bucket_producer', 'dataset_alias_example_alias_consumer', 'dataset_s3_bucket_consumer', 'dataset_alias_example_alias_producer' retrieved from /home/airflow/.local/lib/python3.12/site-packages/airflow/example_dags/example_dataset_alias.py
[2025-03-25T15:20:59.809+0000] {logging_mixin.py:190} INFO - [2025-03-25T15:20:59.808+0000] {dag.py:3239} INFO - Sync 4 DAGs
[2025-03-25T15:20:59.853+0000] {logging_mixin.py:190} INFO - [2025-03-25T15:20:59.853+0000] {dag.py:4180} INFO - Setting next_dagrun for dataset_alias_example_alias_consumer to None, run_after=None
[2025-03-25T15:20:59.857+0000] {logging_mixin.py:190} INFO - [2025-03-25T15:20:59.857+0000] {dag.py:4180} INFO - Setting next_dagrun for dataset_alias_example_alias_producer to None, run_after=None
[2025-03-25T15:20:59.859+0000] {logging_mixin.py:190} INFO - [2025-03-25T15:20:59.859+0000] {dag.py:4180} INFO - Setting next_dagrun for dataset_s3_bucket_consumer to None, run_after=None
[2025-03-25T15:20:59.861+0000] {logging_mixin.py:190} INFO - [2025-03-25T15:20:59.861+0000] {dag.py:4180} INFO - Setting next_dagrun for dataset_s3_bucket_producer to None, run_after=None
[2025-03-25T15:20:59.893+0000] {processor.py:208} INFO - Processing /home/airflow/.local/lib/python3.12/site-packages/airflow/example_dags/example_dataset_alias.py took 1.131 seconds
[2025-03-25T15:21:30.434+0000] {processor.py:186} INFO - Started process (PID=255) to work on /home/airflow/.local/lib/python3.12/site-packages/airflow/example_dags/example_dataset_alias.py
[2025-03-25T15:21:30.436+0000] {processor.py:914} INFO - Processing file /home/airflow/.local/lib/python3.12/site-packages/airflow/example_dags/example_dataset_alias.py for tasks to queue
[2025-03-25T15:21:30.440+0000] {logging_mixin.py:190} INFO - [2025-03-25T15:21:30.439+0000] {dagbag.py:588} INFO - Filling up the DagBag from /home/airflow/.local/lib/python3.12/site-packages/airflow/example_dags/example_dataset_alias.py
[2025-03-25T15:21:31.424+0000] {processor.py:925} INFO - DAG(s) 'dataset_s3_bucket_producer', 'dataset_s3_bucket_consumer', 'dataset_alias_example_alias_consumer', 'dataset_alias_example_alias_producer' retrieved from /home/airflow/.local/lib/python3.12/site-packages/airflow/example_dags/example_dataset_alias.py
[2025-03-25T15:21:31.456+0000] {logging_mixin.py:190} INFO - [2025-03-25T15:21:31.455+0000] {dag.py:3239} INFO - Sync 4 DAGs
[2025-03-25T15:21:31.492+0000] {logging_mixin.py:190} INFO - [2025-03-25T15:21:31.491+0000] {dag.py:4180} INFO - Setting next_dagrun for dataset_alias_example_alias_consumer to None, run_after=None
[2025-03-25T15:21:31.496+0000] {logging_mixin.py:190} INFO - [2025-03-25T15:21:31.495+0000] {dag.py:4180} INFO - Setting next_dagrun for dataset_alias_example_alias_producer to None, run_after=None
[2025-03-25T15:21:31.498+0000] {logging_mixin.py:190} INFO - [2025-03-25T15:21:31.497+0000] {dag.py:4180} INFO - Setting next_dagrun for dataset_s3_bucket_consumer to None, run_after=None
[2025-03-25T15:21:31.499+0000] {logging_mixin.py:190} INFO - [2025-03-25T15:21:31.499+0000] {dag.py:4180} INFO - Setting next_dagrun for dataset_s3_bucket_producer to None, run_after=None
[2025-03-25T15:21:31.530+0000] {processor.py:208} INFO - Processing /home/airflow/.local/lib/python3.12/site-packages/airflow/example_dags/example_dataset_alias.py took 1.108 seconds
[2025-03-25T15:22:02.262+0000] {processor.py:186} INFO - Started process (PID=318) to work on /home/airflow/.local/lib/python3.12/site-packages/airflow/example_dags/example_dataset_alias.py
[2025-03-25T15:22:02.263+0000] {processor.py:914} INFO - Processing file /home/airflow/.local/lib/python3.12/site-packages/airflow/example_dags/example_dataset_alias.py for tasks to queue
[2025-03-25T15:22:02.265+0000] {logging_mixin.py:190} INFO - [2025-03-25T15:22:02.265+0000] {dagbag.py:588} INFO - Filling up the DagBag from /home/airflow/.local/lib/python3.12/site-packages/airflow/example_dags/example_dataset_alias.py
[2025-03-25T15:22:03.252+0000] {processor.py:925} INFO - DAG(s) 'dataset_alias_example_alias_producer', 'dataset_s3_bucket_producer', 'dataset_s3_bucket_consumer', 'dataset_alias_example_alias_consumer' retrieved from /home/airflow/.local/lib/python3.12/site-packages/airflow/example_dags/example_dataset_alias.py
[2025-03-25T15:22:03.279+0000] {logging_mixin.py:190} INFO - [2025-03-25T15:22:03.278+0000] {dag.py:3239} INFO - Sync 4 DAGs
[2025-03-25T15:22:03.322+0000] {logging_mixin.py:190} INFO - [2025-03-25T15:22:03.321+0000] {dag.py:4180} INFO - Setting next_dagrun for dataset_alias_example_alias_consumer to None, run_after=None
[2025-03-25T15:22:03.325+0000] {logging_mixin.py:190} INFO - [2025-03-25T15:22:03.325+0000] {dag.py:4180} INFO - Setting next_dagrun for dataset_alias_example_alias_producer to None, run_after=None
[2025-03-25T15:22:03.327+0000] {logging_mixin.py:190} INFO - [2025-03-25T15:22:03.327+0000] {dag.py:4180} INFO - Setting next_dagrun for dataset_s3_bucket_consumer to None, run_after=None
[2025-03-25T15:22:03.328+0000] {logging_mixin.py:190} INFO - [2025-03-25T15:22:03.328+0000] {dag.py:4180} INFO - Setting next_dagrun for dataset_s3_bucket_producer to None, run_after=None
[2025-03-25T15:22:03.356+0000] {processor.py:208} INFO - Processing /home/airflow/.local/lib/python3.12/site-packages/airflow/example_dags/example_dataset_alias.py took 1.100 seconds
