[2025-03-25T15:09:13.644+0000] {processor.py:186} INFO - Started process (PID=108) to work on /home/airflow/.local/lib/python3.12/site-packages/airflow/example_dags/example_python_operator.py
[2025-03-25T15:09:13.645+0000] {processor.py:914} INFO - Processing file /home/airflow/.local/lib/python3.12/site-packages/airflow/example_dags/example_python_operator.py for tasks to queue
[2025-03-25T15:09:13.649+0000] {logging_mixin.py:190} INFO - [2025-03-25T15:09:13.649+0000] {dagbag.py:588} INFO - Filling up the DagBag from /home/airflow/.local/lib/python3.12/site-packages/airflow/example_dags/example_python_operator.py
[2025-03-25T15:09:13.668+0000] {processor.py:925} INFO - DAG(s) 'example_python_operator' retrieved from /home/airflow/.local/lib/python3.12/site-packages/airflow/example_dags/example_python_operator.py
[2025-03-25T15:09:13.828+0000] {logging_mixin.py:190} INFO - [2025-03-25T15:09:13.827+0000] {override.py:1912} INFO - Created Permission View: can read on DAG:example_python_operator
[2025-03-25T15:09:13.846+0000] {logging_mixin.py:190} INFO - [2025-03-25T15:09:13.846+0000] {override.py:1912} INFO - Created Permission View: can delete on DAG:example_python_operator
[2025-03-25T15:09:13.857+0000] {logging_mixin.py:190} INFO - [2025-03-25T15:09:13.856+0000] {override.py:1912} INFO - Created Permission View: can edit on DAG:example_python_operator
[2025-03-25T15:09:13.870+0000] {logging_mixin.py:190} INFO - [2025-03-25T15:09:13.869+0000] {override.py:1912} INFO - Created Permission View: can create on DAG Run:example_python_operator
[2025-03-25T15:09:13.882+0000] {logging_mixin.py:190} INFO - [2025-03-25T15:09:13.882+0000] {override.py:1912} INFO - Created Permission View: can read on DAG Run:example_python_operator
[2025-03-25T15:09:13.894+0000] {logging_mixin.py:190} INFO - [2025-03-25T15:09:13.894+0000] {override.py:1912} INFO - Created Permission View: can delete on DAG Run:example_python_operator
[2025-03-25T15:09:13.905+0000] {logging_mixin.py:190} INFO - [2025-03-25T15:09:13.905+0000] {override.py:1912} INFO - Created Permission View: menu access on DAG Run:example_python_operator
[2025-03-25T15:09:13.906+0000] {logging_mixin.py:190} INFO - [2025-03-25T15:09:13.906+0000] {dag.py:3239} INFO - Sync 1 DAGs
[2025-03-25T15:09:13.925+0000] {logging_mixin.py:190} INFO - [2025-03-25T15:09:13.925+0000] {dag.py:3262} INFO - Creating ORM DAG for example_python_operator
[2025-03-25T15:09:13.926+0000] {logging_mixin.py:190} INFO - [2025-03-25T15:09:13.926+0000] {dag.py:4180} INFO - Setting next_dagrun for example_python_operator to None, run_after=None
[2025-03-25T15:09:13.951+0000] {processor.py:208} INFO - Processing /home/airflow/.local/lib/python3.12/site-packages/airflow/example_dags/example_python_operator.py took 0.315 seconds
[2025-03-25T15:09:44.084+0000] {processor.py:186} INFO - Started process (PID=170) to work on /home/airflow/.local/lib/python3.12/site-packages/airflow/example_dags/example_python_operator.py
[2025-03-25T15:09:44.085+0000] {processor.py:914} INFO - Processing file /home/airflow/.local/lib/python3.12/site-packages/airflow/example_dags/example_python_operator.py for tasks to queue
[2025-03-25T15:09:44.088+0000] {logging_mixin.py:190} INFO - [2025-03-25T15:09:44.087+0000] {dagbag.py:588} INFO - Filling up the DagBag from /home/airflow/.local/lib/python3.12/site-packages/airflow/example_dags/example_python_operator.py
[2025-03-25T15:09:44.101+0000] {processor.py:925} INFO - DAG(s) 'example_python_operator' retrieved from /home/airflow/.local/lib/python3.12/site-packages/airflow/example_dags/example_python_operator.py
[2025-03-25T15:09:44.125+0000] {logging_mixin.py:190} INFO - [2025-03-25T15:09:44.125+0000] {dag.py:3239} INFO - Sync 1 DAGs
[2025-03-25T15:09:44.141+0000] {logging_mixin.py:190} INFO - [2025-03-25T15:09:44.141+0000] {dag.py:4180} INFO - Setting next_dagrun for example_python_operator to None, run_after=None
[2025-03-25T15:09:44.160+0000] {processor.py:208} INFO - Processing /home/airflow/.local/lib/python3.12/site-packages/airflow/example_dags/example_python_operator.py took 0.083 seconds
[2025-03-25T15:10:14.429+0000] {processor.py:186} INFO - Started process (PID=232) to work on /home/airflow/.local/lib/python3.12/site-packages/airflow/example_dags/example_python_operator.py
[2025-03-25T15:10:14.430+0000] {processor.py:914} INFO - Processing file /home/airflow/.local/lib/python3.12/site-packages/airflow/example_dags/example_python_operator.py for tasks to queue
[2025-03-25T15:10:14.432+0000] {logging_mixin.py:190} INFO - [2025-03-25T15:10:14.431+0000] {dagbag.py:588} INFO - Filling up the DagBag from /home/airflow/.local/lib/python3.12/site-packages/airflow/example_dags/example_python_operator.py
[2025-03-25T15:10:14.445+0000] {processor.py:925} INFO - DAG(s) 'example_python_operator' retrieved from /home/airflow/.local/lib/python3.12/site-packages/airflow/example_dags/example_python_operator.py
[2025-03-25T15:10:14.470+0000] {logging_mixin.py:190} INFO - [2025-03-25T15:10:14.469+0000] {dag.py:3239} INFO - Sync 1 DAGs
[2025-03-25T15:10:14.484+0000] {logging_mixin.py:190} INFO - [2025-03-25T15:10:14.484+0000] {dag.py:4180} INFO - Setting next_dagrun for example_python_operator to None, run_after=None
[2025-03-25T15:10:14.503+0000] {processor.py:208} INFO - Processing /home/airflow/.local/lib/python3.12/site-packages/airflow/example_dags/example_python_operator.py took 0.082 seconds
[2025-03-25T15:10:45.065+0000] {processor.py:186} INFO - Started process (PID=301) to work on /home/airflow/.local/lib/python3.12/site-packages/airflow/example_dags/example_python_operator.py
[2025-03-25T15:10:45.067+0000] {processor.py:914} INFO - Processing file /home/airflow/.local/lib/python3.12/site-packages/airflow/example_dags/example_python_operator.py for tasks to queue
[2025-03-25T15:10:45.070+0000] {logging_mixin.py:190} INFO - [2025-03-25T15:10:45.069+0000] {dagbag.py:588} INFO - Filling up the DagBag from /home/airflow/.local/lib/python3.12/site-packages/airflow/example_dags/example_python_operator.py
[2025-03-25T15:10:45.086+0000] {processor.py:925} INFO - DAG(s) 'example_python_operator' retrieved from /home/airflow/.local/lib/python3.12/site-packages/airflow/example_dags/example_python_operator.py
[2025-03-25T15:10:45.114+0000] {logging_mixin.py:190} INFO - [2025-03-25T15:10:45.114+0000] {dag.py:3239} INFO - Sync 1 DAGs
[2025-03-25T15:10:45.128+0000] {logging_mixin.py:190} INFO - [2025-03-25T15:10:45.128+0000] {dag.py:4180} INFO - Setting next_dagrun for example_python_operator to None, run_after=None
[2025-03-25T15:10:45.148+0000] {processor.py:208} INFO - Processing /home/airflow/.local/lib/python3.12/site-packages/airflow/example_dags/example_python_operator.py took 0.089 seconds
[2025-03-25T15:11:15.834+0000] {processor.py:186} INFO - Started process (PID=364) to work on /home/airflow/.local/lib/python3.12/site-packages/airflow/example_dags/example_python_operator.py
[2025-03-25T15:11:15.835+0000] {processor.py:914} INFO - Processing file /home/airflow/.local/lib/python3.12/site-packages/airflow/example_dags/example_python_operator.py for tasks to queue
[2025-03-25T15:11:15.837+0000] {logging_mixin.py:190} INFO - [2025-03-25T15:11:15.837+0000] {dagbag.py:588} INFO - Filling up the DagBag from /home/airflow/.local/lib/python3.12/site-packages/airflow/example_dags/example_python_operator.py
[2025-03-25T15:11:15.851+0000] {processor.py:925} INFO - DAG(s) 'example_python_operator' retrieved from /home/airflow/.local/lib/python3.12/site-packages/airflow/example_dags/example_python_operator.py
[2025-03-25T15:11:15.876+0000] {logging_mixin.py:190} INFO - [2025-03-25T15:11:15.875+0000] {dag.py:3239} INFO - Sync 1 DAGs
[2025-03-25T15:11:15.891+0000] {logging_mixin.py:190} INFO - [2025-03-25T15:11:15.890+0000] {dag.py:4180} INFO - Setting next_dagrun for example_python_operator to None, run_after=None
[2025-03-25T15:11:15.911+0000] {processor.py:208} INFO - Processing /home/airflow/.local/lib/python3.12/site-packages/airflow/example_dags/example_python_operator.py took 0.082 seconds
[2025-03-25T15:11:46.101+0000] {processor.py:186} INFO - Started process (PID=427) to work on /home/airflow/.local/lib/python3.12/site-packages/airflow/example_dags/example_python_operator.py
[2025-03-25T15:11:46.102+0000] {processor.py:914} INFO - Processing file /home/airflow/.local/lib/python3.12/site-packages/airflow/example_dags/example_python_operator.py for tasks to queue
[2025-03-25T15:11:46.105+0000] {logging_mixin.py:190} INFO - [2025-03-25T15:11:46.104+0000] {dagbag.py:588} INFO - Filling up the DagBag from /home/airflow/.local/lib/python3.12/site-packages/airflow/example_dags/example_python_operator.py
[2025-03-25T15:11:46.120+0000] {processor.py:925} INFO - DAG(s) 'example_python_operator' retrieved from /home/airflow/.local/lib/python3.12/site-packages/airflow/example_dags/example_python_operator.py
[2025-03-25T15:11:46.148+0000] {logging_mixin.py:190} INFO - [2025-03-25T15:11:46.147+0000] {dag.py:3239} INFO - Sync 1 DAGs
[2025-03-25T15:11:46.173+0000] {logging_mixin.py:190} INFO - [2025-03-25T15:11:46.173+0000] {dag.py:4180} INFO - Setting next_dagrun for example_python_operator to None, run_after=None
[2025-03-25T15:11:46.209+0000] {processor.py:208} INFO - Processing /home/airflow/.local/lib/python3.12/site-packages/airflow/example_dags/example_python_operator.py took 0.115 seconds
[2025-03-25T15:12:16.598+0000] {processor.py:186} INFO - Started process (PID=490) to work on /home/airflow/.local/lib/python3.12/site-packages/airflow/example_dags/example_python_operator.py
[2025-03-25T15:12:16.599+0000] {processor.py:914} INFO - Processing file /home/airflow/.local/lib/python3.12/site-packages/airflow/example_dags/example_python_operator.py for tasks to queue
[2025-03-25T15:12:16.602+0000] {logging_mixin.py:190} INFO - [2025-03-25T15:12:16.602+0000] {dagbag.py:588} INFO - Filling up the DagBag from /home/airflow/.local/lib/python3.12/site-packages/airflow/example_dags/example_python_operator.py
[2025-03-25T15:12:16.616+0000] {processor.py:925} INFO - DAG(s) 'example_python_operator' retrieved from /home/airflow/.local/lib/python3.12/site-packages/airflow/example_dags/example_python_operator.py
[2025-03-25T15:12:16.641+0000] {logging_mixin.py:190} INFO - [2025-03-25T15:12:16.641+0000] {dag.py:3239} INFO - Sync 1 DAGs
[2025-03-25T15:12:16.657+0000] {logging_mixin.py:190} INFO - [2025-03-25T15:12:16.657+0000] {dag.py:4180} INFO - Setting next_dagrun for example_python_operator to None, run_after=None
[2025-03-25T15:12:16.679+0000] {processor.py:208} INFO - Processing /home/airflow/.local/lib/python3.12/site-packages/airflow/example_dags/example_python_operator.py took 0.087 seconds
[2025-03-25T15:12:47.603+0000] {processor.py:186} INFO - Started process (PID=553) to work on /home/airflow/.local/lib/python3.12/site-packages/airflow/example_dags/example_python_operator.py
[2025-03-25T15:12:47.605+0000] {processor.py:914} INFO - Processing file /home/airflow/.local/lib/python3.12/site-packages/airflow/example_dags/example_python_operator.py for tasks to queue
[2025-03-25T15:12:47.607+0000] {logging_mixin.py:190} INFO - [2025-03-25T15:12:47.607+0000] {dagbag.py:588} INFO - Filling up the DagBag from /home/airflow/.local/lib/python3.12/site-packages/airflow/example_dags/example_python_operator.py
[2025-03-25T15:12:47.621+0000] {processor.py:925} INFO - DAG(s) 'example_python_operator' retrieved from /home/airflow/.local/lib/python3.12/site-packages/airflow/example_dags/example_python_operator.py
[2025-03-25T15:12:47.646+0000] {logging_mixin.py:190} INFO - [2025-03-25T15:12:47.645+0000] {dag.py:3239} INFO - Sync 1 DAGs
[2025-03-25T15:12:47.663+0000] {logging_mixin.py:190} INFO - [2025-03-25T15:12:47.663+0000] {dag.py:4180} INFO - Setting next_dagrun for example_python_operator to None, run_after=None
[2025-03-25T15:12:47.683+0000] {processor.py:208} INFO - Processing /home/airflow/.local/lib/python3.12/site-packages/airflow/example_dags/example_python_operator.py took 0.086 seconds
[2025-03-25T15:13:17.822+0000] {processor.py:186} INFO - Started process (PID=616) to work on /home/airflow/.local/lib/python3.12/site-packages/airflow/example_dags/example_python_operator.py
[2025-03-25T15:13:17.825+0000] {processor.py:914} INFO - Processing file /home/airflow/.local/lib/python3.12/site-packages/airflow/example_dags/example_python_operator.py for tasks to queue
[2025-03-25T15:13:17.828+0000] {logging_mixin.py:190} INFO - [2025-03-25T15:13:17.827+0000] {dagbag.py:588} INFO - Filling up the DagBag from /home/airflow/.local/lib/python3.12/site-packages/airflow/example_dags/example_python_operator.py
[2025-03-25T15:13:17.843+0000] {processor.py:925} INFO - DAG(s) 'example_python_operator' retrieved from /home/airflow/.local/lib/python3.12/site-packages/airflow/example_dags/example_python_operator.py
[2025-03-25T15:13:17.874+0000] {logging_mixin.py:190} INFO - [2025-03-25T15:13:17.874+0000] {dag.py:3239} INFO - Sync 1 DAGs
[2025-03-25T15:13:17.893+0000] {logging_mixin.py:190} INFO - [2025-03-25T15:13:17.893+0000] {dag.py:4180} INFO - Setting next_dagrun for example_python_operator to None, run_after=None
[2025-03-25T15:13:17.919+0000] {processor.py:208} INFO - Processing /home/airflow/.local/lib/python3.12/site-packages/airflow/example_dags/example_python_operator.py took 0.114 seconds
[2025-03-25T15:13:48.224+0000] {processor.py:186} INFO - Started process (PID=679) to work on /home/airflow/.local/lib/python3.12/site-packages/airflow/example_dags/example_python_operator.py
[2025-03-25T15:13:48.225+0000] {processor.py:914} INFO - Processing file /home/airflow/.local/lib/python3.12/site-packages/airflow/example_dags/example_python_operator.py for tasks to queue
[2025-03-25T15:13:48.228+0000] {logging_mixin.py:190} INFO - [2025-03-25T15:13:48.227+0000] {dagbag.py:588} INFO - Filling up the DagBag from /home/airflow/.local/lib/python3.12/site-packages/airflow/example_dags/example_python_operator.py
[2025-03-25T15:13:48.243+0000] {processor.py:925} INFO - DAG(s) 'example_python_operator' retrieved from /home/airflow/.local/lib/python3.12/site-packages/airflow/example_dags/example_python_operator.py
[2025-03-25T15:13:48.275+0000] {logging_mixin.py:190} INFO - [2025-03-25T15:13:48.275+0000] {dag.py:3239} INFO - Sync 1 DAGs
[2025-03-25T15:13:48.303+0000] {logging_mixin.py:190} INFO - [2025-03-25T15:13:48.302+0000] {dag.py:4180} INFO - Setting next_dagrun for example_python_operator to None, run_after=None
[2025-03-25T15:13:48.332+0000] {processor.py:208} INFO - Processing /home/airflow/.local/lib/python3.12/site-packages/airflow/example_dags/example_python_operator.py took 0.115 seconds
[2025-03-25T15:15:10.727+0000] {processor.py:186} INFO - Started process (PID=102) to work on /home/airflow/.local/lib/python3.12/site-packages/airflow/example_dags/example_python_operator.py
[2025-03-25T15:15:10.728+0000] {processor.py:914} INFO - Processing file /home/airflow/.local/lib/python3.12/site-packages/airflow/example_dags/example_python_operator.py for tasks to queue
[2025-03-25T15:15:10.731+0000] {logging_mixin.py:190} INFO - [2025-03-25T15:15:10.731+0000] {dagbag.py:588} INFO - Filling up the DagBag from /home/airflow/.local/lib/python3.12/site-packages/airflow/example_dags/example_python_operator.py
[2025-03-25T15:15:10.752+0000] {processor.py:925} INFO - DAG(s) 'example_python_operator' retrieved from /home/airflow/.local/lib/python3.12/site-packages/airflow/example_dags/example_python_operator.py
[2025-03-25T15:15:10.959+0000] {logging_mixin.py:190} INFO - [2025-03-25T15:15:10.959+0000] {dag.py:3239} INFO - Sync 1 DAGs
[2025-03-25T15:15:10.992+0000] {logging_mixin.py:190} INFO - [2025-03-25T15:15:10.991+0000] {dag.py:4180} INFO - Setting next_dagrun for example_python_operator to None, run_after=None
[2025-03-25T15:15:11.033+0000] {processor.py:208} INFO - Processing /home/airflow/.local/lib/python3.12/site-packages/airflow/example_dags/example_python_operator.py took 0.315 seconds
[2025-03-25T15:20:25.699+0000] {processor.py:186} INFO - Started process (PID=109) to work on /home/airflow/.local/lib/python3.12/site-packages/airflow/example_dags/example_python_operator.py
[2025-03-25T15:20:25.701+0000] {processor.py:914} INFO - Processing file /home/airflow/.local/lib/python3.12/site-packages/airflow/example_dags/example_python_operator.py for tasks to queue
[2025-03-25T15:20:25.704+0000] {logging_mixin.py:190} INFO - [2025-03-25T15:20:25.703+0000] {dagbag.py:588} INFO - Filling up the DagBag from /home/airflow/.local/lib/python3.12/site-packages/airflow/example_dags/example_python_operator.py
[2025-03-25T15:20:25.723+0000] {processor.py:925} INFO - DAG(s) 'example_python_operator' retrieved from /home/airflow/.local/lib/python3.12/site-packages/airflow/example_dags/example_python_operator.py
[2025-03-25T15:20:25.916+0000] {logging_mixin.py:190} INFO - [2025-03-25T15:20:25.916+0000] {dag.py:3239} INFO - Sync 1 DAGs
[2025-03-25T15:20:25.935+0000] {logging_mixin.py:190} INFO - [2025-03-25T15:20:25.935+0000] {dag.py:4180} INFO - Setting next_dagrun for example_python_operator to None, run_after=None
[2025-03-25T15:20:25.968+0000] {processor.py:208} INFO - Processing /home/airflow/.local/lib/python3.12/site-packages/airflow/example_dags/example_python_operator.py took 0.277 seconds
[2025-03-25T15:20:57.806+0000] {processor.py:186} INFO - Started process (PID=171) to work on /home/airflow/.local/lib/python3.12/site-packages/airflow/example_dags/example_python_operator.py
[2025-03-25T15:20:57.807+0000] {processor.py:914} INFO - Processing file /home/airflow/.local/lib/python3.12/site-packages/airflow/example_dags/example_python_operator.py for tasks to queue
[2025-03-25T15:20:57.811+0000] {logging_mixin.py:190} INFO - [2025-03-25T15:20:57.811+0000] {dagbag.py:588} INFO - Filling up the DagBag from /home/airflow/.local/lib/python3.12/site-packages/airflow/example_dags/example_python_operator.py
[2025-03-25T15:20:57.831+0000] {processor.py:925} INFO - DAG(s) 'example_python_operator' retrieved from /home/airflow/.local/lib/python3.12/site-packages/airflow/example_dags/example_python_operator.py
[2025-03-25T15:20:57.864+0000] {logging_mixin.py:190} INFO - [2025-03-25T15:20:57.863+0000] {dag.py:3239} INFO - Sync 1 DAGs
[2025-03-25T15:20:57.884+0000] {logging_mixin.py:190} INFO - [2025-03-25T15:20:57.884+0000] {dag.py:4180} INFO - Setting next_dagrun for example_python_operator to None, run_after=None
[2025-03-25T15:20:57.910+0000] {processor.py:208} INFO - Processing /home/airflow/.local/lib/python3.12/site-packages/airflow/example_dags/example_python_operator.py took 0.112 seconds
[2025-03-25T15:21:29.337+0000] {processor.py:186} INFO - Started process (PID=243) to work on /home/airflow/.local/lib/python3.12/site-packages/airflow/example_dags/example_python_operator.py
[2025-03-25T15:21:29.338+0000] {processor.py:914} INFO - Processing file /home/airflow/.local/lib/python3.12/site-packages/airflow/example_dags/example_python_operator.py for tasks to queue
[2025-03-25T15:21:29.341+0000] {logging_mixin.py:190} INFO - [2025-03-25T15:21:29.341+0000] {dagbag.py:588} INFO - Filling up the DagBag from /home/airflow/.local/lib/python3.12/site-packages/airflow/example_dags/example_python_operator.py
[2025-03-25T15:21:29.364+0000] {processor.py:925} INFO - DAG(s) 'example_python_operator' retrieved from /home/airflow/.local/lib/python3.12/site-packages/airflow/example_dags/example_python_operator.py
[2025-03-25T15:21:29.406+0000] {logging_mixin.py:190} INFO - [2025-03-25T15:21:29.406+0000] {dag.py:3239} INFO - Sync 1 DAGs
[2025-03-25T15:21:29.431+0000] {logging_mixin.py:190} INFO - [2025-03-25T15:21:29.430+0000] {dag.py:4180} INFO - Setting next_dagrun for example_python_operator to None, run_after=None
[2025-03-25T15:21:29.459+0000] {processor.py:208} INFO - Processing /home/airflow/.local/lib/python3.12/site-packages/airflow/example_dags/example_python_operator.py took 0.134 seconds
[2025-03-25T15:22:00.373+0000] {processor.py:186} INFO - Started process (PID=303) to work on /home/airflow/.local/lib/python3.12/site-packages/airflow/example_dags/example_python_operator.py
[2025-03-25T15:22:00.375+0000] {processor.py:914} INFO - Processing file /home/airflow/.local/lib/python3.12/site-packages/airflow/example_dags/example_python_operator.py for tasks to queue
[2025-03-25T15:22:00.377+0000] {logging_mixin.py:190} INFO - [2025-03-25T15:22:00.377+0000] {dagbag.py:588} INFO - Filling up the DagBag from /home/airflow/.local/lib/python3.12/site-packages/airflow/example_dags/example_python_operator.py
[2025-03-25T15:22:00.393+0000] {processor.py:925} INFO - DAG(s) 'example_python_operator' retrieved from /home/airflow/.local/lib/python3.12/site-packages/airflow/example_dags/example_python_operator.py
[2025-03-25T15:22:00.423+0000] {logging_mixin.py:190} INFO - [2025-03-25T15:22:00.423+0000] {dag.py:3239} INFO - Sync 1 DAGs
[2025-03-25T15:22:00.443+0000] {logging_mixin.py:190} INFO - [2025-03-25T15:22:00.443+0000] {dag.py:4180} INFO - Setting next_dagrun for example_python_operator to None, run_after=None
[2025-03-25T15:22:00.468+0000] {processor.py:208} INFO - Processing /home/airflow/.local/lib/python3.12/site-packages/airflow/example_dags/example_python_operator.py took 0.102 seconds
