[2025-03-25T15:09:04.183+0000] {processor.py:186} INFO - Started process (PID=84) to work on /home/airflow/.local/lib/python3.12/site-packages/airflow/example_dags/example_kubernetes_executor.py
[2025-03-25T15:09:04.185+0000] {processor.py:914} INFO - Processing file /home/airflow/.local/lib/python3.12/site-packages/airflow/example_dags/example_kubernetes_executor.py for tasks to queue
[2025-03-25T15:09:04.190+0000] {logging_mixin.py:190} INFO - [2025-03-25T15:09:04.189+0000] {dagbag.py:588} INFO - Filling up the DagBag from /home/airflow/.local/lib/python3.12/site-packages/airflow/example_dags/example_kubernetes_executor.py
[2025-03-25T15:09:04.252+0000] {processor.py:925} INFO - DAG(s) 'example_kubernetes_executor' retrieved from /home/airflow/.local/lib/python3.12/site-packages/airflow/example_dags/example_kubernetes_executor.py
[2025-03-25T15:09:04.832+0000] {logging_mixin.py:190} INFO - [2025-03-25T15:09:04.829+0000] {override.py:1912} INFO - Created Permission View: can read on DAG:example_kubernetes_executor
[2025-03-25T15:09:04.860+0000] {logging_mixin.py:190} INFO - [2025-03-25T15:09:04.859+0000] {override.py:1912} INFO - Created Permission View: can delete on DAG:example_kubernetes_executor
[2025-03-25T15:09:04.870+0000] {logging_mixin.py:190} INFO - [2025-03-25T15:09:04.869+0000] {override.py:1912} INFO - Created Permission View: can edit on DAG:example_kubernetes_executor
[2025-03-25T15:09:04.884+0000] {logging_mixin.py:190} INFO - [2025-03-25T15:09:04.884+0000] {override.py:1912} INFO - Created Permission View: can create on DAG Run:example_kubernetes_executor
[2025-03-25T15:09:04.896+0000] {logging_mixin.py:190} INFO - [2025-03-25T15:09:04.895+0000] {override.py:1912} INFO - Created Permission View: can read on DAG Run:example_kubernetes_executor
[2025-03-25T15:09:04.908+0000] {logging_mixin.py:190} INFO - [2025-03-25T15:09:04.907+0000] {override.py:1912} INFO - Created Permission View: can delete on DAG Run:example_kubernetes_executor
[2025-03-25T15:09:04.920+0000] {logging_mixin.py:190} INFO - [2025-03-25T15:09:04.920+0000] {override.py:1912} INFO - Created Permission View: menu access on DAG Run:example_kubernetes_executor
[2025-03-25T15:09:04.921+0000] {logging_mixin.py:190} INFO - [2025-03-25T15:09:04.920+0000] {dag.py:3239} INFO - Sync 1 DAGs
[2025-03-25T15:09:04.999+0000] {logging_mixin.py:190} INFO - [2025-03-25T15:09:04.998+0000] {dag.py:3262} INFO - Creating ORM DAG for example_kubernetes_executor
[2025-03-25T15:09:05.002+0000] {logging_mixin.py:190} INFO - [2025-03-25T15:09:05.001+0000] {dag.py:4180} INFO - Setting next_dagrun for example_kubernetes_executor to None, run_after=None
[2025-03-25T15:09:05.054+0000] {processor.py:208} INFO - Processing /home/airflow/.local/lib/python3.12/site-packages/airflow/example_dags/example_kubernetes_executor.py took 0.887 seconds
[2025-03-25T15:09:35.119+0000] {processor.py:186} INFO - Started process (PID=147) to work on /home/airflow/.local/lib/python3.12/site-packages/airflow/example_dags/example_kubernetes_executor.py
[2025-03-25T15:09:35.121+0000] {processor.py:914} INFO - Processing file /home/airflow/.local/lib/python3.12/site-packages/airflow/example_dags/example_kubernetes_executor.py for tasks to queue
[2025-03-25T15:09:35.123+0000] {logging_mixin.py:190} INFO - [2025-03-25T15:09:35.122+0000] {dagbag.py:588} INFO - Filling up the DagBag from /home/airflow/.local/lib/python3.12/site-packages/airflow/example_dags/example_kubernetes_executor.py
[2025-03-25T15:09:35.161+0000] {processor.py:925} INFO - DAG(s) 'example_kubernetes_executor' retrieved from /home/airflow/.local/lib/python3.12/site-packages/airflow/example_dags/example_kubernetes_executor.py
[2025-03-25T15:09:35.197+0000] {logging_mixin.py:190} INFO - [2025-03-25T15:09:35.197+0000] {dag.py:3239} INFO - Sync 1 DAGs
[2025-03-25T15:09:35.211+0000] {logging_mixin.py:190} INFO - [2025-03-25T15:09:35.211+0000] {dag.py:4180} INFO - Setting next_dagrun for example_kubernetes_executor to None, run_after=None
[2025-03-25T15:09:35.230+0000] {processor.py:208} INFO - Processing /home/airflow/.local/lib/python3.12/site-packages/airflow/example_dags/example_kubernetes_executor.py took 0.117 seconds
[2025-03-25T15:10:05.551+0000] {processor.py:186} INFO - Started process (PID=210) to work on /home/airflow/.local/lib/python3.12/site-packages/airflow/example_dags/example_kubernetes_executor.py
[2025-03-25T15:10:05.552+0000] {processor.py:914} INFO - Processing file /home/airflow/.local/lib/python3.12/site-packages/airflow/example_dags/example_kubernetes_executor.py for tasks to queue
[2025-03-25T15:10:05.556+0000] {logging_mixin.py:190} INFO - [2025-03-25T15:10:05.556+0000] {dagbag.py:588} INFO - Filling up the DagBag from /home/airflow/.local/lib/python3.12/site-packages/airflow/example_dags/example_kubernetes_executor.py
[2025-03-25T15:10:05.584+0000] {processor.py:925} INFO - DAG(s) 'example_kubernetes_executor' retrieved from /home/airflow/.local/lib/python3.12/site-packages/airflow/example_dags/example_kubernetes_executor.py
[2025-03-25T15:10:05.619+0000] {logging_mixin.py:190} INFO - [2025-03-25T15:10:05.618+0000] {dag.py:3239} INFO - Sync 1 DAGs
[2025-03-25T15:10:05.642+0000] {logging_mixin.py:190} INFO - [2025-03-25T15:10:05.642+0000] {dag.py:4180} INFO - Setting next_dagrun for example_kubernetes_executor to None, run_after=None
[2025-03-25T15:10:05.682+0000] {processor.py:208} INFO - Processing /home/airflow/.local/lib/python3.12/site-packages/airflow/example_dags/example_kubernetes_executor.py took 0.141 seconds
[2025-03-25T15:10:35.735+0000] {processor.py:186} INFO - Started process (PID=273) to work on /home/airflow/.local/lib/python3.12/site-packages/airflow/example_dags/example_kubernetes_executor.py
[2025-03-25T15:10:35.737+0000] {processor.py:914} INFO - Processing file /home/airflow/.local/lib/python3.12/site-packages/airflow/example_dags/example_kubernetes_executor.py for tasks to queue
[2025-03-25T15:10:35.739+0000] {logging_mixin.py:190} INFO - [2025-03-25T15:10:35.739+0000] {dagbag.py:588} INFO - Filling up the DagBag from /home/airflow/.local/lib/python3.12/site-packages/airflow/example_dags/example_kubernetes_executor.py
[2025-03-25T15:10:35.756+0000] {processor.py:925} INFO - DAG(s) 'example_kubernetes_executor' retrieved from /home/airflow/.local/lib/python3.12/site-packages/airflow/example_dags/example_kubernetes_executor.py
[2025-03-25T15:10:35.781+0000] {logging_mixin.py:190} INFO - [2025-03-25T15:10:35.781+0000] {dag.py:3239} INFO - Sync 1 DAGs
[2025-03-25T15:10:35.796+0000] {logging_mixin.py:190} INFO - [2025-03-25T15:10:35.796+0000] {dag.py:4180} INFO - Setting next_dagrun for example_kubernetes_executor to None, run_after=None
[2025-03-25T15:10:35.816+0000] {processor.py:208} INFO - Processing /home/airflow/.local/lib/python3.12/site-packages/airflow/example_dags/example_kubernetes_executor.py took 0.089 seconds
[2025-03-25T15:11:06.394+0000] {processor.py:186} INFO - Started process (PID=336) to work on /home/airflow/.local/lib/python3.12/site-packages/airflow/example_dags/example_kubernetes_executor.py
[2025-03-25T15:11:06.395+0000] {processor.py:914} INFO - Processing file /home/airflow/.local/lib/python3.12/site-packages/airflow/example_dags/example_kubernetes_executor.py for tasks to queue
[2025-03-25T15:11:06.397+0000] {logging_mixin.py:190} INFO - [2025-03-25T15:11:06.397+0000] {dagbag.py:588} INFO - Filling up the DagBag from /home/airflow/.local/lib/python3.12/site-packages/airflow/example_dags/example_kubernetes_executor.py
[2025-03-25T15:11:06.412+0000] {processor.py:925} INFO - DAG(s) 'example_kubernetes_executor' retrieved from /home/airflow/.local/lib/python3.12/site-packages/airflow/example_dags/example_kubernetes_executor.py
[2025-03-25T15:11:06.437+0000] {logging_mixin.py:190} INFO - [2025-03-25T15:11:06.437+0000] {dag.py:3239} INFO - Sync 1 DAGs
[2025-03-25T15:11:06.454+0000] {logging_mixin.py:190} INFO - [2025-03-25T15:11:06.453+0000] {dag.py:4180} INFO - Setting next_dagrun for example_kubernetes_executor to None, run_after=None
[2025-03-25T15:11:06.473+0000] {processor.py:208} INFO - Processing /home/airflow/.local/lib/python3.12/site-packages/airflow/example_dags/example_kubernetes_executor.py took 0.086 seconds
[2025-03-25T15:11:36.585+0000] {processor.py:186} INFO - Started process (PID=399) to work on /home/airflow/.local/lib/python3.12/site-packages/airflow/example_dags/example_kubernetes_executor.py
[2025-03-25T15:11:36.586+0000] {processor.py:914} INFO - Processing file /home/airflow/.local/lib/python3.12/site-packages/airflow/example_dags/example_kubernetes_executor.py for tasks to queue
[2025-03-25T15:11:36.589+0000] {logging_mixin.py:190} INFO - [2025-03-25T15:11:36.588+0000] {dagbag.py:588} INFO - Filling up the DagBag from /home/airflow/.local/lib/python3.12/site-packages/airflow/example_dags/example_kubernetes_executor.py
[2025-03-25T15:11:36.611+0000] {processor.py:925} INFO - DAG(s) 'example_kubernetes_executor' retrieved from /home/airflow/.local/lib/python3.12/site-packages/airflow/example_dags/example_kubernetes_executor.py
[2025-03-25T15:11:36.638+0000] {logging_mixin.py:190} INFO - [2025-03-25T15:11:36.638+0000] {dag.py:3239} INFO - Sync 1 DAGs
[2025-03-25T15:11:36.655+0000] {logging_mixin.py:190} INFO - [2025-03-25T15:11:36.654+0000] {dag.py:4180} INFO - Setting next_dagrun for example_kubernetes_executor to None, run_after=None
[2025-03-25T15:11:36.674+0000] {processor.py:208} INFO - Processing /home/airflow/.local/lib/python3.12/site-packages/airflow/example_dags/example_kubernetes_executor.py took 0.096 seconds
[2025-03-25T15:12:06.867+0000] {processor.py:186} INFO - Started process (PID=462) to work on /home/airflow/.local/lib/python3.12/site-packages/airflow/example_dags/example_kubernetes_executor.py
[2025-03-25T15:12:06.869+0000] {processor.py:914} INFO - Processing file /home/airflow/.local/lib/python3.12/site-packages/airflow/example_dags/example_kubernetes_executor.py for tasks to queue
[2025-03-25T15:12:06.871+0000] {logging_mixin.py:190} INFO - [2025-03-25T15:12:06.871+0000] {dagbag.py:588} INFO - Filling up the DagBag from /home/airflow/.local/lib/python3.12/site-packages/airflow/example_dags/example_kubernetes_executor.py
[2025-03-25T15:12:06.894+0000] {processor.py:925} INFO - DAG(s) 'example_kubernetes_executor' retrieved from /home/airflow/.local/lib/python3.12/site-packages/airflow/example_dags/example_kubernetes_executor.py
[2025-03-25T15:12:06.925+0000] {logging_mixin.py:190} INFO - [2025-03-25T15:12:06.924+0000] {dag.py:3239} INFO - Sync 1 DAGs
[2025-03-25T15:12:06.943+0000] {logging_mixin.py:190} INFO - [2025-03-25T15:12:06.943+0000] {dag.py:4180} INFO - Setting next_dagrun for example_kubernetes_executor to None, run_after=None
[2025-03-25T15:12:06.968+0000] {processor.py:208} INFO - Processing /home/airflow/.local/lib/python3.12/site-packages/airflow/example_dags/example_kubernetes_executor.py took 0.110 seconds
[2025-03-25T15:12:37.479+0000] {processor.py:186} INFO - Started process (PID=531) to work on /home/airflow/.local/lib/python3.12/site-packages/airflow/example_dags/example_kubernetes_executor.py
[2025-03-25T15:12:37.480+0000] {processor.py:914} INFO - Processing file /home/airflow/.local/lib/python3.12/site-packages/airflow/example_dags/example_kubernetes_executor.py for tasks to queue
[2025-03-25T15:12:37.483+0000] {logging_mixin.py:190} INFO - [2025-03-25T15:12:37.483+0000] {dagbag.py:588} INFO - Filling up the DagBag from /home/airflow/.local/lib/python3.12/site-packages/airflow/example_dags/example_kubernetes_executor.py
[2025-03-25T15:12:37.501+0000] {processor.py:925} INFO - DAG(s) 'example_kubernetes_executor' retrieved from /home/airflow/.local/lib/python3.12/site-packages/airflow/example_dags/example_kubernetes_executor.py
[2025-03-25T15:12:37.527+0000] {logging_mixin.py:190} INFO - [2025-03-25T15:12:37.526+0000] {dag.py:3239} INFO - Sync 1 DAGs
[2025-03-25T15:12:37.543+0000] {logging_mixin.py:190} INFO - [2025-03-25T15:12:37.543+0000] {dag.py:4180} INFO - Setting next_dagrun for example_kubernetes_executor to None, run_after=None
[2025-03-25T15:12:37.564+0000] {processor.py:208} INFO - Processing /home/airflow/.local/lib/python3.12/site-packages/airflow/example_dags/example_kubernetes_executor.py took 0.093 seconds
[2025-03-25T15:13:08.323+0000] {processor.py:186} INFO - Started process (PID=594) to work on /home/airflow/.local/lib/python3.12/site-packages/airflow/example_dags/example_kubernetes_executor.py
[2025-03-25T15:13:08.325+0000] {processor.py:914} INFO - Processing file /home/airflow/.local/lib/python3.12/site-packages/airflow/example_dags/example_kubernetes_executor.py for tasks to queue
[2025-03-25T15:13:08.327+0000] {logging_mixin.py:190} INFO - [2025-03-25T15:13:08.327+0000] {dagbag.py:588} INFO - Filling up the DagBag from /home/airflow/.local/lib/python3.12/site-packages/airflow/example_dags/example_kubernetes_executor.py
[2025-03-25T15:13:08.344+0000] {processor.py:925} INFO - DAG(s) 'example_kubernetes_executor' retrieved from /home/airflow/.local/lib/python3.12/site-packages/airflow/example_dags/example_kubernetes_executor.py
[2025-03-25T15:13:08.372+0000] {logging_mixin.py:190} INFO - [2025-03-25T15:13:08.371+0000] {dag.py:3239} INFO - Sync 1 DAGs
[2025-03-25T15:13:08.390+0000] {logging_mixin.py:190} INFO - [2025-03-25T15:13:08.390+0000] {dag.py:4180} INFO - Setting next_dagrun for example_kubernetes_executor to None, run_after=None
[2025-03-25T15:13:08.413+0000] {processor.py:208} INFO - Processing /home/airflow/.local/lib/python3.12/site-packages/airflow/example_dags/example_kubernetes_executor.py took 0.099 seconds
[2025-03-25T15:13:38.880+0000] {processor.py:186} INFO - Started process (PID=657) to work on /home/airflow/.local/lib/python3.12/site-packages/airflow/example_dags/example_kubernetes_executor.py
[2025-03-25T15:13:38.882+0000] {processor.py:914} INFO - Processing file /home/airflow/.local/lib/python3.12/site-packages/airflow/example_dags/example_kubernetes_executor.py for tasks to queue
[2025-03-25T15:13:38.885+0000] {logging_mixin.py:190} INFO - [2025-03-25T15:13:38.885+0000] {dagbag.py:588} INFO - Filling up the DagBag from /home/airflow/.local/lib/python3.12/site-packages/airflow/example_dags/example_kubernetes_executor.py
[2025-03-25T15:13:38.906+0000] {processor.py:925} INFO - DAG(s) 'example_kubernetes_executor' retrieved from /home/airflow/.local/lib/python3.12/site-packages/airflow/example_dags/example_kubernetes_executor.py
[2025-03-25T15:13:38.943+0000] {logging_mixin.py:190} INFO - [2025-03-25T15:13:38.943+0000] {dag.py:3239} INFO - Sync 1 DAGs
[2025-03-25T15:13:38.973+0000] {logging_mixin.py:190} INFO - [2025-03-25T15:13:38.972+0000] {dag.py:4180} INFO - Setting next_dagrun for example_kubernetes_executor to None, run_after=None
[2025-03-25T15:13:39.005+0000] {processor.py:208} INFO - Processing /home/airflow/.local/lib/python3.12/site-packages/airflow/example_dags/example_kubernetes_executor.py took 0.134 seconds
[2025-03-25T15:15:02.327+0000] {processor.py:186} INFO - Started process (PID=78) to work on /home/airflow/.local/lib/python3.12/site-packages/airflow/example_dags/example_kubernetes_executor.py
[2025-03-25T15:15:02.336+0000] {processor.py:914} INFO - Processing file /home/airflow/.local/lib/python3.12/site-packages/airflow/example_dags/example_kubernetes_executor.py for tasks to queue
[2025-03-25T15:15:02.349+0000] {logging_mixin.py:190} INFO - [2025-03-25T15:15:02.348+0000] {dagbag.py:588} INFO - Filling up the DagBag from /home/airflow/.local/lib/python3.12/site-packages/airflow/example_dags/example_kubernetes_executor.py
[2025-03-25T15:15:02.373+0000] {processor.py:925} INFO - DAG(s) 'example_kubernetes_executor' retrieved from /home/airflow/.local/lib/python3.12/site-packages/airflow/example_dags/example_kubernetes_executor.py
[2025-03-25T15:15:02.422+0000] {logging_mixin.py:190} INFO - [2025-03-25T15:15:02.422+0000] {dag.py:3239} INFO - Sync 1 DAGs
[2025-03-25T15:15:02.474+0000] {logging_mixin.py:190} INFO - [2025-03-25T15:15:02.473+0000] {dag.py:4180} INFO - Setting next_dagrun for example_kubernetes_executor to None, run_after=None
[2025-03-25T15:15:02.533+0000] {processor.py:208} INFO - Processing /home/airflow/.local/lib/python3.12/site-packages/airflow/example_dags/example_kubernetes_executor.py took 0.217 seconds
[2025-03-25T15:15:33.095+0000] {processor.py:186} INFO - Started process (PID=141) to work on /home/airflow/.local/lib/python3.12/site-packages/airflow/example_dags/example_kubernetes_executor.py
[2025-03-25T15:15:33.096+0000] {processor.py:914} INFO - Processing file /home/airflow/.local/lib/python3.12/site-packages/airflow/example_dags/example_kubernetes_executor.py for tasks to queue
[2025-03-25T15:15:33.099+0000] {logging_mixin.py:190} INFO - [2025-03-25T15:15:33.099+0000] {dagbag.py:588} INFO - Filling up the DagBag from /home/airflow/.local/lib/python3.12/site-packages/airflow/example_dags/example_kubernetes_executor.py
[2025-03-25T15:15:33.121+0000] {processor.py:925} INFO - DAG(s) 'example_kubernetes_executor' retrieved from /home/airflow/.local/lib/python3.12/site-packages/airflow/example_dags/example_kubernetes_executor.py
[2025-03-25T15:15:33.175+0000] {logging_mixin.py:190} INFO - [2025-03-25T15:15:33.174+0000] {dag.py:3239} INFO - Sync 1 DAGs
[2025-03-25T15:15:33.204+0000] {logging_mixin.py:190} INFO - [2025-03-25T15:15:33.203+0000] {dag.py:4180} INFO - Setting next_dagrun for example_kubernetes_executor to None, run_after=None
[2025-03-25T15:15:33.235+0000] {processor.py:208} INFO - Processing /home/airflow/.local/lib/python3.12/site-packages/airflow/example_dags/example_kubernetes_executor.py took 0.150 seconds
[2025-03-25T15:20:18.687+0000] {processor.py:186} INFO - Started process (PID=85) to work on /home/airflow/.local/lib/python3.12/site-packages/airflow/example_dags/example_kubernetes_executor.py
[2025-03-25T15:20:18.690+0000] {processor.py:914} INFO - Processing file /home/airflow/.local/lib/python3.12/site-packages/airflow/example_dags/example_kubernetes_executor.py for tasks to queue
[2025-03-25T15:20:18.711+0000] {logging_mixin.py:190} INFO - [2025-03-25T15:20:18.710+0000] {dagbag.py:588} INFO - Filling up the DagBag from /home/airflow/.local/lib/python3.12/site-packages/airflow/example_dags/example_kubernetes_executor.py
[2025-03-25T15:20:18.748+0000] {processor.py:925} INFO - DAG(s) 'example_kubernetes_executor' retrieved from /home/airflow/.local/lib/python3.12/site-packages/airflow/example_dags/example_kubernetes_executor.py
[2025-03-25T15:20:18.844+0000] {logging_mixin.py:190} INFO - [2025-03-25T15:20:18.843+0000] {dag.py:3239} INFO - Sync 1 DAGs
[2025-03-25T15:20:18.905+0000] {logging_mixin.py:190} INFO - [2025-03-25T15:20:18.905+0000] {dag.py:4180} INFO - Setting next_dagrun for example_kubernetes_executor to None, run_after=None
[2025-03-25T15:20:18.980+0000] {processor.py:208} INFO - Processing /home/airflow/.local/lib/python3.12/site-packages/airflow/example_dags/example_kubernetes_executor.py took 0.334 seconds
[2025-03-25T15:20:49.821+0000] {processor.py:186} INFO - Started process (PID=148) to work on /home/airflow/.local/lib/python3.12/site-packages/airflow/example_dags/example_kubernetes_executor.py
[2025-03-25T15:20:49.824+0000] {processor.py:914} INFO - Processing file /home/airflow/.local/lib/python3.12/site-packages/airflow/example_dags/example_kubernetes_executor.py for tasks to queue
[2025-03-25T15:20:49.827+0000] {logging_mixin.py:190} INFO - [2025-03-25T15:20:49.827+0000] {dagbag.py:588} INFO - Filling up the DagBag from /home/airflow/.local/lib/python3.12/site-packages/airflow/example_dags/example_kubernetes_executor.py
[2025-03-25T15:20:49.847+0000] {processor.py:925} INFO - DAG(s) 'example_kubernetes_executor' retrieved from /home/airflow/.local/lib/python3.12/site-packages/airflow/example_dags/example_kubernetes_executor.py
[2025-03-25T15:20:49.875+0000] {logging_mixin.py:190} INFO - [2025-03-25T15:20:49.875+0000] {dag.py:3239} INFO - Sync 1 DAGs
[2025-03-25T15:20:49.892+0000] {logging_mixin.py:190} INFO - [2025-03-25T15:20:49.891+0000] {dag.py:4180} INFO - Setting next_dagrun for example_kubernetes_executor to None, run_after=None
[2025-03-25T15:20:49.911+0000] {processor.py:208} INFO - Processing /home/airflow/.local/lib/python3.12/site-packages/airflow/example_dags/example_kubernetes_executor.py took 0.100 seconds
[2025-03-25T15:21:20.205+0000] {processor.py:186} INFO - Started process (PID=211) to work on /home/airflow/.local/lib/python3.12/site-packages/airflow/example_dags/example_kubernetes_executor.py
[2025-03-25T15:21:20.206+0000] {processor.py:914} INFO - Processing file /home/airflow/.local/lib/python3.12/site-packages/airflow/example_dags/example_kubernetes_executor.py for tasks to queue
[2025-03-25T15:21:20.209+0000] {logging_mixin.py:190} INFO - [2025-03-25T15:21:20.208+0000] {dagbag.py:588} INFO - Filling up the DagBag from /home/airflow/.local/lib/python3.12/site-packages/airflow/example_dags/example_kubernetes_executor.py
[2025-03-25T15:21:20.226+0000] {processor.py:925} INFO - DAG(s) 'example_kubernetes_executor' retrieved from /home/airflow/.local/lib/python3.12/site-packages/airflow/example_dags/example_kubernetes_executor.py
[2025-03-25T15:21:20.254+0000] {logging_mixin.py:190} INFO - [2025-03-25T15:21:20.254+0000] {dag.py:3239} INFO - Sync 1 DAGs
[2025-03-25T15:21:20.270+0000] {logging_mixin.py:190} INFO - [2025-03-25T15:21:20.270+0000] {dag.py:4180} INFO - Setting next_dagrun for example_kubernetes_executor to None, run_after=None
[2025-03-25T15:21:20.291+0000] {processor.py:208} INFO - Processing /home/airflow/.local/lib/python3.12/site-packages/airflow/example_dags/example_kubernetes_executor.py took 0.092 seconds
[2025-03-25T15:21:50.847+0000] {processor.py:186} INFO - Started process (PID=274) to work on /home/airflow/.local/lib/python3.12/site-packages/airflow/example_dags/example_kubernetes_executor.py
[2025-03-25T15:21:50.849+0000] {processor.py:914} INFO - Processing file /home/airflow/.local/lib/python3.12/site-packages/airflow/example_dags/example_kubernetes_executor.py for tasks to queue
[2025-03-25T15:21:50.852+0000] {logging_mixin.py:190} INFO - [2025-03-25T15:21:50.851+0000] {dagbag.py:588} INFO - Filling up the DagBag from /home/airflow/.local/lib/python3.12/site-packages/airflow/example_dags/example_kubernetes_executor.py
[2025-03-25T15:21:50.868+0000] {processor.py:925} INFO - DAG(s) 'example_kubernetes_executor' retrieved from /home/airflow/.local/lib/python3.12/site-packages/airflow/example_dags/example_kubernetes_executor.py
[2025-03-25T15:21:50.894+0000] {logging_mixin.py:190} INFO - [2025-03-25T15:21:50.894+0000] {dag.py:3239} INFO - Sync 1 DAGs
[2025-03-25T15:21:50.910+0000] {logging_mixin.py:190} INFO - [2025-03-25T15:21:50.910+0000] {dag.py:4180} INFO - Setting next_dagrun for example_kubernetes_executor to None, run_after=None
[2025-03-25T15:21:50.933+0000] {processor.py:208} INFO - Processing /home/airflow/.local/lib/python3.12/site-packages/airflow/example_dags/example_kubernetes_executor.py took 0.093 seconds
