[2025-03-25T15:09:13.205+0000] {processor.py:186} INFO - Started process (PID=106) to work on /home/airflow/.local/lib/python3.12/site-packages/airflow/example_dags/example_xcomargs.py
[2025-03-25T15:09:13.206+0000] {processor.py:914} INFO - Processing file /home/airflow/.local/lib/python3.12/site-packages/airflow/example_dags/example_xcomargs.py for tasks to queue
[2025-03-25T15:09:13.210+0000] {logging_mixin.py:190} INFO - [2025-03-25T15:09:13.209+0000] {dagbag.py:588} INFO - Filling up the DagBag from /home/airflow/.local/lib/python3.12/site-packages/airflow/example_dags/example_xcomargs.py
[2025-03-25T15:09:13.227+0000] {processor.py:925} INFO - DAG(s) 'example_xcom_args_with_operators', 'example_xcom_args' retrieved from /home/airflow/.local/lib/python3.12/site-packages/airflow/example_dags/example_xcomargs.py
[2025-03-25T15:09:13.390+0000] {logging_mixin.py:190} INFO - [2025-03-25T15:09:13.390+0000] {override.py:1912} INFO - Created Permission View: can read on DAG:example_xcom_args_with_operators
[2025-03-25T15:09:13.406+0000] {logging_mixin.py:190} INFO - [2025-03-25T15:09:13.405+0000] {override.py:1912} INFO - Created Permission View: can delete on DAG:example_xcom_args_with_operators
[2025-03-25T15:09:13.417+0000] {logging_mixin.py:190} INFO - [2025-03-25T15:09:13.417+0000] {override.py:1912} INFO - Created Permission View: can edit on DAG:example_xcom_args_with_operators
[2025-03-25T15:09:13.430+0000] {logging_mixin.py:190} INFO - [2025-03-25T15:09:13.429+0000] {override.py:1912} INFO - Created Permission View: can create on DAG Run:example_xcom_args_with_operators
[2025-03-25T15:09:13.440+0000] {logging_mixin.py:190} INFO - [2025-03-25T15:09:13.440+0000] {override.py:1912} INFO - Created Permission View: can read on DAG Run:example_xcom_args_with_operators
[2025-03-25T15:09:13.452+0000] {logging_mixin.py:190} INFO - [2025-03-25T15:09:13.451+0000] {override.py:1912} INFO - Created Permission View: can delete on DAG Run:example_xcom_args_with_operators
[2025-03-25T15:09:13.463+0000] {logging_mixin.py:190} INFO - [2025-03-25T15:09:13.463+0000] {override.py:1912} INFO - Created Permission View: menu access on DAG Run:example_xcom_args_with_operators
[2025-03-25T15:09:13.484+0000] {logging_mixin.py:190} INFO - [2025-03-25T15:09:13.484+0000] {override.py:1912} INFO - Created Permission View: can read on DAG:example_xcom_args
[2025-03-25T15:09:13.494+0000] {logging_mixin.py:190} INFO - [2025-03-25T15:09:13.493+0000] {override.py:1912} INFO - Created Permission View: can delete on DAG:example_xcom_args
[2025-03-25T15:09:13.505+0000] {logging_mixin.py:190} INFO - [2025-03-25T15:09:13.505+0000] {override.py:1912} INFO - Created Permission View: can edit on DAG:example_xcom_args
[2025-03-25T15:09:13.520+0000] {logging_mixin.py:190} INFO - [2025-03-25T15:09:13.519+0000] {override.py:1912} INFO - Created Permission View: can create on DAG Run:example_xcom_args
[2025-03-25T15:09:13.533+0000] {logging_mixin.py:190} INFO - [2025-03-25T15:09:13.533+0000] {override.py:1912} INFO - Created Permission View: can read on DAG Run:example_xcom_args
[2025-03-25T15:09:13.544+0000] {logging_mixin.py:190} INFO - [2025-03-25T15:09:13.543+0000] {override.py:1912} INFO - Created Permission View: can delete on DAG Run:example_xcom_args
[2025-03-25T15:09:13.553+0000] {logging_mixin.py:190} INFO - [2025-03-25T15:09:13.552+0000] {override.py:1912} INFO - Created Permission View: menu access on DAG Run:example_xcom_args
[2025-03-25T15:09:13.553+0000] {logging_mixin.py:190} INFO - [2025-03-25T15:09:13.553+0000] {dag.py:3239} INFO - Sync 2 DAGs
[2025-03-25T15:09:13.573+0000] {logging_mixin.py:190} INFO - [2025-03-25T15:09:13.573+0000] {dag.py:3262} INFO - Creating ORM DAG for example_xcom_args_with_operators
[2025-03-25T15:09:13.574+0000] {logging_mixin.py:190} INFO - [2025-03-25T15:09:13.574+0000] {dag.py:3262} INFO - Creating ORM DAG for example_xcom_args
[2025-03-25T15:09:13.575+0000] {logging_mixin.py:190} INFO - [2025-03-25T15:09:13.574+0000] {dag.py:4180} INFO - Setting next_dagrun for example_xcom_args to None, run_after=None
[2025-03-25T15:09:13.575+0000] {logging_mixin.py:190} INFO - [2025-03-25T15:09:13.575+0000] {dag.py:4180} INFO - Setting next_dagrun for example_xcom_args_with_operators to None, run_after=None
[2025-03-25T15:09:13.603+0000] {processor.py:208} INFO - Processing /home/airflow/.local/lib/python3.12/site-packages/airflow/example_dags/example_xcomargs.py took 0.408 seconds
[2025-03-25T15:09:43.968+0000] {processor.py:186} INFO - Started process (PID=169) to work on /home/airflow/.local/lib/python3.12/site-packages/airflow/example_dags/example_xcomargs.py
[2025-03-25T15:09:43.969+0000] {processor.py:914} INFO - Processing file /home/airflow/.local/lib/python3.12/site-packages/airflow/example_dags/example_xcomargs.py for tasks to queue
[2025-03-25T15:09:43.972+0000] {logging_mixin.py:190} INFO - [2025-03-25T15:09:43.972+0000] {dagbag.py:588} INFO - Filling up the DagBag from /home/airflow/.local/lib/python3.12/site-packages/airflow/example_dags/example_xcomargs.py
[2025-03-25T15:09:43.983+0000] {processor.py:925} INFO - DAG(s) 'example_xcom_args', 'example_xcom_args_with_operators' retrieved from /home/airflow/.local/lib/python3.12/site-packages/airflow/example_dags/example_xcomargs.py
[2025-03-25T15:09:44.010+0000] {logging_mixin.py:190} INFO - [2025-03-25T15:09:44.010+0000] {dag.py:3239} INFO - Sync 2 DAGs
[2025-03-25T15:09:44.032+0000] {logging_mixin.py:190} INFO - [2025-03-25T15:09:44.032+0000] {dag.py:4180} INFO - Setting next_dagrun for example_xcom_args to None, run_after=None
[2025-03-25T15:09:44.036+0000] {logging_mixin.py:190} INFO - [2025-03-25T15:09:44.036+0000] {dag.py:4180} INFO - Setting next_dagrun for example_xcom_args_with_operators to None, run_after=None
[2025-03-25T15:09:44.055+0000] {processor.py:208} INFO - Processing /home/airflow/.local/lib/python3.12/site-packages/airflow/example_dags/example_xcomargs.py took 0.093 seconds
[2025-03-25T15:10:14.420+0000] {processor.py:186} INFO - Started process (PID=231) to work on /home/airflow/.local/lib/python3.12/site-packages/airflow/example_dags/example_xcomargs.py
[2025-03-25T15:10:14.421+0000] {processor.py:914} INFO - Processing file /home/airflow/.local/lib/python3.12/site-packages/airflow/example_dags/example_xcomargs.py for tasks to queue
[2025-03-25T15:10:14.424+0000] {logging_mixin.py:190} INFO - [2025-03-25T15:10:14.424+0000] {dagbag.py:588} INFO - Filling up the DagBag from /home/airflow/.local/lib/python3.12/site-packages/airflow/example_dags/example_xcomargs.py
[2025-03-25T15:10:14.434+0000] {processor.py:925} INFO - DAG(s) 'example_xcom_args_with_operators', 'example_xcom_args' retrieved from /home/airflow/.local/lib/python3.12/site-packages/airflow/example_dags/example_xcomargs.py
[2025-03-25T15:10:14.462+0000] {logging_mixin.py:190} INFO - [2025-03-25T15:10:14.461+0000] {dag.py:3239} INFO - Sync 2 DAGs
[2025-03-25T15:10:14.477+0000] {logging_mixin.py:190} INFO - [2025-03-25T15:10:14.477+0000] {dag.py:4180} INFO - Setting next_dagrun for example_xcom_args to None, run_after=None
[2025-03-25T15:10:14.480+0000] {logging_mixin.py:190} INFO - [2025-03-25T15:10:14.480+0000] {dag.py:4180} INFO - Setting next_dagrun for example_xcom_args_with_operators to None, run_after=None
[2025-03-25T15:10:14.497+0000] {processor.py:208} INFO - Processing /home/airflow/.local/lib/python3.12/site-packages/airflow/example_dags/example_xcomargs.py took 0.084 seconds
[2025-03-25T15:10:45.058+0000] {processor.py:186} INFO - Started process (PID=300) to work on /home/airflow/.local/lib/python3.12/site-packages/airflow/example_dags/example_xcomargs.py
[2025-03-25T15:10:45.059+0000] {processor.py:914} INFO - Processing file /home/airflow/.local/lib/python3.12/site-packages/airflow/example_dags/example_xcomargs.py for tasks to queue
[2025-03-25T15:10:45.062+0000] {logging_mixin.py:190} INFO - [2025-03-25T15:10:45.061+0000] {dagbag.py:588} INFO - Filling up the DagBag from /home/airflow/.local/lib/python3.12/site-packages/airflow/example_dags/example_xcomargs.py
[2025-03-25T15:10:45.075+0000] {processor.py:925} INFO - DAG(s) 'example_xcom_args', 'example_xcom_args_with_operators' retrieved from /home/airflow/.local/lib/python3.12/site-packages/airflow/example_dags/example_xcomargs.py
[2025-03-25T15:10:45.106+0000] {logging_mixin.py:190} INFO - [2025-03-25T15:10:45.106+0000] {dag.py:3239} INFO - Sync 2 DAGs
[2025-03-25T15:10:45.122+0000] {logging_mixin.py:190} INFO - [2025-03-25T15:10:45.121+0000] {dag.py:4180} INFO - Setting next_dagrun for example_xcom_args to None, run_after=None
[2025-03-25T15:10:45.125+0000] {logging_mixin.py:190} INFO - [2025-03-25T15:10:45.125+0000] {dag.py:4180} INFO - Setting next_dagrun for example_xcom_args_with_operators to None, run_after=None
[2025-03-25T15:10:45.142+0000] {processor.py:208} INFO - Processing /home/airflow/.local/lib/python3.12/site-packages/airflow/example_dags/example_xcomargs.py took 0.090 seconds
[2025-03-25T15:11:15.827+0000] {processor.py:186} INFO - Started process (PID=363) to work on /home/airflow/.local/lib/python3.12/site-packages/airflow/example_dags/example_xcomargs.py
[2025-03-25T15:11:15.828+0000] {processor.py:914} INFO - Processing file /home/airflow/.local/lib/python3.12/site-packages/airflow/example_dags/example_xcomargs.py for tasks to queue
[2025-03-25T15:11:15.831+0000] {logging_mixin.py:190} INFO - [2025-03-25T15:11:15.830+0000] {dagbag.py:588} INFO - Filling up the DagBag from /home/airflow/.local/lib/python3.12/site-packages/airflow/example_dags/example_xcomargs.py
[2025-03-25T15:11:15.841+0000] {processor.py:925} INFO - DAG(s) 'example_xcom_args_with_operators', 'example_xcom_args' retrieved from /home/airflow/.local/lib/python3.12/site-packages/airflow/example_dags/example_xcomargs.py
[2025-03-25T15:11:15.867+0000] {logging_mixin.py:190} INFO - [2025-03-25T15:11:15.866+0000] {dag.py:3239} INFO - Sync 2 DAGs
[2025-03-25T15:11:15.883+0000] {logging_mixin.py:190} INFO - [2025-03-25T15:11:15.882+0000] {dag.py:4180} INFO - Setting next_dagrun for example_xcom_args to None, run_after=None
[2025-03-25T15:11:15.886+0000] {logging_mixin.py:190} INFO - [2025-03-25T15:11:15.886+0000] {dag.py:4180} INFO - Setting next_dagrun for example_xcom_args_with_operators to None, run_after=None
[2025-03-25T15:11:15.904+0000] {processor.py:208} INFO - Processing /home/airflow/.local/lib/python3.12/site-packages/airflow/example_dags/example_xcomargs.py took 0.083 seconds
[2025-03-25T15:11:46.093+0000] {processor.py:186} INFO - Started process (PID=426) to work on /home/airflow/.local/lib/python3.12/site-packages/airflow/example_dags/example_xcomargs.py
[2025-03-25T15:11:46.094+0000] {processor.py:914} INFO - Processing file /home/airflow/.local/lib/python3.12/site-packages/airflow/example_dags/example_xcomargs.py for tasks to queue
[2025-03-25T15:11:46.098+0000] {logging_mixin.py:190} INFO - [2025-03-25T15:11:46.098+0000] {dagbag.py:588} INFO - Filling up the DagBag from /home/airflow/.local/lib/python3.12/site-packages/airflow/example_dags/example_xcomargs.py
[2025-03-25T15:11:46.111+0000] {processor.py:925} INFO - DAG(s) 'example_xcom_args', 'example_xcom_args_with_operators' retrieved from /home/airflow/.local/lib/python3.12/site-packages/airflow/example_dags/example_xcomargs.py
[2025-03-25T15:11:46.141+0000] {logging_mixin.py:190} INFO - [2025-03-25T15:11:46.140+0000] {dag.py:3239} INFO - Sync 2 DAGs
[2025-03-25T15:11:46.164+0000] {logging_mixin.py:190} INFO - [2025-03-25T15:11:46.164+0000] {dag.py:4180} INFO - Setting next_dagrun for example_xcom_args to None, run_after=None
[2025-03-25T15:11:46.173+0000] {logging_mixin.py:190} INFO - [2025-03-25T15:11:46.173+0000] {dag.py:4180} INFO - Setting next_dagrun for example_xcom_args_with_operators to None, run_after=None
[2025-03-25T15:11:46.206+0000] {processor.py:208} INFO - Processing /home/airflow/.local/lib/python3.12/site-packages/airflow/example_dags/example_xcomargs.py took 0.120 seconds
[2025-03-25T15:12:16.590+0000] {processor.py:186} INFO - Started process (PID=489) to work on /home/airflow/.local/lib/python3.12/site-packages/airflow/example_dags/example_xcomargs.py
[2025-03-25T15:12:16.591+0000] {processor.py:914} INFO - Processing file /home/airflow/.local/lib/python3.12/site-packages/airflow/example_dags/example_xcomargs.py for tasks to queue
[2025-03-25T15:12:16.594+0000] {logging_mixin.py:190} INFO - [2025-03-25T15:12:16.593+0000] {dagbag.py:588} INFO - Filling up the DagBag from /home/airflow/.local/lib/python3.12/site-packages/airflow/example_dags/example_xcomargs.py
[2025-03-25T15:12:16.605+0000] {processor.py:925} INFO - DAG(s) 'example_xcom_args', 'example_xcom_args_with_operators' retrieved from /home/airflow/.local/lib/python3.12/site-packages/airflow/example_dags/example_xcomargs.py
[2025-03-25T15:12:16.631+0000] {logging_mixin.py:190} INFO - [2025-03-25T15:12:16.631+0000] {dag.py:3239} INFO - Sync 2 DAGs
[2025-03-25T15:12:16.650+0000] {logging_mixin.py:190} INFO - [2025-03-25T15:12:16.649+0000] {dag.py:4180} INFO - Setting next_dagrun for example_xcom_args to None, run_after=None
[2025-03-25T15:12:16.653+0000] {logging_mixin.py:190} INFO - [2025-03-25T15:12:16.653+0000] {dag.py:4180} INFO - Setting next_dagrun for example_xcom_args_with_operators to None, run_after=None
[2025-03-25T15:12:16.671+0000] {processor.py:208} INFO - Processing /home/airflow/.local/lib/python3.12/site-packages/airflow/example_dags/example_xcomargs.py took 0.088 seconds
[2025-03-25T15:12:47.596+0000] {processor.py:186} INFO - Started process (PID=552) to work on /home/airflow/.local/lib/python3.12/site-packages/airflow/example_dags/example_xcomargs.py
[2025-03-25T15:12:47.597+0000] {processor.py:914} INFO - Processing file /home/airflow/.local/lib/python3.12/site-packages/airflow/example_dags/example_xcomargs.py for tasks to queue
[2025-03-25T15:12:47.599+0000] {logging_mixin.py:190} INFO - [2025-03-25T15:12:47.599+0000] {dagbag.py:588} INFO - Filling up the DagBag from /home/airflow/.local/lib/python3.12/site-packages/airflow/example_dags/example_xcomargs.py
[2025-03-25T15:12:47.610+0000] {processor.py:925} INFO - DAG(s) 'example_xcom_args_with_operators', 'example_xcom_args' retrieved from /home/airflow/.local/lib/python3.12/site-packages/airflow/example_dags/example_xcomargs.py
[2025-03-25T15:12:47.637+0000] {logging_mixin.py:190} INFO - [2025-03-25T15:12:47.637+0000] {dag.py:3239} INFO - Sync 2 DAGs
[2025-03-25T15:12:47.654+0000] {logging_mixin.py:190} INFO - [2025-03-25T15:12:47.654+0000] {dag.py:4180} INFO - Setting next_dagrun for example_xcom_args to None, run_after=None
[2025-03-25T15:12:47.658+0000] {logging_mixin.py:190} INFO - [2025-03-25T15:12:47.658+0000] {dag.py:4180} INFO - Setting next_dagrun for example_xcom_args_with_operators to None, run_after=None
[2025-03-25T15:12:47.679+0000] {processor.py:208} INFO - Processing /home/airflow/.local/lib/python3.12/site-packages/airflow/example_dags/example_xcomargs.py took 0.090 seconds
[2025-03-25T15:13:17.802+0000] {processor.py:186} INFO - Started process (PID=615) to work on /home/airflow/.local/lib/python3.12/site-packages/airflow/example_dags/example_xcomargs.py
[2025-03-25T15:13:17.805+0000] {processor.py:914} INFO - Processing file /home/airflow/.local/lib/python3.12/site-packages/airflow/example_dags/example_xcomargs.py for tasks to queue
[2025-03-25T15:13:17.810+0000] {logging_mixin.py:190} INFO - [2025-03-25T15:13:17.810+0000] {dagbag.py:588} INFO - Filling up the DagBag from /home/airflow/.local/lib/python3.12/site-packages/airflow/example_dags/example_xcomargs.py
[2025-03-25T15:13:17.830+0000] {processor.py:925} INFO - DAG(s) 'example_xcom_args_with_operators', 'example_xcom_args' retrieved from /home/airflow/.local/lib/python3.12/site-packages/airflow/example_dags/example_xcomargs.py
[2025-03-25T15:13:17.860+0000] {logging_mixin.py:190} INFO - [2025-03-25T15:13:17.860+0000] {dag.py:3239} INFO - Sync 2 DAGs
[2025-03-25T15:13:17.882+0000] {logging_mixin.py:190} INFO - [2025-03-25T15:13:17.882+0000] {dag.py:4180} INFO - Setting next_dagrun for example_xcom_args to None, run_after=None
[2025-03-25T15:13:17.887+0000] {logging_mixin.py:190} INFO - [2025-03-25T15:13:17.887+0000] {dag.py:4180} INFO - Setting next_dagrun for example_xcom_args_with_operators to None, run_after=None
[2025-03-25T15:13:17.909+0000] {processor.py:208} INFO - Processing /home/airflow/.local/lib/python3.12/site-packages/airflow/example_dags/example_xcomargs.py took 0.118 seconds
[2025-03-25T15:13:48.216+0000] {processor.py:186} INFO - Started process (PID=678) to work on /home/airflow/.local/lib/python3.12/site-packages/airflow/example_dags/example_xcomargs.py
[2025-03-25T15:13:48.217+0000] {processor.py:914} INFO - Processing file /home/airflow/.local/lib/python3.12/site-packages/airflow/example_dags/example_xcomargs.py for tasks to queue
[2025-03-25T15:13:48.220+0000] {logging_mixin.py:190} INFO - [2025-03-25T15:13:48.219+0000] {dagbag.py:588} INFO - Filling up the DagBag from /home/airflow/.local/lib/python3.12/site-packages/airflow/example_dags/example_xcomargs.py
[2025-03-25T15:13:48.232+0000] {processor.py:925} INFO - DAG(s) 'example_xcom_args', 'example_xcom_args_with_operators' retrieved from /home/airflow/.local/lib/python3.12/site-packages/airflow/example_dags/example_xcomargs.py
[2025-03-25T15:13:48.267+0000] {logging_mixin.py:190} INFO - [2025-03-25T15:13:48.266+0000] {dag.py:3239} INFO - Sync 2 DAGs
[2025-03-25T15:13:48.293+0000] {logging_mixin.py:190} INFO - [2025-03-25T15:13:48.292+0000] {dag.py:4180} INFO - Setting next_dagrun for example_xcom_args to None, run_after=None
[2025-03-25T15:13:48.304+0000] {logging_mixin.py:190} INFO - [2025-03-25T15:13:48.303+0000] {dag.py:4180} INFO - Setting next_dagrun for example_xcom_args_with_operators to None, run_after=None
[2025-03-25T15:13:48.331+0000] {processor.py:208} INFO - Processing /home/airflow/.local/lib/python3.12/site-packages/airflow/example_dags/example_xcomargs.py took 0.124 seconds
[2025-03-25T15:15:10.568+0000] {processor.py:186} INFO - Started process (PID=100) to work on /home/airflow/.local/lib/python3.12/site-packages/airflow/example_dags/example_xcomargs.py
[2025-03-25T15:15:10.569+0000] {processor.py:914} INFO - Processing file /home/airflow/.local/lib/python3.12/site-packages/airflow/example_dags/example_xcomargs.py for tasks to queue
[2025-03-25T15:15:10.573+0000] {logging_mixin.py:190} INFO - [2025-03-25T15:15:10.572+0000] {dagbag.py:588} INFO - Filling up the DagBag from /home/airflow/.local/lib/python3.12/site-packages/airflow/example_dags/example_xcomargs.py
[2025-03-25T15:15:10.588+0000] {processor.py:925} INFO - DAG(s) 'example_xcom_args', 'example_xcom_args_with_operators' retrieved from /home/airflow/.local/lib/python3.12/site-packages/airflow/example_dags/example_xcomargs.py
[2025-03-25T15:15:10.628+0000] {logging_mixin.py:190} INFO - [2025-03-25T15:15:10.628+0000] {dag.py:3239} INFO - Sync 2 DAGs
[2025-03-25T15:15:10.652+0000] {logging_mixin.py:190} INFO - [2025-03-25T15:15:10.651+0000] {dag.py:4180} INFO - Setting next_dagrun for example_xcom_args to None, run_after=None
[2025-03-25T15:15:10.659+0000] {logging_mixin.py:190} INFO - [2025-03-25T15:15:10.658+0000] {dag.py:4180} INFO - Setting next_dagrun for example_xcom_args_with_operators to None, run_after=None
[2025-03-25T15:15:10.683+0000] {processor.py:208} INFO - Processing /home/airflow/.local/lib/python3.12/site-packages/airflow/example_dags/example_xcomargs.py took 0.126 seconds
[2025-03-25T15:20:25.476+0000] {processor.py:186} INFO - Started process (PID=107) to work on /home/airflow/.local/lib/python3.12/site-packages/airflow/example_dags/example_xcomargs.py
[2025-03-25T15:20:25.477+0000] {processor.py:914} INFO - Processing file /home/airflow/.local/lib/python3.12/site-packages/airflow/example_dags/example_xcomargs.py for tasks to queue
[2025-03-25T15:20:25.480+0000] {logging_mixin.py:190} INFO - [2025-03-25T15:20:25.480+0000] {dagbag.py:588} INFO - Filling up the DagBag from /home/airflow/.local/lib/python3.12/site-packages/airflow/example_dags/example_xcomargs.py
[2025-03-25T15:20:25.494+0000] {processor.py:925} INFO - DAG(s) 'example_xcom_args_with_operators', 'example_xcom_args' retrieved from /home/airflow/.local/lib/python3.12/site-packages/airflow/example_dags/example_xcomargs.py
[2025-03-25T15:20:25.529+0000] {logging_mixin.py:190} INFO - [2025-03-25T15:20:25.529+0000] {dag.py:3239} INFO - Sync 2 DAGs
[2025-03-25T15:20:25.551+0000] {logging_mixin.py:190} INFO - [2025-03-25T15:20:25.551+0000] {dag.py:4180} INFO - Setting next_dagrun for example_xcom_args to None, run_after=None
[2025-03-25T15:20:25.556+0000] {logging_mixin.py:190} INFO - [2025-03-25T15:20:25.556+0000] {dag.py:4180} INFO - Setting next_dagrun for example_xcom_args_with_operators to None, run_after=None
[2025-03-25T15:20:25.579+0000] {processor.py:208} INFO - Processing /home/airflow/.local/lib/python3.12/site-packages/airflow/example_dags/example_xcomargs.py took 0.110 seconds
[2025-03-25T15:20:57.662+0000] {processor.py:186} INFO - Started process (PID=170) to work on /home/airflow/.local/lib/python3.12/site-packages/airflow/example_dags/example_xcomargs.py
[2025-03-25T15:20:57.663+0000] {processor.py:914} INFO - Processing file /home/airflow/.local/lib/python3.12/site-packages/airflow/example_dags/example_xcomargs.py for tasks to queue
[2025-03-25T15:20:57.667+0000] {logging_mixin.py:190} INFO - [2025-03-25T15:20:57.666+0000] {dagbag.py:588} INFO - Filling up the DagBag from /home/airflow/.local/lib/python3.12/site-packages/airflow/example_dags/example_xcomargs.py
[2025-03-25T15:20:57.681+0000] {processor.py:925} INFO - DAG(s) 'example_xcom_args_with_operators', 'example_xcom_args' retrieved from /home/airflow/.local/lib/python3.12/site-packages/airflow/example_dags/example_xcomargs.py
[2025-03-25T15:20:57.712+0000] {logging_mixin.py:190} INFO - [2025-03-25T15:20:57.712+0000] {dag.py:3239} INFO - Sync 2 DAGs
[2025-03-25T15:20:57.737+0000] {logging_mixin.py:190} INFO - [2025-03-25T15:20:57.737+0000] {dag.py:4180} INFO - Setting next_dagrun for example_xcom_args to None, run_after=None
[2025-03-25T15:20:57.744+0000] {logging_mixin.py:190} INFO - [2025-03-25T15:20:57.744+0000] {dag.py:4180} INFO - Setting next_dagrun for example_xcom_args_with_operators to None, run_after=None
[2025-03-25T15:20:57.769+0000] {processor.py:208} INFO - Processing /home/airflow/.local/lib/python3.12/site-packages/airflow/example_dags/example_xcomargs.py took 0.116 seconds
[2025-03-25T15:21:29.001+0000] {processor.py:186} INFO - Started process (PID=238) to work on /home/airflow/.local/lib/python3.12/site-packages/airflow/example_dags/example_xcomargs.py
[2025-03-25T15:21:29.002+0000] {processor.py:914} INFO - Processing file /home/airflow/.local/lib/python3.12/site-packages/airflow/example_dags/example_xcomargs.py for tasks to queue
[2025-03-25T15:21:29.004+0000] {logging_mixin.py:190} INFO - [2025-03-25T15:21:29.004+0000] {dagbag.py:588} INFO - Filling up the DagBag from /home/airflow/.local/lib/python3.12/site-packages/airflow/example_dags/example_xcomargs.py
[2025-03-25T15:21:29.015+0000] {processor.py:925} INFO - DAG(s) 'example_xcom_args', 'example_xcom_args_with_operators' retrieved from /home/airflow/.local/lib/python3.12/site-packages/airflow/example_dags/example_xcomargs.py
[2025-03-25T15:21:29.044+0000] {logging_mixin.py:190} INFO - [2025-03-25T15:21:29.044+0000] {dag.py:3239} INFO - Sync 2 DAGs
[2025-03-25T15:21:29.062+0000] {logging_mixin.py:190} INFO - [2025-03-25T15:21:29.062+0000] {dag.py:4180} INFO - Setting next_dagrun for example_xcom_args to None, run_after=None
[2025-03-25T15:21:29.066+0000] {logging_mixin.py:190} INFO - [2025-03-25T15:21:29.066+0000] {dag.py:4180} INFO - Setting next_dagrun for example_xcom_args_with_operators to None, run_after=None
[2025-03-25T15:21:29.085+0000] {processor.py:208} INFO - Processing /home/airflow/.local/lib/python3.12/site-packages/airflow/example_dags/example_xcomargs.py took 0.092 seconds
[2025-03-25T15:22:00.251+0000] {processor.py:186} INFO - Started process (PID=301) to work on /home/airflow/.local/lib/python3.12/site-packages/airflow/example_dags/example_xcomargs.py
[2025-03-25T15:22:00.253+0000] {processor.py:914} INFO - Processing file /home/airflow/.local/lib/python3.12/site-packages/airflow/example_dags/example_xcomargs.py for tasks to queue
[2025-03-25T15:22:00.255+0000] {logging_mixin.py:190} INFO - [2025-03-25T15:22:00.255+0000] {dagbag.py:588} INFO - Filling up the DagBag from /home/airflow/.local/lib/python3.12/site-packages/airflow/example_dags/example_xcomargs.py
[2025-03-25T15:22:00.268+0000] {processor.py:925} INFO - DAG(s) 'example_xcom_args', 'example_xcom_args_with_operators' retrieved from /home/airflow/.local/lib/python3.12/site-packages/airflow/example_dags/example_xcomargs.py
[2025-03-25T15:22:00.297+0000] {logging_mixin.py:190} INFO - [2025-03-25T15:22:00.297+0000] {dag.py:3239} INFO - Sync 2 DAGs
[2025-03-25T15:22:00.315+0000] {logging_mixin.py:190} INFO - [2025-03-25T15:22:00.315+0000] {dag.py:4180} INFO - Setting next_dagrun for example_xcom_args to None, run_after=None
[2025-03-25T15:22:00.319+0000] {logging_mixin.py:190} INFO - [2025-03-25T15:22:00.319+0000] {dag.py:4180} INFO - Setting next_dagrun for example_xcom_args_with_operators to None, run_after=None
[2025-03-25T15:22:00.339+0000] {processor.py:208} INFO - Processing /home/airflow/.local/lib/python3.12/site-packages/airflow/example_dags/example_xcomargs.py took 0.095 seconds
