[2025-03-25T15:09:13.498+0000] {processor.py:186} INFO - Started process (PID=107) to work on /home/airflow/.local/lib/python3.12/site-packages/airflow/example_dags/example_datasets.py
[2025-03-25T15:09:13.499+0000] {processor.py:914} INFO - Processing file /home/airflow/.local/lib/python3.12/site-packages/airflow/example_dags/example_datasets.py for tasks to queue
[2025-03-25T15:09:13.503+0000] {logging_mixin.py:190} INFO - [2025-03-25T15:09:13.502+0000] {dagbag.py:588} INFO - Filling up the DagBag from /home/airflow/.local/lib/python3.12/site-packages/airflow/example_dags/example_datasets.py
[2025-03-25T15:09:14.483+0000] {processor.py:925} INFO - DAG(s) 'conditional_dataset_and_time_based_timetable', 'dataset_consumes_1', 'consume_1_or_2_with_dataset_expressions', 'dataset_consumes_unknown_never_scheduled', 'dataset_produces_1', 'dataset_consumes_1_and_2', 'consume_1_and_2_with_dataset_expressions', 'consume_1_or_both_2_and_3_with_dataset_expressions', 'dataset_consumes_1_never_scheduled', 'dataset_produces_2' retrieved from /home/airflow/.local/lib/python3.12/site-packages/airflow/example_dags/example_datasets.py
[2025-03-25T15:09:14.651+0000] {logging_mixin.py:190} INFO - [2025-03-25T15:09:14.651+0000] {override.py:1912} INFO - Created Permission View: can read on DAG:conditional_dataset_and_time_based_timetable
[2025-03-25T15:09:14.668+0000] {logging_mixin.py:190} INFO - [2025-03-25T15:09:14.667+0000] {override.py:1912} INFO - Created Permission View: can delete on DAG:conditional_dataset_and_time_based_timetable
[2025-03-25T15:09:14.682+0000] {logging_mixin.py:190} INFO - [2025-03-25T15:09:14.681+0000] {override.py:1912} INFO - Created Permission View: can edit on DAG:conditional_dataset_and_time_based_timetable
[2025-03-25T15:09:14.698+0000] {logging_mixin.py:190} INFO - [2025-03-25T15:09:14.697+0000] {override.py:1912} INFO - Created Permission View: can create on DAG Run:conditional_dataset_and_time_based_timetable
[2025-03-25T15:09:14.709+0000] {logging_mixin.py:190} INFO - [2025-03-25T15:09:14.708+0000] {override.py:1912} INFO - Created Permission View: can read on DAG Run:conditional_dataset_and_time_based_timetable
[2025-03-25T15:09:14.722+0000] {logging_mixin.py:190} INFO - [2025-03-25T15:09:14.722+0000] {override.py:1912} INFO - Created Permission View: can delete on DAG Run:conditional_dataset_and_time_based_timetable
[2025-03-25T15:09:14.736+0000] {logging_mixin.py:190} INFO - [2025-03-25T15:09:14.736+0000] {override.py:1912} INFO - Created Permission View: menu access on DAG Run:conditional_dataset_and_time_based_timetable
[2025-03-25T15:09:14.777+0000] {logging_mixin.py:190} INFO - [2025-03-25T15:09:14.776+0000] {override.py:1912} INFO - Created Permission View: can read on DAG:dataset_consumes_1
[2025-03-25T15:09:14.791+0000] {logging_mixin.py:190} INFO - [2025-03-25T15:09:14.790+0000] {override.py:1912} INFO - Created Permission View: can delete on DAG:dataset_consumes_1
[2025-03-25T15:09:14.804+0000] {logging_mixin.py:190} INFO - [2025-03-25T15:09:14.804+0000] {override.py:1912} INFO - Created Permission View: can edit on DAG:dataset_consumes_1
[2025-03-25T15:09:14.818+0000] {logging_mixin.py:190} INFO - [2025-03-25T15:09:14.818+0000] {override.py:1912} INFO - Created Permission View: can create on DAG Run:dataset_consumes_1
[2025-03-25T15:09:14.830+0000] {logging_mixin.py:190} INFO - [2025-03-25T15:09:14.829+0000] {override.py:1912} INFO - Created Permission View: can read on DAG Run:dataset_consumes_1
[2025-03-25T15:09:14.842+0000] {logging_mixin.py:190} INFO - [2025-03-25T15:09:14.841+0000] {override.py:1912} INFO - Created Permission View: can delete on DAG Run:dataset_consumes_1
[2025-03-25T15:09:14.852+0000] {logging_mixin.py:190} INFO - [2025-03-25T15:09:14.851+0000] {override.py:1912} INFO - Created Permission View: menu access on DAG Run:dataset_consumes_1
[2025-03-25T15:09:14.874+0000] {logging_mixin.py:190} INFO - [2025-03-25T15:09:14.873+0000] {override.py:1912} INFO - Created Permission View: can read on DAG:consume_1_or_2_with_dataset_expressions
[2025-03-25T15:09:14.885+0000] {logging_mixin.py:190} INFO - [2025-03-25T15:09:14.885+0000] {override.py:1912} INFO - Created Permission View: can delete on DAG:consume_1_or_2_with_dataset_expressions
[2025-03-25T15:09:14.895+0000] {logging_mixin.py:190} INFO - [2025-03-25T15:09:14.895+0000] {override.py:1912} INFO - Created Permission View: can edit on DAG:consume_1_or_2_with_dataset_expressions
[2025-03-25T15:09:14.909+0000] {logging_mixin.py:190} INFO - [2025-03-25T15:09:14.909+0000] {override.py:1912} INFO - Created Permission View: can create on DAG Run:consume_1_or_2_with_dataset_expressions
[2025-03-25T15:09:14.920+0000] {logging_mixin.py:190} INFO - [2025-03-25T15:09:14.920+0000] {override.py:1912} INFO - Created Permission View: can read on DAG Run:consume_1_or_2_with_dataset_expressions
[2025-03-25T15:09:14.932+0000] {logging_mixin.py:190} INFO - [2025-03-25T15:09:14.932+0000] {override.py:1912} INFO - Created Permission View: can delete on DAG Run:consume_1_or_2_with_dataset_expressions
[2025-03-25T15:09:14.942+0000] {logging_mixin.py:190} INFO - [2025-03-25T15:09:14.942+0000] {override.py:1912} INFO - Created Permission View: menu access on DAG Run:consume_1_or_2_with_dataset_expressions
[2025-03-25T15:09:14.964+0000] {logging_mixin.py:190} INFO - [2025-03-25T15:09:14.963+0000] {override.py:1912} INFO - Created Permission View: can read on DAG:dataset_consumes_unknown_never_scheduled
[2025-03-25T15:09:14.973+0000] {logging_mixin.py:190} INFO - [2025-03-25T15:09:14.972+0000] {override.py:1912} INFO - Created Permission View: can delete on DAG:dataset_consumes_unknown_never_scheduled
[2025-03-25T15:09:14.983+0000] {logging_mixin.py:190} INFO - [2025-03-25T15:09:14.982+0000] {override.py:1912} INFO - Created Permission View: can edit on DAG:dataset_consumes_unknown_never_scheduled
[2025-03-25T15:09:14.995+0000] {logging_mixin.py:190} INFO - [2025-03-25T15:09:14.994+0000] {override.py:1912} INFO - Created Permission View: can create on DAG Run:dataset_consumes_unknown_never_scheduled
[2025-03-25T15:09:15.005+0000] {logging_mixin.py:190} INFO - [2025-03-25T15:09:15.004+0000] {override.py:1912} INFO - Created Permission View: can read on DAG Run:dataset_consumes_unknown_never_scheduled
[2025-03-25T15:09:15.017+0000] {logging_mixin.py:190} INFO - [2025-03-25T15:09:15.017+0000] {override.py:1912} INFO - Created Permission View: can delete on DAG Run:dataset_consumes_unknown_never_scheduled
[2025-03-25T15:09:15.026+0000] {logging_mixin.py:190} INFO - [2025-03-25T15:09:15.026+0000] {override.py:1912} INFO - Created Permission View: menu access on DAG Run:dataset_consumes_unknown_never_scheduled
[2025-03-25T15:09:15.044+0000] {logging_mixin.py:190} INFO - [2025-03-25T15:09:15.044+0000] {override.py:1912} INFO - Created Permission View: can read on DAG:dataset_produces_1
[2025-03-25T15:09:15.054+0000] {logging_mixin.py:190} INFO - [2025-03-25T15:09:15.053+0000] {override.py:1912} INFO - Created Permission View: can delete on DAG:dataset_produces_1
[2025-03-25T15:09:15.063+0000] {logging_mixin.py:190} INFO - [2025-03-25T15:09:15.062+0000] {override.py:1912} INFO - Created Permission View: can edit on DAG:dataset_produces_1
[2025-03-25T15:09:15.074+0000] {logging_mixin.py:190} INFO - [2025-03-25T15:09:15.074+0000] {override.py:1912} INFO - Created Permission View: can create on DAG Run:dataset_produces_1
[2025-03-25T15:09:15.084+0000] {logging_mixin.py:190} INFO - [2025-03-25T15:09:15.084+0000] {override.py:1912} INFO - Created Permission View: can read on DAG Run:dataset_produces_1
[2025-03-25T15:09:15.095+0000] {logging_mixin.py:190} INFO - [2025-03-25T15:09:15.095+0000] {override.py:1912} INFO - Created Permission View: can delete on DAG Run:dataset_produces_1
[2025-03-25T15:09:15.105+0000] {logging_mixin.py:190} INFO - [2025-03-25T15:09:15.105+0000] {override.py:1912} INFO - Created Permission View: menu access on DAG Run:dataset_produces_1
[2025-03-25T15:09:15.129+0000] {logging_mixin.py:190} INFO - [2025-03-25T15:09:15.128+0000] {override.py:1912} INFO - Created Permission View: can read on DAG:dataset_consumes_1_and_2
[2025-03-25T15:09:15.140+0000] {logging_mixin.py:190} INFO - [2025-03-25T15:09:15.139+0000] {override.py:1912} INFO - Created Permission View: can delete on DAG:dataset_consumes_1_and_2
[2025-03-25T15:09:15.152+0000] {logging_mixin.py:190} INFO - [2025-03-25T15:09:15.151+0000] {override.py:1912} INFO - Created Permission View: can edit on DAG:dataset_consumes_1_and_2
[2025-03-25T15:09:15.164+0000] {logging_mixin.py:190} INFO - [2025-03-25T15:09:15.164+0000] {override.py:1912} INFO - Created Permission View: can create on DAG Run:dataset_consumes_1_and_2
[2025-03-25T15:09:15.174+0000] {logging_mixin.py:190} INFO - [2025-03-25T15:09:15.174+0000] {override.py:1912} INFO - Created Permission View: can read on DAG Run:dataset_consumes_1_and_2
[2025-03-25T15:09:15.184+0000] {logging_mixin.py:190} INFO - [2025-03-25T15:09:15.183+0000] {override.py:1912} INFO - Created Permission View: can delete on DAG Run:dataset_consumes_1_and_2
[2025-03-25T15:09:15.194+0000] {logging_mixin.py:190} INFO - [2025-03-25T15:09:15.193+0000] {override.py:1912} INFO - Created Permission View: menu access on DAG Run:dataset_consumes_1_and_2
[2025-03-25T15:09:15.213+0000] {logging_mixin.py:190} INFO - [2025-03-25T15:09:15.212+0000] {override.py:1912} INFO - Created Permission View: can read on DAG:consume_1_and_2_with_dataset_expressions
[2025-03-25T15:09:15.223+0000] {logging_mixin.py:190} INFO - [2025-03-25T15:09:15.223+0000] {override.py:1912} INFO - Created Permission View: can delete on DAG:consume_1_and_2_with_dataset_expressions
[2025-03-25T15:09:15.233+0000] {logging_mixin.py:190} INFO - [2025-03-25T15:09:15.233+0000] {override.py:1912} INFO - Created Permission View: can edit on DAG:consume_1_and_2_with_dataset_expressions
[2025-03-25T15:09:15.245+0000] {logging_mixin.py:190} INFO - [2025-03-25T15:09:15.244+0000] {override.py:1912} INFO - Created Permission View: can create on DAG Run:consume_1_and_2_with_dataset_expressions
[2025-03-25T15:09:15.254+0000] {logging_mixin.py:190} INFO - [2025-03-25T15:09:15.253+0000] {override.py:1912} INFO - Created Permission View: can read on DAG Run:consume_1_and_2_with_dataset_expressions
[2025-03-25T15:09:15.264+0000] {logging_mixin.py:190} INFO - [2025-03-25T15:09:15.264+0000] {override.py:1912} INFO - Created Permission View: can delete on DAG Run:consume_1_and_2_with_dataset_expressions
[2025-03-25T15:09:15.274+0000] {logging_mixin.py:190} INFO - [2025-03-25T15:09:15.273+0000] {override.py:1912} INFO - Created Permission View: menu access on DAG Run:consume_1_and_2_with_dataset_expressions
[2025-03-25T15:09:15.293+0000] {logging_mixin.py:190} INFO - [2025-03-25T15:09:15.292+0000] {override.py:1912} INFO - Created Permission View: can read on DAG:consume_1_or_both_2_and_3_with_dataset_expressions
[2025-03-25T15:09:15.303+0000] {logging_mixin.py:190} INFO - [2025-03-25T15:09:15.303+0000] {override.py:1912} INFO - Created Permission View: can delete on DAG:consume_1_or_both_2_and_3_with_dataset_expressions
[2025-03-25T15:09:15.312+0000] {logging_mixin.py:190} INFO - [2025-03-25T15:09:15.312+0000] {override.py:1912} INFO - Created Permission View: can edit on DAG:consume_1_or_both_2_and_3_with_dataset_expressions
[2025-03-25T15:09:15.325+0000] {logging_mixin.py:190} INFO - [2025-03-25T15:09:15.324+0000] {override.py:1912} INFO - Created Permission View: can create on DAG Run:consume_1_or_both_2_and_3_with_dataset_expressions
[2025-03-25T15:09:15.336+0000] {logging_mixin.py:190} INFO - [2025-03-25T15:09:15.336+0000] {override.py:1912} INFO - Created Permission View: can read on DAG Run:consume_1_or_both_2_and_3_with_dataset_expressions
[2025-03-25T15:09:15.347+0000] {logging_mixin.py:190} INFO - [2025-03-25T15:09:15.347+0000] {override.py:1912} INFO - Created Permission View: can delete on DAG Run:consume_1_or_both_2_and_3_with_dataset_expressions
[2025-03-25T15:09:15.357+0000] {logging_mixin.py:190} INFO - [2025-03-25T15:09:15.357+0000] {override.py:1912} INFO - Created Permission View: menu access on DAG Run:consume_1_or_both_2_and_3_with_dataset_expressions
[2025-03-25T15:09:15.378+0000] {logging_mixin.py:190} INFO - [2025-03-25T15:09:15.377+0000] {override.py:1912} INFO - Created Permission View: can read on DAG:dataset_consumes_1_never_scheduled
[2025-03-25T15:09:15.388+0000] {logging_mixin.py:190} INFO - [2025-03-25T15:09:15.387+0000] {override.py:1912} INFO - Created Permission View: can delete on DAG:dataset_consumes_1_never_scheduled
[2025-03-25T15:09:15.399+0000] {logging_mixin.py:190} INFO - [2025-03-25T15:09:15.399+0000] {override.py:1912} INFO - Created Permission View: can edit on DAG:dataset_consumes_1_never_scheduled
[2025-03-25T15:09:15.417+0000] {logging_mixin.py:190} INFO - [2025-03-25T15:09:15.416+0000] {override.py:1912} INFO - Created Permission View: can create on DAG Run:dataset_consumes_1_never_scheduled
[2025-03-25T15:09:15.427+0000] {logging_mixin.py:190} INFO - [2025-03-25T15:09:15.426+0000] {override.py:1912} INFO - Created Permission View: can read on DAG Run:dataset_consumes_1_never_scheduled
[2025-03-25T15:09:15.437+0000] {logging_mixin.py:190} INFO - [2025-03-25T15:09:15.437+0000] {override.py:1912} INFO - Created Permission View: can delete on DAG Run:dataset_consumes_1_never_scheduled
[2025-03-25T15:09:15.447+0000] {logging_mixin.py:190} INFO - [2025-03-25T15:09:15.447+0000] {override.py:1912} INFO - Created Permission View: menu access on DAG Run:dataset_consumes_1_never_scheduled
[2025-03-25T15:09:15.467+0000] {logging_mixin.py:190} INFO - [2025-03-25T15:09:15.467+0000] {override.py:1912} INFO - Created Permission View: can read on DAG:dataset_produces_2
[2025-03-25T15:09:15.477+0000] {logging_mixin.py:190} INFO - [2025-03-25T15:09:15.476+0000] {override.py:1912} INFO - Created Permission View: can delete on DAG:dataset_produces_2
[2025-03-25T15:09:15.486+0000] {logging_mixin.py:190} INFO - [2025-03-25T15:09:15.486+0000] {override.py:1912} INFO - Created Permission View: can edit on DAG:dataset_produces_2
[2025-03-25T15:09:15.501+0000] {logging_mixin.py:190} INFO - [2025-03-25T15:09:15.500+0000] {override.py:1912} INFO - Created Permission View: can create on DAG Run:dataset_produces_2
[2025-03-25T15:09:15.513+0000] {logging_mixin.py:190} INFO - [2025-03-25T15:09:15.513+0000] {override.py:1912} INFO - Created Permission View: can read on DAG Run:dataset_produces_2
[2025-03-25T15:09:15.524+0000] {logging_mixin.py:190} INFO - [2025-03-25T15:09:15.524+0000] {override.py:1912} INFO - Created Permission View: can delete on DAG Run:dataset_produces_2
[2025-03-25T15:09:15.537+0000] {logging_mixin.py:190} INFO - [2025-03-25T15:09:15.537+0000] {override.py:1912} INFO - Created Permission View: menu access on DAG Run:dataset_produces_2
[2025-03-25T15:09:15.538+0000] {logging_mixin.py:190} INFO - [2025-03-25T15:09:15.537+0000] {dag.py:3239} INFO - Sync 10 DAGs
[2025-03-25T15:09:15.557+0000] {logging_mixin.py:190} INFO - [2025-03-25T15:09:15.556+0000] {dag.py:3262} INFO - Creating ORM DAG for conditional_dataset_and_time_based_timetable
[2025-03-25T15:09:15.558+0000] {logging_mixin.py:190} INFO - [2025-03-25T15:09:15.558+0000] {dag.py:3262} INFO - Creating ORM DAG for consume_1_or_2_with_dataset_expressions
[2025-03-25T15:09:15.559+0000] {logging_mixin.py:190} INFO - [2025-03-25T15:09:15.558+0000] {dag.py:3262} INFO - Creating ORM DAG for dataset_consumes_unknown_never_scheduled
[2025-03-25T15:09:15.559+0000] {logging_mixin.py:190} INFO - [2025-03-25T15:09:15.559+0000] {dag.py:3262} INFO - Creating ORM DAG for dataset_consumes_1_and_2
[2025-03-25T15:09:15.560+0000] {logging_mixin.py:190} INFO - [2025-03-25T15:09:15.560+0000] {dag.py:3262} INFO - Creating ORM DAG for consume_1_and_2_with_dataset_expressions
[2025-03-25T15:09:15.562+0000] {logging_mixin.py:190} INFO - [2025-03-25T15:09:15.561+0000] {dag.py:3262} INFO - Creating ORM DAG for consume_1_or_both_2_and_3_with_dataset_expressions
[2025-03-25T15:09:15.563+0000] {logging_mixin.py:190} INFO - [2025-03-25T15:09:15.563+0000] {dag.py:3262} INFO - Creating ORM DAG for dataset_consumes_1_never_scheduled
[2025-03-25T15:09:15.564+0000] {logging_mixin.py:190} INFO - [2025-03-25T15:09:15.564+0000] {dag.py:3262} INFO - Creating ORM DAG for dataset_produces_1
[2025-03-25T15:09:15.565+0000] {logging_mixin.py:190} INFO - [2025-03-25T15:09:15.565+0000] {dag.py:3262} INFO - Creating ORM DAG for dataset_produces_2
[2025-03-25T15:09:15.566+0000] {logging_mixin.py:190} INFO - [2025-03-25T15:09:15.566+0000] {dag.py:3262} INFO - Creating ORM DAG for dataset_consumes_1
[2025-03-25T15:09:15.583+0000] {logging_mixin.py:190} INFO - [2025-03-25T15:09:15.583+0000] {dag.py:4180} INFO - Setting next_dagrun for conditional_dataset_and_time_based_timetable to 2025-03-19 01:00:00+00:00, run_after=2025-03-19 01:00:00+00:00
[2025-03-25T15:09:15.585+0000] {logging_mixin.py:190} INFO - [2025-03-25T15:09:15.584+0000] {dag.py:4180} INFO - Setting next_dagrun for consume_1_and_2_with_dataset_expressions to None, run_after=None
[2025-03-25T15:09:15.586+0000] {logging_mixin.py:190} INFO - [2025-03-25T15:09:15.585+0000] {dag.py:4180} INFO - Setting next_dagrun for consume_1_or_2_with_dataset_expressions to None, run_after=None
[2025-03-25T15:09:15.586+0000] {logging_mixin.py:190} INFO - [2025-03-25T15:09:15.586+0000] {dag.py:4180} INFO - Setting next_dagrun for consume_1_or_both_2_and_3_with_dataset_expressions to None, run_after=None
[2025-03-25T15:09:15.586+0000] {logging_mixin.py:190} INFO - [2025-03-25T15:09:15.586+0000] {dag.py:4180} INFO - Setting next_dagrun for dataset_consumes_1 to None, run_after=None
[2025-03-25T15:09:15.587+0000] {logging_mixin.py:190} INFO - [2025-03-25T15:09:15.587+0000] {dag.py:4180} INFO - Setting next_dagrun for dataset_consumes_1_and_2 to None, run_after=None
[2025-03-25T15:09:15.588+0000] {logging_mixin.py:190} INFO - [2025-03-25T15:09:15.588+0000] {dag.py:4180} INFO - Setting next_dagrun for dataset_consumes_1_never_scheduled to None, run_after=None
[2025-03-25T15:09:15.589+0000] {logging_mixin.py:190} INFO - [2025-03-25T15:09:15.588+0000] {dag.py:4180} INFO - Setting next_dagrun for dataset_consumes_unknown_never_scheduled to None, run_after=None
[2025-03-25T15:09:15.591+0000] {logging_mixin.py:190} INFO - [2025-03-25T15:09:15.591+0000] {dag.py:4180} INFO - Setting next_dagrun for dataset_produces_1 to 2025-03-24 00:00:00+00:00, run_after=2025-03-25 00:00:00+00:00
[2025-03-25T15:09:15.592+0000] {logging_mixin.py:190} INFO - [2025-03-25T15:09:15.592+0000] {dag.py:4180} INFO - Setting next_dagrun for dataset_produces_2 to None, run_after=None
[2025-03-25T15:09:15.656+0000] {processor.py:208} INFO - Processing /home/airflow/.local/lib/python3.12/site-packages/airflow/example_dags/example_datasets.py took 2.167 seconds
[2025-03-25T15:09:45.756+0000] {processor.py:186} INFO - Started process (PID=171) to work on /home/airflow/.local/lib/python3.12/site-packages/airflow/example_dags/example_datasets.py
[2025-03-25T15:09:45.757+0000] {processor.py:914} INFO - Processing file /home/airflow/.local/lib/python3.12/site-packages/airflow/example_dags/example_datasets.py for tasks to queue
[2025-03-25T15:09:45.760+0000] {logging_mixin.py:190} INFO - [2025-03-25T15:09:45.759+0000] {dagbag.py:588} INFO - Filling up the DagBag from /home/airflow/.local/lib/python3.12/site-packages/airflow/example_dags/example_datasets.py
[2025-03-25T15:09:46.723+0000] {processor.py:925} INFO - DAG(s) 'dataset_consumes_1_and_2', 'dataset_consumes_1', 'dataset_consumes_1_never_scheduled', 'dataset_consumes_unknown_never_scheduled', 'dataset_produces_1', 'dataset_produces_2', 'consume_1_or_both_2_and_3_with_dataset_expressions', 'consume_1_and_2_with_dataset_expressions', 'conditional_dataset_and_time_based_timetable', 'consume_1_or_2_with_dataset_expressions' retrieved from /home/airflow/.local/lib/python3.12/site-packages/airflow/example_dags/example_datasets.py
[2025-03-25T15:09:46.787+0000] {logging_mixin.py:190} INFO - [2025-03-25T15:09:46.786+0000] {dag.py:3239} INFO - Sync 10 DAGs
[2025-03-25T15:09:46.828+0000] {logging_mixin.py:190} INFO - [2025-03-25T15:09:46.827+0000] {dag.py:4180} INFO - Setting next_dagrun for conditional_dataset_and_time_based_timetable to 2025-03-19 01:00:00+00:00, run_after=2025-03-19 01:00:00+00:00
[2025-03-25T15:09:46.834+0000] {logging_mixin.py:190} INFO - [2025-03-25T15:09:46.833+0000] {dag.py:4180} INFO - Setting next_dagrun for consume_1_and_2_with_dataset_expressions to None, run_after=None
[2025-03-25T15:09:46.836+0000] {logging_mixin.py:190} INFO - [2025-03-25T15:09:46.836+0000] {dag.py:4180} INFO - Setting next_dagrun for consume_1_or_2_with_dataset_expressions to None, run_after=None
[2025-03-25T15:09:46.838+0000] {logging_mixin.py:190} INFO - [2025-03-25T15:09:46.838+0000] {dag.py:4180} INFO - Setting next_dagrun for consume_1_or_both_2_and_3_with_dataset_expressions to None, run_after=None
[2025-03-25T15:09:46.840+0000] {logging_mixin.py:190} INFO - [2025-03-25T15:09:46.840+0000] {dag.py:4180} INFO - Setting next_dagrun for dataset_consumes_1 to None, run_after=None
[2025-03-25T15:09:46.842+0000] {logging_mixin.py:190} INFO - [2025-03-25T15:09:46.842+0000] {dag.py:4180} INFO - Setting next_dagrun for dataset_consumes_1_and_2 to None, run_after=None
[2025-03-25T15:09:46.844+0000] {logging_mixin.py:190} INFO - [2025-03-25T15:09:46.844+0000] {dag.py:4180} INFO - Setting next_dagrun for dataset_consumes_1_never_scheduled to None, run_after=None
[2025-03-25T15:09:46.845+0000] {logging_mixin.py:190} INFO - [2025-03-25T15:09:46.845+0000] {dag.py:4180} INFO - Setting next_dagrun for dataset_consumes_unknown_never_scheduled to None, run_after=None
[2025-03-25T15:09:46.849+0000] {logging_mixin.py:190} INFO - [2025-03-25T15:09:46.848+0000] {dag.py:4180} INFO - Setting next_dagrun for dataset_produces_1 to 2025-03-24 00:00:00+00:00, run_after=2025-03-25 00:00:00+00:00
[2025-03-25T15:09:46.851+0000] {logging_mixin.py:190} INFO - [2025-03-25T15:09:46.851+0000] {dag.py:4180} INFO - Setting next_dagrun for dataset_produces_2 to None, run_after=None
[2025-03-25T15:09:46.898+0000] {processor.py:208} INFO - Processing /home/airflow/.local/lib/python3.12/site-packages/airflow/example_dags/example_datasets.py took 1.149 seconds
[2025-03-25T15:10:17.213+0000] {processor.py:186} INFO - Started process (PID=240) to work on /home/airflow/.local/lib/python3.12/site-packages/airflow/example_dags/example_datasets.py
[2025-03-25T15:10:17.215+0000] {processor.py:914} INFO - Processing file /home/airflow/.local/lib/python3.12/site-packages/airflow/example_dags/example_datasets.py for tasks to queue
[2025-03-25T15:10:17.220+0000] {logging_mixin.py:190} INFO - [2025-03-25T15:10:17.219+0000] {dagbag.py:588} INFO - Filling up the DagBag from /home/airflow/.local/lib/python3.12/site-packages/airflow/example_dags/example_datasets.py
[2025-03-25T15:10:18.771+0000] {processor.py:925} INFO - DAG(s) 'dataset_consumes_1_never_scheduled', 'consume_1_and_2_with_dataset_expressions', 'dataset_produces_1', 'consume_1_or_both_2_and_3_with_dataset_expressions', 'conditional_dataset_and_time_based_timetable', 'dataset_consumes_unknown_never_scheduled', 'dataset_consumes_1', 'dataset_consumes_1_and_2', 'consume_1_or_2_with_dataset_expressions', 'dataset_produces_2' retrieved from /home/airflow/.local/lib/python3.12/site-packages/airflow/example_dags/example_datasets.py
[2025-03-25T15:10:18.833+0000] {logging_mixin.py:190} INFO - [2025-03-25T15:10:18.833+0000] {dag.py:3239} INFO - Sync 10 DAGs
[2025-03-25T15:10:18.870+0000] {logging_mixin.py:190} INFO - [2025-03-25T15:10:18.869+0000] {dag.py:4180} INFO - Setting next_dagrun for conditional_dataset_and_time_based_timetable to 2025-03-19 01:00:00+00:00, run_after=2025-03-19 01:00:00+00:00
[2025-03-25T15:10:18.875+0000] {logging_mixin.py:190} INFO - [2025-03-25T15:10:18.874+0000] {dag.py:4180} INFO - Setting next_dagrun for consume_1_and_2_with_dataset_expressions to None, run_after=None
[2025-03-25T15:10:18.879+0000] {logging_mixin.py:190} INFO - [2025-03-25T15:10:18.879+0000] {dag.py:4180} INFO - Setting next_dagrun for consume_1_or_2_with_dataset_expressions to None, run_after=None
[2025-03-25T15:10:18.880+0000] {logging_mixin.py:190} INFO - [2025-03-25T15:10:18.880+0000] {dag.py:4180} INFO - Setting next_dagrun for consume_1_or_both_2_and_3_with_dataset_expressions to None, run_after=None
[2025-03-25T15:10:18.882+0000] {logging_mixin.py:190} INFO - [2025-03-25T15:10:18.882+0000] {dag.py:4180} INFO - Setting next_dagrun for dataset_consumes_1 to None, run_after=None
[2025-03-25T15:10:18.884+0000] {logging_mixin.py:190} INFO - [2025-03-25T15:10:18.883+0000] {dag.py:4180} INFO - Setting next_dagrun for dataset_consumes_1_and_2 to None, run_after=None
[2025-03-25T15:10:18.885+0000] {logging_mixin.py:190} INFO - [2025-03-25T15:10:18.885+0000] {dag.py:4180} INFO - Setting next_dagrun for dataset_consumes_1_never_scheduled to None, run_after=None
[2025-03-25T15:10:18.887+0000] {logging_mixin.py:190} INFO - [2025-03-25T15:10:18.886+0000] {dag.py:4180} INFO - Setting next_dagrun for dataset_consumes_unknown_never_scheduled to None, run_after=None
[2025-03-25T15:10:18.890+0000] {logging_mixin.py:190} INFO - [2025-03-25T15:10:18.890+0000] {dag.py:4180} INFO - Setting next_dagrun for dataset_produces_1 to 2025-03-24 00:00:00+00:00, run_after=2025-03-25 00:00:00+00:00
[2025-03-25T15:10:18.892+0000] {logging_mixin.py:190} INFO - [2025-03-25T15:10:18.891+0000] {dag.py:4180} INFO - Setting next_dagrun for dataset_produces_2 to None, run_after=None
[2025-03-25T15:10:18.940+0000] {processor.py:208} INFO - Processing /home/airflow/.local/lib/python3.12/site-packages/airflow/example_dags/example_datasets.py took 1.739 seconds
[2025-03-25T15:10:49.215+0000] {processor.py:186} INFO - Started process (PID=303) to work on /home/airflow/.local/lib/python3.12/site-packages/airflow/example_dags/example_datasets.py
[2025-03-25T15:10:49.217+0000] {processor.py:914} INFO - Processing file /home/airflow/.local/lib/python3.12/site-packages/airflow/example_dags/example_datasets.py for tasks to queue
[2025-03-25T15:10:49.219+0000] {logging_mixin.py:190} INFO - [2025-03-25T15:10:49.219+0000] {dagbag.py:588} INFO - Filling up the DagBag from /home/airflow/.local/lib/python3.12/site-packages/airflow/example_dags/example_datasets.py
[2025-03-25T15:10:50.050+0000] {processor.py:925} INFO - DAG(s) 'dataset_consumes_1_and_2', 'consume_1_or_2_with_dataset_expressions', 'dataset_consumes_1_never_scheduled', 'dataset_consumes_1', 'consume_1_and_2_with_dataset_expressions', 'dataset_produces_2', 'dataset_consumes_unknown_never_scheduled', 'dataset_produces_1', 'consume_1_or_both_2_and_3_with_dataset_expressions', 'conditional_dataset_and_time_based_timetable' retrieved from /home/airflow/.local/lib/python3.12/site-packages/airflow/example_dags/example_datasets.py
[2025-03-25T15:10:50.100+0000] {logging_mixin.py:190} INFO - [2025-03-25T15:10:50.100+0000] {dag.py:3239} INFO - Sync 10 DAGs
[2025-03-25T15:10:50.137+0000] {logging_mixin.py:190} INFO - [2025-03-25T15:10:50.136+0000] {dag.py:4180} INFO - Setting next_dagrun for conditional_dataset_and_time_based_timetable to 2025-03-19 01:00:00+00:00, run_after=2025-03-19 01:00:00+00:00
[2025-03-25T15:10:50.141+0000] {logging_mixin.py:190} INFO - [2025-03-25T15:10:50.141+0000] {dag.py:4180} INFO - Setting next_dagrun for consume_1_and_2_with_dataset_expressions to None, run_after=None
[2025-03-25T15:10:50.142+0000] {logging_mixin.py:190} INFO - [2025-03-25T15:10:50.142+0000] {dag.py:4180} INFO - Setting next_dagrun for consume_1_or_2_with_dataset_expressions to None, run_after=None
[2025-03-25T15:10:50.144+0000] {logging_mixin.py:190} INFO - [2025-03-25T15:10:50.143+0000] {dag.py:4180} INFO - Setting next_dagrun for consume_1_or_both_2_and_3_with_dataset_expressions to None, run_after=None
[2025-03-25T15:10:50.145+0000] {logging_mixin.py:190} INFO - [2025-03-25T15:10:50.145+0000] {dag.py:4180} INFO - Setting next_dagrun for dataset_consumes_1 to None, run_after=None
[2025-03-25T15:10:50.146+0000] {logging_mixin.py:190} INFO - [2025-03-25T15:10:50.146+0000] {dag.py:4180} INFO - Setting next_dagrun for dataset_consumes_1_and_2 to None, run_after=None
[2025-03-25T15:10:50.147+0000] {logging_mixin.py:190} INFO - [2025-03-25T15:10:50.147+0000] {dag.py:4180} INFO - Setting next_dagrun for dataset_consumes_1_never_scheduled to None, run_after=None
[2025-03-25T15:10:50.148+0000] {logging_mixin.py:190} INFO - [2025-03-25T15:10:50.148+0000] {dag.py:4180} INFO - Setting next_dagrun for dataset_consumes_unknown_never_scheduled to None, run_after=None
[2025-03-25T15:10:50.151+0000] {logging_mixin.py:190} INFO - [2025-03-25T15:10:50.151+0000] {dag.py:4180} INFO - Setting next_dagrun for dataset_produces_1 to 2025-03-24 00:00:00+00:00, run_after=2025-03-25 00:00:00+00:00
[2025-03-25T15:10:50.152+0000] {logging_mixin.py:190} INFO - [2025-03-25T15:10:50.152+0000] {dag.py:4180} INFO - Setting next_dagrun for dataset_produces_2 to None, run_after=None
[2025-03-25T15:10:50.189+0000] {processor.py:208} INFO - Processing /home/airflow/.local/lib/python3.12/site-packages/airflow/example_dags/example_datasets.py took 0.980 seconds
[2025-03-25T15:11:20.690+0000] {processor.py:186} INFO - Started process (PID=366) to work on /home/airflow/.local/lib/python3.12/site-packages/airflow/example_dags/example_datasets.py
[2025-03-25T15:11:20.692+0000] {processor.py:914} INFO - Processing file /home/airflow/.local/lib/python3.12/site-packages/airflow/example_dags/example_datasets.py for tasks to queue
[2025-03-25T15:11:20.695+0000] {logging_mixin.py:190} INFO - [2025-03-25T15:11:20.694+0000] {dagbag.py:588} INFO - Filling up the DagBag from /home/airflow/.local/lib/python3.12/site-packages/airflow/example_dags/example_datasets.py
[2025-03-25T15:11:21.531+0000] {processor.py:925} INFO - DAG(s) 'dataset_produces_2', 'dataset_consumes_1', 'dataset_consumes_1_never_scheduled', 'dataset_consumes_unknown_never_scheduled', 'consume_1_and_2_with_dataset_expressions', 'dataset_produces_1', 'conditional_dataset_and_time_based_timetable', 'consume_1_or_both_2_and_3_with_dataset_expressions', 'dataset_consumes_1_and_2', 'consume_1_or_2_with_dataset_expressions' retrieved from /home/airflow/.local/lib/python3.12/site-packages/airflow/example_dags/example_datasets.py
[2025-03-25T15:11:21.589+0000] {logging_mixin.py:190} INFO - [2025-03-25T15:11:21.589+0000] {dag.py:3239} INFO - Sync 10 DAGs
[2025-03-25T15:11:21.631+0000] {logging_mixin.py:190} INFO - [2025-03-25T15:11:21.631+0000] {dag.py:4180} INFO - Setting next_dagrun for conditional_dataset_and_time_based_timetable to 2025-03-19 01:00:00+00:00, run_after=2025-03-19 01:00:00+00:00
[2025-03-25T15:11:21.636+0000] {logging_mixin.py:190} INFO - [2025-03-25T15:11:21.636+0000] {dag.py:4180} INFO - Setting next_dagrun for consume_1_and_2_with_dataset_expressions to None, run_after=None
[2025-03-25T15:11:21.638+0000] {logging_mixin.py:190} INFO - [2025-03-25T15:11:21.638+0000] {dag.py:4180} INFO - Setting next_dagrun for consume_1_or_2_with_dataset_expressions to None, run_after=None
[2025-03-25T15:11:21.639+0000] {logging_mixin.py:190} INFO - [2025-03-25T15:11:21.639+0000] {dag.py:4180} INFO - Setting next_dagrun for consume_1_or_both_2_and_3_with_dataset_expressions to None, run_after=None
[2025-03-25T15:11:21.641+0000] {logging_mixin.py:190} INFO - [2025-03-25T15:11:21.640+0000] {dag.py:4180} INFO - Setting next_dagrun for dataset_consumes_1 to None, run_after=None
[2025-03-25T15:11:21.642+0000] {logging_mixin.py:190} INFO - [2025-03-25T15:11:21.642+0000] {dag.py:4180} INFO - Setting next_dagrun for dataset_consumes_1_and_2 to None, run_after=None
[2025-03-25T15:11:21.643+0000] {logging_mixin.py:190} INFO - [2025-03-25T15:11:21.643+0000] {dag.py:4180} INFO - Setting next_dagrun for dataset_consumes_1_never_scheduled to None, run_after=None
[2025-03-25T15:11:21.644+0000] {logging_mixin.py:190} INFO - [2025-03-25T15:11:21.644+0000] {dag.py:4180} INFO - Setting next_dagrun for dataset_consumes_unknown_never_scheduled to None, run_after=None
[2025-03-25T15:11:21.647+0000] {logging_mixin.py:190} INFO - [2025-03-25T15:11:21.647+0000] {dag.py:4180} INFO - Setting next_dagrun for dataset_produces_1 to 2025-03-24 00:00:00+00:00, run_after=2025-03-25 00:00:00+00:00
[2025-03-25T15:11:21.649+0000] {logging_mixin.py:190} INFO - [2025-03-25T15:11:21.648+0000] {dag.py:4180} INFO - Setting next_dagrun for dataset_produces_2 to None, run_after=None
[2025-03-25T15:11:21.697+0000] {processor.py:208} INFO - Processing /home/airflow/.local/lib/python3.12/site-packages/airflow/example_dags/example_datasets.py took 1.017 seconds
[2025-03-25T15:11:52.020+0000] {processor.py:186} INFO - Started process (PID=429) to work on /home/airflow/.local/lib/python3.12/site-packages/airflow/example_dags/example_datasets.py
[2025-03-25T15:11:52.021+0000] {processor.py:914} INFO - Processing file /home/airflow/.local/lib/python3.12/site-packages/airflow/example_dags/example_datasets.py for tasks to queue
[2025-03-25T15:11:52.023+0000] {logging_mixin.py:190} INFO - [2025-03-25T15:11:52.023+0000] {dagbag.py:588} INFO - Filling up the DagBag from /home/airflow/.local/lib/python3.12/site-packages/airflow/example_dags/example_datasets.py
[2025-03-25T15:11:52.790+0000] {processor.py:925} INFO - DAG(s) 'dataset_consumes_unknown_never_scheduled', 'conditional_dataset_and_time_based_timetable', 'consume_1_and_2_with_dataset_expressions', 'dataset_consumes_1_never_scheduled', 'dataset_consumes_1_and_2', 'consume_1_or_both_2_and_3_with_dataset_expressions', 'consume_1_or_2_with_dataset_expressions', 'dataset_produces_1', 'dataset_consumes_1', 'dataset_produces_2' retrieved from /home/airflow/.local/lib/python3.12/site-packages/airflow/example_dags/example_datasets.py
[2025-03-25T15:11:52.850+0000] {logging_mixin.py:190} INFO - [2025-03-25T15:11:52.850+0000] {dag.py:3239} INFO - Sync 10 DAGs
[2025-03-25T15:11:52.892+0000] {logging_mixin.py:190} INFO - [2025-03-25T15:11:52.891+0000] {dag.py:4180} INFO - Setting next_dagrun for conditional_dataset_and_time_based_timetable to 2025-03-19 01:00:00+00:00, run_after=2025-03-19 01:00:00+00:00
[2025-03-25T15:11:52.897+0000] {logging_mixin.py:190} INFO - [2025-03-25T15:11:52.897+0000] {dag.py:4180} INFO - Setting next_dagrun for consume_1_and_2_with_dataset_expressions to None, run_after=None
[2025-03-25T15:11:52.899+0000] {logging_mixin.py:190} INFO - [2025-03-25T15:11:52.898+0000] {dag.py:4180} INFO - Setting next_dagrun for consume_1_or_2_with_dataset_expressions to None, run_after=None
[2025-03-25T15:11:52.900+0000] {logging_mixin.py:190} INFO - [2025-03-25T15:11:52.900+0000] {dag.py:4180} INFO - Setting next_dagrun for consume_1_or_both_2_and_3_with_dataset_expressions to None, run_after=None
[2025-03-25T15:11:52.902+0000] {logging_mixin.py:190} INFO - [2025-03-25T15:11:52.902+0000] {dag.py:4180} INFO - Setting next_dagrun for dataset_consumes_1 to None, run_after=None
[2025-03-25T15:11:52.904+0000] {logging_mixin.py:190} INFO - [2025-03-25T15:11:52.903+0000] {dag.py:4180} INFO - Setting next_dagrun for dataset_consumes_1_and_2 to None, run_after=None
[2025-03-25T15:11:52.905+0000] {logging_mixin.py:190} INFO - [2025-03-25T15:11:52.905+0000] {dag.py:4180} INFO - Setting next_dagrun for dataset_consumes_1_never_scheduled to None, run_after=None
[2025-03-25T15:11:52.906+0000] {logging_mixin.py:190} INFO - [2025-03-25T15:11:52.906+0000] {dag.py:4180} INFO - Setting next_dagrun for dataset_consumes_unknown_never_scheduled to None, run_after=None
[2025-03-25T15:11:52.909+0000] {logging_mixin.py:190} INFO - [2025-03-25T15:11:52.908+0000] {dag.py:4180} INFO - Setting next_dagrun for dataset_produces_1 to 2025-03-24 00:00:00+00:00, run_after=2025-03-25 00:00:00+00:00
[2025-03-25T15:11:52.910+0000] {logging_mixin.py:190} INFO - [2025-03-25T15:11:52.910+0000] {dag.py:4180} INFO - Setting next_dagrun for dataset_produces_2 to None, run_after=None
[2025-03-25T15:11:52.952+0000] {processor.py:208} INFO - Processing /home/airflow/.local/lib/python3.12/site-packages/airflow/example_dags/example_datasets.py took 0.939 seconds
[2025-03-25T15:12:23.619+0000] {processor.py:186} INFO - Started process (PID=492) to work on /home/airflow/.local/lib/python3.12/site-packages/airflow/example_dags/example_datasets.py
[2025-03-25T15:12:23.620+0000] {processor.py:914} INFO - Processing file /home/airflow/.local/lib/python3.12/site-packages/airflow/example_dags/example_datasets.py for tasks to queue
[2025-03-25T15:12:23.622+0000] {logging_mixin.py:190} INFO - [2025-03-25T15:12:23.622+0000] {dagbag.py:588} INFO - Filling up the DagBag from /home/airflow/.local/lib/python3.12/site-packages/airflow/example_dags/example_datasets.py
[2025-03-25T15:12:24.387+0000] {processor.py:925} INFO - DAG(s) 'consume_1_and_2_with_dataset_expressions', 'dataset_consumes_unknown_never_scheduled', 'dataset_consumes_1', 'dataset_consumes_1_and_2', 'consume_1_or_2_with_dataset_expressions', 'conditional_dataset_and_time_based_timetable', 'dataset_produces_2', 'consume_1_or_both_2_and_3_with_dataset_expressions', 'dataset_produces_1', 'dataset_consumes_1_never_scheduled' retrieved from /home/airflow/.local/lib/python3.12/site-packages/airflow/example_dags/example_datasets.py
[2025-03-25T15:12:24.481+0000] {logging_mixin.py:190} INFO - [2025-03-25T15:12:24.481+0000] {dag.py:3239} INFO - Sync 10 DAGs
[2025-03-25T15:12:24.531+0000] {logging_mixin.py:190} INFO - [2025-03-25T15:12:24.531+0000] {dag.py:4180} INFO - Setting next_dagrun for conditional_dataset_and_time_based_timetable to 2025-03-19 01:00:00+00:00, run_after=2025-03-19 01:00:00+00:00
[2025-03-25T15:12:24.538+0000] {logging_mixin.py:190} INFO - [2025-03-25T15:12:24.537+0000] {dag.py:4180} INFO - Setting next_dagrun for consume_1_and_2_with_dataset_expressions to None, run_after=None
[2025-03-25T15:12:24.540+0000] {logging_mixin.py:190} INFO - [2025-03-25T15:12:24.539+0000] {dag.py:4180} INFO - Setting next_dagrun for consume_1_or_2_with_dataset_expressions to None, run_after=None
[2025-03-25T15:12:24.541+0000] {logging_mixin.py:190} INFO - [2025-03-25T15:12:24.541+0000] {dag.py:4180} INFO - Setting next_dagrun for consume_1_or_both_2_and_3_with_dataset_expressions to None, run_after=None
[2025-03-25T15:12:24.543+0000] {logging_mixin.py:190} INFO - [2025-03-25T15:12:24.543+0000] {dag.py:4180} INFO - Setting next_dagrun for dataset_consumes_1 to None, run_after=None
[2025-03-25T15:12:24.544+0000] {logging_mixin.py:190} INFO - [2025-03-25T15:12:24.544+0000] {dag.py:4180} INFO - Setting next_dagrun for dataset_consumes_1_and_2 to None, run_after=None
[2025-03-25T15:12:24.546+0000] {logging_mixin.py:190} INFO - [2025-03-25T15:12:24.545+0000] {dag.py:4180} INFO - Setting next_dagrun for dataset_consumes_1_never_scheduled to None, run_after=None
[2025-03-25T15:12:24.547+0000] {logging_mixin.py:190} INFO - [2025-03-25T15:12:24.547+0000] {dag.py:4180} INFO - Setting next_dagrun for dataset_consumes_unknown_never_scheduled to None, run_after=None
[2025-03-25T15:12:24.551+0000] {logging_mixin.py:190} INFO - [2025-03-25T15:12:24.551+0000] {dag.py:4180} INFO - Setting next_dagrun for dataset_produces_1 to 2025-03-24 00:00:00+00:00, run_after=2025-03-25 00:00:00+00:00
[2025-03-25T15:12:24.554+0000] {logging_mixin.py:190} INFO - [2025-03-25T15:12:24.553+0000] {dag.py:4180} INFO - Setting next_dagrun for dataset_produces_2 to None, run_after=None
[2025-03-25T15:12:24.598+0000] {processor.py:208} INFO - Processing /home/airflow/.local/lib/python3.12/site-packages/airflow/example_dags/example_datasets.py took 0.986 seconds
[2025-03-25T15:12:54.872+0000] {processor.py:186} INFO - Started process (PID=556) to work on /home/airflow/.local/lib/python3.12/site-packages/airflow/example_dags/example_datasets.py
[2025-03-25T15:12:54.873+0000] {processor.py:914} INFO - Processing file /home/airflow/.local/lib/python3.12/site-packages/airflow/example_dags/example_datasets.py for tasks to queue
[2025-03-25T15:12:54.876+0000] {logging_mixin.py:190} INFO - [2025-03-25T15:12:54.875+0000] {dagbag.py:588} INFO - Filling up the DagBag from /home/airflow/.local/lib/python3.12/site-packages/airflow/example_dags/example_datasets.py
[2025-03-25T15:12:55.572+0000] {processor.py:925} INFO - DAG(s) 'conditional_dataset_and_time_based_timetable', 'dataset_consumes_1_never_scheduled', 'dataset_consumes_1', 'dataset_produces_1', 'consume_1_or_both_2_and_3_with_dataset_expressions', 'consume_1_or_2_with_dataset_expressions', 'dataset_produces_2', 'dataset_consumes_unknown_never_scheduled', 'dataset_consumes_1_and_2', 'consume_1_and_2_with_dataset_expressions' retrieved from /home/airflow/.local/lib/python3.12/site-packages/airflow/example_dags/example_datasets.py
[2025-03-25T15:12:55.627+0000] {logging_mixin.py:190} INFO - [2025-03-25T15:12:55.627+0000] {dag.py:3239} INFO - Sync 10 DAGs
[2025-03-25T15:12:55.658+0000] {logging_mixin.py:190} INFO - [2025-03-25T15:12:55.658+0000] {dag.py:4180} INFO - Setting next_dagrun for conditional_dataset_and_time_based_timetable to 2025-03-19 01:00:00+00:00, run_after=2025-03-19 01:00:00+00:00
[2025-03-25T15:12:55.662+0000] {logging_mixin.py:190} INFO - [2025-03-25T15:12:55.661+0000] {dag.py:4180} INFO - Setting next_dagrun for consume_1_and_2_with_dataset_expressions to None, run_after=None
[2025-03-25T15:12:55.663+0000] {logging_mixin.py:190} INFO - [2025-03-25T15:12:55.663+0000] {dag.py:4180} INFO - Setting next_dagrun for consume_1_or_2_with_dataset_expressions to None, run_after=None
[2025-03-25T15:12:55.665+0000] {logging_mixin.py:190} INFO - [2025-03-25T15:12:55.664+0000] {dag.py:4180} INFO - Setting next_dagrun for consume_1_or_both_2_and_3_with_dataset_expressions to None, run_after=None
[2025-03-25T15:12:55.667+0000] {logging_mixin.py:190} INFO - [2025-03-25T15:12:55.667+0000] {dag.py:4180} INFO - Setting next_dagrun for dataset_consumes_1 to None, run_after=None
[2025-03-25T15:12:55.669+0000] {logging_mixin.py:190} INFO - [2025-03-25T15:12:55.668+0000] {dag.py:4180} INFO - Setting next_dagrun for dataset_consumes_1_and_2 to None, run_after=None
[2025-03-25T15:12:55.670+0000] {logging_mixin.py:190} INFO - [2025-03-25T15:12:55.670+0000] {dag.py:4180} INFO - Setting next_dagrun for dataset_consumes_1_never_scheduled to None, run_after=None
[2025-03-25T15:12:55.671+0000] {logging_mixin.py:190} INFO - [2025-03-25T15:12:55.671+0000] {dag.py:4180} INFO - Setting next_dagrun for dataset_consumes_unknown_never_scheduled to None, run_after=None
[2025-03-25T15:12:55.674+0000] {logging_mixin.py:190} INFO - [2025-03-25T15:12:55.674+0000] {dag.py:4180} INFO - Setting next_dagrun for dataset_produces_1 to 2025-03-24 00:00:00+00:00, run_after=2025-03-25 00:00:00+00:00
[2025-03-25T15:12:55.675+0000] {logging_mixin.py:190} INFO - [2025-03-25T15:12:55.675+0000] {dag.py:4180} INFO - Setting next_dagrun for dataset_produces_2 to None, run_after=None
[2025-03-25T15:12:55.716+0000] {processor.py:208} INFO - Processing /home/airflow/.local/lib/python3.12/site-packages/airflow/example_dags/example_datasets.py took 0.851 seconds
[2025-03-25T15:13:25.983+0000] {processor.py:186} INFO - Started process (PID=618) to work on /home/airflow/.local/lib/python3.12/site-packages/airflow/example_dags/example_datasets.py
[2025-03-25T15:13:26.018+0000] {processor.py:914} INFO - Processing file /home/airflow/.local/lib/python3.12/site-packages/airflow/example_dags/example_datasets.py for tasks to queue
[2025-03-25T15:13:26.024+0000] {logging_mixin.py:190} INFO - [2025-03-25T15:13:26.023+0000] {dagbag.py:588} INFO - Filling up the DagBag from /home/airflow/.local/lib/python3.12/site-packages/airflow/example_dags/example_datasets.py
[2025-03-25T15:13:27.623+0000] {processor.py:925} INFO - DAG(s) 'dataset_produces_1', 'dataset_consumes_1_never_scheduled', 'consume_1_and_2_with_dataset_expressions', 'dataset_consumes_1', 'dataset_consumes_1_and_2', 'conditional_dataset_and_time_based_timetable', 'dataset_consumes_unknown_never_scheduled', 'dataset_produces_2', 'consume_1_or_2_with_dataset_expressions', 'consume_1_or_both_2_and_3_with_dataset_expressions' retrieved from /home/airflow/.local/lib/python3.12/site-packages/airflow/example_dags/example_datasets.py
[2025-03-25T15:13:27.698+0000] {logging_mixin.py:190} INFO - [2025-03-25T15:13:27.697+0000] {dag.py:3239} INFO - Sync 10 DAGs
[2025-03-25T15:13:27.737+0000] {logging_mixin.py:190} INFO - [2025-03-25T15:13:27.736+0000] {dag.py:4180} INFO - Setting next_dagrun for conditional_dataset_and_time_based_timetable to 2025-03-19 01:00:00+00:00, run_after=2025-03-19 01:00:00+00:00
[2025-03-25T15:13:27.742+0000] {logging_mixin.py:190} INFO - [2025-03-25T15:13:27.741+0000] {dag.py:4180} INFO - Setting next_dagrun for consume_1_and_2_with_dataset_expressions to None, run_after=None
[2025-03-25T15:13:27.743+0000] {logging_mixin.py:190} INFO - [2025-03-25T15:13:27.743+0000] {dag.py:4180} INFO - Setting next_dagrun for consume_1_or_2_with_dataset_expressions to None, run_after=None
[2025-03-25T15:13:27.745+0000] {logging_mixin.py:190} INFO - [2025-03-25T15:13:27.745+0000] {dag.py:4180} INFO - Setting next_dagrun for consume_1_or_both_2_and_3_with_dataset_expressions to None, run_after=None
[2025-03-25T15:13:27.748+0000] {logging_mixin.py:190} INFO - [2025-03-25T15:13:27.747+0000] {dag.py:4180} INFO - Setting next_dagrun for dataset_consumes_1 to None, run_after=None
[2025-03-25T15:13:27.749+0000] {logging_mixin.py:190} INFO - [2025-03-25T15:13:27.749+0000] {dag.py:4180} INFO - Setting next_dagrun for dataset_consumes_1_and_2 to None, run_after=None
[2025-03-25T15:13:27.751+0000] {logging_mixin.py:190} INFO - [2025-03-25T15:13:27.751+0000] {dag.py:4180} INFO - Setting next_dagrun for dataset_consumes_1_never_scheduled to None, run_after=None
[2025-03-25T15:13:27.752+0000] {logging_mixin.py:190} INFO - [2025-03-25T15:13:27.752+0000] {dag.py:4180} INFO - Setting next_dagrun for dataset_consumes_unknown_never_scheduled to None, run_after=None
[2025-03-25T15:13:27.755+0000] {logging_mixin.py:190} INFO - [2025-03-25T15:13:27.755+0000] {dag.py:4180} INFO - Setting next_dagrun for dataset_produces_1 to 2025-03-24 00:00:00+00:00, run_after=2025-03-25 00:00:00+00:00
[2025-03-25T15:13:27.757+0000] {logging_mixin.py:190} INFO - [2025-03-25T15:13:27.757+0000] {dag.py:4180} INFO - Setting next_dagrun for dataset_produces_2 to None, run_after=None
[2025-03-25T15:13:27.809+0000] {processor.py:208} INFO - Processing /home/airflow/.local/lib/python3.12/site-packages/airflow/example_dags/example_datasets.py took 1.863 seconds
[2025-03-25T15:15:10.608+0000] {processor.py:186} INFO - Started process (PID=101) to work on /home/airflow/.local/lib/python3.12/site-packages/airflow/example_dags/example_datasets.py
[2025-03-25T15:15:10.611+0000] {processor.py:914} INFO - Processing file /home/airflow/.local/lib/python3.12/site-packages/airflow/example_dags/example_datasets.py for tasks to queue
[2025-03-25T15:15:10.614+0000] {logging_mixin.py:190} INFO - [2025-03-25T15:15:10.614+0000] {dagbag.py:588} INFO - Filling up the DagBag from /home/airflow/.local/lib/python3.12/site-packages/airflow/example_dags/example_datasets.py
[2025-03-25T15:15:12.447+0000] {processor.py:925} INFO - DAG(s) 'dataset_consumes_unknown_never_scheduled', 'consume_1_or_2_with_dataset_expressions', 'consume_1_and_2_with_dataset_expressions', 'conditional_dataset_and_time_based_timetable', 'consume_1_or_both_2_and_3_with_dataset_expressions', 'dataset_produces_2', 'dataset_consumes_1_and_2', 'dataset_consumes_1', 'dataset_produces_1', 'dataset_consumes_1_never_scheduled' retrieved from /home/airflow/.local/lib/python3.12/site-packages/airflow/example_dags/example_datasets.py
[2025-03-25T15:15:12.544+0000] {logging_mixin.py:190} INFO - [2025-03-25T15:15:12.544+0000] {dag.py:3239} INFO - Sync 10 DAGs
[2025-03-25T15:15:12.613+0000] {logging_mixin.py:190} INFO - [2025-03-25T15:15:12.612+0000] {dag.py:4180} INFO - Setting next_dagrun for conditional_dataset_and_time_based_timetable to 2025-03-19 01:00:00+00:00, run_after=2025-03-19 01:00:00+00:00
[2025-03-25T15:15:12.620+0000] {logging_mixin.py:190} INFO - [2025-03-25T15:15:12.620+0000] {dag.py:4180} INFO - Setting next_dagrun for consume_1_and_2_with_dataset_expressions to None, run_after=None
[2025-03-25T15:15:12.623+0000] {logging_mixin.py:190} INFO - [2025-03-25T15:15:12.623+0000] {dag.py:4180} INFO - Setting next_dagrun for consume_1_or_2_with_dataset_expressions to None, run_after=None
[2025-03-25T15:15:12.625+0000] {logging_mixin.py:190} INFO - [2025-03-25T15:15:12.624+0000] {dag.py:4180} INFO - Setting next_dagrun for consume_1_or_both_2_and_3_with_dataset_expressions to None, run_after=None
[2025-03-25T15:15:12.627+0000] {logging_mixin.py:190} INFO - [2025-03-25T15:15:12.626+0000] {dag.py:4180} INFO - Setting next_dagrun for dataset_consumes_1 to None, run_after=None
[2025-03-25T15:15:12.629+0000] {logging_mixin.py:190} INFO - [2025-03-25T15:15:12.628+0000] {dag.py:4180} INFO - Setting next_dagrun for dataset_consumes_1_and_2 to None, run_after=None
[2025-03-25T15:15:12.631+0000] {logging_mixin.py:190} INFO - [2025-03-25T15:15:12.631+0000] {dag.py:4180} INFO - Setting next_dagrun for dataset_consumes_1_never_scheduled to None, run_after=None
[2025-03-25T15:15:12.633+0000] {logging_mixin.py:190} INFO - [2025-03-25T15:15:12.633+0000] {dag.py:4180} INFO - Setting next_dagrun for dataset_consumes_unknown_never_scheduled to None, run_after=None
[2025-03-25T15:15:12.641+0000] {logging_mixin.py:190} INFO - [2025-03-25T15:15:12.641+0000] {dag.py:4180} INFO - Setting next_dagrun for dataset_produces_1 to 2025-03-24 00:00:00+00:00, run_after=2025-03-25 00:00:00+00:00
[2025-03-25T15:15:12.645+0000] {logging_mixin.py:190} INFO - [2025-03-25T15:15:12.644+0000] {dag.py:4180} INFO - Setting next_dagrun for dataset_produces_2 to None, run_after=None
[2025-03-25T15:15:12.719+0000] {processor.py:208} INFO - Processing /home/airflow/.local/lib/python3.12/site-packages/airflow/example_dags/example_datasets.py took 2.119 seconds
[2025-03-25T15:20:25.618+0000] {processor.py:186} INFO - Started process (PID=108) to work on /home/airflow/.local/lib/python3.12/site-packages/airflow/example_dags/example_datasets.py
[2025-03-25T15:20:25.620+0000] {processor.py:914} INFO - Processing file /home/airflow/.local/lib/python3.12/site-packages/airflow/example_dags/example_datasets.py for tasks to queue
[2025-03-25T15:20:25.622+0000] {logging_mixin.py:190} INFO - [2025-03-25T15:20:25.622+0000] {dagbag.py:588} INFO - Filling up the DagBag from /home/airflow/.local/lib/python3.12/site-packages/airflow/example_dags/example_datasets.py
[2025-03-25T15:20:26.521+0000] {processor.py:925} INFO - DAG(s) 'consume_1_and_2_with_dataset_expressions', 'consume_1_or_both_2_and_3_with_dataset_expressions', 'dataset_produces_2', 'conditional_dataset_and_time_based_timetable', 'dataset_consumes_1_never_scheduled', 'dataset_consumes_unknown_never_scheduled', 'dataset_produces_1', 'dataset_consumes_1', 'consume_1_or_2_with_dataset_expressions', 'dataset_consumes_1_and_2' retrieved from /home/airflow/.local/lib/python3.12/site-packages/airflow/example_dags/example_datasets.py
[2025-03-25T15:20:26.602+0000] {logging_mixin.py:190} INFO - [2025-03-25T15:20:26.602+0000] {dag.py:3239} INFO - Sync 10 DAGs
[2025-03-25T15:20:26.641+0000] {logging_mixin.py:190} INFO - [2025-03-25T15:20:26.640+0000] {dag.py:4180} INFO - Setting next_dagrun for conditional_dataset_and_time_based_timetable to 2025-03-19 01:00:00+00:00, run_after=2025-03-19 01:00:00+00:00
[2025-03-25T15:20:26.647+0000] {logging_mixin.py:190} INFO - [2025-03-25T15:20:26.647+0000] {dag.py:4180} INFO - Setting next_dagrun for consume_1_and_2_with_dataset_expressions to None, run_after=None
[2025-03-25T15:20:26.649+0000] {logging_mixin.py:190} INFO - [2025-03-25T15:20:26.649+0000] {dag.py:4180} INFO - Setting next_dagrun for consume_1_or_2_with_dataset_expressions to None, run_after=None
[2025-03-25T15:20:26.651+0000] {logging_mixin.py:190} INFO - [2025-03-25T15:20:26.651+0000] {dag.py:4180} INFO - Setting next_dagrun for consume_1_or_both_2_and_3_with_dataset_expressions to None, run_after=None
[2025-03-25T15:20:26.653+0000] {logging_mixin.py:190} INFO - [2025-03-25T15:20:26.653+0000] {dag.py:4180} INFO - Setting next_dagrun for dataset_consumes_1 to None, run_after=None
[2025-03-25T15:20:26.655+0000] {logging_mixin.py:190} INFO - [2025-03-25T15:20:26.654+0000] {dag.py:4180} INFO - Setting next_dagrun for dataset_consumes_1_and_2 to None, run_after=None
[2025-03-25T15:20:26.656+0000] {logging_mixin.py:190} INFO - [2025-03-25T15:20:26.656+0000] {dag.py:4180} INFO - Setting next_dagrun for dataset_consumes_1_never_scheduled to None, run_after=None
[2025-03-25T15:20:26.658+0000] {logging_mixin.py:190} INFO - [2025-03-25T15:20:26.658+0000] {dag.py:4180} INFO - Setting next_dagrun for dataset_consumes_unknown_never_scheduled to None, run_after=None
[2025-03-25T15:20:26.662+0000] {logging_mixin.py:190} INFO - [2025-03-25T15:20:26.661+0000] {dag.py:4180} INFO - Setting next_dagrun for dataset_produces_1 to 2025-03-24 00:00:00+00:00, run_after=2025-03-25 00:00:00+00:00
[2025-03-25T15:20:26.663+0000] {logging_mixin.py:190} INFO - [2025-03-25T15:20:26.663+0000] {dag.py:4180} INFO - Setting next_dagrun for dataset_produces_2 to None, run_after=None
[2025-03-25T15:20:26.713+0000] {processor.py:208} INFO - Processing /home/airflow/.local/lib/python3.12/site-packages/airflow/example_dags/example_datasets.py took 1.102 seconds
[2025-03-25T15:20:57.873+0000] {processor.py:186} INFO - Started process (PID=172) to work on /home/airflow/.local/lib/python3.12/site-packages/airflow/example_dags/example_datasets.py
[2025-03-25T15:20:57.875+0000] {processor.py:914} INFO - Processing file /home/airflow/.local/lib/python3.12/site-packages/airflow/example_dags/example_datasets.py for tasks to queue
[2025-03-25T15:20:57.877+0000] {logging_mixin.py:190} INFO - [2025-03-25T15:20:57.877+0000] {dagbag.py:588} INFO - Filling up the DagBag from /home/airflow/.local/lib/python3.12/site-packages/airflow/example_dags/example_datasets.py
[2025-03-25T15:20:58.803+0000] {processor.py:925} INFO - DAG(s) 'dataset_consumes_unknown_never_scheduled', 'dataset_consumes_1_never_scheduled', 'consume_1_or_both_2_and_3_with_dataset_expressions', 'conditional_dataset_and_time_based_timetable', 'consume_1_or_2_with_dataset_expressions', 'dataset_produces_1', 'dataset_produces_2', 'dataset_consumes_1_and_2', 'consume_1_and_2_with_dataset_expressions', 'dataset_consumes_1' retrieved from /home/airflow/.local/lib/python3.12/site-packages/airflow/example_dags/example_datasets.py
[2025-03-25T15:20:59.820+0000] {logging_mixin.py:190} INFO - [2025-03-25T15:20:59.820+0000] {dag.py:3239} INFO - Sync 10 DAGs
[2025-03-25T15:20:59.873+0000] {logging_mixin.py:190} INFO - [2025-03-25T15:20:59.873+0000] {dag.py:4180} INFO - Setting next_dagrun for conditional_dataset_and_time_based_timetable to 2025-03-19 01:00:00+00:00, run_after=2025-03-19 01:00:00+00:00
[2025-03-25T15:20:59.880+0000] {logging_mixin.py:190} INFO - [2025-03-25T15:20:59.880+0000] {dag.py:4180} INFO - Setting next_dagrun for consume_1_and_2_with_dataset_expressions to None, run_after=None
[2025-03-25T15:20:59.882+0000] {logging_mixin.py:190} INFO - [2025-03-25T15:20:59.882+0000] {dag.py:4180} INFO - Setting next_dagrun for consume_1_or_2_with_dataset_expressions to None, run_after=None
[2025-03-25T15:20:59.884+0000] {logging_mixin.py:190} INFO - [2025-03-25T15:20:59.884+0000] {dag.py:4180} INFO - Setting next_dagrun for consume_1_or_both_2_and_3_with_dataset_expressions to None, run_after=None
[2025-03-25T15:20:59.885+0000] {logging_mixin.py:190} INFO - [2025-03-25T15:20:59.885+0000] {dag.py:4180} INFO - Setting next_dagrun for dataset_consumes_1 to None, run_after=None
[2025-03-25T15:20:59.887+0000] {logging_mixin.py:190} INFO - [2025-03-25T15:20:59.887+0000] {dag.py:4180} INFO - Setting next_dagrun for dataset_consumes_1_and_2 to None, run_after=None
[2025-03-25T15:20:59.888+0000] {logging_mixin.py:190} INFO - [2025-03-25T15:20:59.888+0000] {dag.py:4180} INFO - Setting next_dagrun for dataset_consumes_1_never_scheduled to None, run_after=None
[2025-03-25T15:20:59.890+0000] {logging_mixin.py:190} INFO - [2025-03-25T15:20:59.890+0000] {dag.py:4180} INFO - Setting next_dagrun for dataset_consumes_unknown_never_scheduled to None, run_after=None
[2025-03-25T15:20:59.894+0000] {logging_mixin.py:190} INFO - [2025-03-25T15:20:59.894+0000] {dag.py:4180} INFO - Setting next_dagrun for dataset_produces_1 to 2025-03-24 00:00:00+00:00, run_after=2025-03-25 00:00:00+00:00
[2025-03-25T15:20:59.897+0000] {logging_mixin.py:190} INFO - [2025-03-25T15:20:59.896+0000] {dag.py:4180} INFO - Setting next_dagrun for dataset_produces_2 to None, run_after=None
[2025-03-25T15:20:59.953+0000] {processor.py:208} INFO - Processing /home/airflow/.local/lib/python3.12/site-packages/airflow/example_dags/example_datasets.py took 1.266 seconds
[2025-03-25T15:21:30.409+0000] {processor.py:186} INFO - Started process (PID=254) to work on /home/airflow/.local/lib/python3.12/site-packages/airflow/example_dags/example_datasets.py
[2025-03-25T15:21:30.411+0000] {processor.py:914} INFO - Processing file /home/airflow/.local/lib/python3.12/site-packages/airflow/example_dags/example_datasets.py for tasks to queue
[2025-03-25T15:21:30.415+0000] {logging_mixin.py:190} INFO - [2025-03-25T15:21:30.414+0000] {dagbag.py:588} INFO - Filling up the DagBag from /home/airflow/.local/lib/python3.12/site-packages/airflow/example_dags/example_datasets.py
[2025-03-25T15:21:31.428+0000] {processor.py:925} INFO - DAG(s) 'conditional_dataset_and_time_based_timetable', 'dataset_consumes_unknown_never_scheduled', 'dataset_consumes_1_never_scheduled', 'consume_1_or_both_2_and_3_with_dataset_expressions', 'consume_1_and_2_with_dataset_expressions', 'dataset_produces_1', 'dataset_produces_2', 'dataset_consumes_1', 'consume_1_or_2_with_dataset_expressions', 'dataset_consumes_1_and_2' retrieved from /home/airflow/.local/lib/python3.12/site-packages/airflow/example_dags/example_datasets.py
[2025-03-25T15:21:31.495+0000] {logging_mixin.py:190} INFO - [2025-03-25T15:21:31.495+0000] {dag.py:3239} INFO - Sync 10 DAGs
[2025-03-25T15:21:31.535+0000] {logging_mixin.py:190} INFO - [2025-03-25T15:21:31.535+0000] {dag.py:4180} INFO - Setting next_dagrun for conditional_dataset_and_time_based_timetable to 2025-03-19 01:00:00+00:00, run_after=2025-03-19 01:00:00+00:00
[2025-03-25T15:21:31.540+0000] {logging_mixin.py:190} INFO - [2025-03-25T15:21:31.540+0000] {dag.py:4180} INFO - Setting next_dagrun for consume_1_and_2_with_dataset_expressions to None, run_after=None
[2025-03-25T15:21:31.543+0000] {logging_mixin.py:190} INFO - [2025-03-25T15:21:31.543+0000] {dag.py:4180} INFO - Setting next_dagrun for consume_1_or_2_with_dataset_expressions to None, run_after=None
[2025-03-25T15:21:31.544+0000] {logging_mixin.py:190} INFO - [2025-03-25T15:21:31.544+0000] {dag.py:4180} INFO - Setting next_dagrun for consume_1_or_both_2_and_3_with_dataset_expressions to None, run_after=None
[2025-03-25T15:21:31.546+0000] {logging_mixin.py:190} INFO - [2025-03-25T15:21:31.546+0000] {dag.py:4180} INFO - Setting next_dagrun for dataset_consumes_1 to None, run_after=None
[2025-03-25T15:21:31.548+0000] {logging_mixin.py:190} INFO - [2025-03-25T15:21:31.547+0000] {dag.py:4180} INFO - Setting next_dagrun for dataset_consumes_1_and_2 to None, run_after=None
[2025-03-25T15:21:31.549+0000] {logging_mixin.py:190} INFO - [2025-03-25T15:21:31.549+0000] {dag.py:4180} INFO - Setting next_dagrun for dataset_consumes_1_never_scheduled to None, run_after=None
[2025-03-25T15:21:31.551+0000] {logging_mixin.py:190} INFO - [2025-03-25T15:21:31.551+0000] {dag.py:4180} INFO - Setting next_dagrun for dataset_consumes_unknown_never_scheduled to None, run_after=None
[2025-03-25T15:21:31.555+0000] {logging_mixin.py:190} INFO - [2025-03-25T15:21:31.555+0000] {dag.py:4180} INFO - Setting next_dagrun for dataset_produces_1 to 2025-03-24 00:00:00+00:00, run_after=2025-03-25 00:00:00+00:00
[2025-03-25T15:21:31.557+0000] {logging_mixin.py:190} INFO - [2025-03-25T15:21:31.556+0000] {dag.py:4180} INFO - Setting next_dagrun for dataset_produces_2 to None, run_after=None
[2025-03-25T15:21:31.607+0000] {processor.py:208} INFO - Processing /home/airflow/.local/lib/python3.12/site-packages/airflow/example_dags/example_datasets.py took 1.210 seconds
[2025-03-25T15:22:02.254+0000] {processor.py:186} INFO - Started process (PID=317) to work on /home/airflow/.local/lib/python3.12/site-packages/airflow/example_dags/example_datasets.py
[2025-03-25T15:22:02.256+0000] {processor.py:914} INFO - Processing file /home/airflow/.local/lib/python3.12/site-packages/airflow/example_dags/example_datasets.py for tasks to queue
[2025-03-25T15:22:02.258+0000] {logging_mixin.py:190} INFO - [2025-03-25T15:22:02.258+0000] {dagbag.py:588} INFO - Filling up the DagBag from /home/airflow/.local/lib/python3.12/site-packages/airflow/example_dags/example_datasets.py
[2025-03-25T15:22:03.239+0000] {processor.py:925} INFO - DAG(s) 'consume_1_and_2_with_dataset_expressions', 'dataset_consumes_1', 'dataset_produces_1', 'dataset_consumes_1_and_2', 'consume_1_or_2_with_dataset_expressions', 'conditional_dataset_and_time_based_timetable', 'dataset_produces_2', 'consume_1_or_both_2_and_3_with_dataset_expressions', 'dataset_consumes_unknown_never_scheduled', 'dataset_consumes_1_never_scheduled' retrieved from /home/airflow/.local/lib/python3.12/site-packages/airflow/example_dags/example_datasets.py
[2025-03-25T15:22:03.294+0000] {logging_mixin.py:190} INFO - [2025-03-25T15:22:03.293+0000] {dag.py:3239} INFO - Sync 10 DAGs
[2025-03-25T15:22:03.327+0000] {logging_mixin.py:190} INFO - [2025-03-25T15:22:03.327+0000] {dag.py:4180} INFO - Setting next_dagrun for conditional_dataset_and_time_based_timetable to 2025-03-19 01:00:00+00:00, run_after=2025-03-19 01:00:00+00:00
[2025-03-25T15:22:03.332+0000] {logging_mixin.py:190} INFO - [2025-03-25T15:22:03.332+0000] {dag.py:4180} INFO - Setting next_dagrun for consume_1_and_2_with_dataset_expressions to None, run_after=None
[2025-03-25T15:22:03.334+0000] {logging_mixin.py:190} INFO - [2025-03-25T15:22:03.334+0000] {dag.py:4180} INFO - Setting next_dagrun for consume_1_or_2_with_dataset_expressions to None, run_after=None
[2025-03-25T15:22:03.336+0000] {logging_mixin.py:190} INFO - [2025-03-25T15:22:03.335+0000] {dag.py:4180} INFO - Setting next_dagrun for consume_1_or_both_2_and_3_with_dataset_expressions to None, run_after=None
[2025-03-25T15:22:03.337+0000] {logging_mixin.py:190} INFO - [2025-03-25T15:22:03.337+0000] {dag.py:4180} INFO - Setting next_dagrun for dataset_consumes_1 to None, run_after=None
[2025-03-25T15:22:03.338+0000] {logging_mixin.py:190} INFO - [2025-03-25T15:22:03.338+0000] {dag.py:4180} INFO - Setting next_dagrun for dataset_consumes_1_and_2 to None, run_after=None
[2025-03-25T15:22:03.339+0000] {logging_mixin.py:190} INFO - [2025-03-25T15:22:03.339+0000] {dag.py:4180} INFO - Setting next_dagrun for dataset_consumes_1_never_scheduled to None, run_after=None
[2025-03-25T15:22:03.340+0000] {logging_mixin.py:190} INFO - [2025-03-25T15:22:03.340+0000] {dag.py:4180} INFO - Setting next_dagrun for dataset_consumes_unknown_never_scheduled to None, run_after=None
[2025-03-25T15:22:03.343+0000] {logging_mixin.py:190} INFO - [2025-03-25T15:22:03.343+0000] {dag.py:4180} INFO - Setting next_dagrun for dataset_produces_1 to 2025-03-24 00:00:00+00:00, run_after=2025-03-25 00:00:00+00:00
[2025-03-25T15:22:03.344+0000] {logging_mixin.py:190} INFO - [2025-03-25T15:22:03.344+0000] {dag.py:4180} INFO - Setting next_dagrun for dataset_produces_2 to None, run_after=None
[2025-03-25T15:22:03.387+0000] {processor.py:208} INFO - Processing /home/airflow/.local/lib/python3.12/site-packages/airflow/example_dags/example_datasets.py took 1.139 seconds
