[2025-03-25T15:09:16.082+0000] {processor.py:186} INFO - Started process (PID=113) to work on /home/airflow/.local/lib/python3.12/site-packages/airflow/example_dags/example_setup_teardown_taskflow.py
[2025-03-25T15:09:16.083+0000] {processor.py:914} INFO - Processing file /home/airflow/.local/lib/python3.12/site-packages/airflow/example_dags/example_setup_teardown_taskflow.py for tasks to queue
[2025-03-25T15:09:16.086+0000] {logging_mixin.py:190} INFO - [2025-03-25T15:09:16.086+0000] {dagbag.py:588} INFO - Filling up the DagBag from /home/airflow/.local/lib/python3.12/site-packages/airflow/example_dags/example_setup_teardown_taskflow.py
[2025-03-25T15:09:16.103+0000] {processor.py:925} INFO - DAG(s) 'example_setup_teardown_taskflow' retrieved from /home/airflow/.local/lib/python3.12/site-packages/airflow/example_dags/example_setup_teardown_taskflow.py
[2025-03-25T15:09:16.265+0000] {logging_mixin.py:190} INFO - [2025-03-25T15:09:16.263+0000] {override.py:1912} INFO - Created Permission View: can read on DAG:example_setup_teardown_taskflow
[2025-03-25T15:09:16.283+0000] {logging_mixin.py:190} INFO - [2025-03-25T15:09:16.282+0000] {override.py:1912} INFO - Created Permission View: can delete on DAG:example_setup_teardown_taskflow
[2025-03-25T15:09:16.293+0000] {logging_mixin.py:190} INFO - [2025-03-25T15:09:16.292+0000] {override.py:1912} INFO - Created Permission View: can edit on DAG:example_setup_teardown_taskflow
[2025-03-25T15:09:16.306+0000] {logging_mixin.py:190} INFO - [2025-03-25T15:09:16.305+0000] {override.py:1912} INFO - Created Permission View: can create on DAG Run:example_setup_teardown_taskflow
[2025-03-25T15:09:16.316+0000] {logging_mixin.py:190} INFO - [2025-03-25T15:09:16.315+0000] {override.py:1912} INFO - Created Permission View: can read on DAG Run:example_setup_teardown_taskflow
[2025-03-25T15:09:16.326+0000] {logging_mixin.py:190} INFO - [2025-03-25T15:09:16.326+0000] {override.py:1912} INFO - Created Permission View: can delete on DAG Run:example_setup_teardown_taskflow
[2025-03-25T15:09:16.335+0000] {logging_mixin.py:190} INFO - [2025-03-25T15:09:16.335+0000] {override.py:1912} INFO - Created Permission View: menu access on DAG Run:example_setup_teardown_taskflow
[2025-03-25T15:09:16.336+0000] {logging_mixin.py:190} INFO - [2025-03-25T15:09:16.336+0000] {dag.py:3239} INFO - Sync 1 DAGs
[2025-03-25T15:09:16.356+0000] {logging_mixin.py:190} INFO - [2025-03-25T15:09:16.356+0000] {dag.py:3262} INFO - Creating ORM DAG for example_setup_teardown_taskflow
[2025-03-25T15:09:16.357+0000] {logging_mixin.py:190} INFO - [2025-03-25T15:09:16.357+0000] {dag.py:4180} INFO - Setting next_dagrun for example_setup_teardown_taskflow to None, run_after=None
[2025-03-25T15:09:16.382+0000] {processor.py:208} INFO - Processing /home/airflow/.local/lib/python3.12/site-packages/airflow/example_dags/example_setup_teardown_taskflow.py took 0.309 seconds
[2025-03-25T15:09:47.108+0000] {processor.py:186} INFO - Started process (PID=176) to work on /home/airflow/.local/lib/python3.12/site-packages/airflow/example_dags/example_setup_teardown_taskflow.py
[2025-03-25T15:09:47.110+0000] {processor.py:914} INFO - Processing file /home/airflow/.local/lib/python3.12/site-packages/airflow/example_dags/example_setup_teardown_taskflow.py for tasks to queue
[2025-03-25T15:09:47.113+0000] {logging_mixin.py:190} INFO - [2025-03-25T15:09:47.112+0000] {dagbag.py:588} INFO - Filling up the DagBag from /home/airflow/.local/lib/python3.12/site-packages/airflow/example_dags/example_setup_teardown_taskflow.py
[2025-03-25T15:09:47.128+0000] {processor.py:925} INFO - DAG(s) 'example_setup_teardown_taskflow' retrieved from /home/airflow/.local/lib/python3.12/site-packages/airflow/example_dags/example_setup_teardown_taskflow.py
[2025-03-25T15:09:47.160+0000] {logging_mixin.py:190} INFO - [2025-03-25T15:09:47.160+0000] {dag.py:3239} INFO - Sync 1 DAGs
[2025-03-25T15:09:47.184+0000] {logging_mixin.py:190} INFO - [2025-03-25T15:09:47.183+0000] {dag.py:4180} INFO - Setting next_dagrun for example_setup_teardown_taskflow to None, run_after=None
[2025-03-25T15:09:47.214+0000] {processor.py:208} INFO - Processing /home/airflow/.local/lib/python3.12/site-packages/airflow/example_dags/example_setup_teardown_taskflow.py took 0.116 seconds
[2025-03-25T15:10:19.141+0000] {processor.py:186} INFO - Started process (PID=245) to work on /home/airflow/.local/lib/python3.12/site-packages/airflow/example_dags/example_setup_teardown_taskflow.py
[2025-03-25T15:10:19.143+0000] {processor.py:914} INFO - Processing file /home/airflow/.local/lib/python3.12/site-packages/airflow/example_dags/example_setup_teardown_taskflow.py for tasks to queue
[2025-03-25T15:10:19.148+0000] {logging_mixin.py:190} INFO - [2025-03-25T15:10:19.147+0000] {dagbag.py:588} INFO - Filling up the DagBag from /home/airflow/.local/lib/python3.12/site-packages/airflow/example_dags/example_setup_teardown_taskflow.py
[2025-03-25T15:10:19.166+0000] {processor.py:925} INFO - DAG(s) 'example_setup_teardown_taskflow' retrieved from /home/airflow/.local/lib/python3.12/site-packages/airflow/example_dags/example_setup_teardown_taskflow.py
[2025-03-25T15:10:19.201+0000] {logging_mixin.py:190} INFO - [2025-03-25T15:10:19.201+0000] {dag.py:3239} INFO - Sync 1 DAGs
[2025-03-25T15:10:19.220+0000] {logging_mixin.py:190} INFO - [2025-03-25T15:10:19.220+0000] {dag.py:4180} INFO - Setting next_dagrun for example_setup_teardown_taskflow to None, run_after=None
[2025-03-25T15:10:19.248+0000] {processor.py:208} INFO - Processing /home/airflow/.local/lib/python3.12/site-packages/airflow/example_dags/example_setup_teardown_taskflow.py took 0.120 seconds
[2025-03-25T15:10:50.335+0000] {processor.py:186} INFO - Started process (PID=308) to work on /home/airflow/.local/lib/python3.12/site-packages/airflow/example_dags/example_setup_teardown_taskflow.py
[2025-03-25T15:10:50.336+0000] {processor.py:914} INFO - Processing file /home/airflow/.local/lib/python3.12/site-packages/airflow/example_dags/example_setup_teardown_taskflow.py for tasks to queue
[2025-03-25T15:10:50.338+0000] {logging_mixin.py:190} INFO - [2025-03-25T15:10:50.338+0000] {dagbag.py:588} INFO - Filling up the DagBag from /home/airflow/.local/lib/python3.12/site-packages/airflow/example_dags/example_setup_teardown_taskflow.py
[2025-03-25T15:10:50.350+0000] {processor.py:925} INFO - DAG(s) 'example_setup_teardown_taskflow' retrieved from /home/airflow/.local/lib/python3.12/site-packages/airflow/example_dags/example_setup_teardown_taskflow.py
[2025-03-25T15:10:50.374+0000] {logging_mixin.py:190} INFO - [2025-03-25T15:10:50.374+0000] {dag.py:3239} INFO - Sync 1 DAGs
[2025-03-25T15:10:50.390+0000] {logging_mixin.py:190} INFO - [2025-03-25T15:10:50.390+0000] {dag.py:4180} INFO - Setting next_dagrun for example_setup_teardown_taskflow to None, run_after=None
[2025-03-25T15:10:50.410+0000] {processor.py:208} INFO - Processing /home/airflow/.local/lib/python3.12/site-packages/airflow/example_dags/example_setup_teardown_taskflow.py took 0.081 seconds
[2025-03-25T15:11:21.870+0000] {processor.py:186} INFO - Started process (PID=371) to work on /home/airflow/.local/lib/python3.12/site-packages/airflow/example_dags/example_setup_teardown_taskflow.py
[2025-03-25T15:11:21.871+0000] {processor.py:914} INFO - Processing file /home/airflow/.local/lib/python3.12/site-packages/airflow/example_dags/example_setup_teardown_taskflow.py for tasks to queue
[2025-03-25T15:11:21.874+0000] {logging_mixin.py:190} INFO - [2025-03-25T15:11:21.873+0000] {dagbag.py:588} INFO - Filling up the DagBag from /home/airflow/.local/lib/python3.12/site-packages/airflow/example_dags/example_setup_teardown_taskflow.py
[2025-03-25T15:11:21.886+0000] {processor.py:925} INFO - DAG(s) 'example_setup_teardown_taskflow' retrieved from /home/airflow/.local/lib/python3.12/site-packages/airflow/example_dags/example_setup_teardown_taskflow.py
[2025-03-25T15:11:21.915+0000] {logging_mixin.py:190} INFO - [2025-03-25T15:11:21.914+0000] {dag.py:3239} INFO - Sync 1 DAGs
[2025-03-25T15:11:21.940+0000] {logging_mixin.py:190} INFO - [2025-03-25T15:11:21.940+0000] {dag.py:4180} INFO - Setting next_dagrun for example_setup_teardown_taskflow to None, run_after=None
[2025-03-25T15:11:21.974+0000] {processor.py:208} INFO - Processing /home/airflow/.local/lib/python3.12/site-packages/airflow/example_dags/example_setup_teardown_taskflow.py took 0.111 seconds
[2025-03-25T15:11:53.110+0000] {processor.py:186} INFO - Started process (PID=434) to work on /home/airflow/.local/lib/python3.12/site-packages/airflow/example_dags/example_setup_teardown_taskflow.py
[2025-03-25T15:11:53.111+0000] {processor.py:914} INFO - Processing file /home/airflow/.local/lib/python3.12/site-packages/airflow/example_dags/example_setup_teardown_taskflow.py for tasks to queue
[2025-03-25T15:11:53.114+0000] {logging_mixin.py:190} INFO - [2025-03-25T15:11:53.113+0000] {dagbag.py:588} INFO - Filling up the DagBag from /home/airflow/.local/lib/python3.12/site-packages/airflow/example_dags/example_setup_teardown_taskflow.py
[2025-03-25T15:11:53.126+0000] {processor.py:925} INFO - DAG(s) 'example_setup_teardown_taskflow' retrieved from /home/airflow/.local/lib/python3.12/site-packages/airflow/example_dags/example_setup_teardown_taskflow.py
[2025-03-25T15:11:53.150+0000] {logging_mixin.py:190} INFO - [2025-03-25T15:11:53.150+0000] {dag.py:3239} INFO - Sync 1 DAGs
[2025-03-25T15:11:53.171+0000] {logging_mixin.py:190} INFO - [2025-03-25T15:11:53.171+0000] {dag.py:4180} INFO - Setting next_dagrun for example_setup_teardown_taskflow to None, run_after=None
[2025-03-25T15:11:53.196+0000] {processor.py:208} INFO - Processing /home/airflow/.local/lib/python3.12/site-packages/airflow/example_dags/example_setup_teardown_taskflow.py took 0.093 seconds
[2025-03-25T15:12:24.785+0000] {processor.py:186} INFO - Started process (PID=497) to work on /home/airflow/.local/lib/python3.12/site-packages/airflow/example_dags/example_setup_teardown_taskflow.py
[2025-03-25T15:12:24.787+0000] {processor.py:914} INFO - Processing file /home/airflow/.local/lib/python3.12/site-packages/airflow/example_dags/example_setup_teardown_taskflow.py for tasks to queue
[2025-03-25T15:12:24.790+0000] {logging_mixin.py:190} INFO - [2025-03-25T15:12:24.789+0000] {dagbag.py:588} INFO - Filling up the DagBag from /home/airflow/.local/lib/python3.12/site-packages/airflow/example_dags/example_setup_teardown_taskflow.py
[2025-03-25T15:12:24.804+0000] {processor.py:925} INFO - DAG(s) 'example_setup_teardown_taskflow' retrieved from /home/airflow/.local/lib/python3.12/site-packages/airflow/example_dags/example_setup_teardown_taskflow.py
[2025-03-25T15:12:24.835+0000] {logging_mixin.py:190} INFO - [2025-03-25T15:12:24.835+0000] {dag.py:3239} INFO - Sync 1 DAGs
[2025-03-25T15:12:24.854+0000] {logging_mixin.py:190} INFO - [2025-03-25T15:12:24.854+0000] {dag.py:4180} INFO - Setting next_dagrun for example_setup_teardown_taskflow to None, run_after=None
[2025-03-25T15:12:24.881+0000] {processor.py:208} INFO - Processing /home/airflow/.local/lib/python3.12/site-packages/airflow/example_dags/example_setup_teardown_taskflow.py took 0.104 seconds
[2025-03-25T15:12:55.751+0000] {processor.py:186} INFO - Started process (PID=560) to work on /home/airflow/.local/lib/python3.12/site-packages/airflow/example_dags/example_setup_teardown_taskflow.py
[2025-03-25T15:12:55.752+0000] {processor.py:914} INFO - Processing file /home/airflow/.local/lib/python3.12/site-packages/airflow/example_dags/example_setup_teardown_taskflow.py for tasks to queue
[2025-03-25T15:12:55.755+0000] {logging_mixin.py:190} INFO - [2025-03-25T15:12:55.755+0000] {dagbag.py:588} INFO - Filling up the DagBag from /home/airflow/.local/lib/python3.12/site-packages/airflow/example_dags/example_setup_teardown_taskflow.py
[2025-03-25T15:12:55.767+0000] {processor.py:925} INFO - DAG(s) 'example_setup_teardown_taskflow' retrieved from /home/airflow/.local/lib/python3.12/site-packages/airflow/example_dags/example_setup_teardown_taskflow.py
[2025-03-25T15:12:55.792+0000] {logging_mixin.py:190} INFO - [2025-03-25T15:12:55.792+0000] {dag.py:3239} INFO - Sync 1 DAGs
[2025-03-25T15:12:55.811+0000] {logging_mixin.py:190} INFO - [2025-03-25T15:12:55.810+0000] {dag.py:4180} INFO - Setting next_dagrun for example_setup_teardown_taskflow to None, run_after=None
[2025-03-25T15:12:55.832+0000] {processor.py:208} INFO - Processing /home/airflow/.local/lib/python3.12/site-packages/airflow/example_dags/example_setup_teardown_taskflow.py took 0.088 seconds
[2025-03-25T15:13:28.031+0000] {processor.py:186} INFO - Started process (PID=623) to work on /home/airflow/.local/lib/python3.12/site-packages/airflow/example_dags/example_setup_teardown_taskflow.py
[2025-03-25T15:13:28.033+0000] {processor.py:914} INFO - Processing file /home/airflow/.local/lib/python3.12/site-packages/airflow/example_dags/example_setup_teardown_taskflow.py for tasks to queue
[2025-03-25T15:13:28.038+0000] {logging_mixin.py:190} INFO - [2025-03-25T15:13:28.037+0000] {dagbag.py:588} INFO - Filling up the DagBag from /home/airflow/.local/lib/python3.12/site-packages/airflow/example_dags/example_setup_teardown_taskflow.py
[2025-03-25T15:13:28.058+0000] {processor.py:925} INFO - DAG(s) 'example_setup_teardown_taskflow' retrieved from /home/airflow/.local/lib/python3.12/site-packages/airflow/example_dags/example_setup_teardown_taskflow.py
[2025-03-25T15:13:28.109+0000] {logging_mixin.py:190} INFO - [2025-03-25T15:13:28.108+0000] {dag.py:3239} INFO - Sync 1 DAGs
[2025-03-25T15:13:28.140+0000] {logging_mixin.py:190} INFO - [2025-03-25T15:13:28.139+0000] {dag.py:4180} INFO - Setting next_dagrun for example_setup_teardown_taskflow to None, run_after=None
[2025-03-25T15:13:28.182+0000] {processor.py:208} INFO - Processing /home/airflow/.local/lib/python3.12/site-packages/airflow/example_dags/example_setup_teardown_taskflow.py took 0.164 seconds
[2025-03-25T15:15:13.073+0000] {processor.py:186} INFO - Started process (PID=107) to work on /home/airflow/.local/lib/python3.12/site-packages/airflow/example_dags/example_setup_teardown_taskflow.py
[2025-03-25T15:15:13.074+0000] {processor.py:914} INFO - Processing file /home/airflow/.local/lib/python3.12/site-packages/airflow/example_dags/example_setup_teardown_taskflow.py for tasks to queue
[2025-03-25T15:15:13.077+0000] {logging_mixin.py:190} INFO - [2025-03-25T15:15:13.076+0000] {dagbag.py:588} INFO - Filling up the DagBag from /home/airflow/.local/lib/python3.12/site-packages/airflow/example_dags/example_setup_teardown_taskflow.py
[2025-03-25T15:15:13.093+0000] {processor.py:925} INFO - DAG(s) 'example_setup_teardown_taskflow' retrieved from /home/airflow/.local/lib/python3.12/site-packages/airflow/example_dags/example_setup_teardown_taskflow.py
[2025-03-25T15:15:13.130+0000] {logging_mixin.py:190} INFO - [2025-03-25T15:15:13.129+0000] {dag.py:3239} INFO - Sync 1 DAGs
[2025-03-25T15:15:13.152+0000] {logging_mixin.py:190} INFO - [2025-03-25T15:15:13.151+0000] {dag.py:4180} INFO - Setting next_dagrun for example_setup_teardown_taskflow to None, run_after=None
[2025-03-25T15:15:13.179+0000] {processor.py:208} INFO - Processing /home/airflow/.local/lib/python3.12/site-packages/airflow/example_dags/example_setup_teardown_taskflow.py took 0.115 seconds
[2025-03-25T15:20:27.254+0000] {processor.py:186} INFO - Started process (PID=114) to work on /home/airflow/.local/lib/python3.12/site-packages/airflow/example_dags/example_setup_teardown_taskflow.py
[2025-03-25T15:20:27.255+0000] {processor.py:914} INFO - Processing file /home/airflow/.local/lib/python3.12/site-packages/airflow/example_dags/example_setup_teardown_taskflow.py for tasks to queue
[2025-03-25T15:20:27.258+0000] {logging_mixin.py:190} INFO - [2025-03-25T15:20:27.257+0000] {dagbag.py:588} INFO - Filling up the DagBag from /home/airflow/.local/lib/python3.12/site-packages/airflow/example_dags/example_setup_teardown_taskflow.py
[2025-03-25T15:20:27.271+0000] {processor.py:925} INFO - DAG(s) 'example_setup_teardown_taskflow' retrieved from /home/airflow/.local/lib/python3.12/site-packages/airflow/example_dags/example_setup_teardown_taskflow.py
[2025-03-25T15:20:27.302+0000] {logging_mixin.py:190} INFO - [2025-03-25T15:20:27.302+0000] {dag.py:3239} INFO - Sync 1 DAGs
[2025-03-25T15:20:27.320+0000] {logging_mixin.py:190} INFO - [2025-03-25T15:20:27.319+0000] {dag.py:4180} INFO - Setting next_dagrun for example_setup_teardown_taskflow to None, run_after=None
[2025-03-25T15:20:27.342+0000] {processor.py:208} INFO - Processing /home/airflow/.local/lib/python3.12/site-packages/airflow/example_dags/example_setup_teardown_taskflow.py took 0.095 seconds
[2025-03-25T15:20:57.124+0000] {processor.py:186} INFO - Started process (PID=177) to work on /home/airflow/.local/lib/python3.12/site-packages/airflow/example_dags/example_setup_teardown_taskflow.py
[2025-03-25T15:20:57.128+0000] {processor.py:914} INFO - Processing file /home/airflow/.local/lib/python3.12/site-packages/airflow/example_dags/example_setup_teardown_taskflow.py for tasks to queue
[2025-03-25T15:20:57.132+0000] {logging_mixin.py:190} INFO - [2025-03-25T15:20:57.132+0000] {dagbag.py:588} INFO - Filling up the DagBag from /home/airflow/.local/lib/python3.12/site-packages/airflow/example_dags/example_setup_teardown_taskflow.py
[2025-03-25T15:20:57.152+0000] {processor.py:925} INFO - DAG(s) 'example_setup_teardown_taskflow' retrieved from /home/airflow/.local/lib/python3.12/site-packages/airflow/example_dags/example_setup_teardown_taskflow.py
[2025-03-25T15:20:57.187+0000] {logging_mixin.py:190} INFO - [2025-03-25T15:20:57.187+0000] {dag.py:3239} INFO - Sync 1 DAGs
[2025-03-25T15:20:57.216+0000] {logging_mixin.py:190} INFO - [2025-03-25T15:20:57.216+0000] {dag.py:4180} INFO - Setting next_dagrun for example_setup_teardown_taskflow to None, run_after=None
[2025-03-25T15:20:57.249+0000] {processor.py:208} INFO - Processing /home/airflow/.local/lib/python3.12/site-packages/airflow/example_dags/example_setup_teardown_taskflow.py took 0.135 seconds
[2025-03-25T15:21:24.696+0000] {processor.py:186} INFO - Started process (PID=234) to work on /home/airflow/.local/lib/python3.12/site-packages/airflow/example_dags/example_setup_teardown_taskflow.py
[2025-03-25T15:21:24.697+0000] {processor.py:914} INFO - Processing file /home/airflow/.local/lib/python3.12/site-packages/airflow/example_dags/example_setup_teardown_taskflow.py for tasks to queue
[2025-03-25T15:21:24.699+0000] {logging_mixin.py:190} INFO - [2025-03-25T15:21:24.699+0000] {dagbag.py:588} INFO - Filling up the DagBag from /home/airflow/.local/lib/python3.12/site-packages/airflow/example_dags/example_setup_teardown_taskflow.py
[2025-03-25T15:21:24.713+0000] {processor.py:925} INFO - DAG(s) 'example_setup_teardown_taskflow' retrieved from /home/airflow/.local/lib/python3.12/site-packages/airflow/example_dags/example_setup_teardown_taskflow.py
[2025-03-25T15:21:24.745+0000] {logging_mixin.py:190} INFO - [2025-03-25T15:21:24.745+0000] {dag.py:3239} INFO - Sync 1 DAGs
[2025-03-25T15:21:24.763+0000] {logging_mixin.py:190} INFO - [2025-03-25T15:21:24.763+0000] {dag.py:4180} INFO - Setting next_dagrun for example_setup_teardown_taskflow to None, run_after=None
[2025-03-25T15:21:24.788+0000] {processor.py:208} INFO - Processing /home/airflow/.local/lib/python3.12/site-packages/airflow/example_dags/example_setup_teardown_taskflow.py took 0.098 seconds
[2025-03-25T15:21:54.875+0000] {processor.py:186} INFO - Started process (PID=295) to work on /home/airflow/.local/lib/python3.12/site-packages/airflow/example_dags/example_setup_teardown_taskflow.py
[2025-03-25T15:21:54.876+0000] {processor.py:914} INFO - Processing file /home/airflow/.local/lib/python3.12/site-packages/airflow/example_dags/example_setup_teardown_taskflow.py for tasks to queue
[2025-03-25T15:21:54.878+0000] {logging_mixin.py:190} INFO - [2025-03-25T15:21:54.878+0000] {dagbag.py:588} INFO - Filling up the DagBag from /home/airflow/.local/lib/python3.12/site-packages/airflow/example_dags/example_setup_teardown_taskflow.py
[2025-03-25T15:21:54.890+0000] {processor.py:925} INFO - DAG(s) 'example_setup_teardown_taskflow' retrieved from /home/airflow/.local/lib/python3.12/site-packages/airflow/example_dags/example_setup_teardown_taskflow.py
[2025-03-25T15:21:54.925+0000] {logging_mixin.py:190} INFO - [2025-03-25T15:21:54.925+0000] {dag.py:3239} INFO - Sync 1 DAGs
[2025-03-25T15:21:54.945+0000] {logging_mixin.py:190} INFO - [2025-03-25T15:21:54.944+0000] {dag.py:4180} INFO - Setting next_dagrun for example_setup_teardown_taskflow to None, run_after=None
[2025-03-25T15:21:54.969+0000] {processor.py:208} INFO - Processing /home/airflow/.local/lib/python3.12/site-packages/airflow/example_dags/example_setup_teardown_taskflow.py took 0.101 seconds
