[2025-03-25T15:09:09.949+0000] {processor.py:186} INFO - Started process (PID=99) to work on /home/airflow/.local/lib/python3.12/site-packages/airflow/example_dags/example_branch_operator.py
[2025-03-25T15:09:09.951+0000] {processor.py:914} INFO - Processing file /home/airflow/.local/lib/python3.12/site-packages/airflow/example_dags/example_branch_operator.py for tasks to queue
[2025-03-25T15:09:09.960+0000] {logging_mixin.py:190} INFO - [2025-03-25T15:09:09.956+0000] {dagbag.py:588} INFO - Filling up the DagBag from /home/airflow/.local/lib/python3.12/site-packages/airflow/example_dags/example_branch_operator.py
[2025-03-25T15:09:09.999+0000] {processor.py:925} INFO - DAG(s) 'example_branch_operator' retrieved from /home/airflow/.local/lib/python3.12/site-packages/airflow/example_dags/example_branch_operator.py
[2025-03-25T15:09:10.366+0000] {logging_mixin.py:190} INFO - [2025-03-25T15:09:10.365+0000] {override.py:1912} INFO - Created Permission View: can read on DAG:example_branch_operator
[2025-03-25T15:09:10.384+0000] {logging_mixin.py:190} INFO - [2025-03-25T15:09:10.384+0000] {override.py:1912} INFO - Created Permission View: can delete on DAG:example_branch_operator
[2025-03-25T15:09:10.396+0000] {logging_mixin.py:190} INFO - [2025-03-25T15:09:10.396+0000] {override.py:1912} INFO - Created Permission View: can edit on DAG:example_branch_operator
[2025-03-25T15:09:10.412+0000] {logging_mixin.py:190} INFO - [2025-03-25T15:09:10.412+0000] {override.py:1912} INFO - Created Permission View: can create on DAG Run:example_branch_operator
[2025-03-25T15:09:10.429+0000] {logging_mixin.py:190} INFO - [2025-03-25T15:09:10.429+0000] {override.py:1912} INFO - Created Permission View: can read on DAG Run:example_branch_operator
[2025-03-25T15:09:10.447+0000] {logging_mixin.py:190} INFO - [2025-03-25T15:09:10.447+0000] {override.py:1912} INFO - Created Permission View: can delete on DAG Run:example_branch_operator
[2025-03-25T15:09:10.465+0000] {logging_mixin.py:190} INFO - [2025-03-25T15:09:10.464+0000] {override.py:1912} INFO - Created Permission View: menu access on DAG Run:example_branch_operator
[2025-03-25T15:09:10.466+0000] {logging_mixin.py:190} INFO - [2025-03-25T15:09:10.465+0000] {dag.py:3239} INFO - Sync 1 DAGs
[2025-03-25T15:09:10.508+0000] {logging_mixin.py:190} INFO - [2025-03-25T15:09:10.507+0000] {dag.py:3262} INFO - Creating ORM DAG for example_branch_operator
[2025-03-25T15:09:10.536+0000] {logging_mixin.py:190} INFO - [2025-03-25T15:09:10.535+0000] {dag.py:4180} INFO - Setting next_dagrun for example_branch_operator to 2025-03-24 00:00:00+00:00, run_after=2025-03-25 00:00:00+00:00
[2025-03-25T15:09:10.582+0000] {processor.py:208} INFO - Processing /home/airflow/.local/lib/python3.12/site-packages/airflow/example_dags/example_branch_operator.py took 0.645 seconds
[2025-03-25T15:09:40.930+0000] {processor.py:186} INFO - Started process (PID=162) to work on /home/airflow/.local/lib/python3.12/site-packages/airflow/example_dags/example_branch_operator.py
[2025-03-25T15:09:40.932+0000] {processor.py:914} INFO - Processing file /home/airflow/.local/lib/python3.12/site-packages/airflow/example_dags/example_branch_operator.py for tasks to queue
[2025-03-25T15:09:40.934+0000] {logging_mixin.py:190} INFO - [2025-03-25T15:09:40.934+0000] {dagbag.py:588} INFO - Filling up the DagBag from /home/airflow/.local/lib/python3.12/site-packages/airflow/example_dags/example_branch_operator.py
[2025-03-25T15:09:40.957+0000] {processor.py:925} INFO - DAG(s) 'example_branch_operator' retrieved from /home/airflow/.local/lib/python3.12/site-packages/airflow/example_dags/example_branch_operator.py
[2025-03-25T15:09:41.008+0000] {logging_mixin.py:190} INFO - [2025-03-25T15:09:41.008+0000] {dag.py:3239} INFO - Sync 1 DAGs
[2025-03-25T15:09:41.040+0000] {logging_mixin.py:190} INFO - [2025-03-25T15:09:41.040+0000] {dag.py:4180} INFO - Setting next_dagrun for example_branch_operator to 2025-03-24 00:00:00+00:00, run_after=2025-03-25 00:00:00+00:00
[2025-03-25T15:09:41.060+0000] {processor.py:208} INFO - Processing /home/airflow/.local/lib/python3.12/site-packages/airflow/example_dags/example_branch_operator.py took 0.135 seconds
[2025-03-25T15:10:11.587+0000] {processor.py:186} INFO - Started process (PID=225) to work on /home/airflow/.local/lib/python3.12/site-packages/airflow/example_dags/example_branch_operator.py
[2025-03-25T15:10:11.588+0000] {processor.py:914} INFO - Processing file /home/airflow/.local/lib/python3.12/site-packages/airflow/example_dags/example_branch_operator.py for tasks to queue
[2025-03-25T15:10:11.591+0000] {logging_mixin.py:190} INFO - [2025-03-25T15:10:11.590+0000] {dagbag.py:588} INFO - Filling up the DagBag from /home/airflow/.local/lib/python3.12/site-packages/airflow/example_dags/example_branch_operator.py
[2025-03-25T15:10:11.614+0000] {processor.py:925} INFO - DAG(s) 'example_branch_operator' retrieved from /home/airflow/.local/lib/python3.12/site-packages/airflow/example_dags/example_branch_operator.py
[2025-03-25T15:10:11.649+0000] {logging_mixin.py:190} INFO - [2025-03-25T15:10:11.649+0000] {dag.py:3239} INFO - Sync 1 DAGs
[2025-03-25T15:10:11.674+0000] {logging_mixin.py:190} INFO - [2025-03-25T15:10:11.674+0000] {dag.py:4180} INFO - Setting next_dagrun for example_branch_operator to 2025-03-24 00:00:00+00:00, run_after=2025-03-25 00:00:00+00:00
[2025-03-25T15:10:11.695+0000] {processor.py:208} INFO - Processing /home/airflow/.local/lib/python3.12/site-packages/airflow/example_dags/example_branch_operator.py took 0.116 seconds
[2025-03-25T15:10:42.251+0000] {processor.py:186} INFO - Started process (PID=289) to work on /home/airflow/.local/lib/python3.12/site-packages/airflow/example_dags/example_branch_operator.py
[2025-03-25T15:10:42.252+0000] {processor.py:914} INFO - Processing file /home/airflow/.local/lib/python3.12/site-packages/airflow/example_dags/example_branch_operator.py for tasks to queue
[2025-03-25T15:10:42.256+0000] {logging_mixin.py:190} INFO - [2025-03-25T15:10:42.256+0000] {dagbag.py:588} INFO - Filling up the DagBag from /home/airflow/.local/lib/python3.12/site-packages/airflow/example_dags/example_branch_operator.py
[2025-03-25T15:10:42.276+0000] {processor.py:925} INFO - DAG(s) 'example_branch_operator' retrieved from /home/airflow/.local/lib/python3.12/site-packages/airflow/example_dags/example_branch_operator.py
[2025-03-25T15:10:42.307+0000] {logging_mixin.py:190} INFO - [2025-03-25T15:10:42.307+0000] {dag.py:3239} INFO - Sync 1 DAGs
[2025-03-25T15:10:42.333+0000] {logging_mixin.py:190} INFO - [2025-03-25T15:10:42.333+0000] {dag.py:4180} INFO - Setting next_dagrun for example_branch_operator to 2025-03-24 00:00:00+00:00, run_after=2025-03-25 00:00:00+00:00
[2025-03-25T15:10:42.353+0000] {processor.py:208} INFO - Processing /home/airflow/.local/lib/python3.12/site-packages/airflow/example_dags/example_branch_operator.py took 0.108 seconds
[2025-03-25T15:11:13.071+0000] {processor.py:186} INFO - Started process (PID=352) to work on /home/airflow/.local/lib/python3.12/site-packages/airflow/example_dags/example_branch_operator.py
[2025-03-25T15:11:13.072+0000] {processor.py:914} INFO - Processing file /home/airflow/.local/lib/python3.12/site-packages/airflow/example_dags/example_branch_operator.py for tasks to queue
[2025-03-25T15:11:13.075+0000] {logging_mixin.py:190} INFO - [2025-03-25T15:11:13.074+0000] {dagbag.py:588} INFO - Filling up the DagBag from /home/airflow/.local/lib/python3.12/site-packages/airflow/example_dags/example_branch_operator.py
[2025-03-25T15:11:13.094+0000] {processor.py:925} INFO - DAG(s) 'example_branch_operator' retrieved from /home/airflow/.local/lib/python3.12/site-packages/airflow/example_dags/example_branch_operator.py
[2025-03-25T15:11:13.125+0000] {logging_mixin.py:190} INFO - [2025-03-25T15:11:13.125+0000] {dag.py:3239} INFO - Sync 1 DAGs
[2025-03-25T15:11:13.150+0000] {logging_mixin.py:190} INFO - [2025-03-25T15:11:13.150+0000] {dag.py:4180} INFO - Setting next_dagrun for example_branch_operator to 2025-03-24 00:00:00+00:00, run_after=2025-03-25 00:00:00+00:00
[2025-03-25T15:11:13.169+0000] {processor.py:208} INFO - Processing /home/airflow/.local/lib/python3.12/site-packages/airflow/example_dags/example_branch_operator.py took 0.105 seconds
[2025-03-25T15:11:41.069+0000] {processor.py:186} INFO - Started process (PID=420) to work on /home/airflow/.local/lib/python3.12/site-packages/airflow/example_dags/example_branch_operator.py
[2025-03-25T15:11:41.071+0000] {processor.py:914} INFO - Processing file /home/airflow/.local/lib/python3.12/site-packages/airflow/example_dags/example_branch_operator.py for tasks to queue
[2025-03-25T15:11:41.073+0000] {logging_mixin.py:190} INFO - [2025-03-25T15:11:41.073+0000] {dagbag.py:588} INFO - Filling up the DagBag from /home/airflow/.local/lib/python3.12/site-packages/airflow/example_dags/example_branch_operator.py
[2025-03-25T15:11:41.094+0000] {processor.py:925} INFO - DAG(s) 'example_branch_operator' retrieved from /home/airflow/.local/lib/python3.12/site-packages/airflow/example_dags/example_branch_operator.py
[2025-03-25T15:11:41.132+0000] {logging_mixin.py:190} INFO - [2025-03-25T15:11:41.131+0000] {dag.py:3239} INFO - Sync 1 DAGs
[2025-03-25T15:11:41.160+0000] {logging_mixin.py:190} INFO - [2025-03-25T15:11:41.159+0000] {dag.py:4180} INFO - Setting next_dagrun for example_branch_operator to 2025-03-24 00:00:00+00:00, run_after=2025-03-25 00:00:00+00:00
[2025-03-25T15:11:41.181+0000] {processor.py:208} INFO - Processing /home/airflow/.local/lib/python3.12/site-packages/airflow/example_dags/example_branch_operator.py took 0.123 seconds
[2025-03-25T15:12:11.711+0000] {processor.py:186} INFO - Started process (PID=479) to work on /home/airflow/.local/lib/python3.12/site-packages/airflow/example_dags/example_branch_operator.py
[2025-03-25T15:12:11.713+0000] {processor.py:914} INFO - Processing file /home/airflow/.local/lib/python3.12/site-packages/airflow/example_dags/example_branch_operator.py for tasks to queue
[2025-03-25T15:12:11.717+0000] {logging_mixin.py:190} INFO - [2025-03-25T15:12:11.717+0000] {dagbag.py:588} INFO - Filling up the DagBag from /home/airflow/.local/lib/python3.12/site-packages/airflow/example_dags/example_branch_operator.py
[2025-03-25T15:12:11.748+0000] {processor.py:925} INFO - DAG(s) 'example_branch_operator' retrieved from /home/airflow/.local/lib/python3.12/site-packages/airflow/example_dags/example_branch_operator.py
[2025-03-25T15:12:11.796+0000] {logging_mixin.py:190} INFO - [2025-03-25T15:12:11.796+0000] {dag.py:3239} INFO - Sync 1 DAGs
[2025-03-25T15:12:11.833+0000] {logging_mixin.py:190} INFO - [2025-03-25T15:12:11.832+0000] {dag.py:4180} INFO - Setting next_dagrun for example_branch_operator to 2025-03-24 00:00:00+00:00, run_after=2025-03-25 00:00:00+00:00
[2025-03-25T15:12:11.857+0000] {processor.py:208} INFO - Processing /home/airflow/.local/lib/python3.12/site-packages/airflow/example_dags/example_branch_operator.py took 0.155 seconds
[2025-03-25T15:12:42.263+0000] {processor.py:186} INFO - Started process (PID=543) to work on /home/airflow/.local/lib/python3.12/site-packages/airflow/example_dags/example_branch_operator.py
[2025-03-25T15:12:42.264+0000] {processor.py:914} INFO - Processing file /home/airflow/.local/lib/python3.12/site-packages/airflow/example_dags/example_branch_operator.py for tasks to queue
[2025-03-25T15:12:42.267+0000] {logging_mixin.py:190} INFO - [2025-03-25T15:12:42.267+0000] {dagbag.py:588} INFO - Filling up the DagBag from /home/airflow/.local/lib/python3.12/site-packages/airflow/example_dags/example_branch_operator.py
[2025-03-25T15:12:42.289+0000] {processor.py:925} INFO - DAG(s) 'example_branch_operator' retrieved from /home/airflow/.local/lib/python3.12/site-packages/airflow/example_dags/example_branch_operator.py
[2025-03-25T15:12:42.324+0000] {logging_mixin.py:190} INFO - [2025-03-25T15:12:42.324+0000] {dag.py:3239} INFO - Sync 1 DAGs
[2025-03-25T15:12:42.356+0000] {logging_mixin.py:190} INFO - [2025-03-25T15:12:42.355+0000] {dag.py:4180} INFO - Setting next_dagrun for example_branch_operator to 2025-03-24 00:00:00+00:00, run_after=2025-03-25 00:00:00+00:00
[2025-03-25T15:12:42.377+0000] {processor.py:208} INFO - Processing /home/airflow/.local/lib/python3.12/site-packages/airflow/example_dags/example_branch_operator.py took 0.122 seconds
[2025-03-25T15:13:13.011+0000] {processor.py:186} INFO - Started process (PID=605) to work on /home/airflow/.local/lib/python3.12/site-packages/airflow/example_dags/example_branch_operator.py
[2025-03-25T15:13:13.013+0000] {processor.py:914} INFO - Processing file /home/airflow/.local/lib/python3.12/site-packages/airflow/example_dags/example_branch_operator.py for tasks to queue
[2025-03-25T15:13:13.015+0000] {logging_mixin.py:190} INFO - [2025-03-25T15:13:13.014+0000] {dagbag.py:588} INFO - Filling up the DagBag from /home/airflow/.local/lib/python3.12/site-packages/airflow/example_dags/example_branch_operator.py
[2025-03-25T15:13:13.036+0000] {processor.py:925} INFO - DAG(s) 'example_branch_operator' retrieved from /home/airflow/.local/lib/python3.12/site-packages/airflow/example_dags/example_branch_operator.py
[2025-03-25T15:13:13.069+0000] {logging_mixin.py:190} INFO - [2025-03-25T15:13:13.069+0000] {dag.py:3239} INFO - Sync 1 DAGs
[2025-03-25T15:13:13.098+0000] {logging_mixin.py:190} INFO - [2025-03-25T15:13:13.098+0000] {dag.py:4180} INFO - Setting next_dagrun for example_branch_operator to 2025-03-24 00:00:00+00:00, run_after=2025-03-25 00:00:00+00:00
[2025-03-25T15:13:10.625+0000] {processor.py:208} INFO - Processing /home/airflow/.local/lib/python3.12/site-packages/airflow/example_dags/example_branch_operator.py took 0.113 seconds
[2025-03-25T15:13:41.056+0000] {processor.py:186} INFO - Started process (PID=661) to work on /home/airflow/.local/lib/python3.12/site-packages/airflow/example_dags/example_branch_operator.py
[2025-03-25T15:13:41.058+0000] {processor.py:914} INFO - Processing file /home/airflow/.local/lib/python3.12/site-packages/airflow/example_dags/example_branch_operator.py for tasks to queue
[2025-03-25T15:13:41.060+0000] {logging_mixin.py:190} INFO - [2025-03-25T15:13:41.060+0000] {dagbag.py:588} INFO - Filling up the DagBag from /home/airflow/.local/lib/python3.12/site-packages/airflow/example_dags/example_branch_operator.py
[2025-03-25T15:13:41.082+0000] {processor.py:925} INFO - DAG(s) 'example_branch_operator' retrieved from /home/airflow/.local/lib/python3.12/site-packages/airflow/example_dags/example_branch_operator.py
[2025-03-25T15:13:41.123+0000] {logging_mixin.py:190} INFO - [2025-03-25T15:13:41.122+0000] {dag.py:3239} INFO - Sync 1 DAGs
[2025-03-25T15:13:41.152+0000] {logging_mixin.py:190} INFO - [2025-03-25T15:13:41.152+0000] {dag.py:4180} INFO - Setting next_dagrun for example_branch_operator to 2025-03-24 00:00:00+00:00, run_after=2025-03-25 00:00:00+00:00
[2025-03-25T15:13:41.172+0000] {processor.py:208} INFO - Processing /home/airflow/.local/lib/python3.12/site-packages/airflow/example_dags/example_branch_operator.py took 0.123 seconds
[2025-03-25T15:15:05.167+0000] {processor.py:186} INFO - Started process (PID=93) to work on /home/airflow/.local/lib/python3.12/site-packages/airflow/example_dags/example_branch_operator.py
[2025-03-25T15:15:05.169+0000] {processor.py:914} INFO - Processing file /home/airflow/.local/lib/python3.12/site-packages/airflow/example_dags/example_branch_operator.py for tasks to queue
[2025-03-25T15:15:05.174+0000] {logging_mixin.py:190} INFO - [2025-03-25T15:15:05.174+0000] {dagbag.py:588} INFO - Filling up the DagBag from /home/airflow/.local/lib/python3.12/site-packages/airflow/example_dags/example_branch_operator.py
[2025-03-25T15:15:05.228+0000] {processor.py:925} INFO - DAG(s) 'example_branch_operator' retrieved from /home/airflow/.local/lib/python3.12/site-packages/airflow/example_dags/example_branch_operator.py
[2025-03-25T15:15:05.789+0000] {logging_mixin.py:190} INFO - [2025-03-25T15:15:05.788+0000] {dag.py:3239} INFO - Sync 1 DAGs
[2025-03-25T15:15:05.891+0000] {logging_mixin.py:190} INFO - [2025-03-25T15:15:05.890+0000] {dag.py:4180} INFO - Setting next_dagrun for example_branch_operator to 2025-03-24 00:00:00+00:00, run_after=2025-03-25 00:00:00+00:00
[2025-03-25T15:15:05.963+0000] {processor.py:208} INFO - Processing /home/airflow/.local/lib/python3.12/site-packages/airflow/example_dags/example_branch_operator.py took 0.813 seconds
[2025-03-25T15:15:36.108+0000] {processor.py:186} INFO - Started process (PID=157) to work on /home/airflow/.local/lib/python3.12/site-packages/airflow/example_dags/example_branch_operator.py
[2025-03-25T15:15:36.110+0000] {processor.py:914} INFO - Processing file /home/airflow/.local/lib/python3.12/site-packages/airflow/example_dags/example_branch_operator.py for tasks to queue
[2025-03-25T15:15:36.112+0000] {logging_mixin.py:190} INFO - [2025-03-25T15:15:36.112+0000] {dagbag.py:588} INFO - Filling up the DagBag from /home/airflow/.local/lib/python3.12/site-packages/airflow/example_dags/example_branch_operator.py
[2025-03-25T15:15:36.131+0000] {processor.py:925} INFO - DAG(s) 'example_branch_operator' retrieved from /home/airflow/.local/lib/python3.12/site-packages/airflow/example_dags/example_branch_operator.py
[2025-03-25T15:15:36.169+0000] {logging_mixin.py:190} INFO - [2025-03-25T15:15:36.168+0000] {dag.py:3239} INFO - Sync 1 DAGs
[2025-03-25T15:15:36.199+0000] {logging_mixin.py:190} INFO - [2025-03-25T15:15:36.198+0000] {dag.py:4180} INFO - Setting next_dagrun for example_branch_operator to 2025-03-24 00:00:00+00:00, run_after=2025-03-25 00:00:00+00:00
[2025-03-25T15:15:36.222+0000] {processor.py:208} INFO - Processing /home/airflow/.local/lib/python3.12/site-packages/airflow/example_dags/example_branch_operator.py took 0.121 seconds
[2025-03-25T15:20:22.050+0000] {processor.py:186} INFO - Started process (PID=100) to work on /home/airflow/.local/lib/python3.12/site-packages/airflow/example_dags/example_branch_operator.py
[2025-03-25T15:20:22.051+0000] {processor.py:914} INFO - Processing file /home/airflow/.local/lib/python3.12/site-packages/airflow/example_dags/example_branch_operator.py for tasks to queue
[2025-03-25T15:20:22.054+0000] {logging_mixin.py:190} INFO - [2025-03-25T15:20:22.054+0000] {dagbag.py:588} INFO - Filling up the DagBag from /home/airflow/.local/lib/python3.12/site-packages/airflow/example_dags/example_branch_operator.py
[2025-03-25T15:20:22.084+0000] {processor.py:925} INFO - DAG(s) 'example_branch_operator' retrieved from /home/airflow/.local/lib/python3.12/site-packages/airflow/example_dags/example_branch_operator.py
[2025-03-25T15:20:22.324+0000] {logging_mixin.py:190} INFO - [2025-03-25T15:20:22.324+0000] {dag.py:3239} INFO - Sync 1 DAGs
[2025-03-25T15:20:22.376+0000] {logging_mixin.py:190} INFO - [2025-03-25T15:20:22.376+0000] {dag.py:4180} INFO - Setting next_dagrun for example_branch_operator to 2025-03-24 00:00:00+00:00, run_after=2025-03-25 00:00:00+00:00
[2025-03-25T15:20:22.418+0000] {processor.py:208} INFO - Processing /home/airflow/.local/lib/python3.12/site-packages/airflow/example_dags/example_branch_operator.py took 0.378 seconds
[2025-03-25T15:20:53.117+0000] {processor.py:186} INFO - Started process (PID=163) to work on /home/airflow/.local/lib/python3.12/site-packages/airflow/example_dags/example_branch_operator.py
[2025-03-25T15:20:53.118+0000] {processor.py:914} INFO - Processing file /home/airflow/.local/lib/python3.12/site-packages/airflow/example_dags/example_branch_operator.py for tasks to queue
[2025-03-25T15:20:53.120+0000] {logging_mixin.py:190} INFO - [2025-03-25T15:20:53.120+0000] {dagbag.py:588} INFO - Filling up the DagBag from /home/airflow/.local/lib/python3.12/site-packages/airflow/example_dags/example_branch_operator.py
[2025-03-25T15:20:53.142+0000] {processor.py:925} INFO - DAG(s) 'example_branch_operator' retrieved from /home/airflow/.local/lib/python3.12/site-packages/airflow/example_dags/example_branch_operator.py
[2025-03-25T15:20:53.179+0000] {logging_mixin.py:190} INFO - [2025-03-25T15:20:53.179+0000] {dag.py:3239} INFO - Sync 1 DAGs
[2025-03-25T15:20:53.218+0000] {logging_mixin.py:190} INFO - [2025-03-25T15:20:53.217+0000] {dag.py:4180} INFO - Setting next_dagrun for example_branch_operator to 2025-03-24 00:00:00+00:00, run_after=2025-03-25 00:00:00+00:00
[2025-03-25T15:20:53.244+0000] {processor.py:208} INFO - Processing /home/airflow/.local/lib/python3.12/site-packages/airflow/example_dags/example_branch_operator.py took 0.133 seconds
[2025-03-25T15:21:23.280+0000] {processor.py:186} INFO - Started process (PID=226) to work on /home/airflow/.local/lib/python3.12/site-packages/airflow/example_dags/example_branch_operator.py
[2025-03-25T15:21:23.281+0000] {processor.py:914} INFO - Processing file /home/airflow/.local/lib/python3.12/site-packages/airflow/example_dags/example_branch_operator.py for tasks to queue
[2025-03-25T15:21:23.284+0000] {logging_mixin.py:190} INFO - [2025-03-25T15:21:23.284+0000] {dagbag.py:588} INFO - Filling up the DagBag from /home/airflow/.local/lib/python3.12/site-packages/airflow/example_dags/example_branch_operator.py
[2025-03-25T15:21:23.306+0000] {processor.py:925} INFO - DAG(s) 'example_branch_operator' retrieved from /home/airflow/.local/lib/python3.12/site-packages/airflow/example_dags/example_branch_operator.py
[2025-03-25T15:21:23.346+0000] {logging_mixin.py:190} INFO - [2025-03-25T15:21:23.346+0000] {dag.py:3239} INFO - Sync 1 DAGs
[2025-03-25T15:21:23.383+0000] {logging_mixin.py:190} INFO - [2025-03-25T15:21:23.383+0000] {dag.py:4180} INFO - Setting next_dagrun for example_branch_operator to 2025-03-24 00:00:00+00:00, run_after=2025-03-25 00:00:00+00:00
[2025-03-25T15:21:23.406+0000] {processor.py:208} INFO - Processing /home/airflow/.local/lib/python3.12/site-packages/airflow/example_dags/example_branch_operator.py took 0.132 seconds
[2025-03-25T15:21:53.770+0000] {processor.py:186} INFO - Started process (PID=290) to work on /home/airflow/.local/lib/python3.12/site-packages/airflow/example_dags/example_branch_operator.py
[2025-03-25T15:21:53.771+0000] {processor.py:914} INFO - Processing file /home/airflow/.local/lib/python3.12/site-packages/airflow/example_dags/example_branch_operator.py for tasks to queue
[2025-03-25T15:21:53.773+0000] {logging_mixin.py:190} INFO - [2025-03-25T15:21:53.773+0000] {dagbag.py:588} INFO - Filling up the DagBag from /home/airflow/.local/lib/python3.12/site-packages/airflow/example_dags/example_branch_operator.py
[2025-03-25T15:21:53.798+0000] {processor.py:925} INFO - DAG(s) 'example_branch_operator' retrieved from /home/airflow/.local/lib/python3.12/site-packages/airflow/example_dags/example_branch_operator.py
[2025-03-25T15:21:53.838+0000] {logging_mixin.py:190} INFO - [2025-03-25T15:21:53.838+0000] {dag.py:3239} INFO - Sync 1 DAGs
[2025-03-25T15:21:53.869+0000] {logging_mixin.py:190} INFO - [2025-03-25T15:21:53.869+0000] {dag.py:4180} INFO - Setting next_dagrun for example_branch_operator to 2025-03-24 00:00:00+00:00, run_after=2025-03-25 00:00:00+00:00
[2025-03-25T15:21:53.898+0000] {processor.py:208} INFO - Processing /home/airflow/.local/lib/python3.12/site-packages/airflow/example_dags/example_branch_operator.py took 0.135 seconds
