[2025-03-25T15:09:11.278+0000] {processor.py:186} INFO - Started process (PID=104) to work on /home/airflow/.local/lib/python3.12/site-packages/airflow/example_dags/example_dataset_alias_with_no_taskflow.py
[2025-03-25T15:09:11.279+0000] {processor.py:914} INFO - Processing file /home/airflow/.local/lib/python3.12/site-packages/airflow/example_dags/example_dataset_alias_with_no_taskflow.py for tasks to queue
[2025-03-25T15:09:11.282+0000] {logging_mixin.py:190} INFO - [2025-03-25T15:09:11.282+0000] {dagbag.py:588} INFO - Filling up the DagBag from /home/airflow/.local/lib/python3.12/site-packages/airflow/example_dags/example_dataset_alias_with_no_taskflow.py
[2025-03-25T15:09:12.883+0000] {processor.py:925} INFO - DAG(s) 'dataset_alias_example_alias_producer_with_no_taskflow', 'dataset_alias_example_alias_consumer_with_no_taskflow', 'dataset_s3_bucket_consumer_with_no_taskflow', 'dataset_s3_bucket_producer_with_no_taskflow' retrieved from /home/airflow/.local/lib/python3.12/site-packages/airflow/example_dags/example_dataset_alias_with_no_taskflow.py
[2025-03-25T15:09:13.021+0000] {logging_mixin.py:190} INFO - [2025-03-25T15:09:13.020+0000] {override.py:1912} INFO - Created Permission View: can read on DAG:dataset_alias_example_alias_producer_with_no_taskflow
[2025-03-25T15:09:13.041+0000] {logging_mixin.py:190} INFO - [2025-03-25T15:09:13.041+0000] {override.py:1912} INFO - Created Permission View: can delete on DAG:dataset_alias_example_alias_producer_with_no_taskflow
[2025-03-25T15:09:13.052+0000] {logging_mixin.py:190} INFO - [2025-03-25T15:09:13.052+0000] {override.py:1912} INFO - Created Permission View: can edit on DAG:dataset_alias_example_alias_producer_with_no_taskflow
[2025-03-25T15:09:13.065+0000] {logging_mixin.py:190} INFO - [2025-03-25T15:09:13.065+0000] {override.py:1912} INFO - Created Permission View: can create on DAG Run:dataset_alias_example_alias_producer_with_no_taskflow
[2025-03-25T15:09:13.076+0000] {logging_mixin.py:190} INFO - [2025-03-25T15:09:13.075+0000] {override.py:1912} INFO - Created Permission View: can read on DAG Run:dataset_alias_example_alias_producer_with_no_taskflow
[2025-03-25T15:09:13.086+0000] {logging_mixin.py:190} INFO - [2025-03-25T15:09:13.086+0000] {override.py:1912} INFO - Created Permission View: can delete on DAG Run:dataset_alias_example_alias_producer_with_no_taskflow
[2025-03-25T15:09:13.096+0000] {logging_mixin.py:190} INFO - [2025-03-25T15:09:13.096+0000] {override.py:1912} INFO - Created Permission View: menu access on DAG Run:dataset_alias_example_alias_producer_with_no_taskflow
[2025-03-25T15:09:13.116+0000] {logging_mixin.py:190} INFO - [2025-03-25T15:09:13.115+0000] {override.py:1912} INFO - Created Permission View: can read on DAG:dataset_alias_example_alias_consumer_with_no_taskflow
[2025-03-25T15:09:13.126+0000] {logging_mixin.py:190} INFO - [2025-03-25T15:09:13.126+0000] {override.py:1912} INFO - Created Permission View: can delete on DAG:dataset_alias_example_alias_consumer_with_no_taskflow
[2025-03-25T15:09:13.137+0000] {logging_mixin.py:190} INFO - [2025-03-25T15:09:13.137+0000] {override.py:1912} INFO - Created Permission View: can edit on DAG:dataset_alias_example_alias_consumer_with_no_taskflow
[2025-03-25T15:09:13.150+0000] {logging_mixin.py:190} INFO - [2025-03-25T15:09:13.149+0000] {override.py:1912} INFO - Created Permission View: can create on DAG Run:dataset_alias_example_alias_consumer_with_no_taskflow
[2025-03-25T15:09:13.161+0000] {logging_mixin.py:190} INFO - [2025-03-25T15:09:13.161+0000] {override.py:1912} INFO - Created Permission View: can read on DAG Run:dataset_alias_example_alias_consumer_with_no_taskflow
[2025-03-25T15:09:13.174+0000] {logging_mixin.py:190} INFO - [2025-03-25T15:09:13.174+0000] {override.py:1912} INFO - Created Permission View: can delete on DAG Run:dataset_alias_example_alias_consumer_with_no_taskflow
[2025-03-25T15:09:13.184+0000] {logging_mixin.py:190} INFO - [2025-03-25T15:09:13.184+0000] {override.py:1912} INFO - Created Permission View: menu access on DAG Run:dataset_alias_example_alias_consumer_with_no_taskflow
[2025-03-25T15:09:13.205+0000] {logging_mixin.py:190} INFO - [2025-03-25T15:09:13.205+0000] {override.py:1912} INFO - Created Permission View: can read on DAG:dataset_s3_bucket_consumer_with_no_taskflow
[2025-03-25T15:09:13.216+0000] {logging_mixin.py:190} INFO - [2025-03-25T15:09:13.216+0000] {override.py:1912} INFO - Created Permission View: can delete on DAG:dataset_s3_bucket_consumer_with_no_taskflow
[2025-03-25T15:09:13.226+0000] {logging_mixin.py:190} INFO - [2025-03-25T15:09:13.226+0000] {override.py:1912} INFO - Created Permission View: can edit on DAG:dataset_s3_bucket_consumer_with_no_taskflow
[2025-03-25T15:09:13.240+0000] {logging_mixin.py:190} INFO - [2025-03-25T15:09:13.240+0000] {override.py:1912} INFO - Created Permission View: can create on DAG Run:dataset_s3_bucket_consumer_with_no_taskflow
[2025-03-25T15:09:13.251+0000] {logging_mixin.py:190} INFO - [2025-03-25T15:09:13.251+0000] {override.py:1912} INFO - Created Permission View: can read on DAG Run:dataset_s3_bucket_consumer_with_no_taskflow
[2025-03-25T15:09:13.261+0000] {logging_mixin.py:190} INFO - [2025-03-25T15:09:13.261+0000] {override.py:1912} INFO - Created Permission View: can delete on DAG Run:dataset_s3_bucket_consumer_with_no_taskflow
[2025-03-25T15:09:13.272+0000] {logging_mixin.py:190} INFO - [2025-03-25T15:09:13.272+0000] {override.py:1912} INFO - Created Permission View: menu access on DAG Run:dataset_s3_bucket_consumer_with_no_taskflow
[2025-03-25T15:09:13.295+0000] {logging_mixin.py:190} INFO - [2025-03-25T15:09:13.294+0000] {override.py:1912} INFO - Created Permission View: can read on DAG:dataset_s3_bucket_producer_with_no_taskflow
[2025-03-25T15:09:13.305+0000] {logging_mixin.py:190} INFO - [2025-03-25T15:09:13.305+0000] {override.py:1912} INFO - Created Permission View: can delete on DAG:dataset_s3_bucket_producer_with_no_taskflow
[2025-03-25T15:09:13.316+0000] {logging_mixin.py:190} INFO - [2025-03-25T15:09:13.316+0000] {override.py:1912} INFO - Created Permission View: can edit on DAG:dataset_s3_bucket_producer_with_no_taskflow
[2025-03-25T15:09:13.331+0000] {logging_mixin.py:190} INFO - [2025-03-25T15:09:13.331+0000] {override.py:1912} INFO - Created Permission View: can create on DAG Run:dataset_s3_bucket_producer_with_no_taskflow
[2025-03-25T15:09:13.342+0000] {logging_mixin.py:190} INFO - [2025-03-25T15:09:13.341+0000] {override.py:1912} INFO - Created Permission View: can read on DAG Run:dataset_s3_bucket_producer_with_no_taskflow
[2025-03-25T15:09:13.352+0000] {logging_mixin.py:190} INFO - [2025-03-25T15:09:13.352+0000] {override.py:1912} INFO - Created Permission View: can delete on DAG Run:dataset_s3_bucket_producer_with_no_taskflow
[2025-03-25T15:09:13.362+0000] {logging_mixin.py:190} INFO - [2025-03-25T15:09:13.362+0000] {override.py:1912} INFO - Created Permission View: menu access on DAG Run:dataset_s3_bucket_producer_with_no_taskflow
[2025-03-25T15:09:13.363+0000] {logging_mixin.py:190} INFO - [2025-03-25T15:09:13.363+0000] {dag.py:3239} INFO - Sync 4 DAGs
[2025-03-25T15:09:13.381+0000] {logging_mixin.py:190} INFO - [2025-03-25T15:09:13.380+0000] {dag.py:3262} INFO - Creating ORM DAG for dataset_s3_bucket_producer_with_no_taskflow
[2025-03-25T15:09:13.381+0000] {logging_mixin.py:190} INFO - [2025-03-25T15:09:13.381+0000] {dag.py:3262} INFO - Creating ORM DAG for dataset_alias_example_alias_producer_with_no_taskflow
[2025-03-25T15:09:13.382+0000] {logging_mixin.py:190} INFO - [2025-03-25T15:09:13.382+0000] {dag.py:3262} INFO - Creating ORM DAG for dataset_alias_example_alias_consumer_with_no_taskflow
[2025-03-25T15:09:13.383+0000] {logging_mixin.py:190} INFO - [2025-03-25T15:09:13.383+0000] {dag.py:3262} INFO - Creating ORM DAG for dataset_s3_bucket_consumer_with_no_taskflow
[2025-03-25T15:09:13.394+0000] {logging_mixin.py:190} INFO - [2025-03-25T15:09:13.394+0000] {dag.py:4180} INFO - Setting next_dagrun for dataset_alias_example_alias_consumer_with_no_taskflow to None, run_after=None
[2025-03-25T15:09:13.395+0000] {logging_mixin.py:190} INFO - [2025-03-25T15:09:13.395+0000] {dag.py:4180} INFO - Setting next_dagrun for dataset_alias_example_alias_producer_with_no_taskflow to None, run_after=None
[2025-03-25T15:09:13.396+0000] {logging_mixin.py:190} INFO - [2025-03-25T15:09:13.396+0000] {dag.py:4180} INFO - Setting next_dagrun for dataset_s3_bucket_consumer_with_no_taskflow to None, run_after=None
[2025-03-25T15:09:13.397+0000] {logging_mixin.py:190} INFO - [2025-03-25T15:09:13.397+0000] {dag.py:4180} INFO - Setting next_dagrun for dataset_s3_bucket_producer_with_no_taskflow to None, run_after=None
[2025-03-25T15:09:13.442+0000] {processor.py:208} INFO - Processing /home/airflow/.local/lib/python3.12/site-packages/airflow/example_dags/example_dataset_alias_with_no_taskflow.py took 4.675 seconds
[2025-03-25T15:09:43.966+0000] {processor.py:186} INFO - Started process (PID=168) to work on /home/airflow/.local/lib/python3.12/site-packages/airflow/example_dags/example_dataset_alias_with_no_taskflow.py
[2025-03-25T15:09:43.967+0000] {processor.py:914} INFO - Processing file /home/airflow/.local/lib/python3.12/site-packages/airflow/example_dags/example_dataset_alias_with_no_taskflow.py for tasks to queue
[2025-03-25T15:09:43.970+0000] {logging_mixin.py:190} INFO - [2025-03-25T15:09:43.970+0000] {dagbag.py:588} INFO - Filling up the DagBag from /home/airflow/.local/lib/python3.12/site-packages/airflow/example_dags/example_dataset_alias_with_no_taskflow.py
[2025-03-25T15:09:44.633+0000] {processor.py:925} INFO - DAG(s) 'dataset_alias_example_alias_producer_with_no_taskflow', 'dataset_s3_bucket_producer_with_no_taskflow', 'dataset_s3_bucket_consumer_with_no_taskflow', 'dataset_alias_example_alias_consumer_with_no_taskflow' retrieved from /home/airflow/.local/lib/python3.12/site-packages/airflow/example_dags/example_dataset_alias_with_no_taskflow.py
[2025-03-25T15:09:44.654+0000] {logging_mixin.py:190} INFO - [2025-03-25T15:09:44.654+0000] {dag.py:3239} INFO - Sync 4 DAGs
[2025-03-25T15:09:44.680+0000] {logging_mixin.py:190} INFO - [2025-03-25T15:09:44.680+0000] {dag.py:4180} INFO - Setting next_dagrun for dataset_alias_example_alias_consumer_with_no_taskflow to None, run_after=None
[2025-03-25T15:09:44.683+0000] {logging_mixin.py:190} INFO - [2025-03-25T15:09:44.683+0000] {dag.py:4180} INFO - Setting next_dagrun for dataset_alias_example_alias_producer_with_no_taskflow to None, run_after=None
[2025-03-25T15:09:44.685+0000] {logging_mixin.py:190} INFO - [2025-03-25T15:09:44.685+0000] {dag.py:4180} INFO - Setting next_dagrun for dataset_s3_bucket_consumer_with_no_taskflow to None, run_after=None
[2025-03-25T15:09:44.687+0000] {logging_mixin.py:190} INFO - [2025-03-25T15:09:44.687+0000] {dag.py:4180} INFO - Setting next_dagrun for dataset_s3_bucket_producer_with_no_taskflow to None, run_after=None
[2025-03-25T15:09:44.709+0000] {processor.py:208} INFO - Processing /home/airflow/.local/lib/python3.12/site-packages/airflow/example_dags/example_dataset_alias_with_no_taskflow.py took 0.750 seconds
[2025-03-25T15:10:15.439+0000] {processor.py:186} INFO - Started process (PID=233) to work on /home/airflow/.local/lib/python3.12/site-packages/airflow/example_dags/example_dataset_alias_with_no_taskflow.py
[2025-03-25T15:10:15.441+0000] {processor.py:914} INFO - Processing file /home/airflow/.local/lib/python3.12/site-packages/airflow/example_dags/example_dataset_alias_with_no_taskflow.py for tasks to queue
[2025-03-25T15:10:15.443+0000] {logging_mixin.py:190} INFO - [2025-03-25T15:10:15.443+0000] {dagbag.py:588} INFO - Filling up the DagBag from /home/airflow/.local/lib/python3.12/site-packages/airflow/example_dags/example_dataset_alias_with_no_taskflow.py
[2025-03-25T15:10:16.073+0000] {processor.py:925} INFO - DAG(s) 'dataset_s3_bucket_producer_with_no_taskflow', 'dataset_alias_example_alias_consumer_with_no_taskflow', 'dataset_alias_example_alias_producer_with_no_taskflow', 'dataset_s3_bucket_consumer_with_no_taskflow' retrieved from /home/airflow/.local/lib/python3.12/site-packages/airflow/example_dags/example_dataset_alias_with_no_taskflow.py
[2025-03-25T15:10:16.094+0000] {logging_mixin.py:190} INFO - [2025-03-25T15:10:16.093+0000] {dag.py:3239} INFO - Sync 4 DAGs
[2025-03-25T15:10:16.115+0000] {logging_mixin.py:190} INFO - [2025-03-25T15:10:16.115+0000] {dag.py:4180} INFO - Setting next_dagrun for dataset_alias_example_alias_consumer_with_no_taskflow to None, run_after=None
[2025-03-25T15:10:16.118+0000] {logging_mixin.py:190} INFO - [2025-03-25T15:10:16.117+0000] {dag.py:4180} INFO - Setting next_dagrun for dataset_alias_example_alias_producer_with_no_taskflow to None, run_after=None
[2025-03-25T15:10:16.119+0000] {logging_mixin.py:190} INFO - [2025-03-25T15:10:16.119+0000] {dag.py:4180} INFO - Setting next_dagrun for dataset_s3_bucket_consumer_with_no_taskflow to None, run_after=None
[2025-03-25T15:10:16.120+0000] {logging_mixin.py:190} INFO - [2025-03-25T15:10:16.120+0000] {dag.py:4180} INFO - Setting next_dagrun for dataset_s3_bucket_producer_with_no_taskflow to None, run_after=None
[2025-03-25T15:10:16.160+0000] {processor.py:208} INFO - Processing /home/airflow/.local/lib/python3.12/site-packages/airflow/example_dags/example_dataset_alias_with_no_taskflow.py took 0.727 seconds
[2025-03-25T15:10:47.186+0000] {processor.py:186} INFO - Started process (PID=302) to work on /home/airflow/.local/lib/python3.12/site-packages/airflow/example_dags/example_dataset_alias_with_no_taskflow.py
[2025-03-25T15:10:47.187+0000] {processor.py:914} INFO - Processing file /home/airflow/.local/lib/python3.12/site-packages/airflow/example_dags/example_dataset_alias_with_no_taskflow.py for tasks to queue
[2025-03-25T15:10:47.189+0000] {logging_mixin.py:190} INFO - [2025-03-25T15:10:47.189+0000] {dagbag.py:588} INFO - Filling up the DagBag from /home/airflow/.local/lib/python3.12/site-packages/airflow/example_dags/example_dataset_alias_with_no_taskflow.py
[2025-03-25T15:10:47.794+0000] {processor.py:925} INFO - DAG(s) 'dataset_s3_bucket_consumer_with_no_taskflow', 'dataset_s3_bucket_producer_with_no_taskflow', 'dataset_alias_example_alias_consumer_with_no_taskflow', 'dataset_alias_example_alias_producer_with_no_taskflow' retrieved from /home/airflow/.local/lib/python3.12/site-packages/airflow/example_dags/example_dataset_alias_with_no_taskflow.py
[2025-03-25T15:10:47.815+0000] {logging_mixin.py:190} INFO - [2025-03-25T15:10:47.814+0000] {dag.py:3239} INFO - Sync 4 DAGs
[2025-03-25T15:10:47.836+0000] {logging_mixin.py:190} INFO - [2025-03-25T15:10:47.836+0000] {dag.py:4180} INFO - Setting next_dagrun for dataset_alias_example_alias_consumer_with_no_taskflow to None, run_after=None
[2025-03-25T15:10:47.838+0000] {logging_mixin.py:190} INFO - [2025-03-25T15:10:47.838+0000] {dag.py:4180} INFO - Setting next_dagrun for dataset_alias_example_alias_producer_with_no_taskflow to None, run_after=None
[2025-03-25T15:10:47.840+0000] {logging_mixin.py:190} INFO - [2025-03-25T15:10:47.839+0000] {dag.py:4180} INFO - Setting next_dagrun for dataset_s3_bucket_consumer_with_no_taskflow to None, run_after=None
[2025-03-25T15:10:47.841+0000] {logging_mixin.py:190} INFO - [2025-03-25T15:10:47.841+0000] {dag.py:4180} INFO - Setting next_dagrun for dataset_s3_bucket_producer_with_no_taskflow to None, run_after=None
[2025-03-25T15:10:47.863+0000] {processor.py:208} INFO - Processing /home/airflow/.local/lib/python3.12/site-packages/airflow/example_dags/example_dataset_alias_with_no_taskflow.py took 0.686 seconds
[2025-03-25T15:11:17.940+0000] {processor.py:186} INFO - Started process (PID=365) to work on /home/airflow/.local/lib/python3.12/site-packages/airflow/example_dags/example_dataset_alias_with_no_taskflow.py
[2025-03-25T15:11:17.941+0000] {processor.py:914} INFO - Processing file /home/airflow/.local/lib/python3.12/site-packages/airflow/example_dags/example_dataset_alias_with_no_taskflow.py for tasks to queue
[2025-03-25T15:11:17.943+0000] {logging_mixin.py:190} INFO - [2025-03-25T15:11:17.943+0000] {dagbag.py:588} INFO - Filling up the DagBag from /home/airflow/.local/lib/python3.12/site-packages/airflow/example_dags/example_dataset_alias_with_no_taskflow.py
[2025-03-25T15:11:18.565+0000] {processor.py:925} INFO - DAG(s) 'dataset_alias_example_alias_consumer_with_no_taskflow', 'dataset_s3_bucket_producer_with_no_taskflow', 'dataset_alias_example_alias_producer_with_no_taskflow', 'dataset_s3_bucket_consumer_with_no_taskflow' retrieved from /home/airflow/.local/lib/python3.12/site-packages/airflow/example_dags/example_dataset_alias_with_no_taskflow.py
[2025-03-25T15:11:18.588+0000] {logging_mixin.py:190} INFO - [2025-03-25T15:11:18.587+0000] {dag.py:3239} INFO - Sync 4 DAGs
[2025-03-25T15:11:18.609+0000] {logging_mixin.py:190} INFO - [2025-03-25T15:11:18.609+0000] {dag.py:4180} INFO - Setting next_dagrun for dataset_alias_example_alias_consumer_with_no_taskflow to None, run_after=None
[2025-03-25T15:11:18.611+0000] {logging_mixin.py:190} INFO - [2025-03-25T15:11:18.611+0000] {dag.py:4180} INFO - Setting next_dagrun for dataset_alias_example_alias_producer_with_no_taskflow to None, run_after=None
[2025-03-25T15:11:18.612+0000] {logging_mixin.py:190} INFO - [2025-03-25T15:11:18.612+0000] {dag.py:4180} INFO - Setting next_dagrun for dataset_s3_bucket_consumer_with_no_taskflow to None, run_after=None
[2025-03-25T15:11:18.614+0000] {logging_mixin.py:190} INFO - [2025-03-25T15:11:18.613+0000] {dag.py:4180} INFO - Setting next_dagrun for dataset_s3_bucket_producer_with_no_taskflow to None, run_after=None
[2025-03-25T15:11:18.638+0000] {processor.py:208} INFO - Processing /home/airflow/.local/lib/python3.12/site-packages/airflow/example_dags/example_dataset_alias_with_no_taskflow.py took 0.704 seconds
[2025-03-25T15:11:49.222+0000] {processor.py:186} INFO - Started process (PID=428) to work on /home/airflow/.local/lib/python3.12/site-packages/airflow/example_dags/example_dataset_alias_with_no_taskflow.py
[2025-03-25T15:11:49.225+0000] {processor.py:914} INFO - Processing file /home/airflow/.local/lib/python3.12/site-packages/airflow/example_dags/example_dataset_alias_with_no_taskflow.py for tasks to queue
[2025-03-25T15:11:49.231+0000] {logging_mixin.py:190} INFO - [2025-03-25T15:11:49.230+0000] {dagbag.py:588} INFO - Filling up the DagBag from /home/airflow/.local/lib/python3.12/site-packages/airflow/example_dags/example_dataset_alias_with_no_taskflow.py
[2025-03-25T15:11:50.881+0000] {processor.py:925} INFO - DAG(s) 'dataset_s3_bucket_producer_with_no_taskflow', 'dataset_s3_bucket_consumer_with_no_taskflow', 'dataset_alias_example_alias_consumer_with_no_taskflow', 'dataset_alias_example_alias_producer_with_no_taskflow' retrieved from /home/airflow/.local/lib/python3.12/site-packages/airflow/example_dags/example_dataset_alias_with_no_taskflow.py
[2025-03-25T15:11:50.914+0000] {logging_mixin.py:190} INFO - [2025-03-25T15:11:50.913+0000] {dag.py:3239} INFO - Sync 4 DAGs
[2025-03-25T15:11:50.943+0000] {logging_mixin.py:190} INFO - [2025-03-25T15:11:50.942+0000] {dag.py:4180} INFO - Setting next_dagrun for dataset_alias_example_alias_consumer_with_no_taskflow to None, run_after=None
[2025-03-25T15:11:50.945+0000] {logging_mixin.py:190} INFO - [2025-03-25T15:11:50.945+0000] {dag.py:4180} INFO - Setting next_dagrun for dataset_alias_example_alias_producer_with_no_taskflow to None, run_after=None
[2025-03-25T15:11:50.947+0000] {logging_mixin.py:190} INFO - [2025-03-25T15:11:50.947+0000] {dag.py:4180} INFO - Setting next_dagrun for dataset_s3_bucket_consumer_with_no_taskflow to None, run_after=None
[2025-03-25T15:11:50.948+0000] {logging_mixin.py:190} INFO - [2025-03-25T15:11:50.948+0000] {dag.py:4180} INFO - Setting next_dagrun for dataset_s3_bucket_producer_with_no_taskflow to None, run_after=None
[2025-03-25T15:11:50.976+0000] {processor.py:208} INFO - Processing /home/airflow/.local/lib/python3.12/site-packages/airflow/example_dags/example_dataset_alias_with_no_taskflow.py took 1.771 seconds
[2025-03-25T15:12:21.779+0000] {processor.py:186} INFO - Started process (PID=491) to work on /home/airflow/.local/lib/python3.12/site-packages/airflow/example_dags/example_dataset_alias_with_no_taskflow.py
[2025-03-25T15:12:21.780+0000] {processor.py:914} INFO - Processing file /home/airflow/.local/lib/python3.12/site-packages/airflow/example_dags/example_dataset_alias_with_no_taskflow.py for tasks to queue
[2025-03-25T15:12:21.783+0000] {logging_mixin.py:190} INFO - [2025-03-25T15:12:21.783+0000] {dagbag.py:588} INFO - Filling up the DagBag from /home/airflow/.local/lib/python3.12/site-packages/airflow/example_dags/example_dataset_alias_with_no_taskflow.py
[2025-03-25T15:12:22.483+0000] {processor.py:925} INFO - DAG(s) 'dataset_s3_bucket_consumer_with_no_taskflow', 'dataset_alias_example_alias_consumer_with_no_taskflow', 'dataset_alias_example_alias_producer_with_no_taskflow', 'dataset_s3_bucket_producer_with_no_taskflow' retrieved from /home/airflow/.local/lib/python3.12/site-packages/airflow/example_dags/example_dataset_alias_with_no_taskflow.py
[2025-03-25T15:12:22.506+0000] {logging_mixin.py:190} INFO - [2025-03-25T15:12:22.506+0000] {dag.py:3239} INFO - Sync 4 DAGs
[2025-03-25T15:12:22.531+0000] {logging_mixin.py:190} INFO - [2025-03-25T15:12:22.531+0000] {dag.py:4180} INFO - Setting next_dagrun for dataset_alias_example_alias_consumer_with_no_taskflow to None, run_after=None
[2025-03-25T15:12:22.534+0000] {logging_mixin.py:190} INFO - [2025-03-25T15:12:22.534+0000] {dag.py:4180} INFO - Setting next_dagrun for dataset_alias_example_alias_producer_with_no_taskflow to None, run_after=None
[2025-03-25T15:12:22.535+0000] {logging_mixin.py:190} INFO - [2025-03-25T15:12:22.535+0000] {dag.py:4180} INFO - Setting next_dagrun for dataset_s3_bucket_consumer_with_no_taskflow to None, run_after=None
[2025-03-25T15:12:22.536+0000] {logging_mixin.py:190} INFO - [2025-03-25T15:12:22.536+0000] {dag.py:4180} INFO - Setting next_dagrun for dataset_s3_bucket_producer_with_no_taskflow to None, run_after=None
[2025-03-25T15:12:22.560+0000] {processor.py:208} INFO - Processing /home/airflow/.local/lib/python3.12/site-packages/airflow/example_dags/example_dataset_alias_with_no_taskflow.py took 0.788 seconds
[2025-03-25T15:12:52.838+0000] {processor.py:186} INFO - Started process (PID=554) to work on /home/airflow/.local/lib/python3.12/site-packages/airflow/example_dags/example_dataset_alias_with_no_taskflow.py
[2025-03-25T15:12:52.840+0000] {processor.py:914} INFO - Processing file /home/airflow/.local/lib/python3.12/site-packages/airflow/example_dags/example_dataset_alias_with_no_taskflow.py for tasks to queue
[2025-03-25T15:12:52.842+0000] {logging_mixin.py:190} INFO - [2025-03-25T15:12:52.842+0000] {dagbag.py:588} INFO - Filling up the DagBag from /home/airflow/.local/lib/python3.12/site-packages/airflow/example_dags/example_dataset_alias_with_no_taskflow.py
[2025-03-25T15:12:53.492+0000] {processor.py:925} INFO - DAG(s) 'dataset_alias_example_alias_producer_with_no_taskflow', 'dataset_s3_bucket_producer_with_no_taskflow', 'dataset_s3_bucket_consumer_with_no_taskflow', 'dataset_alias_example_alias_consumer_with_no_taskflow' retrieved from /home/airflow/.local/lib/python3.12/site-packages/airflow/example_dags/example_dataset_alias_with_no_taskflow.py
[2025-03-25T15:12:53.515+0000] {logging_mixin.py:190} INFO - [2025-03-25T15:12:53.515+0000] {dag.py:3239} INFO - Sync 4 DAGs
[2025-03-25T15:12:53.539+0000] {logging_mixin.py:190} INFO - [2025-03-25T15:12:53.539+0000] {dag.py:4180} INFO - Setting next_dagrun for dataset_alias_example_alias_consumer_with_no_taskflow to None, run_after=None
[2025-03-25T15:12:53.543+0000] {logging_mixin.py:190} INFO - [2025-03-25T15:12:53.543+0000] {dag.py:4180} INFO - Setting next_dagrun for dataset_alias_example_alias_producer_with_no_taskflow to None, run_after=None
[2025-03-25T15:12:53.544+0000] {logging_mixin.py:190} INFO - [2025-03-25T15:12:53.544+0000] {dag.py:4180} INFO - Setting next_dagrun for dataset_s3_bucket_consumer_with_no_taskflow to None, run_after=None
[2025-03-25T15:12:53.545+0000] {logging_mixin.py:190} INFO - [2025-03-25T15:12:53.545+0000] {dag.py:4180} INFO - Setting next_dagrun for dataset_s3_bucket_producer_with_no_taskflow to None, run_after=None
[2025-03-25T15:12:53.568+0000] {processor.py:208} INFO - Processing /home/airflow/.local/lib/python3.12/site-packages/airflow/example_dags/example_dataset_alias_with_no_taskflow.py took 0.738 seconds
[2025-03-25T15:13:23.994+0000] {processor.py:186} INFO - Started process (PID=617) to work on /home/airflow/.local/lib/python3.12/site-packages/airflow/example_dags/example_dataset_alias_with_no_taskflow.py
[2025-03-25T15:13:23.996+0000] {processor.py:914} INFO - Processing file /home/airflow/.local/lib/python3.12/site-packages/airflow/example_dags/example_dataset_alias_with_no_taskflow.py for tasks to queue
[2025-03-25T15:13:23.999+0000] {logging_mixin.py:190} INFO - [2025-03-25T15:13:23.999+0000] {dagbag.py:588} INFO - Filling up the DagBag from /home/airflow/.local/lib/python3.12/site-packages/airflow/example_dags/example_dataset_alias_with_no_taskflow.py
[2025-03-25T15:13:24.764+0000] {processor.py:925} INFO - DAG(s) 'dataset_alias_example_alias_consumer_with_no_taskflow', 'dataset_s3_bucket_consumer_with_no_taskflow', 'dataset_alias_example_alias_producer_with_no_taskflow', 'dataset_s3_bucket_producer_with_no_taskflow' retrieved from /home/airflow/.local/lib/python3.12/site-packages/airflow/example_dags/example_dataset_alias_with_no_taskflow.py
[2025-03-25T15:13:24.793+0000] {logging_mixin.py:190} INFO - [2025-03-25T15:13:24.792+0000] {dag.py:3239} INFO - Sync 4 DAGs
[2025-03-25T15:13:24.822+0000] {logging_mixin.py:190} INFO - [2025-03-25T15:13:24.822+0000] {dag.py:4180} INFO - Setting next_dagrun for dataset_alias_example_alias_consumer_with_no_taskflow to None, run_after=None
[2025-03-25T15:13:24.825+0000] {logging_mixin.py:190} INFO - [2025-03-25T15:13:24.825+0000] {dag.py:4180} INFO - Setting next_dagrun for dataset_alias_example_alias_producer_with_no_taskflow to None, run_after=None
[2025-03-25T15:13:24.828+0000] {logging_mixin.py:190} INFO - [2025-03-25T15:13:24.827+0000] {dag.py:4180} INFO - Setting next_dagrun for dataset_s3_bucket_consumer_with_no_taskflow to None, run_after=None
[2025-03-25T15:13:24.830+0000] {logging_mixin.py:190} INFO - [2025-03-25T15:13:24.829+0000] {dag.py:4180} INFO - Setting next_dagrun for dataset_s3_bucket_producer_with_no_taskflow to None, run_after=None
[2025-03-25T15:13:24.859+0000] {processor.py:208} INFO - Processing /home/airflow/.local/lib/python3.12/site-packages/airflow/example_dags/example_dataset_alias_with_no_taskflow.py took 0.874 seconds
[2025-03-25T15:15:06.633+0000] {processor.py:186} INFO - Started process (PID=98) to work on /home/airflow/.local/lib/python3.12/site-packages/airflow/example_dags/example_dataset_alias_with_no_taskflow.py
[2025-03-25T15:15:06.641+0000] {processor.py:914} INFO - Processing file /home/airflow/.local/lib/python3.12/site-packages/airflow/example_dags/example_dataset_alias_with_no_taskflow.py for tasks to queue
[2025-03-25T15:15:06.653+0000] {logging_mixin.py:190} INFO - [2025-03-25T15:15:06.652+0000] {dagbag.py:588} INFO - Filling up the DagBag from /home/airflow/.local/lib/python3.12/site-packages/airflow/example_dags/example_dataset_alias_with_no_taskflow.py
[2025-03-25T15:15:10.395+0000] {processor.py:925} INFO - DAG(s) 'dataset_alias_example_alias_consumer_with_no_taskflow', 'dataset_s3_bucket_consumer_with_no_taskflow', 'dataset_s3_bucket_producer_with_no_taskflow', 'dataset_alias_example_alias_producer_with_no_taskflow' retrieved from /home/airflow/.local/lib/python3.12/site-packages/airflow/example_dags/example_dataset_alias_with_no_taskflow.py
[2025-03-25T15:15:10.451+0000] {logging_mixin.py:190} INFO - [2025-03-25T15:15:10.450+0000] {dag.py:3239} INFO - Sync 4 DAGs
[2025-03-25T15:15:10.504+0000] {logging_mixin.py:190} INFO - [2025-03-25T15:15:10.503+0000] {dag.py:4180} INFO - Setting next_dagrun for dataset_alias_example_alias_consumer_with_no_taskflow to None, run_after=None
[2025-03-25T15:15:10.507+0000] {logging_mixin.py:190} INFO - [2025-03-25T15:15:10.507+0000] {dag.py:4180} INFO - Setting next_dagrun for dataset_alias_example_alias_producer_with_no_taskflow to None, run_after=None
[2025-03-25T15:15:10.510+0000] {logging_mixin.py:190} INFO - [2025-03-25T15:15:10.509+0000] {dag.py:4180} INFO - Setting next_dagrun for dataset_s3_bucket_consumer_with_no_taskflow to None, run_after=None
[2025-03-25T15:15:10.512+0000] {logging_mixin.py:190} INFO - [2025-03-25T15:15:10.511+0000] {dag.py:4180} INFO - Setting next_dagrun for dataset_s3_bucket_producer_with_no_taskflow to None, run_after=None
[2025-03-25T15:15:10.548+0000] {processor.py:208} INFO - Processing /home/airflow/.local/lib/python3.12/site-packages/airflow/example_dags/example_dataset_alias_with_no_taskflow.py took 3.935 seconds
[2025-03-25T15:20:22.751+0000] {processor.py:186} INFO - Started process (PID=105) to work on /home/airflow/.local/lib/python3.12/site-packages/airflow/example_dags/example_dataset_alias_with_no_taskflow.py
[2025-03-25T15:20:22.753+0000] {processor.py:914} INFO - Processing file /home/airflow/.local/lib/python3.12/site-packages/airflow/example_dags/example_dataset_alias_with_no_taskflow.py for tasks to queue
[2025-03-25T15:20:22.756+0000] {logging_mixin.py:190} INFO - [2025-03-25T15:20:22.756+0000] {dagbag.py:588} INFO - Filling up the DagBag from /home/airflow/.local/lib/python3.12/site-packages/airflow/example_dags/example_dataset_alias_with_no_taskflow.py
[2025-03-25T15:20:25.314+0000] {processor.py:925} INFO - DAG(s) 'dataset_alias_example_alias_consumer_with_no_taskflow', 'dataset_s3_bucket_producer_with_no_taskflow', 'dataset_s3_bucket_consumer_with_no_taskflow', 'dataset_alias_example_alias_producer_with_no_taskflow' retrieved from /home/airflow/.local/lib/python3.12/site-packages/airflow/example_dags/example_dataset_alias_with_no_taskflow.py
[2025-03-25T15:20:25.350+0000] {logging_mixin.py:190} INFO - [2025-03-25T15:20:25.350+0000] {dag.py:3239} INFO - Sync 4 DAGs
[2025-03-25T15:20:25.396+0000] {logging_mixin.py:190} INFO - [2025-03-25T15:20:25.396+0000] {dag.py:4180} INFO - Setting next_dagrun for dataset_alias_example_alias_consumer_with_no_taskflow to None, run_after=None
[2025-03-25T15:20:25.399+0000] {logging_mixin.py:190} INFO - [2025-03-25T15:20:25.399+0000] {dag.py:4180} INFO - Setting next_dagrun for dataset_alias_example_alias_producer_with_no_taskflow to None, run_after=None
[2025-03-25T15:20:25.401+0000] {logging_mixin.py:190} INFO - [2025-03-25T15:20:25.401+0000] {dag.py:4180} INFO - Setting next_dagrun for dataset_s3_bucket_consumer_with_no_taskflow to None, run_after=None
[2025-03-25T15:20:25.402+0000] {logging_mixin.py:190} INFO - [2025-03-25T15:20:25.402+0000] {dag.py:4180} INFO - Setting next_dagrun for dataset_s3_bucket_producer_with_no_taskflow to None, run_after=None
[2025-03-25T15:20:25.437+0000] {processor.py:208} INFO - Processing /home/airflow/.local/lib/python3.12/site-packages/airflow/example_dags/example_dataset_alias_with_no_taskflow.py took 2.697 seconds
[2025-03-25T15:20:55.563+0000] {processor.py:186} INFO - Started process (PID=168) to work on /home/airflow/.local/lib/python3.12/site-packages/airflow/example_dags/example_dataset_alias_with_no_taskflow.py
[2025-03-25T15:20:55.566+0000] {processor.py:914} INFO - Processing file /home/airflow/.local/lib/python3.12/site-packages/airflow/example_dags/example_dataset_alias_with_no_taskflow.py for tasks to queue
[2025-03-25T15:20:55.578+0000] {logging_mixin.py:190} INFO - [2025-03-25T15:20:55.577+0000] {dagbag.py:588} INFO - Filling up the DagBag from /home/airflow/.local/lib/python3.12/site-packages/airflow/example_dags/example_dataset_alias_with_no_taskflow.py
[2025-03-25T15:20:57.451+0000] {processor.py:925} INFO - DAG(s) 'dataset_alias_example_alias_producer_with_no_taskflow', 'dataset_s3_bucket_consumer_with_no_taskflow', 'dataset_alias_example_alias_consumer_with_no_taskflow', 'dataset_s3_bucket_producer_with_no_taskflow' retrieved from /home/airflow/.local/lib/python3.12/site-packages/airflow/example_dags/example_dataset_alias_with_no_taskflow.py
[2025-03-25T15:20:57.508+0000] {logging_mixin.py:190} INFO - [2025-03-25T15:20:57.507+0000] {dag.py:3239} INFO - Sync 4 DAGs
[2025-03-25T15:20:57.566+0000] {logging_mixin.py:190} INFO - [2025-03-25T15:20:57.565+0000] {dag.py:4180} INFO - Setting next_dagrun for dataset_alias_example_alias_consumer_with_no_taskflow to None, run_after=None
[2025-03-25T15:20:57.573+0000] {logging_mixin.py:190} INFO - [2025-03-25T15:20:57.572+0000] {dag.py:4180} INFO - Setting next_dagrun for dataset_alias_example_alias_producer_with_no_taskflow to None, run_after=None
[2025-03-25T15:20:57.577+0000] {logging_mixin.py:190} INFO - [2025-03-25T15:20:57.577+0000] {dag.py:4180} INFO - Setting next_dagrun for dataset_s3_bucket_consumer_with_no_taskflow to None, run_after=None
[2025-03-25T15:20:57.579+0000] {logging_mixin.py:190} INFO - [2025-03-25T15:20:57.578+0000] {dag.py:4180} INFO - Setting next_dagrun for dataset_s3_bucket_producer_with_no_taskflow to None, run_after=None
[2025-03-25T15:20:57.613+0000] {processor.py:208} INFO - Processing /home/airflow/.local/lib/python3.12/site-packages/airflow/example_dags/example_dataset_alias_with_no_taskflow.py took 2.068 seconds
[2025-03-25T15:21:27.886+0000] {processor.py:186} INFO - Started process (PID=236) to work on /home/airflow/.local/lib/python3.12/site-packages/airflow/example_dags/example_dataset_alias_with_no_taskflow.py
[2025-03-25T15:21:27.887+0000] {processor.py:914} INFO - Processing file /home/airflow/.local/lib/python3.12/site-packages/airflow/example_dags/example_dataset_alias_with_no_taskflow.py for tasks to queue
[2025-03-25T15:21:27.889+0000] {logging_mixin.py:190} INFO - [2025-03-25T15:21:27.889+0000] {dagbag.py:588} INFO - Filling up the DagBag from /home/airflow/.local/lib/python3.12/site-packages/airflow/example_dags/example_dataset_alias_with_no_taskflow.py
[2025-03-25T15:21:28.892+0000] {processor.py:925} INFO - DAG(s) 'dataset_alias_example_alias_consumer_with_no_taskflow', 'dataset_s3_bucket_consumer_with_no_taskflow', 'dataset_alias_example_alias_producer_with_no_taskflow', 'dataset_s3_bucket_producer_with_no_taskflow' retrieved from /home/airflow/.local/lib/python3.12/site-packages/airflow/example_dags/example_dataset_alias_with_no_taskflow.py
[2025-03-25T15:21:28.922+0000] {logging_mixin.py:190} INFO - [2025-03-25T15:21:28.921+0000] {dag.py:3239} INFO - Sync 4 DAGs
[2025-03-25T15:21:28.954+0000] {logging_mixin.py:190} INFO - [2025-03-25T15:21:28.954+0000] {dag.py:4180} INFO - Setting next_dagrun for dataset_alias_example_alias_consumer_with_no_taskflow to None, run_after=None
[2025-03-25T15:21:28.957+0000] {logging_mixin.py:190} INFO - [2025-03-25T15:21:28.957+0000] {dag.py:4180} INFO - Setting next_dagrun for dataset_alias_example_alias_producer_with_no_taskflow to None, run_after=None
[2025-03-25T15:21:28.959+0000] {logging_mixin.py:190} INFO - [2025-03-25T15:21:28.958+0000] {dag.py:4180} INFO - Setting next_dagrun for dataset_s3_bucket_consumer_with_no_taskflow to None, run_after=None
[2025-03-25T15:21:28.960+0000] {logging_mixin.py:190} INFO - [2025-03-25T15:21:28.960+0000] {dag.py:4180} INFO - Setting next_dagrun for dataset_s3_bucket_producer_with_no_taskflow to None, run_after=None
[2025-03-25T15:21:28.985+0000] {processor.py:208} INFO - Processing /home/airflow/.local/lib/python3.12/site-packages/airflow/example_dags/example_dataset_alias_with_no_taskflow.py took 1.106 seconds
[2025-03-25T15:21:59.082+0000] {processor.py:186} INFO - Started process (PID=299) to work on /home/airflow/.local/lib/python3.12/site-packages/airflow/example_dags/example_dataset_alias_with_no_taskflow.py
[2025-03-25T15:21:59.084+0000] {processor.py:914} INFO - Processing file /home/airflow/.local/lib/python3.12/site-packages/airflow/example_dags/example_dataset_alias_with_no_taskflow.py for tasks to queue
[2025-03-25T15:21:59.088+0000] {logging_mixin.py:190} INFO - [2025-03-25T15:21:59.087+0000] {dagbag.py:588} INFO - Filling up the DagBag from /home/airflow/.local/lib/python3.12/site-packages/airflow/example_dags/example_dataset_alias_with_no_taskflow.py
[2025-03-25T15:22:00.158+0000] {processor.py:925} INFO - DAG(s) 'dataset_alias_example_alias_producer_with_no_taskflow', 'dataset_s3_bucket_producer_with_no_taskflow', 'dataset_s3_bucket_consumer_with_no_taskflow', 'dataset_alias_example_alias_consumer_with_no_taskflow' retrieved from /home/airflow/.local/lib/python3.12/site-packages/airflow/example_dags/example_dataset_alias_with_no_taskflow.py
[2025-03-25T15:22:00.183+0000] {logging_mixin.py:190} INFO - [2025-03-25T15:22:00.183+0000] {dag.py:3239} INFO - Sync 4 DAGs
[2025-03-25T15:22:00.213+0000] {logging_mixin.py:190} INFO - [2025-03-25T15:22:00.213+0000] {dag.py:4180} INFO - Setting next_dagrun for dataset_alias_example_alias_consumer_with_no_taskflow to None, run_after=None
[2025-03-25T15:22:00.216+0000] {logging_mixin.py:190} INFO - [2025-03-25T15:22:00.216+0000] {dag.py:4180} INFO - Setting next_dagrun for dataset_alias_example_alias_producer_with_no_taskflow to None, run_after=None
[2025-03-25T15:22:00.218+0000] {logging_mixin.py:190} INFO - [2025-03-25T15:22:00.218+0000] {dag.py:4180} INFO - Setting next_dagrun for dataset_s3_bucket_consumer_with_no_taskflow to None, run_after=None
[2025-03-25T15:22:00.219+0000] {logging_mixin.py:190} INFO - [2025-03-25T15:22:00.219+0000] {dag.py:4180} INFO - Setting next_dagrun for dataset_s3_bucket_producer_with_no_taskflow to None, run_after=None
[2025-03-25T15:22:00.245+0000] {processor.py:208} INFO - Processing /home/airflow/.local/lib/python3.12/site-packages/airflow/example_dags/example_dataset_alias_with_no_taskflow.py took 1.176 seconds
