[2025-03-25T15:09:10.642+0000] {processor.py:186} INFO - Started process (PID=101) to work on /home/airflow/.local/lib/python3.12/site-packages/airflow/example_dags/example_trigger_target_dag.py
[2025-03-25T15:09:10.645+0000] {processor.py:914} INFO - Processing file /home/airflow/.local/lib/python3.12/site-packages/airflow/example_dags/example_trigger_target_dag.py for tasks to queue
[2025-03-25T15:09:10.652+0000] {logging_mixin.py:190} INFO - [2025-03-25T15:09:10.651+0000] {dagbag.py:588} INFO - Filling up the DagBag from /home/airflow/.local/lib/python3.12/site-packages/airflow/example_dags/example_trigger_target_dag.py
[2025-03-25T15:09:10.669+0000] {processor.py:925} INFO - DAG(s) 'example_trigger_target_dag' retrieved from /home/airflow/.local/lib/python3.12/site-packages/airflow/example_dags/example_trigger_target_dag.py
[2025-03-25T15:09:10.894+0000] {logging_mixin.py:190} INFO - [2025-03-25T15:09:10.891+0000] {override.py:1912} INFO - Created Permission View: can read on DAG:example_trigger_target_dag
[2025-03-25T15:09:10.919+0000] {logging_mixin.py:190} INFO - [2025-03-25T15:09:10.919+0000] {override.py:1912} INFO - Created Permission View: can delete on DAG:example_trigger_target_dag
[2025-03-25T15:09:10.935+0000] {logging_mixin.py:190} INFO - [2025-03-25T15:09:10.934+0000] {override.py:1912} INFO - Created Permission View: can edit on DAG:example_trigger_target_dag
[2025-03-25T15:09:10.950+0000] {logging_mixin.py:190} INFO - [2025-03-25T15:09:10.949+0000] {override.py:1912} INFO - Created Permission View: can create on DAG Run:example_trigger_target_dag
[2025-03-25T15:09:10.964+0000] {logging_mixin.py:190} INFO - [2025-03-25T15:09:10.964+0000] {override.py:1912} INFO - Created Permission View: can read on DAG Run:example_trigger_target_dag
[2025-03-25T15:09:10.978+0000] {logging_mixin.py:190} INFO - [2025-03-25T15:09:10.977+0000] {override.py:1912} INFO - Created Permission View: can delete on DAG Run:example_trigger_target_dag
[2025-03-25T15:09:10.992+0000] {logging_mixin.py:190} INFO - [2025-03-25T15:09:10.991+0000] {override.py:1912} INFO - Created Permission View: menu access on DAG Run:example_trigger_target_dag
[2025-03-25T15:09:10.992+0000] {logging_mixin.py:190} INFO - [2025-03-25T15:09:10.992+0000] {dag.py:3239} INFO - Sync 1 DAGs
[2025-03-25T15:09:11.023+0000] {logging_mixin.py:190} INFO - [2025-03-25T15:09:11.023+0000] {dag.py:3262} INFO - Creating ORM DAG for example_trigger_target_dag
[2025-03-25T15:09:11.024+0000] {logging_mixin.py:190} INFO - [2025-03-25T15:09:11.024+0000] {dag.py:4180} INFO - Setting next_dagrun for example_trigger_target_dag to None, run_after=None
[2025-03-25T15:09:11.054+0000] {processor.py:208} INFO - Processing /home/airflow/.local/lib/python3.12/site-packages/airflow/example_dags/example_trigger_target_dag.py took 0.428 seconds
[2025-03-25T15:09:41.186+0000] {processor.py:186} INFO - Started process (PID=164) to work on /home/airflow/.local/lib/python3.12/site-packages/airflow/example_dags/example_trigger_target_dag.py
[2025-03-25T15:09:41.188+0000] {processor.py:914} INFO - Processing file /home/airflow/.local/lib/python3.12/site-packages/airflow/example_dags/example_trigger_target_dag.py for tasks to queue
[2025-03-25T15:09:41.190+0000] {logging_mixin.py:190} INFO - [2025-03-25T15:09:41.190+0000] {dagbag.py:588} INFO - Filling up the DagBag from /home/airflow/.local/lib/python3.12/site-packages/airflow/example_dags/example_trigger_target_dag.py
[2025-03-25T15:09:41.201+0000] {processor.py:925} INFO - DAG(s) 'example_trigger_target_dag' retrieved from /home/airflow/.local/lib/python3.12/site-packages/airflow/example_dags/example_trigger_target_dag.py
[2025-03-25T15:09:41.224+0000] {logging_mixin.py:190} INFO - [2025-03-25T15:09:41.224+0000] {dag.py:3239} INFO - Sync 1 DAGs
[2025-03-25T15:09:41.241+0000] {logging_mixin.py:190} INFO - [2025-03-25T15:09:41.241+0000] {dag.py:4180} INFO - Setting next_dagrun for example_trigger_target_dag to None, run_after=None
[2025-03-25T15:09:41.262+0000] {processor.py:208} INFO - Processing /home/airflow/.local/lib/python3.12/site-packages/airflow/example_dags/example_trigger_target_dag.py took 0.082 seconds
[2025-03-25T15:10:11.698+0000] {processor.py:186} INFO - Started process (PID=227) to work on /home/airflow/.local/lib/python3.12/site-packages/airflow/example_dags/example_trigger_target_dag.py
[2025-03-25T15:10:11.699+0000] {processor.py:914} INFO - Processing file /home/airflow/.local/lib/python3.12/site-packages/airflow/example_dags/example_trigger_target_dag.py for tasks to queue
[2025-03-25T15:10:11.701+0000] {logging_mixin.py:190} INFO - [2025-03-25T15:10:11.701+0000] {dagbag.py:588} INFO - Filling up the DagBag from /home/airflow/.local/lib/python3.12/site-packages/airflow/example_dags/example_trigger_target_dag.py
[2025-03-25T15:10:11.709+0000] {processor.py:925} INFO - DAG(s) 'example_trigger_target_dag' retrieved from /home/airflow/.local/lib/python3.12/site-packages/airflow/example_dags/example_trigger_target_dag.py
[2025-03-25T15:10:11.729+0000] {logging_mixin.py:190} INFO - [2025-03-25T15:10:11.729+0000] {dag.py:3239} INFO - Sync 1 DAGs
[2025-03-25T15:10:11.744+0000] {logging_mixin.py:190} INFO - [2025-03-25T15:10:11.744+0000] {dag.py:4180} INFO - Setting next_dagrun for example_trigger_target_dag to None, run_after=None
[2025-03-25T15:10:11.763+0000] {processor.py:208} INFO - Processing /home/airflow/.local/lib/python3.12/site-packages/airflow/example_dags/example_trigger_target_dag.py took 0.072 seconds
[2025-03-25T15:10:42.359+0000] {processor.py:186} INFO - Started process (PID=291) to work on /home/airflow/.local/lib/python3.12/site-packages/airflow/example_dags/example_trigger_target_dag.py
[2025-03-25T15:10:42.360+0000] {processor.py:914} INFO - Processing file /home/airflow/.local/lib/python3.12/site-packages/airflow/example_dags/example_trigger_target_dag.py for tasks to queue
[2025-03-25T15:10:42.362+0000] {logging_mixin.py:190} INFO - [2025-03-25T15:10:42.362+0000] {dagbag.py:588} INFO - Filling up the DagBag from /home/airflow/.local/lib/python3.12/site-packages/airflow/example_dags/example_trigger_target_dag.py
[2025-03-25T15:10:42.372+0000] {processor.py:925} INFO - DAG(s) 'example_trigger_target_dag' retrieved from /home/airflow/.local/lib/python3.12/site-packages/airflow/example_dags/example_trigger_target_dag.py
[2025-03-25T15:10:42.397+0000] {logging_mixin.py:190} INFO - [2025-03-25T15:10:42.396+0000] {dag.py:3239} INFO - Sync 1 DAGs
[2025-03-25T15:10:42.416+0000] {logging_mixin.py:190} INFO - [2025-03-25T15:10:42.415+0000] {dag.py:4180} INFO - Setting next_dagrun for example_trigger_target_dag to None, run_after=None
[2025-03-25T15:10:42.440+0000] {processor.py:208} INFO - Processing /home/airflow/.local/lib/python3.12/site-packages/airflow/example_dags/example_trigger_target_dag.py took 0.088 seconds
[2025-03-25T15:11:13.176+0000] {processor.py:186} INFO - Started process (PID=354) to work on /home/airflow/.local/lib/python3.12/site-packages/airflow/example_dags/example_trigger_target_dag.py
[2025-03-25T15:11:13.177+0000] {processor.py:914} INFO - Processing file /home/airflow/.local/lib/python3.12/site-packages/airflow/example_dags/example_trigger_target_dag.py for tasks to queue
[2025-03-25T15:11:13.180+0000] {logging_mixin.py:190} INFO - [2025-03-25T15:11:13.179+0000] {dagbag.py:588} INFO - Filling up the DagBag from /home/airflow/.local/lib/python3.12/site-packages/airflow/example_dags/example_trigger_target_dag.py
[2025-03-25T15:11:13.187+0000] {processor.py:925} INFO - DAG(s) 'example_trigger_target_dag' retrieved from /home/airflow/.local/lib/python3.12/site-packages/airflow/example_dags/example_trigger_target_dag.py
[2025-03-25T15:11:13.207+0000] {logging_mixin.py:190} INFO - [2025-03-25T15:11:13.206+0000] {dag.py:3239} INFO - Sync 1 DAGs
[2025-03-25T15:11:13.222+0000] {logging_mixin.py:190} INFO - [2025-03-25T15:11:13.221+0000] {dag.py:4180} INFO - Setting next_dagrun for example_trigger_target_dag to None, run_after=None
[2025-03-25T15:11:13.241+0000] {processor.py:208} INFO - Processing /home/airflow/.local/lib/python3.12/site-packages/airflow/example_dags/example_trigger_target_dag.py took 0.072 seconds
[2025-03-25T15:11:41.186+0000] {processor.py:186} INFO - Started process (PID=422) to work on /home/airflow/.local/lib/python3.12/site-packages/airflow/example_dags/example_trigger_target_dag.py
[2025-03-25T15:11:41.188+0000] {processor.py:914} INFO - Processing file /home/airflow/.local/lib/python3.12/site-packages/airflow/example_dags/example_trigger_target_dag.py for tasks to queue
[2025-03-25T15:11:41.190+0000] {logging_mixin.py:190} INFO - [2025-03-25T15:11:41.190+0000] {dagbag.py:588} INFO - Filling up the DagBag from /home/airflow/.local/lib/python3.12/site-packages/airflow/example_dags/example_trigger_target_dag.py
[2025-03-25T15:11:41.199+0000] {processor.py:925} INFO - DAG(s) 'example_trigger_target_dag' retrieved from /home/airflow/.local/lib/python3.12/site-packages/airflow/example_dags/example_trigger_target_dag.py
[2025-03-25T15:11:41.222+0000] {logging_mixin.py:190} INFO - [2025-03-25T15:11:41.221+0000] {dag.py:3239} INFO - Sync 1 DAGs
[2025-03-25T15:11:41.239+0000] {logging_mixin.py:190} INFO - [2025-03-25T15:11:41.239+0000] {dag.py:4180} INFO - Setting next_dagrun for example_trigger_target_dag to None, run_after=None
[2025-03-25T15:11:41.261+0000] {processor.py:208} INFO - Processing /home/airflow/.local/lib/python3.12/site-packages/airflow/example_dags/example_trigger_target_dag.py took 0.083 seconds
[2025-03-25T15:12:11.892+0000] {processor.py:186} INFO - Started process (PID=481) to work on /home/airflow/.local/lib/python3.12/site-packages/airflow/example_dags/example_trigger_target_dag.py
[2025-03-25T15:12:11.894+0000] {processor.py:914} INFO - Processing file /home/airflow/.local/lib/python3.12/site-packages/airflow/example_dags/example_trigger_target_dag.py for tasks to queue
[2025-03-25T15:12:11.897+0000] {logging_mixin.py:190} INFO - [2025-03-25T15:12:11.896+0000] {dagbag.py:588} INFO - Filling up the DagBag from /home/airflow/.local/lib/python3.12/site-packages/airflow/example_dags/example_trigger_target_dag.py
[2025-03-25T15:12:11.907+0000] {processor.py:925} INFO - DAG(s) 'example_trigger_target_dag' retrieved from /home/airflow/.local/lib/python3.12/site-packages/airflow/example_dags/example_trigger_target_dag.py
[2025-03-25T15:12:11.935+0000] {logging_mixin.py:190} INFO - [2025-03-25T15:12:11.935+0000] {dag.py:3239} INFO - Sync 1 DAGs
[2025-03-25T15:12:11.956+0000] {logging_mixin.py:190} INFO - [2025-03-25T15:12:11.956+0000] {dag.py:4180} INFO - Setting next_dagrun for example_trigger_target_dag to None, run_after=None
[2025-03-25T15:12:11.983+0000] {processor.py:208} INFO - Processing /home/airflow/.local/lib/python3.12/site-packages/airflow/example_dags/example_trigger_target_dag.py took 0.100 seconds
[2025-03-25T15:12:42.518+0000] {processor.py:186} INFO - Started process (PID=545) to work on /home/airflow/.local/lib/python3.12/site-packages/airflow/example_dags/example_trigger_target_dag.py
[2025-03-25T15:12:42.519+0000] {processor.py:914} INFO - Processing file /home/airflow/.local/lib/python3.12/site-packages/airflow/example_dags/example_trigger_target_dag.py for tasks to queue
[2025-03-25T15:12:42.522+0000] {logging_mixin.py:190} INFO - [2025-03-25T15:12:42.521+0000] {dagbag.py:588} INFO - Filling up the DagBag from /home/airflow/.local/lib/python3.12/site-packages/airflow/example_dags/example_trigger_target_dag.py
[2025-03-25T15:12:42.530+0000] {processor.py:925} INFO - DAG(s) 'example_trigger_target_dag' retrieved from /home/airflow/.local/lib/python3.12/site-packages/airflow/example_dags/example_trigger_target_dag.py
[2025-03-25T15:12:42.554+0000] {logging_mixin.py:190} INFO - [2025-03-25T15:12:42.553+0000] {dag.py:3239} INFO - Sync 1 DAGs
[2025-03-25T15:12:42.570+0000] {logging_mixin.py:190} INFO - [2025-03-25T15:12:42.570+0000] {dag.py:4180} INFO - Setting next_dagrun for example_trigger_target_dag to None, run_after=None
[2025-03-25T15:12:42.591+0000] {processor.py:208} INFO - Processing /home/airflow/.local/lib/python3.12/site-packages/airflow/example_dags/example_trigger_target_dag.py took 0.079 seconds
[2025-03-25T15:13:12.670+0000] {processor.py:186} INFO - Started process (PID=607) to work on /home/airflow/.local/lib/python3.12/site-packages/airflow/example_dags/example_trigger_target_dag.py
[2025-03-25T15:13:12.671+0000] {processor.py:914} INFO - Processing file /home/airflow/.local/lib/python3.12/site-packages/airflow/example_dags/example_trigger_target_dag.py for tasks to queue
[2025-03-25T15:13:12.673+0000] {logging_mixin.py:190} INFO - [2025-03-25T15:13:12.673+0000] {dagbag.py:588} INFO - Filling up the DagBag from /home/airflow/.local/lib/python3.12/site-packages/airflow/example_dags/example_trigger_target_dag.py
[2025-03-25T15:13:12.683+0000] {processor.py:925} INFO - DAG(s) 'example_trigger_target_dag' retrieved from /home/airflow/.local/lib/python3.12/site-packages/airflow/example_dags/example_trigger_target_dag.py
[2025-03-25T15:13:12.704+0000] {logging_mixin.py:190} INFO - [2025-03-25T15:13:12.704+0000] {dag.py:3239} INFO - Sync 1 DAGs
[2025-03-25T15:13:12.721+0000] {logging_mixin.py:190} INFO - [2025-03-25T15:13:12.720+0000] {dag.py:4180} INFO - Setting next_dagrun for example_trigger_target_dag to None, run_after=None
[2025-03-25T15:13:12.744+0000] {processor.py:208} INFO - Processing /home/airflow/.local/lib/python3.12/site-packages/airflow/example_dags/example_trigger_target_dag.py took 0.081 seconds
[2025-03-25T15:13:42.963+0000] {processor.py:186} INFO - Started process (PID=666) to work on /home/airflow/.local/lib/python3.12/site-packages/airflow/example_dags/example_trigger_target_dag.py
[2025-03-25T15:13:42.964+0000] {processor.py:914} INFO - Processing file /home/airflow/.local/lib/python3.12/site-packages/airflow/example_dags/example_trigger_target_dag.py for tasks to queue
[2025-03-25T15:13:42.967+0000] {logging_mixin.py:190} INFO - [2025-03-25T15:13:42.967+0000] {dagbag.py:588} INFO - Filling up the DagBag from /home/airflow/.local/lib/python3.12/site-packages/airflow/example_dags/example_trigger_target_dag.py
[2025-03-25T15:13:42.977+0000] {processor.py:925} INFO - DAG(s) 'example_trigger_target_dag' retrieved from /home/airflow/.local/lib/python3.12/site-packages/airflow/example_dags/example_trigger_target_dag.py
[2025-03-25T15:13:43.000+0000] {logging_mixin.py:190} INFO - [2025-03-25T15:13:43.000+0000] {dag.py:3239} INFO - Sync 1 DAGs
[2025-03-25T15:13:43.021+0000] {logging_mixin.py:190} INFO - [2025-03-25T15:13:43.021+0000] {dag.py:4180} INFO - Setting next_dagrun for example_trigger_target_dag to None, run_after=None
[2025-03-25T15:13:43.042+0000] {processor.py:208} INFO - Processing /home/airflow/.local/lib/python3.12/site-packages/airflow/example_dags/example_trigger_target_dag.py took 0.087 seconds
[2025-03-25T15:15:06.033+0000] {processor.py:186} INFO - Started process (PID=95) to work on /home/airflow/.local/lib/python3.12/site-packages/airflow/example_dags/example_trigger_target_dag.py
[2025-03-25T15:15:06.035+0000] {processor.py:914} INFO - Processing file /home/airflow/.local/lib/python3.12/site-packages/airflow/example_dags/example_trigger_target_dag.py for tasks to queue
[2025-03-25T15:15:06.043+0000] {logging_mixin.py:190} INFO - [2025-03-25T15:15:06.042+0000] {dagbag.py:588} INFO - Filling up the DagBag from /home/airflow/.local/lib/python3.12/site-packages/airflow/example_dags/example_trigger_target_dag.py
[2025-03-25T15:15:06.062+0000] {processor.py:925} INFO - DAG(s) 'example_trigger_target_dag' retrieved from /home/airflow/.local/lib/python3.12/site-packages/airflow/example_dags/example_trigger_target_dag.py
[2025-03-25T15:15:06.128+0000] {logging_mixin.py:190} INFO - [2025-03-25T15:15:06.127+0000] {dag.py:3239} INFO - Sync 1 DAGs
[2025-03-25T15:15:06.180+0000] {logging_mixin.py:190} INFO - [2025-03-25T15:15:06.180+0000] {dag.py:4180} INFO - Setting next_dagrun for example_trigger_target_dag to None, run_after=None
[2025-03-25T15:15:06.243+0000] {processor.py:208} INFO - Processing /home/airflow/.local/lib/python3.12/site-packages/airflow/example_dags/example_trigger_target_dag.py took 0.224 seconds
[2025-03-25T15:15:37.137+0000] {processor.py:186} INFO - Started process (PID=158) to work on /home/airflow/.local/lib/python3.12/site-packages/airflow/example_dags/example_trigger_target_dag.py
[2025-03-25T15:15:37.138+0000] {processor.py:914} INFO - Processing file /home/airflow/.local/lib/python3.12/site-packages/airflow/example_dags/example_trigger_target_dag.py for tasks to queue
[2025-03-25T15:15:37.140+0000] {logging_mixin.py:190} INFO - [2025-03-25T15:15:37.140+0000] {dagbag.py:588} INFO - Filling up the DagBag from /home/airflow/.local/lib/python3.12/site-packages/airflow/example_dags/example_trigger_target_dag.py
[2025-03-25T15:15:37.149+0000] {processor.py:925} INFO - DAG(s) 'example_trigger_target_dag' retrieved from /home/airflow/.local/lib/python3.12/site-packages/airflow/example_dags/example_trigger_target_dag.py
[2025-03-25T15:15:37.170+0000] {logging_mixin.py:190} INFO - [2025-03-25T15:15:37.169+0000] {dag.py:3239} INFO - Sync 1 DAGs
[2025-03-25T15:15:37.185+0000] {logging_mixin.py:190} INFO - [2025-03-25T15:15:37.185+0000] {dag.py:4180} INFO - Setting next_dagrun for example_trigger_target_dag to None, run_after=None
[2025-03-25T15:15:37.208+0000] {processor.py:208} INFO - Processing /home/airflow/.local/lib/python3.12/site-packages/airflow/example_dags/example_trigger_target_dag.py took 0.077 seconds
[2025-03-25T15:20:22.462+0000] {processor.py:186} INFO - Started process (PID=102) to work on /home/airflow/.local/lib/python3.12/site-packages/airflow/example_dags/example_trigger_target_dag.py
[2025-03-25T15:20:22.463+0000] {processor.py:914} INFO - Processing file /home/airflow/.local/lib/python3.12/site-packages/airflow/example_dags/example_trigger_target_dag.py for tasks to queue
[2025-03-25T15:20:22.466+0000] {logging_mixin.py:190} INFO - [2025-03-25T15:20:22.466+0000] {dagbag.py:588} INFO - Filling up the DagBag from /home/airflow/.local/lib/python3.12/site-packages/airflow/example_dags/example_trigger_target_dag.py
[2025-03-25T15:20:22.478+0000] {processor.py:925} INFO - DAG(s) 'example_trigger_target_dag' retrieved from /home/airflow/.local/lib/python3.12/site-packages/airflow/example_dags/example_trigger_target_dag.py
[2025-03-25T15:20:22.509+0000] {logging_mixin.py:190} INFO - [2025-03-25T15:20:22.508+0000] {dag.py:3239} INFO - Sync 1 DAGs
[2025-03-25T15:20:22.547+0000] {logging_mixin.py:190} INFO - [2025-03-25T15:20:22.546+0000] {dag.py:4180} INFO - Setting next_dagrun for example_trigger_target_dag to None, run_after=None
[2025-03-25T15:20:22.582+0000] {processor.py:208} INFO - Processing /home/airflow/.local/lib/python3.12/site-packages/airflow/example_dags/example_trigger_target_dag.py took 0.131 seconds
[2025-03-25T15:20:53.268+0000] {processor.py:186} INFO - Started process (PID=165) to work on /home/airflow/.local/lib/python3.12/site-packages/airflow/example_dags/example_trigger_target_dag.py
[2025-03-25T15:20:53.269+0000] {processor.py:914} INFO - Processing file /home/airflow/.local/lib/python3.12/site-packages/airflow/example_dags/example_trigger_target_dag.py for tasks to queue
[2025-03-25T15:20:53.272+0000] {logging_mixin.py:190} INFO - [2025-03-25T15:20:53.271+0000] {dagbag.py:588} INFO - Filling up the DagBag from /home/airflow/.local/lib/python3.12/site-packages/airflow/example_dags/example_trigger_target_dag.py
[2025-03-25T15:20:53.281+0000] {processor.py:925} INFO - DAG(s) 'example_trigger_target_dag' retrieved from /home/airflow/.local/lib/python3.12/site-packages/airflow/example_dags/example_trigger_target_dag.py
[2025-03-25T15:20:53.304+0000] {logging_mixin.py:190} INFO - [2025-03-25T15:20:53.303+0000] {dag.py:3239} INFO - Sync 1 DAGs
[2025-03-25T15:20:53.322+0000] {logging_mixin.py:190} INFO - [2025-03-25T15:20:53.321+0000] {dag.py:4180} INFO - Setting next_dagrun for example_trigger_target_dag to None, run_after=None
[2025-03-25T15:20:53.346+0000] {processor.py:208} INFO - Processing /home/airflow/.local/lib/python3.12/site-packages/airflow/example_dags/example_trigger_target_dag.py took 0.084 seconds
[2025-03-25T15:21:23.419+0000] {processor.py:186} INFO - Started process (PID=228) to work on /home/airflow/.local/lib/python3.12/site-packages/airflow/example_dags/example_trigger_target_dag.py
[2025-03-25T15:21:23.421+0000] {processor.py:914} INFO - Processing file /home/airflow/.local/lib/python3.12/site-packages/airflow/example_dags/example_trigger_target_dag.py for tasks to queue
[2025-03-25T15:21:23.423+0000] {logging_mixin.py:190} INFO - [2025-03-25T15:21:23.423+0000] {dagbag.py:588} INFO - Filling up the DagBag from /home/airflow/.local/lib/python3.12/site-packages/airflow/example_dags/example_trigger_target_dag.py
[2025-03-25T15:21:23.433+0000] {processor.py:925} INFO - DAG(s) 'example_trigger_target_dag' retrieved from /home/airflow/.local/lib/python3.12/site-packages/airflow/example_dags/example_trigger_target_dag.py
[2025-03-25T15:21:23.456+0000] {logging_mixin.py:190} INFO - [2025-03-25T15:21:23.455+0000] {dag.py:3239} INFO - Sync 1 DAGs
[2025-03-25T15:21:23.472+0000] {logging_mixin.py:190} INFO - [2025-03-25T15:21:23.472+0000] {dag.py:4180} INFO - Setting next_dagrun for example_trigger_target_dag to None, run_after=None
[2025-03-25T15:21:23.494+0000] {processor.py:208} INFO - Processing /home/airflow/.local/lib/python3.12/site-packages/airflow/example_dags/example_trigger_target_dag.py took 0.082 seconds
[2025-03-25T15:21:53.794+0000] {processor.py:186} INFO - Started process (PID=291) to work on /home/airflow/.local/lib/python3.12/site-packages/airflow/example_dags/example_trigger_target_dag.py
[2025-03-25T15:21:53.796+0000] {processor.py:914} INFO - Processing file /home/airflow/.local/lib/python3.12/site-packages/airflow/example_dags/example_trigger_target_dag.py for tasks to queue
[2025-03-25T15:21:53.798+0000] {logging_mixin.py:190} INFO - [2025-03-25T15:21:53.798+0000] {dagbag.py:588} INFO - Filling up the DagBag from /home/airflow/.local/lib/python3.12/site-packages/airflow/example_dags/example_trigger_target_dag.py
[2025-03-25T15:21:53.808+0000] {processor.py:925} INFO - DAG(s) 'example_trigger_target_dag' retrieved from /home/airflow/.local/lib/python3.12/site-packages/airflow/example_dags/example_trigger_target_dag.py
[2025-03-25T15:21:53.833+0000] {logging_mixin.py:190} INFO - [2025-03-25T15:21:53.832+0000] {dag.py:3239} INFO - Sync 1 DAGs
[2025-03-25T15:21:53.852+0000] {logging_mixin.py:190} INFO - [2025-03-25T15:21:53.851+0000] {dag.py:4180} INFO - Setting next_dagrun for example_trigger_target_dag to None, run_after=None
[2025-03-25T15:21:53.875+0000] {processor.py:208} INFO - Processing /home/airflow/.local/lib/python3.12/site-packages/airflow/example_dags/example_trigger_target_dag.py took 0.089 seconds
