[2025-03-25T15:09:19.835+0000] {processor.py:186} INFO - Started process (PID=131) to work on /home/airflow/.local/lib/python3.12/site-packages/airflow/example_dags/example_dag_decorator.py
[2025-03-25T15:09:19.837+0000] {processor.py:914} INFO - Processing file /home/airflow/.local/lib/python3.12/site-packages/airflow/example_dags/example_dag_decorator.py for tasks to queue
[2025-03-25T15:09:19.844+0000] {logging_mixin.py:190} INFO - [2025-03-25T15:09:19.843+0000] {dagbag.py:588} INFO - Filling up the DagBag from /home/airflow/.local/lib/python3.12/site-packages/airflow/example_dags/example_dag_decorator.py
[2025-03-25T15:09:20.388+0000] {processor.py:925} INFO - DAG(s) 'example_dag_decorator' retrieved from /home/airflow/.local/lib/python3.12/site-packages/airflow/example_dags/example_dag_decorator.py
[2025-03-25T15:09:20.545+0000] {logging_mixin.py:190} INFO - [2025-03-25T15:09:20.544+0000] {override.py:1912} INFO - Created Permission View: can read on DAG:example_dag_decorator
[2025-03-25T15:09:20.559+0000] {logging_mixin.py:190} INFO - [2025-03-25T15:09:20.559+0000] {override.py:1912} INFO - Created Permission View: can delete on DAG:example_dag_decorator
[2025-03-25T15:09:20.570+0000] {logging_mixin.py:190} INFO - [2025-03-25T15:09:20.570+0000] {override.py:1912} INFO - Created Permission View: can edit on DAG:example_dag_decorator
[2025-03-25T15:09:20.583+0000] {logging_mixin.py:190} INFO - [2025-03-25T15:09:20.582+0000] {override.py:1912} INFO - Created Permission View: can create on DAG Run:example_dag_decorator
[2025-03-25T15:09:20.593+0000] {logging_mixin.py:190} INFO - [2025-03-25T15:09:20.593+0000] {override.py:1912} INFO - Created Permission View: can read on DAG Run:example_dag_decorator
[2025-03-25T15:09:20.603+0000] {logging_mixin.py:190} INFO - [2025-03-25T15:09:20.603+0000] {override.py:1912} INFO - Created Permission View: can delete on DAG Run:example_dag_decorator
[2025-03-25T15:09:20.612+0000] {logging_mixin.py:190} INFO - [2025-03-25T15:09:20.611+0000] {override.py:1912} INFO - Created Permission View: menu access on DAG Run:example_dag_decorator
[2025-03-25T15:09:20.612+0000] {logging_mixin.py:190} INFO - [2025-03-25T15:09:20.612+0000] {dag.py:3239} INFO - Sync 1 DAGs
[2025-03-25T15:09:20.630+0000] {logging_mixin.py:190} INFO - [2025-03-25T15:09:20.630+0000] {dag.py:3262} INFO - Creating ORM DAG for example_dag_decorator
[2025-03-25T15:09:20.631+0000] {logging_mixin.py:190} INFO - [2025-03-25T15:09:20.631+0000] {dag.py:4180} INFO - Setting next_dagrun for example_dag_decorator to None, run_after=None
[2025-03-25T15:09:20.655+0000] {processor.py:208} INFO - Processing /home/airflow/.local/lib/python3.12/site-packages/airflow/example_dags/example_dag_decorator.py took 0.829 seconds
[2025-03-25T15:09:50.842+0000] {processor.py:186} INFO - Started process (PID=201) to work on /home/airflow/.local/lib/python3.12/site-packages/airflow/example_dags/example_dag_decorator.py
[2025-03-25T15:09:50.843+0000] {processor.py:914} INFO - Processing file /home/airflow/.local/lib/python3.12/site-packages/airflow/example_dags/example_dag_decorator.py for tasks to queue
[2025-03-25T15:09:50.845+0000] {logging_mixin.py:190} INFO - [2025-03-25T15:09:50.845+0000] {dagbag.py:588} INFO - Filling up the DagBag from /home/airflow/.local/lib/python3.12/site-packages/airflow/example_dags/example_dag_decorator.py
[2025-03-25T15:09:50.987+0000] {processor.py:925} INFO - DAG(s) 'example_dag_decorator' retrieved from /home/airflow/.local/lib/python3.12/site-packages/airflow/example_dags/example_dag_decorator.py
[2025-03-25T15:09:51.124+0000] {logging_mixin.py:190} INFO - [2025-03-25T15:09:51.124+0000] {dag.py:3239} INFO - Sync 1 DAGs
[2025-03-25T15:09:51.141+0000] {logging_mixin.py:190} INFO - [2025-03-25T15:09:51.140+0000] {dag.py:4180} INFO - Setting next_dagrun for example_dag_decorator to None, run_after=None
[2025-03-25T15:09:51.161+0000] {processor.py:208} INFO - Processing /home/airflow/.local/lib/python3.12/site-packages/airflow/example_dags/example_dag_decorator.py took 0.327 seconds
[2025-03-25T15:10:21.605+0000] {processor.py:186} INFO - Started process (PID=264) to work on /home/airflow/.local/lib/python3.12/site-packages/airflow/example_dags/example_dag_decorator.py
[2025-03-25T15:10:21.607+0000] {processor.py:914} INFO - Processing file /home/airflow/.local/lib/python3.12/site-packages/airflow/example_dags/example_dag_decorator.py for tasks to queue
[2025-03-25T15:10:21.610+0000] {logging_mixin.py:190} INFO - [2025-03-25T15:10:21.609+0000] {dagbag.py:588} INFO - Filling up the DagBag from /home/airflow/.local/lib/python3.12/site-packages/airflow/example_dags/example_dag_decorator.py
[2025-03-25T15:10:21.720+0000] {processor.py:925} INFO - DAG(s) 'example_dag_decorator' retrieved from /home/airflow/.local/lib/python3.12/site-packages/airflow/example_dags/example_dag_decorator.py
[2025-03-25T15:10:21.849+0000] {logging_mixin.py:190} INFO - [2025-03-25T15:10:21.849+0000] {dag.py:3239} INFO - Sync 1 DAGs
[2025-03-25T15:10:21.864+0000] {logging_mixin.py:190} INFO - [2025-03-25T15:10:21.863+0000] {dag.py:4180} INFO - Setting next_dagrun for example_dag_decorator to None, run_after=None
[2025-03-25T15:10:21.886+0000] {processor.py:208} INFO - Processing /home/airflow/.local/lib/python3.12/site-packages/airflow/example_dags/example_dag_decorator.py took 0.287 seconds
[2025-03-25T15:10:52.511+0000] {processor.py:186} INFO - Started process (PID=327) to work on /home/airflow/.local/lib/python3.12/site-packages/airflow/example_dags/example_dag_decorator.py
[2025-03-25T15:10:52.512+0000] {processor.py:914} INFO - Processing file /home/airflow/.local/lib/python3.12/site-packages/airflow/example_dags/example_dag_decorator.py for tasks to queue
[2025-03-25T15:10:52.514+0000] {logging_mixin.py:190} INFO - [2025-03-25T15:10:52.514+0000] {dagbag.py:588} INFO - Filling up the DagBag from /home/airflow/.local/lib/python3.12/site-packages/airflow/example_dags/example_dag_decorator.py
[2025-03-25T15:10:52.633+0000] {processor.py:925} INFO - DAG(s) 'example_dag_decorator' retrieved from /home/airflow/.local/lib/python3.12/site-packages/airflow/example_dags/example_dag_decorator.py
[2025-03-25T15:10:52.762+0000] {logging_mixin.py:190} INFO - [2025-03-25T15:10:52.762+0000] {dag.py:3239} INFO - Sync 1 DAGs
[2025-03-25T15:10:52.775+0000] {logging_mixin.py:190} INFO - [2025-03-25T15:10:52.774+0000] {dag.py:4180} INFO - Setting next_dagrun for example_dag_decorator to None, run_after=None
[2025-03-25T15:10:52.794+0000] {processor.py:208} INFO - Processing /home/airflow/.local/lib/python3.12/site-packages/airflow/example_dags/example_dag_decorator.py took 0.291 seconds
[2025-03-25T15:11:23.191+0000] {processor.py:186} INFO - Started process (PID=389) to work on /home/airflow/.local/lib/python3.12/site-packages/airflow/example_dags/example_dag_decorator.py
[2025-03-25T15:11:23.192+0000] {processor.py:914} INFO - Processing file /home/airflow/.local/lib/python3.12/site-packages/airflow/example_dags/example_dag_decorator.py for tasks to queue
[2025-03-25T15:11:23.195+0000] {logging_mixin.py:190} INFO - [2025-03-25T15:11:23.195+0000] {dagbag.py:588} INFO - Filling up the DagBag from /home/airflow/.local/lib/python3.12/site-packages/airflow/example_dags/example_dag_decorator.py
[2025-03-25T15:11:23.317+0000] {processor.py:925} INFO - DAG(s) 'example_dag_decorator' retrieved from /home/airflow/.local/lib/python3.12/site-packages/airflow/example_dags/example_dag_decorator.py
[2025-03-25T15:11:23.440+0000] {logging_mixin.py:190} INFO - [2025-03-25T15:11:23.440+0000] {dag.py:3239} INFO - Sync 1 DAGs
[2025-03-25T15:11:23.453+0000] {logging_mixin.py:190} INFO - [2025-03-25T15:11:23.453+0000] {dag.py:4180} INFO - Setting next_dagrun for example_dag_decorator to None, run_after=None
[2025-03-25T15:11:23.473+0000] {processor.py:208} INFO - Processing /home/airflow/.local/lib/python3.12/site-packages/airflow/example_dags/example_dag_decorator.py took 0.288 seconds
[2025-03-25T15:11:54.189+0000] {processor.py:186} INFO - Started process (PID=451) to work on /home/airflow/.local/lib/python3.12/site-packages/airflow/example_dags/example_dag_decorator.py
[2025-03-25T15:11:54.190+0000] {processor.py:914} INFO - Processing file /home/airflow/.local/lib/python3.12/site-packages/airflow/example_dags/example_dag_decorator.py for tasks to queue
[2025-03-25T15:11:54.193+0000] {logging_mixin.py:190} INFO - [2025-03-25T15:11:54.193+0000] {dagbag.py:588} INFO - Filling up the DagBag from /home/airflow/.local/lib/python3.12/site-packages/airflow/example_dags/example_dag_decorator.py
[2025-03-25T15:11:54.310+0000] {processor.py:925} INFO - DAG(s) 'example_dag_decorator' retrieved from /home/airflow/.local/lib/python3.12/site-packages/airflow/example_dags/example_dag_decorator.py
[2025-03-25T15:11:54.455+0000] {logging_mixin.py:190} INFO - [2025-03-25T15:11:54.455+0000] {dag.py:3239} INFO - Sync 1 DAGs
[2025-03-25T15:11:54.470+0000] {logging_mixin.py:190} INFO - [2025-03-25T15:11:54.470+0000] {dag.py:4180} INFO - Setting next_dagrun for example_dag_decorator to None, run_after=None
[2025-03-25T15:11:54.493+0000] {processor.py:208} INFO - Processing /home/airflow/.local/lib/python3.12/site-packages/airflow/example_dags/example_dag_decorator.py took 0.310 seconds
[2025-03-25T15:12:25.938+0000] {processor.py:186} INFO - Started process (PID=514) to work on /home/airflow/.local/lib/python3.12/site-packages/airflow/example_dags/example_dag_decorator.py
[2025-03-25T15:12:25.940+0000] {processor.py:914} INFO - Processing file /home/airflow/.local/lib/python3.12/site-packages/airflow/example_dags/example_dag_decorator.py for tasks to queue
[2025-03-25T15:12:25.944+0000] {logging_mixin.py:190} INFO - [2025-03-25T15:12:25.943+0000] {dagbag.py:588} INFO - Filling up the DagBag from /home/airflow/.local/lib/python3.12/site-packages/airflow/example_dags/example_dag_decorator.py
[2025-03-25T15:12:26.080+0000] {processor.py:925} INFO - DAG(s) 'example_dag_decorator' retrieved from /home/airflow/.local/lib/python3.12/site-packages/airflow/example_dags/example_dag_decorator.py
[2025-03-25T15:12:26.244+0000] {logging_mixin.py:190} INFO - [2025-03-25T15:12:26.244+0000] {dag.py:3239} INFO - Sync 1 DAGs
[2025-03-25T15:12:26.259+0000] {logging_mixin.py:190} INFO - [2025-03-25T15:12:26.258+0000] {dag.py:4180} INFO - Setting next_dagrun for example_dag_decorator to None, run_after=None
[2025-03-25T15:12:26.280+0000] {processor.py:208} INFO - Processing /home/airflow/.local/lib/python3.12/site-packages/airflow/example_dags/example_dag_decorator.py took 0.351 seconds
[2025-03-25T15:12:56.819+0000] {processor.py:186} INFO - Started process (PID=577) to work on /home/airflow/.local/lib/python3.12/site-packages/airflow/example_dags/example_dag_decorator.py
[2025-03-25T15:12:56.821+0000] {processor.py:914} INFO - Processing file /home/airflow/.local/lib/python3.12/site-packages/airflow/example_dags/example_dag_decorator.py for tasks to queue
[2025-03-25T15:12:56.824+0000] {logging_mixin.py:190} INFO - [2025-03-25T15:12:56.823+0000] {dagbag.py:588} INFO - Filling up the DagBag from /home/airflow/.local/lib/python3.12/site-packages/airflow/example_dags/example_dag_decorator.py
[2025-03-25T15:12:56.939+0000] {processor.py:925} INFO - DAG(s) 'example_dag_decorator' retrieved from /home/airflow/.local/lib/python3.12/site-packages/airflow/example_dags/example_dag_decorator.py
[2025-03-25T15:12:57.076+0000] {logging_mixin.py:190} INFO - [2025-03-25T15:12:57.076+0000] {dag.py:3239} INFO - Sync 1 DAGs
[2025-03-25T15:12:57.092+0000] {logging_mixin.py:190} INFO - [2025-03-25T15:12:57.092+0000] {dag.py:4180} INFO - Setting next_dagrun for example_dag_decorator to None, run_after=None
[2025-03-25T15:12:57.115+0000] {processor.py:208} INFO - Processing /home/airflow/.local/lib/python3.12/site-packages/airflow/example_dags/example_dag_decorator.py took 0.303 seconds
[2025-03-25T15:13:29.312+0000] {processor.py:186} INFO - Started process (PID=640) to work on /home/airflow/.local/lib/python3.12/site-packages/airflow/example_dags/example_dag_decorator.py
[2025-03-25T15:13:29.313+0000] {processor.py:914} INFO - Processing file /home/airflow/.local/lib/python3.12/site-packages/airflow/example_dags/example_dag_decorator.py for tasks to queue
[2025-03-25T15:13:29.316+0000] {logging_mixin.py:190} INFO - [2025-03-25T15:13:29.316+0000] {dagbag.py:588} INFO - Filling up the DagBag from /home/airflow/.local/lib/python3.12/site-packages/airflow/example_dags/example_dag_decorator.py
[2025-03-25T15:13:29.443+0000] {processor.py:925} INFO - DAG(s) 'example_dag_decorator' retrieved from /home/airflow/.local/lib/python3.12/site-packages/airflow/example_dags/example_dag_decorator.py
[2025-03-25T15:13:29.593+0000] {logging_mixin.py:190} INFO - [2025-03-25T15:13:29.592+0000] {dag.py:3239} INFO - Sync 1 DAGs
[2025-03-25T15:13:29.611+0000] {logging_mixin.py:190} INFO - [2025-03-25T15:13:29.610+0000] {dag.py:4180} INFO - Setting next_dagrun for example_dag_decorator to None, run_after=None
[2025-03-25T15:13:29.635+0000] {processor.py:208} INFO - Processing /home/airflow/.local/lib/python3.12/site-packages/airflow/example_dags/example_dag_decorator.py took 0.332 seconds
[2025-03-25T15:15:14.959+0000] {processor.py:186} INFO - Started process (PID=125) to work on /home/airflow/.local/lib/python3.12/site-packages/airflow/example_dags/example_dag_decorator.py
[2025-03-25T15:15:14.961+0000] {processor.py:914} INFO - Processing file /home/airflow/.local/lib/python3.12/site-packages/airflow/example_dags/example_dag_decorator.py for tasks to queue
[2025-03-25T15:15:14.965+0000] {logging_mixin.py:190} INFO - [2025-03-25T15:15:14.965+0000] {dagbag.py:588} INFO - Filling up the DagBag from /home/airflow/.local/lib/python3.12/site-packages/airflow/example_dags/example_dag_decorator.py
[2025-03-25T15:15:15.160+0000] {processor.py:925} INFO - DAG(s) 'example_dag_decorator' retrieved from /home/airflow/.local/lib/python3.12/site-packages/airflow/example_dags/example_dag_decorator.py
[2025-03-25T15:15:15.312+0000] {logging_mixin.py:190} INFO - [2025-03-25T15:15:15.312+0000] {dag.py:3239} INFO - Sync 1 DAGs
[2025-03-25T15:15:15.329+0000] {logging_mixin.py:190} INFO - [2025-03-25T15:15:15.329+0000] {dag.py:4180} INFO - Setting next_dagrun for example_dag_decorator to None, run_after=None
[2025-03-25T15:15:15.358+0000] {processor.py:208} INFO - Processing /home/airflow/.local/lib/python3.12/site-packages/airflow/example_dags/example_dag_decorator.py took 0.407 seconds
[2025-03-25T15:20:28.884+0000] {processor.py:186} INFO - Started process (PID=132) to work on /home/airflow/.local/lib/python3.12/site-packages/airflow/example_dags/example_dag_decorator.py
[2025-03-25T15:20:28.885+0000] {processor.py:914} INFO - Processing file /home/airflow/.local/lib/python3.12/site-packages/airflow/example_dags/example_dag_decorator.py for tasks to queue
[2025-03-25T15:20:28.888+0000] {logging_mixin.py:190} INFO - [2025-03-25T15:20:28.888+0000] {dagbag.py:588} INFO - Filling up the DagBag from /home/airflow/.local/lib/python3.12/site-packages/airflow/example_dags/example_dag_decorator.py
[2025-03-25T15:20:29.395+0000] {processor.py:925} INFO - DAG(s) 'example_dag_decorator' retrieved from /home/airflow/.local/lib/python3.12/site-packages/airflow/example_dags/example_dag_decorator.py
[2025-03-25T15:20:29.568+0000] {logging_mixin.py:190} INFO - [2025-03-25T15:20:29.568+0000] {dag.py:3239} INFO - Sync 1 DAGs
[2025-03-25T15:20:29.584+0000] {logging_mixin.py:190} INFO - [2025-03-25T15:20:29.584+0000] {dag.py:4180} INFO - Setting next_dagrun for example_dag_decorator to None, run_after=None
[2025-03-25T15:20:29.610+0000] {processor.py:208} INFO - Processing /home/airflow/.local/lib/python3.12/site-packages/airflow/example_dags/example_dag_decorator.py took 0.733 seconds
[2025-03-25T15:20:59.892+0000] {processor.py:186} INFO - Started process (PID=195) to work on /home/airflow/.local/lib/python3.12/site-packages/airflow/example_dags/example_dag_decorator.py
[2025-03-25T15:20:59.893+0000] {processor.py:914} INFO - Processing file /home/airflow/.local/lib/python3.12/site-packages/airflow/example_dags/example_dag_decorator.py for tasks to queue
[2025-03-25T15:20:59.896+0000] {logging_mixin.py:190} INFO - [2025-03-25T15:20:59.896+0000] {dagbag.py:588} INFO - Filling up the DagBag from /home/airflow/.local/lib/python3.12/site-packages/airflow/example_dags/example_dag_decorator.py
[2025-03-25T15:21:00.107+0000] {processor.py:925} INFO - DAG(s) 'example_dag_decorator' retrieved from /home/airflow/.local/lib/python3.12/site-packages/airflow/example_dags/example_dag_decorator.py
[2025-03-25T15:21:00.322+0000] {logging_mixin.py:190} INFO - [2025-03-25T15:21:00.322+0000] {dag.py:3239} INFO - Sync 1 DAGs
[2025-03-25T15:21:00.337+0000] {logging_mixin.py:190} INFO - [2025-03-25T15:21:00.337+0000] {dag.py:4180} INFO - Setting next_dagrun for example_dag_decorator to None, run_after=None
[2025-03-25T15:21:00.361+0000] {processor.py:208} INFO - Processing /home/airflow/.local/lib/python3.12/site-packages/airflow/example_dags/example_dag_decorator.py took 0.478 seconds
[2025-03-25T15:21:31.657+0000] {processor.py:186} INFO - Started process (PID=257) to work on /home/airflow/.local/lib/python3.12/site-packages/airflow/example_dags/example_dag_decorator.py
[2025-03-25T15:21:31.658+0000] {processor.py:914} INFO - Processing file /home/airflow/.local/lib/python3.12/site-packages/airflow/example_dags/example_dag_decorator.py for tasks to queue
[2025-03-25T15:21:31.661+0000] {logging_mixin.py:190} INFO - [2025-03-25T15:21:31.661+0000] {dagbag.py:588} INFO - Filling up the DagBag from /home/airflow/.local/lib/python3.12/site-packages/airflow/example_dags/example_dag_decorator.py
[2025-03-25T15:21:31.800+0000] {processor.py:925} INFO - DAG(s) 'example_dag_decorator' retrieved from /home/airflow/.local/lib/python3.12/site-packages/airflow/example_dags/example_dag_decorator.py
[2025-03-25T15:21:31.950+0000] {logging_mixin.py:190} INFO - [2025-03-25T15:21:31.950+0000] {dag.py:3239} INFO - Sync 1 DAGs
[2025-03-25T15:21:31.969+0000] {logging_mixin.py:190} INFO - [2025-03-25T15:21:31.968+0000] {dag.py:4180} INFO - Setting next_dagrun for example_dag_decorator to None, run_after=None
[2025-03-25T15:21:32.007+0000] {processor.py:208} INFO - Processing /home/airflow/.local/lib/python3.12/site-packages/airflow/example_dags/example_dag_decorator.py took 0.359 seconds
[2025-03-25T15:22:03.424+0000] {processor.py:186} INFO - Started process (PID=320) to work on /home/airflow/.local/lib/python3.12/site-packages/airflow/example_dags/example_dag_decorator.py
[2025-03-25T15:22:03.425+0000] {processor.py:914} INFO - Processing file /home/airflow/.local/lib/python3.12/site-packages/airflow/example_dags/example_dag_decorator.py for tasks to queue
[2025-03-25T15:22:03.427+0000] {logging_mixin.py:190} INFO - [2025-03-25T15:22:03.427+0000] {dagbag.py:588} INFO - Filling up the DagBag from /home/airflow/.local/lib/python3.12/site-packages/airflow/example_dags/example_dag_decorator.py
[2025-03-25T15:22:03.598+0000] {processor.py:925} INFO - DAG(s) 'example_dag_decorator' retrieved from /home/airflow/.local/lib/python3.12/site-packages/airflow/example_dags/example_dag_decorator.py
[2025-03-25T15:22:03.783+0000] {logging_mixin.py:190} INFO - [2025-03-25T15:22:03.782+0000] {dag.py:3239} INFO - Sync 1 DAGs
[2025-03-25T15:22:03.798+0000] {logging_mixin.py:190} INFO - [2025-03-25T15:22:03.798+0000] {dag.py:4180} INFO - Setting next_dagrun for example_dag_decorator to None, run_after=None
[2025-03-25T15:22:03.818+0000] {processor.py:208} INFO - Processing /home/airflow/.local/lib/python3.12/site-packages/airflow/example_dags/example_dag_decorator.py took 0.401 seconds
