[2025-03-25T15:09:17.747+0000] {processor.py:186} INFO - Started process (PID=122) to work on /home/airflow/.local/lib/python3.12/site-packages/airflow/example_dags/example_external_task_marker_dag.py
[2025-03-25T15:09:17.748+0000] {processor.py:914} INFO - Processing file /home/airflow/.local/lib/python3.12/site-packages/airflow/example_dags/example_external_task_marker_dag.py for tasks to queue
[2025-03-25T15:09:17.752+0000] {logging_mixin.py:190} INFO - [2025-03-25T15:09:17.752+0000] {dagbag.py:588} INFO - Filling up the DagBag from /home/airflow/.local/lib/python3.12/site-packages/airflow/example_dags/example_external_task_marker_dag.py
[2025-03-25T15:09:17.763+0000] {processor.py:925} INFO - DAG(s) 'example_external_task_marker_child', 'example_external_task_marker_parent' retrieved from /home/airflow/.local/lib/python3.12/site-packages/airflow/example_dags/example_external_task_marker_dag.py
[2025-03-25T15:09:17.905+0000] {logging_mixin.py:190} INFO - [2025-03-25T15:09:17.904+0000] {override.py:1912} INFO - Created Permission View: can read on DAG:example_external_task_marker_child
[2025-03-25T15:09:17.918+0000] {logging_mixin.py:190} INFO - [2025-03-25T15:09:17.918+0000] {override.py:1912} INFO - Created Permission View: can delete on DAG:example_external_task_marker_child
[2025-03-25T15:09:17.927+0000] {logging_mixin.py:190} INFO - [2025-03-25T15:09:17.927+0000] {override.py:1912} INFO - Created Permission View: can edit on DAG:example_external_task_marker_child
[2025-03-25T15:09:17.938+0000] {logging_mixin.py:190} INFO - [2025-03-25T15:09:17.938+0000] {override.py:1912} INFO - Created Permission View: can create on DAG Run:example_external_task_marker_child
[2025-03-25T15:09:17.948+0000] {logging_mixin.py:190} INFO - [2025-03-25T15:09:17.948+0000] {override.py:1912} INFO - Created Permission View: can read on DAG Run:example_external_task_marker_child
[2025-03-25T15:09:17.957+0000] {logging_mixin.py:190} INFO - [2025-03-25T15:09:17.957+0000] {override.py:1912} INFO - Created Permission View: can delete on DAG Run:example_external_task_marker_child
[2025-03-25T15:09:17.967+0000] {logging_mixin.py:190} INFO - [2025-03-25T15:09:17.967+0000] {override.py:1912} INFO - Created Permission View: menu access on DAG Run:example_external_task_marker_child
[2025-03-25T15:09:17.985+0000] {logging_mixin.py:190} INFO - [2025-03-25T15:09:17.984+0000] {override.py:1912} INFO - Created Permission View: can read on DAG:example_external_task_marker_parent
[2025-03-25T15:09:17.994+0000] {logging_mixin.py:190} INFO - [2025-03-25T15:09:17.993+0000] {override.py:1912} INFO - Created Permission View: can delete on DAG:example_external_task_marker_parent
[2025-03-25T15:09:18.003+0000] {logging_mixin.py:190} INFO - [2025-03-25T15:09:18.002+0000] {override.py:1912} INFO - Created Permission View: can edit on DAG:example_external_task_marker_parent
[2025-03-25T15:09:18.014+0000] {logging_mixin.py:190} INFO - [2025-03-25T15:09:18.014+0000] {override.py:1912} INFO - Created Permission View: can create on DAG Run:example_external_task_marker_parent
[2025-03-25T15:09:18.023+0000] {logging_mixin.py:190} INFO - [2025-03-25T15:09:18.023+0000] {override.py:1912} INFO - Created Permission View: can read on DAG Run:example_external_task_marker_parent
[2025-03-25T15:09:18.032+0000] {logging_mixin.py:190} INFO - [2025-03-25T15:09:18.032+0000] {override.py:1912} INFO - Created Permission View: can delete on DAG Run:example_external_task_marker_parent
[2025-03-25T15:09:18.041+0000] {logging_mixin.py:190} INFO - [2025-03-25T15:09:18.040+0000] {override.py:1912} INFO - Created Permission View: menu access on DAG Run:example_external_task_marker_parent
[2025-03-25T15:09:18.041+0000] {logging_mixin.py:190} INFO - [2025-03-25T15:09:18.041+0000] {dag.py:3239} INFO - Sync 2 DAGs
[2025-03-25T15:09:18.055+0000] {logging_mixin.py:190} INFO - [2025-03-25T15:09:18.055+0000] {dag.py:3262} INFO - Creating ORM DAG for example_external_task_marker_child
[2025-03-25T15:09:18.056+0000] {logging_mixin.py:190} INFO - [2025-03-25T15:09:18.056+0000] {dag.py:3262} INFO - Creating ORM DAG for example_external_task_marker_parent
[2025-03-25T15:09:18.057+0000] {logging_mixin.py:190} INFO - [2025-03-25T15:09:18.057+0000] {dag.py:4180} INFO - Setting next_dagrun for example_external_task_marker_child to None, run_after=None
[2025-03-25T15:09:18.057+0000] {logging_mixin.py:190} INFO - [2025-03-25T15:09:18.057+0000] {dag.py:4180} INFO - Setting next_dagrun for example_external_task_marker_parent to None, run_after=None
[2025-03-25T15:09:18.078+0000] {processor.py:208} INFO - Processing /home/airflow/.local/lib/python3.12/site-packages/airflow/example_dags/example_external_task_marker_dag.py took 0.339 seconds
[2025-03-25T15:09:48.783+0000] {processor.py:186} INFO - Started process (PID=185) to work on /home/airflow/.local/lib/python3.12/site-packages/airflow/example_dags/example_external_task_marker_dag.py
[2025-03-25T15:09:48.785+0000] {processor.py:914} INFO - Processing file /home/airflow/.local/lib/python3.12/site-packages/airflow/example_dags/example_external_task_marker_dag.py for tasks to queue
[2025-03-25T15:09:48.787+0000] {logging_mixin.py:190} INFO - [2025-03-25T15:09:48.787+0000] {dagbag.py:588} INFO - Filling up the DagBag from /home/airflow/.local/lib/python3.12/site-packages/airflow/example_dags/example_external_task_marker_dag.py
[2025-03-25T15:09:48.798+0000] {processor.py:925} INFO - DAG(s) 'example_external_task_marker_parent', 'example_external_task_marker_child' retrieved from /home/airflow/.local/lib/python3.12/site-packages/airflow/example_dags/example_external_task_marker_dag.py
[2025-03-25T15:09:48.830+0000] {logging_mixin.py:190} INFO - [2025-03-25T15:09:48.829+0000] {dag.py:3239} INFO - Sync 2 DAGs
[2025-03-25T15:09:48.848+0000] {logging_mixin.py:190} INFO - [2025-03-25T15:09:48.848+0000] {dag.py:4180} INFO - Setting next_dagrun for example_external_task_marker_child to None, run_after=None
[2025-03-25T15:09:48.853+0000] {logging_mixin.py:190} INFO - [2025-03-25T15:09:48.853+0000] {dag.py:4180} INFO - Setting next_dagrun for example_external_task_marker_parent to None, run_after=None
[2025-03-25T15:09:48.874+0000] {processor.py:208} INFO - Processing /home/airflow/.local/lib/python3.12/site-packages/airflow/example_dags/example_external_task_marker_dag.py took 0.099 seconds
[2025-03-25T15:10:20.002+0000] {processor.py:186} INFO - Started process (PID=254) to work on /home/airflow/.local/lib/python3.12/site-packages/airflow/example_dags/example_external_task_marker_dag.py
[2025-03-25T15:10:20.003+0000] {processor.py:914} INFO - Processing file /home/airflow/.local/lib/python3.12/site-packages/airflow/example_dags/example_external_task_marker_dag.py for tasks to queue
[2025-03-25T15:10:20.006+0000] {logging_mixin.py:190} INFO - [2025-03-25T15:10:20.005+0000] {dagbag.py:588} INFO - Filling up the DagBag from /home/airflow/.local/lib/python3.12/site-packages/airflow/example_dags/example_external_task_marker_dag.py
[2025-03-25T15:10:20.013+0000] {processor.py:925} INFO - DAG(s) 'example_external_task_marker_child', 'example_external_task_marker_parent' retrieved from /home/airflow/.local/lib/python3.12/site-packages/airflow/example_dags/example_external_task_marker_dag.py
[2025-03-25T15:10:20.037+0000] {logging_mixin.py:190} INFO - [2025-03-25T15:10:20.037+0000] {dag.py:3239} INFO - Sync 2 DAGs
[2025-03-25T15:10:20.054+0000] {logging_mixin.py:190} INFO - [2025-03-25T15:10:20.053+0000] {dag.py:4180} INFO - Setting next_dagrun for example_external_task_marker_child to None, run_after=None
[2025-03-25T15:10:20.058+0000] {logging_mixin.py:190} INFO - [2025-03-25T15:10:20.057+0000] {dag.py:4180} INFO - Setting next_dagrun for example_external_task_marker_parent to None, run_after=None
[2025-03-25T15:10:20.075+0000] {processor.py:208} INFO - Processing /home/airflow/.local/lib/python3.12/site-packages/airflow/example_dags/example_external_task_marker_dag.py took 0.079 seconds
[2025-03-25T15:10:51.016+0000] {processor.py:186} INFO - Started process (PID=317) to work on /home/airflow/.local/lib/python3.12/site-packages/airflow/example_dags/example_external_task_marker_dag.py
[2025-03-25T15:10:51.018+0000] {processor.py:914} INFO - Processing file /home/airflow/.local/lib/python3.12/site-packages/airflow/example_dags/example_external_task_marker_dag.py for tasks to queue
[2025-03-25T15:10:51.020+0000] {logging_mixin.py:190} INFO - [2025-03-25T15:10:51.020+0000] {dagbag.py:588} INFO - Filling up the DagBag from /home/airflow/.local/lib/python3.12/site-packages/airflow/example_dags/example_external_task_marker_dag.py
[2025-03-25T15:10:51.029+0000] {processor.py:925} INFO - DAG(s) 'example_external_task_marker_child', 'example_external_task_marker_parent' retrieved from /home/airflow/.local/lib/python3.12/site-packages/airflow/example_dags/example_external_task_marker_dag.py
[2025-03-25T15:10:51.056+0000] {logging_mixin.py:190} INFO - [2025-03-25T15:10:51.056+0000] {dag.py:3239} INFO - Sync 2 DAGs
[2025-03-25T15:10:51.073+0000] {logging_mixin.py:190} INFO - [2025-03-25T15:10:51.072+0000] {dag.py:4180} INFO - Setting next_dagrun for example_external_task_marker_child to None, run_after=None
[2025-03-25T15:10:51.077+0000] {logging_mixin.py:190} INFO - [2025-03-25T15:10:51.076+0000] {dag.py:4180} INFO - Setting next_dagrun for example_external_task_marker_parent to None, run_after=None
[2025-03-25T15:10:51.094+0000] {processor.py:208} INFO - Processing /home/airflow/.local/lib/python3.12/site-packages/airflow/example_dags/example_external_task_marker_dag.py took 0.085 seconds
[2025-03-25T15:11:22.605+0000] {processor.py:186} INFO - Started process (PID=380) to work on /home/airflow/.local/lib/python3.12/site-packages/airflow/example_dags/example_external_task_marker_dag.py
[2025-03-25T15:11:22.606+0000] {processor.py:914} INFO - Processing file /home/airflow/.local/lib/python3.12/site-packages/airflow/example_dags/example_external_task_marker_dag.py for tasks to queue
[2025-03-25T15:11:22.608+0000] {logging_mixin.py:190} INFO - [2025-03-25T15:11:22.608+0000] {dagbag.py:588} INFO - Filling up the DagBag from /home/airflow/.local/lib/python3.12/site-packages/airflow/example_dags/example_external_task_marker_dag.py
[2025-03-25T15:11:22.617+0000] {processor.py:925} INFO - DAG(s) 'example_external_task_marker_child', 'example_external_task_marker_parent' retrieved from /home/airflow/.local/lib/python3.12/site-packages/airflow/example_dags/example_external_task_marker_dag.py
[2025-03-25T15:11:22.644+0000] {logging_mixin.py:190} INFO - [2025-03-25T15:11:22.644+0000] {dag.py:3239} INFO - Sync 2 DAGs
[2025-03-25T15:11:22.661+0000] {logging_mixin.py:190} INFO - [2025-03-25T15:11:22.661+0000] {dag.py:4180} INFO - Setting next_dagrun for example_external_task_marker_child to None, run_after=None
[2025-03-25T15:11:22.665+0000] {logging_mixin.py:190} INFO - [2025-03-25T15:11:22.665+0000] {dag.py:4180} INFO - Setting next_dagrun for example_external_task_marker_parent to None, run_after=None
[2025-03-25T15:11:22.683+0000] {processor.py:208} INFO - Processing /home/airflow/.local/lib/python3.12/site-packages/airflow/example_dags/example_external_task_marker_dag.py took 0.085 seconds
[2025-03-25T15:11:53.745+0000] {processor.py:186} INFO - Started process (PID=443) to work on /home/airflow/.local/lib/python3.12/site-packages/airflow/example_dags/example_external_task_marker_dag.py
[2025-03-25T15:11:53.747+0000] {processor.py:914} INFO - Processing file /home/airflow/.local/lib/python3.12/site-packages/airflow/example_dags/example_external_task_marker_dag.py for tasks to queue
[2025-03-25T15:11:53.750+0000] {logging_mixin.py:190} INFO - [2025-03-25T15:11:53.749+0000] {dagbag.py:588} INFO - Filling up the DagBag from /home/airflow/.local/lib/python3.12/site-packages/airflow/example_dags/example_external_task_marker_dag.py
[2025-03-25T15:11:53.760+0000] {processor.py:925} INFO - DAG(s) 'example_external_task_marker_parent', 'example_external_task_marker_child' retrieved from /home/airflow/.local/lib/python3.12/site-packages/airflow/example_dags/example_external_task_marker_dag.py
[2025-03-25T15:11:53.792+0000] {logging_mixin.py:190} INFO - [2025-03-25T15:11:53.792+0000] {dag.py:3239} INFO - Sync 2 DAGs
[2025-03-25T15:11:53.813+0000] {logging_mixin.py:190} INFO - [2025-03-25T15:11:53.813+0000] {dag.py:4180} INFO - Setting next_dagrun for example_external_task_marker_child to None, run_after=None
[2025-03-25T15:11:53.818+0000] {logging_mixin.py:190} INFO - [2025-03-25T15:11:53.818+0000] {dag.py:4180} INFO - Setting next_dagrun for example_external_task_marker_parent to None, run_after=None
[2025-03-25T15:11:53.837+0000] {processor.py:208} INFO - Processing /home/airflow/.local/lib/python3.12/site-packages/airflow/example_dags/example_external_task_marker_dag.py took 0.102 seconds
[2025-03-25T15:12:25.444+0000] {processor.py:186} INFO - Started process (PID=506) to work on /home/airflow/.local/lib/python3.12/site-packages/airflow/example_dags/example_external_task_marker_dag.py
[2025-03-25T15:12:25.445+0000] {processor.py:914} INFO - Processing file /home/airflow/.local/lib/python3.12/site-packages/airflow/example_dags/example_external_task_marker_dag.py for tasks to queue
[2025-03-25T15:12:25.448+0000] {logging_mixin.py:190} INFO - [2025-03-25T15:12:25.448+0000] {dagbag.py:588} INFO - Filling up the DagBag from /home/airflow/.local/lib/python3.12/site-packages/airflow/example_dags/example_external_task_marker_dag.py
[2025-03-25T15:12:25.458+0000] {processor.py:925} INFO - DAG(s) 'example_external_task_marker_parent', 'example_external_task_marker_child' retrieved from /home/airflow/.local/lib/python3.12/site-packages/airflow/example_dags/example_external_task_marker_dag.py
[2025-03-25T15:12:25.488+0000] {logging_mixin.py:190} INFO - [2025-03-25T15:12:25.487+0000] {dag.py:3239} INFO - Sync 2 DAGs
[2025-03-25T15:12:25.508+0000] {logging_mixin.py:190} INFO - [2025-03-25T15:12:25.508+0000] {dag.py:4180} INFO - Setting next_dagrun for example_external_task_marker_child to None, run_after=None
[2025-03-25T15:12:25.512+0000] {logging_mixin.py:190} INFO - [2025-03-25T15:12:25.512+0000] {dag.py:4180} INFO - Setting next_dagrun for example_external_task_marker_parent to None, run_after=None
[2025-03-25T15:12:25.534+0000] {processor.py:208} INFO - Processing /home/airflow/.local/lib/python3.12/site-packages/airflow/example_dags/example_external_task_marker_dag.py took 0.098 seconds
[2025-03-25T15:12:56.290+0000] {processor.py:186} INFO - Started process (PID=569) to work on /home/airflow/.local/lib/python3.12/site-packages/airflow/example_dags/example_external_task_marker_dag.py
[2025-03-25T15:12:56.291+0000] {processor.py:914} INFO - Processing file /home/airflow/.local/lib/python3.12/site-packages/airflow/example_dags/example_external_task_marker_dag.py for tasks to queue
[2025-03-25T15:12:56.293+0000] {logging_mixin.py:190} INFO - [2025-03-25T15:12:56.293+0000] {dagbag.py:588} INFO - Filling up the DagBag from /home/airflow/.local/lib/python3.12/site-packages/airflow/example_dags/example_external_task_marker_dag.py
[2025-03-25T15:12:56.302+0000] {processor.py:925} INFO - DAG(s) 'example_external_task_marker_parent', 'example_external_task_marker_child' retrieved from /home/airflow/.local/lib/python3.12/site-packages/airflow/example_dags/example_external_task_marker_dag.py
[2025-03-25T15:12:56.329+0000] {logging_mixin.py:190} INFO - [2025-03-25T15:12:56.329+0000] {dag.py:3239} INFO - Sync 2 DAGs
[2025-03-25T15:12:56.347+0000] {logging_mixin.py:190} INFO - [2025-03-25T15:12:56.347+0000] {dag.py:4180} INFO - Setting next_dagrun for example_external_task_marker_child to None, run_after=None
[2025-03-25T15:12:56.351+0000] {logging_mixin.py:190} INFO - [2025-03-25T15:12:56.351+0000] {dag.py:4180} INFO - Setting next_dagrun for example_external_task_marker_parent to None, run_after=None
[2025-03-25T15:12:56.370+0000] {processor.py:208} INFO - Processing /home/airflow/.local/lib/python3.12/site-packages/airflow/example_dags/example_external_task_marker_dag.py took 0.088 seconds
[2025-03-25T15:13:28.804+0000] {processor.py:186} INFO - Started process (PID=632) to work on /home/airflow/.local/lib/python3.12/site-packages/airflow/example_dags/example_external_task_marker_dag.py
[2025-03-25T15:13:28.805+0000] {processor.py:914} INFO - Processing file /home/airflow/.local/lib/python3.12/site-packages/airflow/example_dags/example_external_task_marker_dag.py for tasks to queue
[2025-03-25T15:13:28.809+0000] {logging_mixin.py:190} INFO - [2025-03-25T15:13:28.808+0000] {dagbag.py:588} INFO - Filling up the DagBag from /home/airflow/.local/lib/python3.12/site-packages/airflow/example_dags/example_external_task_marker_dag.py
[2025-03-25T15:13:28.821+0000] {processor.py:925} INFO - DAG(s) 'example_external_task_marker_parent', 'example_external_task_marker_child' retrieved from /home/airflow/.local/lib/python3.12/site-packages/airflow/example_dags/example_external_task_marker_dag.py
[2025-03-25T15:13:28.852+0000] {logging_mixin.py:190} INFO - [2025-03-25T15:13:28.851+0000] {dag.py:3239} INFO - Sync 2 DAGs
[2025-03-25T15:13:28.872+0000] {logging_mixin.py:190} INFO - [2025-03-25T15:13:28.871+0000] {dag.py:4180} INFO - Setting next_dagrun for example_external_task_marker_child to None, run_after=None
[2025-03-25T15:13:28.877+0000] {logging_mixin.py:190} INFO - [2025-03-25T15:13:28.877+0000] {dag.py:4180} INFO - Setting next_dagrun for example_external_task_marker_parent to None, run_after=None
[2025-03-25T15:13:28.897+0000] {processor.py:208} INFO - Processing /home/airflow/.local/lib/python3.12/site-packages/airflow/example_dags/example_external_task_marker_dag.py took 0.101 seconds
[2025-03-25T15:15:13.970+0000] {processor.py:186} INFO - Started process (PID=116) to work on /home/airflow/.local/lib/python3.12/site-packages/airflow/example_dags/example_external_task_marker_dag.py
[2025-03-25T15:15:13.972+0000] {processor.py:914} INFO - Processing file /home/airflow/.local/lib/python3.12/site-packages/airflow/example_dags/example_external_task_marker_dag.py for tasks to queue
[2025-03-25T15:15:13.975+0000] {logging_mixin.py:190} INFO - [2025-03-25T15:15:13.974+0000] {dagbag.py:588} INFO - Filling up the DagBag from /home/airflow/.local/lib/python3.12/site-packages/airflow/example_dags/example_external_task_marker_dag.py
[2025-03-25T15:15:13.985+0000] {processor.py:925} INFO - DAG(s) 'example_external_task_marker_child', 'example_external_task_marker_parent' retrieved from /home/airflow/.local/lib/python3.12/site-packages/airflow/example_dags/example_external_task_marker_dag.py
[2025-03-25T15:15:14.017+0000] {logging_mixin.py:190} INFO - [2025-03-25T15:15:14.016+0000] {dag.py:3239} INFO - Sync 2 DAGs
[2025-03-25T15:15:14.037+0000] {logging_mixin.py:190} INFO - [2025-03-25T15:15:14.036+0000] {dag.py:4180} INFO - Setting next_dagrun for example_external_task_marker_child to None, run_after=None
[2025-03-25T15:15:14.041+0000] {logging_mixin.py:190} INFO - [2025-03-25T15:15:14.041+0000] {dag.py:4180} INFO - Setting next_dagrun for example_external_task_marker_parent to None, run_after=None
[2025-03-25T15:15:14.060+0000] {processor.py:208} INFO - Processing /home/airflow/.local/lib/python3.12/site-packages/airflow/example_dags/example_external_task_marker_dag.py took 0.098 seconds
[2025-03-25T15:20:27.952+0000] {processor.py:186} INFO - Started process (PID=123) to work on /home/airflow/.local/lib/python3.12/site-packages/airflow/example_dags/example_external_task_marker_dag.py
[2025-03-25T15:20:27.954+0000] {processor.py:914} INFO - Processing file /home/airflow/.local/lib/python3.12/site-packages/airflow/example_dags/example_external_task_marker_dag.py for tasks to queue
[2025-03-25T15:20:27.960+0000] {logging_mixin.py:190} INFO - [2025-03-25T15:20:27.960+0000] {dagbag.py:588} INFO - Filling up the DagBag from /home/airflow/.local/lib/python3.12/site-packages/airflow/example_dags/example_external_task_marker_dag.py
[2025-03-25T15:20:27.979+0000] {processor.py:925} INFO - DAG(s) 'example_external_task_marker_parent', 'example_external_task_marker_child' retrieved from /home/airflow/.local/lib/python3.12/site-packages/airflow/example_dags/example_external_task_marker_dag.py
[2025-03-25T15:20:28.012+0000] {logging_mixin.py:190} INFO - [2025-03-25T15:20:28.012+0000] {dag.py:3239} INFO - Sync 2 DAGs
[2025-03-25T15:20:28.032+0000] {logging_mixin.py:190} INFO - [2025-03-25T15:20:28.032+0000] {dag.py:4180} INFO - Setting next_dagrun for example_external_task_marker_child to None, run_after=None
[2025-03-25T15:20:28.037+0000] {logging_mixin.py:190} INFO - [2025-03-25T15:20:28.037+0000] {dag.py:4180} INFO - Setting next_dagrun for example_external_task_marker_parent to None, run_after=None
[2025-03-25T15:20:28.057+0000] {processor.py:208} INFO - Processing /home/airflow/.local/lib/python3.12/site-packages/airflow/example_dags/example_external_task_marker_dag.py took 0.119 seconds
[2025-03-25T15:20:59.135+0000] {processor.py:186} INFO - Started process (PID=186) to work on /home/airflow/.local/lib/python3.12/site-packages/airflow/example_dags/example_external_task_marker_dag.py
[2025-03-25T15:20:59.136+0000] {processor.py:914} INFO - Processing file /home/airflow/.local/lib/python3.12/site-packages/airflow/example_dags/example_external_task_marker_dag.py for tasks to queue
[2025-03-25T15:20:59.140+0000] {logging_mixin.py:190} INFO - [2025-03-25T15:20:59.139+0000] {dagbag.py:588} INFO - Filling up the DagBag from /home/airflow/.local/lib/python3.12/site-packages/airflow/example_dags/example_external_task_marker_dag.py
[2025-03-25T15:20:59.153+0000] {processor.py:925} INFO - DAG(s) 'example_external_task_marker_child', 'example_external_task_marker_parent' retrieved from /home/airflow/.local/lib/python3.12/site-packages/airflow/example_dags/example_external_task_marker_dag.py
[2025-03-25T15:20:59.189+0000] {logging_mixin.py:190} INFO - [2025-03-25T15:20:59.188+0000] {dag.py:3239} INFO - Sync 2 DAGs
[2025-03-25T15:20:59.212+0000] {logging_mixin.py:190} INFO - [2025-03-25T15:20:59.211+0000] {dag.py:4180} INFO - Setting next_dagrun for example_external_task_marker_child to None, run_after=None
[2025-03-25T15:20:59.216+0000] {logging_mixin.py:190} INFO - [2025-03-25T15:20:59.216+0000] {dag.py:4180} INFO - Setting next_dagrun for example_external_task_marker_parent to None, run_after=None
[2025-03-25T15:20:59.244+0000] {processor.py:208} INFO - Processing /home/airflow/.local/lib/python3.12/site-packages/airflow/example_dags/example_external_task_marker_dag.py took 0.118 seconds
[2025-03-25T15:21:29.655+0000] {processor.py:186} INFO - Started process (PID=247) to work on /home/airflow/.local/lib/python3.12/site-packages/airflow/example_dags/example_external_task_marker_dag.py
[2025-03-25T15:21:29.657+0000] {processor.py:914} INFO - Processing file /home/airflow/.local/lib/python3.12/site-packages/airflow/example_dags/example_external_task_marker_dag.py for tasks to queue
[2025-03-25T15:21:29.660+0000] {logging_mixin.py:190} INFO - [2025-03-25T15:21:29.659+0000] {dagbag.py:588} INFO - Filling up the DagBag from /home/airflow/.local/lib/python3.12/site-packages/airflow/example_dags/example_external_task_marker_dag.py
[2025-03-25T15:21:29.672+0000] {processor.py:925} INFO - DAG(s) 'example_external_task_marker_parent', 'example_external_task_marker_child' retrieved from /home/airflow/.local/lib/python3.12/site-packages/airflow/example_dags/example_external_task_marker_dag.py
[2025-03-25T15:21:29.710+0000] {logging_mixin.py:190} INFO - [2025-03-25T15:21:29.709+0000] {dag.py:3239} INFO - Sync 2 DAGs
[2025-03-25T15:21:29.734+0000] {logging_mixin.py:190} INFO - [2025-03-25T15:21:29.734+0000] {dag.py:4180} INFO - Setting next_dagrun for example_external_task_marker_child to None, run_after=None
[2025-03-25T15:21:29.739+0000] {logging_mixin.py:190} INFO - [2025-03-25T15:21:29.738+0000] {dag.py:4180} INFO - Setting next_dagrun for example_external_task_marker_parent to None, run_after=None
[2025-03-25T15:21:29.771+0000] {processor.py:208} INFO - Processing /home/airflow/.local/lib/python3.12/site-packages/airflow/example_dags/example_external_task_marker_dag.py took 0.124 seconds
[2025-03-25T15:22:00.796+0000] {processor.py:186} INFO - Started process (PID=310) to work on /home/airflow/.local/lib/python3.12/site-packages/airflow/example_dags/example_external_task_marker_dag.py
[2025-03-25T15:22:00.797+0000] {processor.py:914} INFO - Processing file /home/airflow/.local/lib/python3.12/site-packages/airflow/example_dags/example_external_task_marker_dag.py for tasks to queue
[2025-03-25T15:22:00.800+0000] {logging_mixin.py:190} INFO - [2025-03-25T15:22:00.799+0000] {dagbag.py:588} INFO - Filling up the DagBag from /home/airflow/.local/lib/python3.12/site-packages/airflow/example_dags/example_external_task_marker_dag.py
[2025-03-25T15:22:00.809+0000] {processor.py:925} INFO - DAG(s) 'example_external_task_marker_child', 'example_external_task_marker_parent' retrieved from /home/airflow/.local/lib/python3.12/site-packages/airflow/example_dags/example_external_task_marker_dag.py
[2025-03-25T15:22:00.835+0000] {logging_mixin.py:190} INFO - [2025-03-25T15:22:00.835+0000] {dag.py:3239} INFO - Sync 2 DAGs
[2025-03-25T15:22:00.854+0000] {logging_mixin.py:190} INFO - [2025-03-25T15:22:00.853+0000] {dag.py:4180} INFO - Setting next_dagrun for example_external_task_marker_child to None, run_after=None
[2025-03-25T15:22:00.858+0000] {logging_mixin.py:190} INFO - [2025-03-25T15:22:00.857+0000] {dag.py:4180} INFO - Setting next_dagrun for example_external_task_marker_parent to None, run_after=None
[2025-03-25T15:22:00.875+0000] {processor.py:208} INFO - Processing /home/airflow/.local/lib/python3.12/site-packages/airflow/example_dags/example_external_task_marker_dag.py took 0.086 seconds
