[2025-03-25T15:09:16.605+0000] {processor.py:186} INFO - Started process (PID=116) to work on /home/airflow/.local/lib/python3.12/site-packages/airflow/example_dags/example_params_trigger_ui.py
[2025-03-25T15:09:16.606+0000] {processor.py:914} INFO - Processing file /home/airflow/.local/lib/python3.12/site-packages/airflow/example_dags/example_params_trigger_ui.py for tasks to queue
[2025-03-25T15:09:16.608+0000] {logging_mixin.py:190} INFO - [2025-03-25T15:09:16.608+0000] {dagbag.py:588} INFO - Filling up the DagBag from /home/airflow/.local/lib/python3.12/site-packages/airflow/example_dags/example_params_trigger_ui.py
[2025-03-25T15:09:16.624+0000] {processor.py:925} INFO - DAG(s) 'example_params_trigger_ui' retrieved from /home/airflow/.local/lib/python3.12/site-packages/airflow/example_dags/example_params_trigger_ui.py
[2025-03-25T15:09:16.808+0000] {logging_mixin.py:190} INFO - [2025-03-25T15:09:16.807+0000] {override.py:1912} INFO - Created Permission View: can read on DAG:example_params_trigger_ui
[2025-03-25T15:09:16.823+0000] {logging_mixin.py:190} INFO - [2025-03-25T15:09:16.823+0000] {override.py:1912} INFO - Created Permission View: can delete on DAG:example_params_trigger_ui
[2025-03-25T15:09:16.836+0000] {logging_mixin.py:190} INFO - [2025-03-25T15:09:16.836+0000] {override.py:1912} INFO - Created Permission View: can edit on DAG:example_params_trigger_ui
[2025-03-25T15:09:16.849+0000] {logging_mixin.py:190} INFO - [2025-03-25T15:09:16.848+0000] {override.py:1912} INFO - Created Permission View: can create on DAG Run:example_params_trigger_ui
[2025-03-25T15:09:16.859+0000] {logging_mixin.py:190} INFO - [2025-03-25T15:09:16.858+0000] {override.py:1912} INFO - Created Permission View: can read on DAG Run:example_params_trigger_ui
[2025-03-25T15:09:16.870+0000] {logging_mixin.py:190} INFO - [2025-03-25T15:09:16.869+0000] {override.py:1912} INFO - Created Permission View: can delete on DAG Run:example_params_trigger_ui
[2025-03-25T15:09:16.880+0000] {logging_mixin.py:190} INFO - [2025-03-25T15:09:16.880+0000] {override.py:1912} INFO - Created Permission View: menu access on DAG Run:example_params_trigger_ui
[2025-03-25T15:09:16.881+0000] {logging_mixin.py:190} INFO - [2025-03-25T15:09:16.881+0000] {dag.py:3239} INFO - Sync 1 DAGs
[2025-03-25T15:09:16.901+0000] {logging_mixin.py:190} INFO - [2025-03-25T15:09:16.900+0000] {dag.py:3262} INFO - Creating ORM DAG for example_params_trigger_ui
[2025-03-25T15:09:16.902+0000] {logging_mixin.py:190} INFO - [2025-03-25T15:09:16.902+0000] {dag.py:4180} INFO - Setting next_dagrun for example_params_trigger_ui to None, run_after=None
[2025-03-25T15:09:16.938+0000] {processor.py:208} INFO - Processing /home/airflow/.local/lib/python3.12/site-packages/airflow/example_dags/example_params_trigger_ui.py took 0.341 seconds
[2025-03-25T15:09:47.367+0000] {processor.py:186} INFO - Started process (PID=179) to work on /home/airflow/.local/lib/python3.12/site-packages/airflow/example_dags/example_params_trigger_ui.py
[2025-03-25T15:09:47.368+0000] {processor.py:914} INFO - Processing file /home/airflow/.local/lib/python3.12/site-packages/airflow/example_dags/example_params_trigger_ui.py for tasks to queue
[2025-03-25T15:09:47.371+0000] {logging_mixin.py:190} INFO - [2025-03-25T15:09:47.370+0000] {dagbag.py:588} INFO - Filling up the DagBag from /home/airflow/.local/lib/python3.12/site-packages/airflow/example_dags/example_params_trigger_ui.py
[2025-03-25T15:09:47.382+0000] {processor.py:925} INFO - DAG(s) 'example_params_trigger_ui' retrieved from /home/airflow/.local/lib/python3.12/site-packages/airflow/example_dags/example_params_trigger_ui.py
[2025-03-25T15:09:47.432+0000] {logging_mixin.py:190} INFO - [2025-03-25T15:09:47.432+0000] {dag.py:3239} INFO - Sync 1 DAGs
[2025-03-25T15:09:47.448+0000] {logging_mixin.py:190} INFO - [2025-03-25T15:09:47.447+0000] {dag.py:4180} INFO - Setting next_dagrun for example_params_trigger_ui to None, run_after=None
[2025-03-25T15:09:47.468+0000] {processor.py:208} INFO - Processing /home/airflow/.local/lib/python3.12/site-packages/airflow/example_dags/example_params_trigger_ui.py took 0.107 seconds
[2025-03-25T15:10:19.421+0000] {processor.py:186} INFO - Started process (PID=248) to work on /home/airflow/.local/lib/python3.12/site-packages/airflow/example_dags/example_params_trigger_ui.py
[2025-03-25T15:10:19.423+0000] {processor.py:914} INFO - Processing file /home/airflow/.local/lib/python3.12/site-packages/airflow/example_dags/example_params_trigger_ui.py for tasks to queue
[2025-03-25T15:10:19.426+0000] {logging_mixin.py:190} INFO - [2025-03-25T15:10:19.426+0000] {dagbag.py:588} INFO - Filling up the DagBag from /home/airflow/.local/lib/python3.12/site-packages/airflow/example_dags/example_params_trigger_ui.py
[2025-03-25T15:10:19.450+0000] {processor.py:925} INFO - DAG(s) 'example_params_trigger_ui' retrieved from /home/airflow/.local/lib/python3.12/site-packages/airflow/example_dags/example_params_trigger_ui.py
[2025-03-25T15:10:19.524+0000] {logging_mixin.py:190} INFO - [2025-03-25T15:10:19.524+0000] {dag.py:3239} INFO - Sync 1 DAGs
[2025-03-25T15:10:19.546+0000] {logging_mixin.py:190} INFO - [2025-03-25T15:10:19.546+0000] {dag.py:4180} INFO - Setting next_dagrun for example_params_trigger_ui to None, run_after=None
[2025-03-25T15:10:19.582+0000] {processor.py:208} INFO - Processing /home/airflow/.local/lib/python3.12/site-packages/airflow/example_dags/example_params_trigger_ui.py took 0.170 seconds
[2025-03-25T15:10:50.544+0000] {processor.py:186} INFO - Started process (PID=311) to work on /home/airflow/.local/lib/python3.12/site-packages/airflow/example_dags/example_params_trigger_ui.py
[2025-03-25T15:10:50.546+0000] {processor.py:914} INFO - Processing file /home/airflow/.local/lib/python3.12/site-packages/airflow/example_dags/example_params_trigger_ui.py for tasks to queue
[2025-03-25T15:10:50.548+0000] {logging_mixin.py:190} INFO - [2025-03-25T15:10:50.547+0000] {dagbag.py:588} INFO - Filling up the DagBag from /home/airflow/.local/lib/python3.12/site-packages/airflow/example_dags/example_params_trigger_ui.py
[2025-03-25T15:10:50.560+0000] {processor.py:925} INFO - DAG(s) 'example_params_trigger_ui' retrieved from /home/airflow/.local/lib/python3.12/site-packages/airflow/example_dags/example_params_trigger_ui.py
[2025-03-25T15:10:50.609+0000] {logging_mixin.py:190} INFO - [2025-03-25T15:10:50.608+0000] {dag.py:3239} INFO - Sync 1 DAGs
[2025-03-25T15:10:50.628+0000] {logging_mixin.py:190} INFO - [2025-03-25T15:10:50.627+0000] {dag.py:4180} INFO - Setting next_dagrun for example_params_trigger_ui to None, run_after=None
[2025-03-25T15:10:50.649+0000] {processor.py:208} INFO - Processing /home/airflow/.local/lib/python3.12/site-packages/airflow/example_dags/example_params_trigger_ui.py took 0.111 seconds
[2025-03-25T15:11:22.126+0000] {processor.py:186} INFO - Started process (PID=374) to work on /home/airflow/.local/lib/python3.12/site-packages/airflow/example_dags/example_params_trigger_ui.py
[2025-03-25T15:11:22.128+0000] {processor.py:914} INFO - Processing file /home/airflow/.local/lib/python3.12/site-packages/airflow/example_dags/example_params_trigger_ui.py for tasks to queue
[2025-03-25T15:11:22.130+0000] {logging_mixin.py:190} INFO - [2025-03-25T15:11:22.130+0000] {dagbag.py:588} INFO - Filling up the DagBag from /home/airflow/.local/lib/python3.12/site-packages/airflow/example_dags/example_params_trigger_ui.py
[2025-03-25T15:11:22.142+0000] {processor.py:925} INFO - DAG(s) 'example_params_trigger_ui' retrieved from /home/airflow/.local/lib/python3.12/site-packages/airflow/example_dags/example_params_trigger_ui.py
[2025-03-25T15:11:22.196+0000] {logging_mixin.py:190} INFO - [2025-03-25T15:11:22.196+0000] {dag.py:3239} INFO - Sync 1 DAGs
[2025-03-25T15:11:22.214+0000] {logging_mixin.py:190} INFO - [2025-03-25T15:11:22.213+0000] {dag.py:4180} INFO - Setting next_dagrun for example_params_trigger_ui to None, run_after=None
[2025-03-25T15:11:22.236+0000] {processor.py:208} INFO - Processing /home/airflow/.local/lib/python3.12/site-packages/airflow/example_dags/example_params_trigger_ui.py took 0.116 seconds
[2025-03-25T15:11:53.318+0000] {processor.py:186} INFO - Started process (PID=437) to work on /home/airflow/.local/lib/python3.12/site-packages/airflow/example_dags/example_params_trigger_ui.py
[2025-03-25T15:11:53.319+0000] {processor.py:914} INFO - Processing file /home/airflow/.local/lib/python3.12/site-packages/airflow/example_dags/example_params_trigger_ui.py for tasks to queue
[2025-03-25T15:11:53.322+0000] {logging_mixin.py:190} INFO - [2025-03-25T15:11:53.321+0000] {dagbag.py:588} INFO - Filling up the DagBag from /home/airflow/.local/lib/python3.12/site-packages/airflow/example_dags/example_params_trigger_ui.py
[2025-03-25T15:11:53.337+0000] {processor.py:925} INFO - DAG(s) 'example_params_trigger_ui' retrieved from /home/airflow/.local/lib/python3.12/site-packages/airflow/example_dags/example_params_trigger_ui.py
[2025-03-25T15:11:53.391+0000] {logging_mixin.py:190} INFO - [2025-03-25T15:11:53.391+0000] {dag.py:3239} INFO - Sync 1 DAGs
[2025-03-25T15:11:53.408+0000] {logging_mixin.py:190} INFO - [2025-03-25T15:11:53.408+0000] {dag.py:4180} INFO - Setting next_dagrun for example_params_trigger_ui to None, run_after=None
[2025-03-25T15:11:53.429+0000] {processor.py:208} INFO - Processing /home/airflow/.local/lib/python3.12/site-packages/airflow/example_dags/example_params_trigger_ui.py took 0.117 seconds
[2025-03-25T15:12:25.031+0000] {processor.py:186} INFO - Started process (PID=500) to work on /home/airflow/.local/lib/python3.12/site-packages/airflow/example_dags/example_params_trigger_ui.py
[2025-03-25T15:12:25.033+0000] {processor.py:914} INFO - Processing file /home/airflow/.local/lib/python3.12/site-packages/airflow/example_dags/example_params_trigger_ui.py for tasks to queue
[2025-03-25T15:12:25.035+0000] {logging_mixin.py:190} INFO - [2025-03-25T15:12:25.035+0000] {dagbag.py:588} INFO - Filling up the DagBag from /home/airflow/.local/lib/python3.12/site-packages/airflow/example_dags/example_params_trigger_ui.py
[2025-03-25T15:12:25.055+0000] {processor.py:925} INFO - DAG(s) 'example_params_trigger_ui' retrieved from /home/airflow/.local/lib/python3.12/site-packages/airflow/example_dags/example_params_trigger_ui.py
[2025-03-25T15:12:25.113+0000] {logging_mixin.py:190} INFO - [2025-03-25T15:12:25.113+0000] {dag.py:3239} INFO - Sync 1 DAGs
[2025-03-25T15:12:25.132+0000] {logging_mixin.py:190} INFO - [2025-03-25T15:12:25.132+0000] {dag.py:4180} INFO - Setting next_dagrun for example_params_trigger_ui to None, run_after=None
[2025-03-25T15:12:25.157+0000] {processor.py:208} INFO - Processing /home/airflow/.local/lib/python3.12/site-packages/airflow/example_dags/example_params_trigger_ui.py took 0.134 seconds
[2025-03-25T15:12:55.925+0000] {processor.py:186} INFO - Started process (PID=563) to work on /home/airflow/.local/lib/python3.12/site-packages/airflow/example_dags/example_params_trigger_ui.py
[2025-03-25T15:12:55.927+0000] {processor.py:914} INFO - Processing file /home/airflow/.local/lib/python3.12/site-packages/airflow/example_dags/example_params_trigger_ui.py for tasks to queue
[2025-03-25T15:12:55.929+0000] {logging_mixin.py:190} INFO - [2025-03-25T15:12:55.929+0000] {dagbag.py:588} INFO - Filling up the DagBag from /home/airflow/.local/lib/python3.12/site-packages/airflow/example_dags/example_params_trigger_ui.py
[2025-03-25T15:12:55.942+0000] {processor.py:925} INFO - DAG(s) 'example_params_trigger_ui' retrieved from /home/airflow/.local/lib/python3.12/site-packages/airflow/example_dags/example_params_trigger_ui.py
[2025-03-25T15:12:55.998+0000] {logging_mixin.py:190} INFO - [2025-03-25T15:12:55.998+0000] {dag.py:3239} INFO - Sync 1 DAGs
[2025-03-25T15:12:56.015+0000] {logging_mixin.py:190} INFO - [2025-03-25T15:12:56.015+0000] {dag.py:4180} INFO - Setting next_dagrun for example_params_trigger_ui to None, run_after=None
[2025-03-25T15:12:56.037+0000] {processor.py:208} INFO - Processing /home/airflow/.local/lib/python3.12/site-packages/airflow/example_dags/example_params_trigger_ui.py took 0.120 seconds
[2025-03-25T15:13:28.342+0000] {processor.py:186} INFO - Started process (PID=626) to work on /home/airflow/.local/lib/python3.12/site-packages/airflow/example_dags/example_params_trigger_ui.py
[2025-03-25T15:13:28.344+0000] {processor.py:914} INFO - Processing file /home/airflow/.local/lib/python3.12/site-packages/airflow/example_dags/example_params_trigger_ui.py for tasks to queue
[2025-03-25T15:13:28.348+0000] {logging_mixin.py:190} INFO - [2025-03-25T15:13:28.348+0000] {dagbag.py:588} INFO - Filling up the DagBag from /home/airflow/.local/lib/python3.12/site-packages/airflow/example_dags/example_params_trigger_ui.py
[2025-03-25T15:13:28.366+0000] {processor.py:925} INFO - DAG(s) 'example_params_trigger_ui' retrieved from /home/airflow/.local/lib/python3.12/site-packages/airflow/example_dags/example_params_trigger_ui.py
[2025-03-25T15:13:28.442+0000] {logging_mixin.py:190} INFO - [2025-03-25T15:13:28.442+0000] {dag.py:3239} INFO - Sync 1 DAGs
[2025-03-25T15:13:28.463+0000] {logging_mixin.py:190} INFO - [2025-03-25T15:13:28.463+0000] {dag.py:4180} INFO - Setting next_dagrun for example_params_trigger_ui to None, run_after=None
[2025-03-25T15:13:28.487+0000] {processor.py:208} INFO - Processing /home/airflow/.local/lib/python3.12/site-packages/airflow/example_dags/example_params_trigger_ui.py took 0.156 seconds
[2025-03-25T15:15:13.338+0000] {processor.py:186} INFO - Started process (PID=110) to work on /home/airflow/.local/lib/python3.12/site-packages/airflow/example_dags/example_params_trigger_ui.py
[2025-03-25T15:15:13.339+0000] {processor.py:914} INFO - Processing file /home/airflow/.local/lib/python3.12/site-packages/airflow/example_dags/example_params_trigger_ui.py for tasks to queue
[2025-03-25T15:15:13.343+0000] {logging_mixin.py:190} INFO - [2025-03-25T15:15:13.342+0000] {dagbag.py:588} INFO - Filling up the DagBag from /home/airflow/.local/lib/python3.12/site-packages/airflow/example_dags/example_params_trigger_ui.py
[2025-03-25T15:15:13.362+0000] {processor.py:925} INFO - DAG(s) 'example_params_trigger_ui' retrieved from /home/airflow/.local/lib/python3.12/site-packages/airflow/example_dags/example_params_trigger_ui.py
[2025-03-25T15:15:13.438+0000] {logging_mixin.py:190} INFO - [2025-03-25T15:15:13.438+0000] {dag.py:3239} INFO - Sync 1 DAGs
[2025-03-25T15:15:13.462+0000] {logging_mixin.py:190} INFO - [2025-03-25T15:15:13.462+0000] {dag.py:4180} INFO - Setting next_dagrun for example_params_trigger_ui to None, run_after=None
[2025-03-25T15:15:13.502+0000] {processor.py:208} INFO - Processing /home/airflow/.local/lib/python3.12/site-packages/airflow/example_dags/example_params_trigger_ui.py took 0.173 seconds
[2025-03-25T15:20:27.400+0000] {processor.py:186} INFO - Started process (PID=117) to work on /home/airflow/.local/lib/python3.12/site-packages/airflow/example_dags/example_params_trigger_ui.py
[2025-03-25T15:20:27.402+0000] {processor.py:914} INFO - Processing file /home/airflow/.local/lib/python3.12/site-packages/airflow/example_dags/example_params_trigger_ui.py for tasks to queue
[2025-03-25T15:20:27.404+0000] {logging_mixin.py:190} INFO - [2025-03-25T15:20:27.404+0000] {dagbag.py:588} INFO - Filling up the DagBag from /home/airflow/.local/lib/python3.12/site-packages/airflow/example_dags/example_params_trigger_ui.py
[2025-03-25T15:20:27.420+0000] {processor.py:925} INFO - DAG(s) 'example_params_trigger_ui' retrieved from /home/airflow/.local/lib/python3.12/site-packages/airflow/example_dags/example_params_trigger_ui.py
[2025-03-25T15:20:27.486+0000] {logging_mixin.py:190} INFO - [2025-03-25T15:20:27.486+0000] {dag.py:3239} INFO - Sync 1 DAGs
[2025-03-25T15:20:27.503+0000] {logging_mixin.py:190} INFO - [2025-03-25T15:20:27.503+0000] {dag.py:4180} INFO - Setting next_dagrun for example_params_trigger_ui to None, run_after=None
[2025-03-25T15:20:27.526+0000] {processor.py:208} INFO - Processing /home/airflow/.local/lib/python3.12/site-packages/airflow/example_dags/example_params_trigger_ui.py took 0.133 seconds
[2025-03-25T15:20:57.497+0000] {processor.py:186} INFO - Started process (PID=180) to work on /home/airflow/.local/lib/python3.12/site-packages/airflow/example_dags/example_params_trigger_ui.py
[2025-03-25T15:20:57.499+0000] {processor.py:914} INFO - Processing file /home/airflow/.local/lib/python3.12/site-packages/airflow/example_dags/example_params_trigger_ui.py for tasks to queue
[2025-03-25T15:20:57.503+0000] {logging_mixin.py:190} INFO - [2025-03-25T15:20:57.502+0000] {dagbag.py:588} INFO - Filling up the DagBag from /home/airflow/.local/lib/python3.12/site-packages/airflow/example_dags/example_params_trigger_ui.py
[2025-03-25T15:20:57.529+0000] {processor.py:925} INFO - DAG(s) 'example_params_trigger_ui' retrieved from /home/airflow/.local/lib/python3.12/site-packages/airflow/example_dags/example_params_trigger_ui.py
[2025-03-25T15:20:57.619+0000] {logging_mixin.py:190} INFO - [2025-03-25T15:20:57.619+0000] {dag.py:3239} INFO - Sync 1 DAGs
[2025-03-25T15:20:57.644+0000] {logging_mixin.py:190} INFO - [2025-03-25T15:20:57.644+0000] {dag.py:4180} INFO - Setting next_dagrun for example_params_trigger_ui to None, run_after=None
[2025-03-25T15:20:57.675+0000] {processor.py:208} INFO - Processing /home/airflow/.local/lib/python3.12/site-packages/airflow/example_dags/example_params_trigger_ui.py took 0.194 seconds
[2025-03-25T15:21:29.115+0000] {processor.py:186} INFO - Started process (PID=240) to work on /home/airflow/.local/lib/python3.12/site-packages/airflow/example_dags/example_params_trigger_ui.py
[2025-03-25T15:21:29.116+0000] {processor.py:914} INFO - Processing file /home/airflow/.local/lib/python3.12/site-packages/airflow/example_dags/example_params_trigger_ui.py for tasks to queue
[2025-03-25T15:21:29.119+0000] {logging_mixin.py:190} INFO - [2025-03-25T15:21:29.118+0000] {dagbag.py:588} INFO - Filling up the DagBag from /home/airflow/.local/lib/python3.12/site-packages/airflow/example_dags/example_params_trigger_ui.py
[2025-03-25T15:21:29.138+0000] {processor.py:925} INFO - DAG(s) 'example_params_trigger_ui' retrieved from /home/airflow/.local/lib/python3.12/site-packages/airflow/example_dags/example_params_trigger_ui.py
[2025-03-25T15:21:29.205+0000] {logging_mixin.py:190} INFO - [2025-03-25T15:21:29.204+0000] {dag.py:3239} INFO - Sync 1 DAGs
[2025-03-25T15:21:29.235+0000] {logging_mixin.py:190} INFO - [2025-03-25T15:21:29.235+0000] {dag.py:4180} INFO - Setting next_dagrun for example_params_trigger_ui to None, run_after=None
[2025-03-25T15:21:29.263+0000] {processor.py:208} INFO - Processing /home/airflow/.local/lib/python3.12/site-packages/airflow/example_dags/example_params_trigger_ui.py took 0.155 seconds
[2025-03-25T15:22:00.409+0000] {processor.py:186} INFO - Started process (PID=304) to work on /home/airflow/.local/lib/python3.12/site-packages/airflow/example_dags/example_params_trigger_ui.py
[2025-03-25T15:22:00.410+0000] {processor.py:914} INFO - Processing file /home/airflow/.local/lib/python3.12/site-packages/airflow/example_dags/example_params_trigger_ui.py for tasks to queue
[2025-03-25T15:22:00.413+0000] {logging_mixin.py:190} INFO - [2025-03-25T15:22:00.413+0000] {dagbag.py:588} INFO - Filling up the DagBag from /home/airflow/.local/lib/python3.12/site-packages/airflow/example_dags/example_params_trigger_ui.py
[2025-03-25T15:22:00.430+0000] {processor.py:925} INFO - DAG(s) 'example_params_trigger_ui' retrieved from /home/airflow/.local/lib/python3.12/site-packages/airflow/example_dags/example_params_trigger_ui.py
[2025-03-25T15:22:00.492+0000] {logging_mixin.py:190} INFO - [2025-03-25T15:22:00.491+0000] {dag.py:3239} INFO - Sync 1 DAGs
[2025-03-25T15:22:00.509+0000] {logging_mixin.py:190} INFO - [2025-03-25T15:22:00.508+0000] {dag.py:4180} INFO - Setting next_dagrun for example_params_trigger_ui to None, run_after=None
[2025-03-25T15:22:00.532+0000] {processor.py:208} INFO - Processing /home/airflow/.local/lib/python3.12/site-packages/airflow/example_dags/example_params_trigger_ui.py took 0.131 seconds
