[2025-03-25T15:09:07.452+0000] {processor.py:186} INFO - Started process (PID=91) to work on /home/airflow/.local/lib/python3.12/site-packages/airflow/example_dags/example_complex.py
[2025-03-25T15:09:07.453+0000] {processor.py:914} INFO - Processing file /home/airflow/.local/lib/python3.12/site-packages/airflow/example_dags/example_complex.py for tasks to queue
[2025-03-25T15:09:07.456+0000] {logging_mixin.py:190} INFO - [2025-03-25T15:09:07.455+0000] {dagbag.py:588} INFO - Filling up the DagBag from /home/airflow/.local/lib/python3.12/site-packages/airflow/example_dags/example_complex.py
[2025-03-25T15:09:07.529+0000] {processor.py:925} INFO - DAG(s) 'example_complex' retrieved from /home/airflow/.local/lib/python3.12/site-packages/airflow/example_dags/example_complex.py
[2025-03-25T15:09:07.901+0000] {logging_mixin.py:190} INFO - [2025-03-25T15:09:07.900+0000] {override.py:1912} INFO - Created Permission View: can read on DAG:example_complex
[2025-03-25T15:09:07.932+0000] {logging_mixin.py:190} INFO - [2025-03-25T15:09:07.931+0000] {override.py:1912} INFO - Created Permission View: can delete on DAG:example_complex
[2025-03-25T15:09:07.951+0000] {logging_mixin.py:190} INFO - [2025-03-25T15:09:07.951+0000] {override.py:1912} INFO - Created Permission View: can edit on DAG:example_complex
[2025-03-25T15:09:07.966+0000] {logging_mixin.py:190} INFO - [2025-03-25T15:09:07.966+0000] {override.py:1912} INFO - Created Permission View: can create on DAG Run:example_complex
[2025-03-25T15:09:07.976+0000] {logging_mixin.py:190} INFO - [2025-03-25T15:09:07.975+0000] {override.py:1912} INFO - Created Permission View: can read on DAG Run:example_complex
[2025-03-25T15:09:07.985+0000] {logging_mixin.py:190} INFO - [2025-03-25T15:09:07.985+0000] {override.py:1912} INFO - Created Permission View: can delete on DAG Run:example_complex
[2025-03-25T15:09:07.994+0000] {logging_mixin.py:190} INFO - [2025-03-25T15:09:07.994+0000] {override.py:1912} INFO - Created Permission View: menu access on DAG Run:example_complex
[2025-03-25T15:09:07.995+0000] {logging_mixin.py:190} INFO - [2025-03-25T15:09:07.994+0000] {dag.py:3239} INFO - Sync 1 DAGs
[2025-03-25T15:09:08.036+0000] {logging_mixin.py:190} INFO - [2025-03-25T15:09:08.036+0000] {dag.py:3262} INFO - Creating ORM DAG for example_complex
[2025-03-25T15:09:08.039+0000] {logging_mixin.py:190} INFO - [2025-03-25T15:09:08.039+0000] {dag.py:4180} INFO - Setting next_dagrun for example_complex to None, run_after=None
[2025-03-25T15:09:08.094+0000] {processor.py:208} INFO - Processing /home/airflow/.local/lib/python3.12/site-packages/airflow/example_dags/example_complex.py took 0.652 seconds
[2025-03-25T15:09:38.458+0000] {processor.py:186} INFO - Started process (PID=154) to work on /home/airflow/.local/lib/python3.12/site-packages/airflow/example_dags/example_complex.py
[2025-03-25T15:09:38.459+0000] {processor.py:914} INFO - Processing file /home/airflow/.local/lib/python3.12/site-packages/airflow/example_dags/example_complex.py for tasks to queue
[2025-03-25T15:09:38.462+0000] {logging_mixin.py:190} INFO - [2025-03-25T15:09:38.461+0000] {dagbag.py:588} INFO - Filling up the DagBag from /home/airflow/.local/lib/python3.12/site-packages/airflow/example_dags/example_complex.py
[2025-03-25T15:09:38.480+0000] {processor.py:925} INFO - DAG(s) 'example_complex' retrieved from /home/airflow/.local/lib/python3.12/site-packages/airflow/example_dags/example_complex.py
[2025-03-25T15:09:38.521+0000] {logging_mixin.py:190} INFO - [2025-03-25T15:09:38.520+0000] {dag.py:3239} INFO - Sync 1 DAGs
[2025-03-25T15:09:38.538+0000] {logging_mixin.py:190} INFO - [2025-03-25T15:09:38.538+0000] {dag.py:4180} INFO - Setting next_dagrun for example_complex to None, run_after=None
[2025-03-25T15:09:38.558+0000] {processor.py:208} INFO - Processing /home/airflow/.local/lib/python3.12/site-packages/airflow/example_dags/example_complex.py took 0.107 seconds
[2025-03-25T15:10:08.999+0000] {processor.py:186} INFO - Started process (PID=217) to work on /home/airflow/.local/lib/python3.12/site-packages/airflow/example_dags/example_complex.py
[2025-03-25T15:10:09.001+0000] {processor.py:914} INFO - Processing file /home/airflow/.local/lib/python3.12/site-packages/airflow/example_dags/example_complex.py for tasks to queue
[2025-03-25T15:10:09.005+0000] {logging_mixin.py:190} INFO - [2025-03-25T15:10:09.004+0000] {dagbag.py:588} INFO - Filling up the DagBag from /home/airflow/.local/lib/python3.12/site-packages/airflow/example_dags/example_complex.py
[2025-03-25T15:10:09.024+0000] {processor.py:925} INFO - DAG(s) 'example_complex' retrieved from /home/airflow/.local/lib/python3.12/site-packages/airflow/example_dags/example_complex.py
[2025-03-25T15:10:09.072+0000] {logging_mixin.py:190} INFO - [2025-03-25T15:10:09.072+0000] {dag.py:3239} INFO - Sync 1 DAGs
[2025-03-25T15:10:09.094+0000] {logging_mixin.py:190} INFO - [2025-03-25T15:10:09.093+0000] {dag.py:4180} INFO - Setting next_dagrun for example_complex to None, run_after=None
[2025-03-25T15:10:09.118+0000] {processor.py:208} INFO - Processing /home/airflow/.local/lib/python3.12/site-packages/airflow/example_dags/example_complex.py took 0.127 seconds
[2025-03-25T15:10:40.048+0000] {processor.py:186} INFO - Started process (PID=280) to work on /home/airflow/.local/lib/python3.12/site-packages/airflow/example_dags/example_complex.py
[2025-03-25T15:10:40.049+0000] {processor.py:914} INFO - Processing file /home/airflow/.local/lib/python3.12/site-packages/airflow/example_dags/example_complex.py for tasks to queue
[2025-03-25T15:10:40.051+0000] {logging_mixin.py:190} INFO - [2025-03-25T15:10:40.051+0000] {dagbag.py:588} INFO - Filling up the DagBag from /home/airflow/.local/lib/python3.12/site-packages/airflow/example_dags/example_complex.py
[2025-03-25T15:10:40.064+0000] {processor.py:925} INFO - DAG(s) 'example_complex' retrieved from /home/airflow/.local/lib/python3.12/site-packages/airflow/example_dags/example_complex.py
[2025-03-25T15:10:40.101+0000] {logging_mixin.py:190} INFO - [2025-03-25T15:10:40.101+0000] {dag.py:3239} INFO - Sync 1 DAGs
[2025-03-25T15:10:40.116+0000] {logging_mixin.py:190} INFO - [2025-03-25T15:10:40.115+0000] {dag.py:4180} INFO - Setting next_dagrun for example_complex to None, run_after=None
[2025-03-25T15:10:40.135+0000] {processor.py:208} INFO - Processing /home/airflow/.local/lib/python3.12/site-packages/airflow/example_dags/example_complex.py took 0.096 seconds
[2025-03-25T15:11:10.732+0000] {processor.py:186} INFO - Started process (PID=343) to work on /home/airflow/.local/lib/python3.12/site-packages/airflow/example_dags/example_complex.py
[2025-03-25T15:11:10.733+0000] {processor.py:914} INFO - Processing file /home/airflow/.local/lib/python3.12/site-packages/airflow/example_dags/example_complex.py for tasks to queue
[2025-03-25T15:11:10.736+0000] {logging_mixin.py:190} INFO - [2025-03-25T15:11:10.736+0000] {dagbag.py:588} INFO - Filling up the DagBag from /home/airflow/.local/lib/python3.12/site-packages/airflow/example_dags/example_complex.py
[2025-03-25T15:11:10.750+0000] {processor.py:925} INFO - DAG(s) 'example_complex' retrieved from /home/airflow/.local/lib/python3.12/site-packages/airflow/example_dags/example_complex.py
[2025-03-25T15:11:10.786+0000] {logging_mixin.py:190} INFO - [2025-03-25T15:11:10.786+0000] {dag.py:3239} INFO - Sync 1 DAGs
[2025-03-25T15:11:10.801+0000] {logging_mixin.py:190} INFO - [2025-03-25T15:11:10.801+0000] {dag.py:4180} INFO - Setting next_dagrun for example_complex to None, run_after=None
[2025-03-25T15:11:10.820+0000] {processor.py:208} INFO - Processing /home/airflow/.local/lib/python3.12/site-packages/airflow/example_dags/example_complex.py took 0.096 seconds
[2025-03-25T15:11:40.931+0000] {processor.py:186} INFO - Started process (PID=406) to work on /home/airflow/.local/lib/python3.12/site-packages/airflow/example_dags/example_complex.py
[2025-03-25T15:11:40.932+0000] {processor.py:914} INFO - Processing file /home/airflow/.local/lib/python3.12/site-packages/airflow/example_dags/example_complex.py for tasks to queue
[2025-03-25T15:11:40.934+0000] {logging_mixin.py:190} INFO - [2025-03-25T15:11:40.934+0000] {dagbag.py:588} INFO - Filling up the DagBag from /home/airflow/.local/lib/python3.12/site-packages/airflow/example_dags/example_complex.py
[2025-03-25T15:11:40.949+0000] {processor.py:925} INFO - DAG(s) 'example_complex' retrieved from /home/airflow/.local/lib/python3.12/site-packages/airflow/example_dags/example_complex.py
[2025-03-25T15:11:40.987+0000] {logging_mixin.py:190} INFO - [2025-03-25T15:11:40.987+0000] {dag.py:3239} INFO - Sync 1 DAGs
[2025-03-25T15:11:41.004+0000] {logging_mixin.py:190} INFO - [2025-03-25T15:11:41.003+0000] {dag.py:4180} INFO - Setting next_dagrun for example_complex to None, run_after=None
[2025-03-25T15:11:41.024+0000] {processor.py:208} INFO - Processing /home/airflow/.local/lib/python3.12/site-packages/airflow/example_dags/example_complex.py took 0.100 seconds
[2025-03-25T15:12:11.383+0000] {processor.py:186} INFO - Started process (PID=475) to work on /home/airflow/.local/lib/python3.12/site-packages/airflow/example_dags/example_complex.py
[2025-03-25T15:12:11.385+0000] {processor.py:914} INFO - Processing file /home/airflow/.local/lib/python3.12/site-packages/airflow/example_dags/example_complex.py for tasks to queue
[2025-03-25T15:12:11.388+0000] {logging_mixin.py:190} INFO - [2025-03-25T15:12:11.388+0000] {dagbag.py:588} INFO - Filling up the DagBag from /home/airflow/.local/lib/python3.12/site-packages/airflow/example_dags/example_complex.py
[2025-03-25T15:12:11.408+0000] {processor.py:925} INFO - DAG(s) 'example_complex' retrieved from /home/airflow/.local/lib/python3.12/site-packages/airflow/example_dags/example_complex.py
[2025-03-25T15:12:11.466+0000] {logging_mixin.py:190} INFO - [2025-03-25T15:12:11.465+0000] {dag.py:3239} INFO - Sync 1 DAGs
[2025-03-25T15:12:11.505+0000] {logging_mixin.py:190} INFO - [2025-03-25T15:12:11.504+0000] {dag.py:4180} INFO - Setting next_dagrun for example_complex to None, run_after=None
[2025-03-25T15:12:11.537+0000] {processor.py:208} INFO - Processing /home/airflow/.local/lib/python3.12/site-packages/airflow/example_dags/example_complex.py took 0.164 seconds
[2025-03-25T15:12:41.916+0000] {processor.py:186} INFO - Started process (PID=538) to work on /home/airflow/.local/lib/python3.12/site-packages/airflow/example_dags/example_complex.py
[2025-03-25T15:12:41.917+0000] {processor.py:914} INFO - Processing file /home/airflow/.local/lib/python3.12/site-packages/airflow/example_dags/example_complex.py for tasks to queue
[2025-03-25T15:12:41.920+0000] {logging_mixin.py:190} INFO - [2025-03-25T15:12:41.919+0000] {dagbag.py:588} INFO - Filling up the DagBag from /home/airflow/.local/lib/python3.12/site-packages/airflow/example_dags/example_complex.py
[2025-03-25T15:12:41.934+0000] {processor.py:925} INFO - DAG(s) 'example_complex' retrieved from /home/airflow/.local/lib/python3.12/site-packages/airflow/example_dags/example_complex.py
[2025-03-25T15:12:41.972+0000] {logging_mixin.py:190} INFO - [2025-03-25T15:12:41.972+0000] {dag.py:3239} INFO - Sync 1 DAGs
[2025-03-25T15:12:41.988+0000] {logging_mixin.py:190} INFO - [2025-03-25T15:12:41.988+0000] {dag.py:4180} INFO - Setting next_dagrun for example_complex to None, run_after=None
[2025-03-25T15:12:42.010+0000] {processor.py:208} INFO - Processing /home/airflow/.local/lib/python3.12/site-packages/airflow/example_dags/example_complex.py took 0.101 seconds
[2025-03-25T15:13:12.782+0000] {processor.py:186} INFO - Started process (PID=601) to work on /home/airflow/.local/lib/python3.12/site-packages/airflow/example_dags/example_complex.py
[2025-03-25T15:13:12.784+0000] {processor.py:914} INFO - Processing file /home/airflow/.local/lib/python3.12/site-packages/airflow/example_dags/example_complex.py for tasks to queue
[2025-03-25T15:13:12.786+0000] {logging_mixin.py:190} INFO - [2025-03-25T15:13:12.786+0000] {dagbag.py:588} INFO - Filling up the DagBag from /home/airflow/.local/lib/python3.12/site-packages/airflow/example_dags/example_complex.py
[2025-03-25T15:13:12.800+0000] {processor.py:925} INFO - DAG(s) 'example_complex' retrieved from /home/airflow/.local/lib/python3.12/site-packages/airflow/example_dags/example_complex.py
[2025-03-25T15:13:12.840+0000] {logging_mixin.py:190} INFO - [2025-03-25T15:13:12.839+0000] {dag.py:3239} INFO - Sync 1 DAGs
[2025-03-25T15:13:12.857+0000] {logging_mixin.py:190} INFO - [2025-03-25T15:13:12.856+0000] {dag.py:4180} INFO - Setting next_dagrun for example_complex to None, run_after=None
[2025-03-25T15:13:12.879+0000] {processor.py:208} INFO - Processing /home/airflow/.local/lib/python3.12/site-packages/airflow/example_dags/example_complex.py took 0.103 seconds
[2025-03-25T15:13:43.014+0000] {processor.py:186} INFO - Started process (PID=667) to work on /home/airflow/.local/lib/python3.12/site-packages/airflow/example_dags/example_complex.py
[2025-03-25T15:13:43.016+0000] {processor.py:914} INFO - Processing file /home/airflow/.local/lib/python3.12/site-packages/airflow/example_dags/example_complex.py for tasks to queue
[2025-03-25T15:13:43.019+0000] {logging_mixin.py:190} INFO - [2025-03-25T15:13:43.019+0000] {dagbag.py:588} INFO - Filling up the DagBag from /home/airflow/.local/lib/python3.12/site-packages/airflow/example_dags/example_complex.py
[2025-03-25T15:13:43.034+0000] {processor.py:925} INFO - DAG(s) 'example_complex' retrieved from /home/airflow/.local/lib/python3.12/site-packages/airflow/example_dags/example_complex.py
[2025-03-25T15:13:43.073+0000] {logging_mixin.py:190} INFO - [2025-03-25T15:13:43.073+0000] {dag.py:3239} INFO - Sync 1 DAGs
[2025-03-25T15:13:43.089+0000] {logging_mixin.py:190} INFO - [2025-03-25T15:13:43.088+0000] {dag.py:4180} INFO - Setting next_dagrun for example_complex to None, run_after=None
[2025-03-25T15:13:43.109+0000] {processor.py:208} INFO - Processing /home/airflow/.local/lib/python3.12/site-packages/airflow/example_dags/example_complex.py took 0.104 seconds
[2025-03-25T15:15:03.546+0000] {processor.py:186} INFO - Started process (PID=85) to work on /home/airflow/.local/lib/python3.12/site-packages/airflow/example_dags/example_complex.py
[2025-03-25T15:15:03.547+0000] {processor.py:914} INFO - Processing file /home/airflow/.local/lib/python3.12/site-packages/airflow/example_dags/example_complex.py for tasks to queue
[2025-03-25T15:15:03.550+0000] {logging_mixin.py:190} INFO - [2025-03-25T15:15:03.550+0000] {dagbag.py:588} INFO - Filling up the DagBag from /home/airflow/.local/lib/python3.12/site-packages/airflow/example_dags/example_complex.py
[2025-03-25T15:15:03.581+0000] {processor.py:925} INFO - DAG(s) 'example_complex' retrieved from /home/airflow/.local/lib/python3.12/site-packages/airflow/example_dags/example_complex.py
[2025-03-25T15:15:03.656+0000] {logging_mixin.py:190} INFO - [2025-03-25T15:15:03.656+0000] {dag.py:3239} INFO - Sync 1 DAGs
[2025-03-25T15:15:03.717+0000] {logging_mixin.py:190} INFO - [2025-03-25T15:15:03.717+0000] {dag.py:4180} INFO - Setting next_dagrun for example_complex to None, run_after=None
[2025-03-25T15:15:03.757+0000] {processor.py:208} INFO - Processing /home/airflow/.local/lib/python3.12/site-packages/airflow/example_dags/example_complex.py took 0.225 seconds
[2025-03-25T15:15:34.305+0000] {processor.py:186} INFO - Started process (PID=148) to work on /home/airflow/.local/lib/python3.12/site-packages/airflow/example_dags/example_complex.py
[2025-03-25T15:15:34.308+0000] {processor.py:914} INFO - Processing file /home/airflow/.local/lib/python3.12/site-packages/airflow/example_dags/example_complex.py for tasks to queue
[2025-03-25T15:15:34.312+0000] {logging_mixin.py:190} INFO - [2025-03-25T15:15:34.312+0000] {dagbag.py:588} INFO - Filling up the DagBag from /home/airflow/.local/lib/python3.12/site-packages/airflow/example_dags/example_complex.py
[2025-03-25T15:15:34.335+0000] {processor.py:925} INFO - DAG(s) 'example_complex' retrieved from /home/airflow/.local/lib/python3.12/site-packages/airflow/example_dags/example_complex.py
[2025-03-25T15:15:34.418+0000] {logging_mixin.py:190} INFO - [2025-03-25T15:15:34.418+0000] {dag.py:3239} INFO - Sync 1 DAGs
[2025-03-25T15:15:34.451+0000] {logging_mixin.py:190} INFO - [2025-03-25T15:15:34.451+0000] {dag.py:4180} INFO - Setting next_dagrun for example_complex to None, run_after=None
[2025-03-25T15:15:34.483+0000] {processor.py:208} INFO - Processing /home/airflow/.local/lib/python3.12/site-packages/airflow/example_dags/example_complex.py took 0.201 seconds
[2025-03-25T15:20:20.727+0000] {processor.py:186} INFO - Started process (PID=92) to work on /home/airflow/.local/lib/python3.12/site-packages/airflow/example_dags/example_complex.py
[2025-03-25T15:20:20.729+0000] {processor.py:914} INFO - Processing file /home/airflow/.local/lib/python3.12/site-packages/airflow/example_dags/example_complex.py for tasks to queue
[2025-03-25T15:20:20.733+0000] {logging_mixin.py:190} INFO - [2025-03-25T15:20:20.732+0000] {dagbag.py:588} INFO - Filling up the DagBag from /home/airflow/.local/lib/python3.12/site-packages/airflow/example_dags/example_complex.py
[2025-03-25T15:20:20.767+0000] {processor.py:925} INFO - DAG(s) 'example_complex' retrieved from /home/airflow/.local/lib/python3.12/site-packages/airflow/example_dags/example_complex.py
[2025-03-25T15:20:20.889+0000] {logging_mixin.py:190} INFO - [2025-03-25T15:20:20.888+0000] {dag.py:3239} INFO - Sync 1 DAGs
[2025-03-25T15:20:20.970+0000] {logging_mixin.py:190} INFO - [2025-03-25T15:20:20.969+0000] {dag.py:4180} INFO - Setting next_dagrun for example_complex to None, run_after=None
[2025-03-25T15:20:21.033+0000] {processor.py:208} INFO - Processing /home/airflow/.local/lib/python3.12/site-packages/airflow/example_dags/example_complex.py took 0.318 seconds
[2025-03-25T15:20:51.386+0000] {processor.py:186} INFO - Started process (PID=155) to work on /home/airflow/.local/lib/python3.12/site-packages/airflow/example_dags/example_complex.py
[2025-03-25T15:20:51.388+0000] {processor.py:914} INFO - Processing file /home/airflow/.local/lib/python3.12/site-packages/airflow/example_dags/example_complex.py for tasks to queue
[2025-03-25T15:20:51.393+0000] {logging_mixin.py:190} INFO - [2025-03-25T15:20:51.392+0000] {dagbag.py:588} INFO - Filling up the DagBag from /home/airflow/.local/lib/python3.12/site-packages/airflow/example_dags/example_complex.py
[2025-03-25T15:20:51.412+0000] {processor.py:925} INFO - DAG(s) 'example_complex' retrieved from /home/airflow/.local/lib/python3.12/site-packages/airflow/example_dags/example_complex.py
[2025-03-25T15:20:51.471+0000] {logging_mixin.py:190} INFO - [2025-03-25T15:20:51.471+0000] {dag.py:3239} INFO - Sync 1 DAGs
[2025-03-25T15:20:51.493+0000] {logging_mixin.py:190} INFO - [2025-03-25T15:20:51.493+0000] {dag.py:4180} INFO - Setting next_dagrun for example_complex to None, run_after=None
[2025-03-25T15:20:51.521+0000] {processor.py:208} INFO - Processing /home/airflow/.local/lib/python3.12/site-packages/airflow/example_dags/example_complex.py took 0.146 seconds
[2025-03-25T15:21:21.691+0000] {processor.py:186} INFO - Started process (PID=218) to work on /home/airflow/.local/lib/python3.12/site-packages/airflow/example_dags/example_complex.py
[2025-03-25T15:21:21.693+0000] {processor.py:914} INFO - Processing file /home/airflow/.local/lib/python3.12/site-packages/airflow/example_dags/example_complex.py for tasks to queue
[2025-03-25T15:21:21.698+0000] {logging_mixin.py:190} INFO - [2025-03-25T15:21:21.697+0000] {dagbag.py:588} INFO - Filling up the DagBag from /home/airflow/.local/lib/python3.12/site-packages/airflow/example_dags/example_complex.py
[2025-03-25T15:21:21.719+0000] {processor.py:925} INFO - DAG(s) 'example_complex' retrieved from /home/airflow/.local/lib/python3.12/site-packages/airflow/example_dags/example_complex.py
[2025-03-25T15:21:21.765+0000] {logging_mixin.py:190} INFO - [2025-03-25T15:21:21.764+0000] {dag.py:3239} INFO - Sync 1 DAGs
[2025-03-25T15:21:21.782+0000] {logging_mixin.py:190} INFO - [2025-03-25T15:21:21.782+0000] {dag.py:4180} INFO - Setting next_dagrun for example_complex to None, run_after=None
[2025-03-25T15:21:21.803+0000] {processor.py:208} INFO - Processing /home/airflow/.local/lib/python3.12/site-packages/airflow/example_dags/example_complex.py took 0.125 seconds
[2025-03-25T15:21:52.216+0000] {processor.py:186} INFO - Started process (PID=281) to work on /home/airflow/.local/lib/python3.12/site-packages/airflow/example_dags/example_complex.py
[2025-03-25T15:21:52.217+0000] {processor.py:914} INFO - Processing file /home/airflow/.local/lib/python3.12/site-packages/airflow/example_dags/example_complex.py for tasks to queue
[2025-03-25T15:21:52.220+0000] {logging_mixin.py:190} INFO - [2025-03-25T15:21:52.219+0000] {dagbag.py:588} INFO - Filling up the DagBag from /home/airflow/.local/lib/python3.12/site-packages/airflow/example_dags/example_complex.py
[2025-03-25T15:21:52.234+0000] {processor.py:925} INFO - DAG(s) 'example_complex' retrieved from /home/airflow/.local/lib/python3.12/site-packages/airflow/example_dags/example_complex.py
[2025-03-25T15:21:52.275+0000] {logging_mixin.py:190} INFO - [2025-03-25T15:21:52.274+0000] {dag.py:3239} INFO - Sync 1 DAGs
[2025-03-25T15:21:52.293+0000] {logging_mixin.py:190} INFO - [2025-03-25T15:21:52.293+0000] {dag.py:4180} INFO - Setting next_dagrun for example_complex to None, run_after=None
[2025-03-25T15:21:52.315+0000] {processor.py:208} INFO - Processing /home/airflow/.local/lib/python3.12/site-packages/airflow/example_dags/example_complex.py took 0.109 seconds
