[2025-03-25T15:09:03.322+0000] {processor.py:186} INFO - Started process (PID=83) to work on /home/airflow/.local/lib/python3.12/site-packages/airflow/example_dags/example_task_group_decorator.py
[2025-03-25T15:09:03.324+0000] {processor.py:914} INFO - Processing file /home/airflow/.local/lib/python3.12/site-packages/airflow/example_dags/example_task_group_decorator.py for tasks to queue
[2025-03-25T15:09:03.328+0000] {logging_mixin.py:190} INFO - [2025-03-25T15:09:03.328+0000] {dagbag.py:588} INFO - Filling up the DagBag from /home/airflow/.local/lib/python3.12/site-packages/airflow/example_dags/example_task_group_decorator.py
[2025-03-25T15:09:03.396+0000] {processor.py:925} INFO - DAG(s) 'example_task_group_decorator' retrieved from /home/airflow/.local/lib/python3.12/site-packages/airflow/example_dags/example_task_group_decorator.py
[2025-03-25T15:09:03.855+0000] {logging_mixin.py:190} INFO - [2025-03-25T15:09:03.853+0000] {override.py:1912} INFO - Created Permission View: can read on DAG:example_task_group_decorator
[2025-03-25T15:09:03.885+0000] {logging_mixin.py:190} INFO - [2025-03-25T15:09:03.884+0000] {override.py:1912} INFO - Created Permission View: can delete on DAG:example_task_group_decorator
[2025-03-25T15:09:03.899+0000] {logging_mixin.py:190} INFO - [2025-03-25T15:09:03.898+0000] {override.py:1912} INFO - Created Permission View: can edit on DAG:example_task_group_decorator
[2025-03-25T15:09:03.916+0000] {logging_mixin.py:190} INFO - [2025-03-25T15:09:03.915+0000] {override.py:1912} INFO - Created Permission View: can create on DAG Run:example_task_group_decorator
[2025-03-25T15:09:03.930+0000] {logging_mixin.py:190} INFO - [2025-03-25T15:09:03.929+0000] {override.py:1912} INFO - Created Permission View: can read on DAG Run:example_task_group_decorator
[2025-03-25T15:09:03.945+0000] {logging_mixin.py:190} INFO - [2025-03-25T15:09:03.945+0000] {override.py:1912} INFO - Created Permission View: can delete on DAG Run:example_task_group_decorator
[2025-03-25T15:09:03.964+0000] {logging_mixin.py:190} INFO - [2025-03-25T15:09:03.963+0000] {override.py:1912} INFO - Created Permission View: menu access on DAG Run:example_task_group_decorator
[2025-03-25T15:09:03.965+0000] {logging_mixin.py:190} INFO - [2025-03-25T15:09:03.964+0000] {dag.py:3239} INFO - Sync 1 DAGs
[2025-03-25T15:09:04.030+0000] {logging_mixin.py:190} INFO - [2025-03-25T15:09:04.030+0000] {dag.py:3262} INFO - Creating ORM DAG for example_task_group_decorator
[2025-03-25T15:09:04.032+0000] {logging_mixin.py:190} INFO - [2025-03-25T15:09:04.032+0000] {dag.py:4180} INFO - Setting next_dagrun for example_task_group_decorator to None, run_after=None
[2025-03-25T15:09:04.095+0000] {processor.py:208} INFO - Processing /home/airflow/.local/lib/python3.12/site-packages/airflow/example_dags/example_task_group_decorator.py took 0.782 seconds
[2025-03-25T15:09:34.994+0000] {processor.py:186} INFO - Started process (PID=146) to work on /home/airflow/.local/lib/python3.12/site-packages/airflow/example_dags/example_task_group_decorator.py
[2025-03-25T15:09:34.995+0000] {processor.py:914} INFO - Processing file /home/airflow/.local/lib/python3.12/site-packages/airflow/example_dags/example_task_group_decorator.py for tasks to queue
[2025-03-25T15:09:34.997+0000] {logging_mixin.py:190} INFO - [2025-03-25T15:09:34.997+0000] {dagbag.py:588} INFO - Filling up the DagBag from /home/airflow/.local/lib/python3.12/site-packages/airflow/example_dags/example_task_group_decorator.py
[2025-03-25T15:09:35.015+0000] {processor.py:925} INFO - DAG(s) 'example_task_group_decorator' retrieved from /home/airflow/.local/lib/python3.12/site-packages/airflow/example_dags/example_task_group_decorator.py
[2025-03-25T15:09:35.044+0000] {logging_mixin.py:190} INFO - [2025-03-25T15:09:35.043+0000] {dag.py:3239} INFO - Sync 1 DAGs
[2025-03-25T15:09:35.062+0000] {logging_mixin.py:190} INFO - [2025-03-25T15:09:35.061+0000] {dag.py:4180} INFO - Setting next_dagrun for example_task_group_decorator to None, run_after=None
[2025-03-25T15:09:35.094+0000] {processor.py:208} INFO - Processing /home/airflow/.local/lib/python3.12/site-packages/airflow/example_dags/example_task_group_decorator.py took 0.108 seconds
[2025-03-25T15:10:05.395+0000] {processor.py:186} INFO - Started process (PID=209) to work on /home/airflow/.local/lib/python3.12/site-packages/airflow/example_dags/example_task_group_decorator.py
[2025-03-25T15:10:05.396+0000] {processor.py:914} INFO - Processing file /home/airflow/.local/lib/python3.12/site-packages/airflow/example_dags/example_task_group_decorator.py for tasks to queue
[2025-03-25T15:10:05.400+0000] {logging_mixin.py:190} INFO - [2025-03-25T15:10:05.399+0000] {dagbag.py:588} INFO - Filling up the DagBag from /home/airflow/.local/lib/python3.12/site-packages/airflow/example_dags/example_task_group_decorator.py
[2025-03-25T15:10:05.434+0000] {processor.py:925} INFO - DAG(s) 'example_task_group_decorator' retrieved from /home/airflow/.local/lib/python3.12/site-packages/airflow/example_dags/example_task_group_decorator.py
[2025-03-25T15:10:05.478+0000] {logging_mixin.py:190} INFO - [2025-03-25T15:10:05.477+0000] {dag.py:3239} INFO - Sync 1 DAGs
[2025-03-25T15:10:05.504+0000] {logging_mixin.py:190} INFO - [2025-03-25T15:10:05.503+0000] {dag.py:4180} INFO - Setting next_dagrun for example_task_group_decorator to None, run_after=None
[2025-03-25T15:10:05.538+0000] {processor.py:208} INFO - Processing /home/airflow/.local/lib/python3.12/site-packages/airflow/example_dags/example_task_group_decorator.py took 0.152 seconds
[2025-03-25T15:10:35.619+0000] {processor.py:186} INFO - Started process (PID=272) to work on /home/airflow/.local/lib/python3.12/site-packages/airflow/example_dags/example_task_group_decorator.py
[2025-03-25T15:10:35.620+0000] {processor.py:914} INFO - Processing file /home/airflow/.local/lib/python3.12/site-packages/airflow/example_dags/example_task_group_decorator.py for tasks to queue
[2025-03-25T15:10:35.625+0000] {logging_mixin.py:190} INFO - [2025-03-25T15:10:35.624+0000] {dagbag.py:588} INFO - Filling up the DagBag from /home/airflow/.local/lib/python3.12/site-packages/airflow/example_dags/example_task_group_decorator.py
[2025-03-25T15:10:35.648+0000] {processor.py:925} INFO - DAG(s) 'example_task_group_decorator' retrieved from /home/airflow/.local/lib/python3.12/site-packages/airflow/example_dags/example_task_group_decorator.py
[2025-03-25T15:10:35.681+0000] {logging_mixin.py:190} INFO - [2025-03-25T15:10:35.681+0000] {dag.py:3239} INFO - Sync 1 DAGs
[2025-03-25T15:10:35.701+0000] {logging_mixin.py:190} INFO - [2025-03-25T15:10:35.700+0000] {dag.py:4180} INFO - Setting next_dagrun for example_task_group_decorator to None, run_after=None
[2025-03-25T15:10:35.721+0000] {processor.py:208} INFO - Processing /home/airflow/.local/lib/python3.12/site-packages/airflow/example_dags/example_task_group_decorator.py took 0.110 seconds
[2025-03-25T15:11:06.293+0000] {processor.py:186} INFO - Started process (PID=335) to work on /home/airflow/.local/lib/python3.12/site-packages/airflow/example_dags/example_task_group_decorator.py
[2025-03-25T15:11:06.295+0000] {processor.py:914} INFO - Processing file /home/airflow/.local/lib/python3.12/site-packages/airflow/example_dags/example_task_group_decorator.py for tasks to queue
[2025-03-25T15:11:06.297+0000] {logging_mixin.py:190} INFO - [2025-03-25T15:11:06.297+0000] {dagbag.py:588} INFO - Filling up the DagBag from /home/airflow/.local/lib/python3.12/site-packages/airflow/example_dags/example_task_group_decorator.py
[2025-03-25T15:11:06.314+0000] {processor.py:925} INFO - DAG(s) 'example_task_group_decorator' retrieved from /home/airflow/.local/lib/python3.12/site-packages/airflow/example_dags/example_task_group_decorator.py
[2025-03-25T15:11:06.344+0000] {logging_mixin.py:190} INFO - [2025-03-25T15:11:06.343+0000] {dag.py:3239} INFO - Sync 1 DAGs
[2025-03-25T15:11:06.361+0000] {logging_mixin.py:190} INFO - [2025-03-25T15:11:06.361+0000] {dag.py:4180} INFO - Setting next_dagrun for example_task_group_decorator to None, run_after=None
[2025-03-25T15:11:06.382+0000] {processor.py:208} INFO - Processing /home/airflow/.local/lib/python3.12/site-packages/airflow/example_dags/example_task_group_decorator.py took 0.096 seconds
[2025-03-25T15:11:36.484+0000] {processor.py:186} INFO - Started process (PID=398) to work on /home/airflow/.local/lib/python3.12/site-packages/airflow/example_dags/example_task_group_decorator.py
[2025-03-25T15:11:36.485+0000] {processor.py:914} INFO - Processing file /home/airflow/.local/lib/python3.12/site-packages/airflow/example_dags/example_task_group_decorator.py for tasks to queue
[2025-03-25T15:11:36.487+0000] {logging_mixin.py:190} INFO - [2025-03-25T15:11:36.487+0000] {dagbag.py:588} INFO - Filling up the DagBag from /home/airflow/.local/lib/python3.12/site-packages/airflow/example_dags/example_task_group_decorator.py
[2025-03-25T15:11:36.505+0000] {processor.py:925} INFO - DAG(s) 'example_task_group_decorator' retrieved from /home/airflow/.local/lib/python3.12/site-packages/airflow/example_dags/example_task_group_decorator.py
[2025-03-25T15:11:36.534+0000] {logging_mixin.py:190} INFO - [2025-03-25T15:11:36.533+0000] {dag.py:3239} INFO - Sync 1 DAGs
[2025-03-25T15:11:36.549+0000] {logging_mixin.py:190} INFO - [2025-03-25T15:11:36.549+0000] {dag.py:4180} INFO - Setting next_dagrun for example_task_group_decorator to None, run_after=None
[2025-03-25T15:11:36.571+0000] {processor.py:208} INFO - Processing /home/airflow/.local/lib/python3.12/site-packages/airflow/example_dags/example_task_group_decorator.py took 0.094 seconds
[2025-03-25T15:12:06.744+0000] {processor.py:186} INFO - Started process (PID=461) to work on /home/airflow/.local/lib/python3.12/site-packages/airflow/example_dags/example_task_group_decorator.py
[2025-03-25T15:12:06.745+0000] {processor.py:914} INFO - Processing file /home/airflow/.local/lib/python3.12/site-packages/airflow/example_dags/example_task_group_decorator.py for tasks to queue
[2025-03-25T15:12:06.749+0000] {logging_mixin.py:190} INFO - [2025-03-25T15:12:06.748+0000] {dagbag.py:588} INFO - Filling up the DagBag from /home/airflow/.local/lib/python3.12/site-packages/airflow/example_dags/example_task_group_decorator.py
[2025-03-25T15:12:06.772+0000] {processor.py:925} INFO - DAG(s) 'example_task_group_decorator' retrieved from /home/airflow/.local/lib/python3.12/site-packages/airflow/example_dags/example_task_group_decorator.py
[2025-03-25T15:12:06.809+0000] {logging_mixin.py:190} INFO - [2025-03-25T15:12:06.808+0000] {dag.py:3239} INFO - Sync 1 DAGs
[2025-03-25T15:12:06.827+0000] {logging_mixin.py:190} INFO - [2025-03-25T15:12:06.826+0000] {dag.py:4180} INFO - Setting next_dagrun for example_task_group_decorator to None, run_after=None
[2025-03-25T15:12:06.856+0000] {processor.py:208} INFO - Processing /home/airflow/.local/lib/python3.12/site-packages/airflow/example_dags/example_task_group_decorator.py took 0.121 seconds
[2025-03-25T15:12:37.374+0000] {processor.py:186} INFO - Started process (PID=530) to work on /home/airflow/.local/lib/python3.12/site-packages/airflow/example_dags/example_task_group_decorator.py
[2025-03-25T15:12:37.375+0000] {processor.py:914} INFO - Processing file /home/airflow/.local/lib/python3.12/site-packages/airflow/example_dags/example_task_group_decorator.py for tasks to queue
[2025-03-25T15:12:37.378+0000] {logging_mixin.py:190} INFO - [2025-03-25T15:12:37.378+0000] {dagbag.py:588} INFO - Filling up the DagBag from /home/airflow/.local/lib/python3.12/site-packages/airflow/example_dags/example_task_group_decorator.py
[2025-03-25T15:12:37.397+0000] {processor.py:925} INFO - DAG(s) 'example_task_group_decorator' retrieved from /home/airflow/.local/lib/python3.12/site-packages/airflow/example_dags/example_task_group_decorator.py
[2025-03-25T15:12:37.429+0000] {logging_mixin.py:190} INFO - [2025-03-25T15:12:37.428+0000] {dag.py:3239} INFO - Sync 1 DAGs
[2025-03-25T15:12:37.446+0000] {logging_mixin.py:190} INFO - [2025-03-25T15:12:37.445+0000] {dag.py:4180} INFO - Setting next_dagrun for example_task_group_decorator to None, run_after=None
[2025-03-25T15:12:37.467+0000] {processor.py:208} INFO - Processing /home/airflow/.local/lib/python3.12/site-packages/airflow/example_dags/example_task_group_decorator.py took 0.101 seconds
[2025-03-25T15:13:08.213+0000] {processor.py:186} INFO - Started process (PID=593) to work on /home/airflow/.local/lib/python3.12/site-packages/airflow/example_dags/example_task_group_decorator.py
[2025-03-25T15:13:08.214+0000] {processor.py:914} INFO - Processing file /home/airflow/.local/lib/python3.12/site-packages/airflow/example_dags/example_task_group_decorator.py for tasks to queue
[2025-03-25T15:13:08.216+0000] {logging_mixin.py:190} INFO - [2025-03-25T15:13:08.216+0000] {dagbag.py:588} INFO - Filling up the DagBag from /home/airflow/.local/lib/python3.12/site-packages/airflow/example_dags/example_task_group_decorator.py
[2025-03-25T15:13:08.237+0000] {processor.py:925} INFO - DAG(s) 'example_task_group_decorator' retrieved from /home/airflow/.local/lib/python3.12/site-packages/airflow/example_dags/example_task_group_decorator.py
[2025-03-25T15:13:08.269+0000] {logging_mixin.py:190} INFO - [2025-03-25T15:13:08.269+0000] {dag.py:3239} INFO - Sync 1 DAGs
[2025-03-25T15:13:08.286+0000] {logging_mixin.py:190} INFO - [2025-03-25T15:13:08.286+0000] {dag.py:4180} INFO - Setting next_dagrun for example_task_group_decorator to None, run_after=None
[2025-03-25T15:13:08.310+0000] {processor.py:208} INFO - Processing /home/airflow/.local/lib/python3.12/site-packages/airflow/example_dags/example_task_group_decorator.py took 0.105 seconds
[2025-03-25T15:13:38.747+0000] {processor.py:186} INFO - Started process (PID=656) to work on /home/airflow/.local/lib/python3.12/site-packages/airflow/example_dags/example_task_group_decorator.py
[2025-03-25T15:13:38.749+0000] {processor.py:914} INFO - Processing file /home/airflow/.local/lib/python3.12/site-packages/airflow/example_dags/example_task_group_decorator.py for tasks to queue
[2025-03-25T15:13:38.752+0000] {logging_mixin.py:190} INFO - [2025-03-25T15:13:38.752+0000] {dagbag.py:588} INFO - Filling up the DagBag from /home/airflow/.local/lib/python3.12/site-packages/airflow/example_dags/example_task_group_decorator.py
[2025-03-25T15:13:38.781+0000] {processor.py:925} INFO - DAG(s) 'example_task_group_decorator' retrieved from /home/airflow/.local/lib/python3.12/site-packages/airflow/example_dags/example_task_group_decorator.py
[2025-03-25T15:13:38.819+0000] {logging_mixin.py:190} INFO - [2025-03-25T15:13:38.818+0000] {dag.py:3239} INFO - Sync 1 DAGs
[2025-03-25T15:13:38.840+0000] {logging_mixin.py:190} INFO - [2025-03-25T15:13:38.840+0000] {dag.py:4180} INFO - Setting next_dagrun for example_task_group_decorator to None, run_after=None
[2025-03-25T15:13:38.872+0000] {processor.py:208} INFO - Processing /home/airflow/.local/lib/python3.12/site-packages/airflow/example_dags/example_task_group_decorator.py took 0.135 seconds
[2025-03-25T15:15:02.037+0000] {processor.py:186} INFO - Started process (PID=77) to work on /home/airflow/.local/lib/python3.12/site-packages/airflow/example_dags/example_task_group_decorator.py
[2025-03-25T15:15:02.050+0000] {processor.py:914} INFO - Processing file /home/airflow/.local/lib/python3.12/site-packages/airflow/example_dags/example_task_group_decorator.py for tasks to queue
[2025-03-25T15:15:02.073+0000] {logging_mixin.py:190} INFO - [2025-03-25T15:15:02.071+0000] {dagbag.py:588} INFO - Filling up the DagBag from /home/airflow/.local/lib/python3.12/site-packages/airflow/example_dags/example_task_group_decorator.py
[2025-03-25T15:15:02.153+0000] {processor.py:925} INFO - DAG(s) 'example_task_group_decorator' retrieved from /home/airflow/.local/lib/python3.12/site-packages/airflow/example_dags/example_task_group_decorator.py
[2025-03-25T15:15:02.276+0000] {logging_mixin.py:190} INFO - [2025-03-25T15:15:02.275+0000] {dag.py:3239} INFO - Sync 1 DAGs
[2025-03-25T15:15:02.300+0000] {logging_mixin.py:190} INFO - [2025-03-25T15:15:02.299+0000] {dag.py:4180} INFO - Setting next_dagrun for example_task_group_decorator to None, run_after=None
[2025-03-25T15:15:02.336+0000] {processor.py:208} INFO - Processing /home/airflow/.local/lib/python3.12/site-packages/airflow/example_dags/example_task_group_decorator.py took 0.338 seconds
[2025-03-25T15:15:32.905+0000] {processor.py:186} INFO - Started process (PID=140) to work on /home/airflow/.local/lib/python3.12/site-packages/airflow/example_dags/example_task_group_decorator.py
[2025-03-25T15:15:32.907+0000] {processor.py:914} INFO - Processing file /home/airflow/.local/lib/python3.12/site-packages/airflow/example_dags/example_task_group_decorator.py for tasks to queue
[2025-03-25T15:15:32.912+0000] {logging_mixin.py:190} INFO - [2025-03-25T15:15:32.912+0000] {dagbag.py:588} INFO - Filling up the DagBag from /home/airflow/.local/lib/python3.12/site-packages/airflow/example_dags/example_task_group_decorator.py
[2025-03-25T15:15:32.942+0000] {processor.py:925} INFO - DAG(s) 'example_task_group_decorator' retrieved from /home/airflow/.local/lib/python3.12/site-packages/airflow/example_dags/example_task_group_decorator.py
[2025-03-25T15:15:32.991+0000] {logging_mixin.py:190} INFO - [2025-03-25T15:15:32.991+0000] {dag.py:3239} INFO - Sync 1 DAGs
[2025-03-25T15:15:33.022+0000] {logging_mixin.py:190} INFO - [2025-03-25T15:15:33.021+0000] {dag.py:4180} INFO - Setting next_dagrun for example_task_group_decorator to None, run_after=None
[2025-03-25T15:15:33.055+0000] {processor.py:208} INFO - Processing /home/airflow/.local/lib/python3.12/site-packages/airflow/example_dags/example_task_group_decorator.py took 0.163 seconds
[2025-03-25T15:20:18.258+0000] {processor.py:186} INFO - Started process (PID=84) to work on /home/airflow/.local/lib/python3.12/site-packages/airflow/example_dags/example_task_group_decorator.py
[2025-03-25T15:20:18.274+0000] {processor.py:914} INFO - Processing file /home/airflow/.local/lib/python3.12/site-packages/airflow/example_dags/example_task_group_decorator.py for tasks to queue
[2025-03-25T15:20:18.303+0000] {logging_mixin.py:190} INFO - [2025-03-25T15:20:18.300+0000] {dagbag.py:588} INFO - Filling up the DagBag from /home/airflow/.local/lib/python3.12/site-packages/airflow/example_dags/example_task_group_decorator.py
[2025-03-25T15:20:18.405+0000] {processor.py:925} INFO - DAG(s) 'example_task_group_decorator' retrieved from /home/airflow/.local/lib/python3.12/site-packages/airflow/example_dags/example_task_group_decorator.py
[2025-03-25T15:20:18.549+0000] {logging_mixin.py:190} INFO - [2025-03-25T15:20:18.548+0000] {dag.py:3239} INFO - Sync 1 DAGs
[2025-03-25T15:20:18.617+0000] {logging_mixin.py:190} INFO - [2025-03-25T15:20:18.616+0000] {dag.py:4180} INFO - Setting next_dagrun for example_task_group_decorator to None, run_after=None
[2025-03-25T15:20:18.684+0000] {processor.py:208} INFO - Processing /home/airflow/.local/lib/python3.12/site-packages/airflow/example_dags/example_task_group_decorator.py took 0.484 seconds
[2025-03-25T15:20:49.645+0000] {processor.py:186} INFO - Started process (PID=147) to work on /home/airflow/.local/lib/python3.12/site-packages/airflow/example_dags/example_task_group_decorator.py
[2025-03-25T15:20:49.649+0000] {processor.py:914} INFO - Processing file /home/airflow/.local/lib/python3.12/site-packages/airflow/example_dags/example_task_group_decorator.py for tasks to queue
[2025-03-25T15:20:49.655+0000] {logging_mixin.py:190} INFO - [2025-03-25T15:20:49.654+0000] {dagbag.py:588} INFO - Filling up the DagBag from /home/airflow/.local/lib/python3.12/site-packages/airflow/example_dags/example_task_group_decorator.py
[2025-03-25T15:20:49.683+0000] {processor.py:925} INFO - DAG(s) 'example_task_group_decorator' retrieved from /home/airflow/.local/lib/python3.12/site-packages/airflow/example_dags/example_task_group_decorator.py
[2025-03-25T15:20:49.727+0000] {logging_mixin.py:190} INFO - [2025-03-25T15:20:49.727+0000] {dag.py:3239} INFO - Sync 1 DAGs
[2025-03-25T15:20:49.760+0000] {logging_mixin.py:190} INFO - [2025-03-25T15:20:49.759+0000] {dag.py:4180} INFO - Setting next_dagrun for example_task_group_decorator to None, run_after=None
[2025-03-25T15:20:49.798+0000] {processor.py:208} INFO - Processing /home/airflow/.local/lib/python3.12/site-packages/airflow/example_dags/example_task_group_decorator.py took 0.166 seconds
[2025-03-25T15:21:20.080+0000] {processor.py:186} INFO - Started process (PID=210) to work on /home/airflow/.local/lib/python3.12/site-packages/airflow/example_dags/example_task_group_decorator.py
[2025-03-25T15:21:20.081+0000] {processor.py:914} INFO - Processing file /home/airflow/.local/lib/python3.12/site-packages/airflow/example_dags/example_task_group_decorator.py for tasks to queue
[2025-03-25T15:21:20.083+0000] {logging_mixin.py:190} INFO - [2025-03-25T15:21:20.083+0000] {dagbag.py:588} INFO - Filling up the DagBag from /home/airflow/.local/lib/python3.12/site-packages/airflow/example_dags/example_task_group_decorator.py
[2025-03-25T15:21:20.115+0000] {processor.py:925} INFO - DAG(s) 'example_task_group_decorator' retrieved from /home/airflow/.local/lib/python3.12/site-packages/airflow/example_dags/example_task_group_decorator.py
[2025-03-25T15:21:20.143+0000] {logging_mixin.py:190} INFO - [2025-03-25T15:21:20.143+0000] {dag.py:3239} INFO - Sync 1 DAGs
[2025-03-25T15:21:20.159+0000] {logging_mixin.py:190} INFO - [2025-03-25T15:21:20.159+0000] {dag.py:4180} INFO - Setting next_dagrun for example_task_group_decorator to None, run_after=None
[2025-03-25T15:21:20.182+0000] {processor.py:208} INFO - Processing /home/airflow/.local/lib/python3.12/site-packages/airflow/example_dags/example_task_group_decorator.py took 0.109 seconds
[2025-03-25T15:21:50.736+0000] {processor.py:186} INFO - Started process (PID=273) to work on /home/airflow/.local/lib/python3.12/site-packages/airflow/example_dags/example_task_group_decorator.py
[2025-03-25T15:21:50.737+0000] {processor.py:914} INFO - Processing file /home/airflow/.local/lib/python3.12/site-packages/airflow/example_dags/example_task_group_decorator.py for tasks to queue
[2025-03-25T15:21:50.740+0000] {logging_mixin.py:190} INFO - [2025-03-25T15:21:50.739+0000] {dagbag.py:588} INFO - Filling up the DagBag from /home/airflow/.local/lib/python3.12/site-packages/airflow/example_dags/example_task_group_decorator.py
[2025-03-25T15:21:50.758+0000] {processor.py:925} INFO - DAG(s) 'example_task_group_decorator' retrieved from /home/airflow/.local/lib/python3.12/site-packages/airflow/example_dags/example_task_group_decorator.py
[2025-03-25T15:21:50.790+0000] {logging_mixin.py:190} INFO - [2025-03-25T15:21:50.790+0000] {dag.py:3239} INFO - Sync 1 DAGs
[2025-03-25T15:21:50.809+0000] {logging_mixin.py:190} INFO - [2025-03-25T15:21:50.808+0000] {dag.py:4180} INFO - Setting next_dagrun for example_task_group_decorator to None, run_after=None
[2025-03-25T15:21:50.831+0000] {processor.py:208} INFO - Processing /home/airflow/.local/lib/python3.12/site-packages/airflow/example_dags/example_task_group_decorator.py took 0.102 seconds
