[2025-03-25T15:09:07.891+0000] {processor.py:186} INFO - Started process (PID=92) to work on /home/airflow/.local/lib/python3.12/site-packages/airflow/example_dags/example_latest_only.py
[2025-03-25T15:09:07.897+0000] {processor.py:914} INFO - Processing file /home/airflow/.local/lib/python3.12/site-packages/airflow/example_dags/example_latest_only.py for tasks to queue
[2025-03-25T15:09:07.911+0000] {logging_mixin.py:190} INFO - [2025-03-25T15:09:07.909+0000] {dagbag.py:588} INFO - Filling up the DagBag from /home/airflow/.local/lib/python3.12/site-packages/airflow/example_dags/example_latest_only.py
[2025-03-25T15:09:07.986+0000] {processor.py:925} INFO - DAG(s) 'latest_only' retrieved from /home/airflow/.local/lib/python3.12/site-packages/airflow/example_dags/example_latest_only.py
[2025-03-25T15:09:08.301+0000] {logging_mixin.py:190} INFO - [2025-03-25T15:09:08.300+0000] {override.py:1912} INFO - Created Permission View: can read on DAG:latest_only
[2025-03-25T15:09:08.319+0000] {logging_mixin.py:190} INFO - [2025-03-25T15:09:08.319+0000] {override.py:1912} INFO - Created Permission View: can delete on DAG:latest_only
[2025-03-25T15:09:08.331+0000] {logging_mixin.py:190} INFO - [2025-03-25T15:09:08.331+0000] {override.py:1912} INFO - Created Permission View: can edit on DAG:latest_only
[2025-03-25T15:09:08.344+0000] {logging_mixin.py:190} INFO - [2025-03-25T15:09:08.343+0000] {override.py:1912} INFO - Created Permission View: can create on DAG Run:latest_only
[2025-03-25T15:09:08.357+0000] {logging_mixin.py:190} INFO - [2025-03-25T15:09:08.356+0000] {override.py:1912} INFO - Created Permission View: can read on DAG Run:latest_only
[2025-03-25T15:09:08.369+0000] {logging_mixin.py:190} INFO - [2025-03-25T15:09:08.369+0000] {override.py:1912} INFO - Created Permission View: can delete on DAG Run:latest_only
[2025-03-25T15:09:08.381+0000] {logging_mixin.py:190} INFO - [2025-03-25T15:09:08.380+0000] {override.py:1912} INFO - Created Permission View: menu access on DAG Run:latest_only
[2025-03-25T15:09:08.382+0000] {logging_mixin.py:190} INFO - [2025-03-25T15:09:08.381+0000] {dag.py:3239} INFO - Sync 1 DAGs
[2025-03-25T15:09:08.466+0000] {logging_mixin.py:190} INFO - [2025-03-25T15:09:08.465+0000] {dag.py:3262} INFO - Creating ORM DAG for latest_only
[2025-03-25T15:09:08.526+0000] {logging_mixin.py:190} INFO - [2025-03-25T15:09:08.526+0000] {dag.py:4180} INFO - Setting next_dagrun for latest_only to 2025-03-25 08:00:00+00:00, run_after=2025-03-25 12:00:00+00:00
[2025-03-25T15:09:08.580+0000] {processor.py:208} INFO - Processing /home/airflow/.local/lib/python3.12/site-packages/airflow/example_dags/example_latest_only.py took 0.707 seconds
[2025-03-25T15:09:39.495+0000] {processor.py:186} INFO - Started process (PID=155) to work on /home/airflow/.local/lib/python3.12/site-packages/airflow/example_dags/example_latest_only.py
[2025-03-25T15:09:39.496+0000] {processor.py:914} INFO - Processing file /home/airflow/.local/lib/python3.12/site-packages/airflow/example_dags/example_latest_only.py for tasks to queue
[2025-03-25T15:09:39.499+0000] {logging_mixin.py:190} INFO - [2025-03-25T15:09:39.498+0000] {dagbag.py:588} INFO - Filling up the DagBag from /home/airflow/.local/lib/python3.12/site-packages/airflow/example_dags/example_latest_only.py
[2025-03-25T15:09:39.507+0000] {processor.py:925} INFO - DAG(s) 'latest_only' retrieved from /home/airflow/.local/lib/python3.12/site-packages/airflow/example_dags/example_latest_only.py
[2025-03-25T15:09:39.530+0000] {logging_mixin.py:190} INFO - [2025-03-25T15:09:39.530+0000] {dag.py:3239} INFO - Sync 1 DAGs
[2025-03-25T15:09:39.558+0000] {logging_mixin.py:190} INFO - [2025-03-25T15:09:39.558+0000] {dag.py:4180} INFO - Setting next_dagrun for latest_only to 2025-03-25 08:00:00+00:00, run_after=2025-03-25 12:00:00+00:00
[2025-03-25T15:09:39.581+0000] {processor.py:208} INFO - Processing /home/airflow/.local/lib/python3.12/site-packages/airflow/example_dags/example_latest_only.py took 0.093 seconds
[2025-03-25T15:10:10.090+0000] {processor.py:186} INFO - Started process (PID=218) to work on /home/airflow/.local/lib/python3.12/site-packages/airflow/example_dags/example_latest_only.py
[2025-03-25T15:10:10.092+0000] {processor.py:914} INFO - Processing file /home/airflow/.local/lib/python3.12/site-packages/airflow/example_dags/example_latest_only.py for tasks to queue
[2025-03-25T15:10:10.094+0000] {logging_mixin.py:190} INFO - [2025-03-25T15:10:10.094+0000] {dagbag.py:588} INFO - Filling up the DagBag from /home/airflow/.local/lib/python3.12/site-packages/airflow/example_dags/example_latest_only.py
[2025-03-25T15:10:10.103+0000] {processor.py:925} INFO - DAG(s) 'latest_only' retrieved from /home/airflow/.local/lib/python3.12/site-packages/airflow/example_dags/example_latest_only.py
[2025-03-25T15:10:10.128+0000] {logging_mixin.py:190} INFO - [2025-03-25T15:10:10.128+0000] {dag.py:3239} INFO - Sync 1 DAGs
[2025-03-25T15:10:10.155+0000] {logging_mixin.py:190} INFO - [2025-03-25T15:10:10.155+0000] {dag.py:4180} INFO - Setting next_dagrun for latest_only to 2025-03-25 08:00:00+00:00, run_after=2025-03-25 12:00:00+00:00
[2025-03-25T15:10:10.176+0000] {processor.py:208} INFO - Processing /home/airflow/.local/lib/python3.12/site-packages/airflow/example_dags/example_latest_only.py took 0.093 seconds
[2025-03-25T15:10:41.109+0000] {processor.py:186} INFO - Started process (PID=281) to work on /home/airflow/.local/lib/python3.12/site-packages/airflow/example_dags/example_latest_only.py
[2025-03-25T15:10:41.110+0000] {processor.py:914} INFO - Processing file /home/airflow/.local/lib/python3.12/site-packages/airflow/example_dags/example_latest_only.py for tasks to queue
[2025-03-25T15:10:41.112+0000] {logging_mixin.py:190} INFO - [2025-03-25T15:10:41.112+0000] {dagbag.py:588} INFO - Filling up the DagBag from /home/airflow/.local/lib/python3.12/site-packages/airflow/example_dags/example_latest_only.py
[2025-03-25T15:10:41.119+0000] {processor.py:925} INFO - DAG(s) 'latest_only' retrieved from /home/airflow/.local/lib/python3.12/site-packages/airflow/example_dags/example_latest_only.py
[2025-03-25T15:10:41.141+0000] {logging_mixin.py:190} INFO - [2025-03-25T15:10:41.141+0000] {dag.py:3239} INFO - Sync 1 DAGs
[2025-03-25T15:10:41.165+0000] {logging_mixin.py:190} INFO - [2025-03-25T15:10:41.165+0000] {dag.py:4180} INFO - Setting next_dagrun for latest_only to 2025-03-25 08:00:00+00:00, run_after=2025-03-25 12:00:00+00:00
[2025-03-25T15:10:41.185+0000] {processor.py:208} INFO - Processing /home/airflow/.local/lib/python3.12/site-packages/airflow/example_dags/example_latest_only.py took 0.084 seconds
[2025-03-25T15:11:11.806+0000] {processor.py:186} INFO - Started process (PID=344) to work on /home/airflow/.local/lib/python3.12/site-packages/airflow/example_dags/example_latest_only.py
[2025-03-25T15:11:11.807+0000] {processor.py:914} INFO - Processing file /home/airflow/.local/lib/python3.12/site-packages/airflow/example_dags/example_latest_only.py for tasks to queue
[2025-03-25T15:11:11.810+0000] {logging_mixin.py:190} INFO - [2025-03-25T15:11:11.809+0000] {dagbag.py:588} INFO - Filling up the DagBag from /home/airflow/.local/lib/python3.12/site-packages/airflow/example_dags/example_latest_only.py
[2025-03-25T15:11:11.817+0000] {processor.py:925} INFO - DAG(s) 'latest_only' retrieved from /home/airflow/.local/lib/python3.12/site-packages/airflow/example_dags/example_latest_only.py
[2025-03-25T15:11:11.839+0000] {logging_mixin.py:190} INFO - [2025-03-25T15:11:11.838+0000] {dag.py:3239} INFO - Sync 1 DAGs
[2025-03-25T15:11:11.863+0000] {logging_mixin.py:190} INFO - [2025-03-25T15:11:11.862+0000] {dag.py:4180} INFO - Setting next_dagrun for latest_only to 2025-03-25 08:00:00+00:00, run_after=2025-03-25 12:00:00+00:00
[2025-03-25T15:11:11.882+0000] {processor.py:208} INFO - Processing /home/airflow/.local/lib/python3.12/site-packages/airflow/example_dags/example_latest_only.py took 0.082 seconds
[2025-03-25T15:11:41.999+0000] {processor.py:186} INFO - Started process (PID=413) to work on /home/airflow/.local/lib/python3.12/site-packages/airflow/example_dags/example_latest_only.py
[2025-03-25T15:11:42.000+0000] {processor.py:914} INFO - Processing file /home/airflow/.local/lib/python3.12/site-packages/airflow/example_dags/example_latest_only.py for tasks to queue
[2025-03-25T15:11:42.003+0000] {logging_mixin.py:190} INFO - [2025-03-25T15:11:42.003+0000] {dagbag.py:588} INFO - Filling up the DagBag from /home/airflow/.local/lib/python3.12/site-packages/airflow/example_dags/example_latest_only.py
[2025-03-25T15:11:42.011+0000] {processor.py:925} INFO - DAG(s) 'latest_only' retrieved from /home/airflow/.local/lib/python3.12/site-packages/airflow/example_dags/example_latest_only.py
[2025-03-25T15:11:42.036+0000] {logging_mixin.py:190} INFO - [2025-03-25T15:11:42.036+0000] {dag.py:3239} INFO - Sync 1 DAGs
[2025-03-25T15:11:42.065+0000] {logging_mixin.py:190} INFO - [2025-03-25T15:11:42.064+0000] {dag.py:4180} INFO - Setting next_dagrun for latest_only to 2025-03-25 08:00:00+00:00, run_after=2025-03-25 12:00:00+00:00
[2025-03-25T15:11:42.088+0000] {processor.py:208} INFO - Processing /home/airflow/.local/lib/python3.12/site-packages/airflow/example_dags/example_latest_only.py took 0.096 seconds
[2025-03-25T15:12:13.019+0000] {processor.py:186} INFO - Started process (PID=483) to work on /home/airflow/.local/lib/python3.12/site-packages/airflow/example_dags/example_latest_only.py
[2025-03-25T15:12:13.022+0000] {processor.py:914} INFO - Processing file /home/airflow/.local/lib/python3.12/site-packages/airflow/example_dags/example_latest_only.py for tasks to queue
[2025-03-25T15:12:13.025+0000] {logging_mixin.py:190} INFO - [2025-03-25T15:12:13.024+0000] {dagbag.py:588} INFO - Filling up the DagBag from /home/airflow/.local/lib/python3.12/site-packages/airflow/example_dags/example_latest_only.py
[2025-03-25T15:12:13.034+0000] {processor.py:925} INFO - DAG(s) 'latest_only' retrieved from /home/airflow/.local/lib/python3.12/site-packages/airflow/example_dags/example_latest_only.py
[2025-03-25T15:12:13.056+0000] {logging_mixin.py:190} INFO - [2025-03-25T15:12:13.056+0000] {dag.py:3239} INFO - Sync 1 DAGs
[2025-03-25T15:12:13.084+0000] {logging_mixin.py:190} INFO - [2025-03-25T15:12:13.084+0000] {dag.py:4180} INFO - Setting next_dagrun for latest_only to 2025-03-25 08:00:00+00:00, run_after=2025-03-25 12:00:00+00:00
[2025-03-25T15:12:13.105+0000] {processor.py:208} INFO - Processing /home/airflow/.local/lib/python3.12/site-packages/airflow/example_dags/example_latest_only.py took 0.094 seconds
[2025-03-25T15:12:43.276+0000] {processor.py:186} INFO - Started process (PID=547) to work on /home/airflow/.local/lib/python3.12/site-packages/airflow/example_dags/example_latest_only.py
[2025-03-25T15:12:43.277+0000] {processor.py:914} INFO - Processing file /home/airflow/.local/lib/python3.12/site-packages/airflow/example_dags/example_latest_only.py for tasks to queue
[2025-03-25T15:12:43.281+0000] {logging_mixin.py:190} INFO - [2025-03-25T15:12:43.280+0000] {dagbag.py:588} INFO - Filling up the DagBag from /home/airflow/.local/lib/python3.12/site-packages/airflow/example_dags/example_latest_only.py
[2025-03-25T15:12:43.293+0000] {processor.py:925} INFO - DAG(s) 'latest_only' retrieved from /home/airflow/.local/lib/python3.12/site-packages/airflow/example_dags/example_latest_only.py
[2025-03-25T15:12:43.321+0000] {logging_mixin.py:190} INFO - [2025-03-25T15:12:43.321+0000] {dag.py:3239} INFO - Sync 1 DAGs
[2025-03-25T15:12:43.349+0000] {logging_mixin.py:190} INFO - [2025-03-25T15:12:43.349+0000] {dag.py:4180} INFO - Setting next_dagrun for latest_only to 2025-03-25 08:00:00+00:00, run_after=2025-03-25 12:00:00+00:00
[2025-03-25T15:12:43.372+0000] {processor.py:208} INFO - Processing /home/airflow/.local/lib/python3.12/site-packages/airflow/example_dags/example_latest_only.py took 0.108 seconds
[2025-03-25T15:13:13.786+0000] {processor.py:186} INFO - Started process (PID=609) to work on /home/airflow/.local/lib/python3.12/site-packages/airflow/example_dags/example_latest_only.py
[2025-03-25T15:13:13.787+0000] {processor.py:914} INFO - Processing file /home/airflow/.local/lib/python3.12/site-packages/airflow/example_dags/example_latest_only.py for tasks to queue
[2025-03-25T15:13:13.790+0000] {logging_mixin.py:190} INFO - [2025-03-25T15:13:13.790+0000] {dagbag.py:588} INFO - Filling up the DagBag from /home/airflow/.local/lib/python3.12/site-packages/airflow/example_dags/example_latest_only.py
[2025-03-25T15:13:13.799+0000] {processor.py:925} INFO - DAG(s) 'latest_only' retrieved from /home/airflow/.local/lib/python3.12/site-packages/airflow/example_dags/example_latest_only.py
[2025-03-25T15:13:13.824+0000] {logging_mixin.py:190} INFO - [2025-03-25T15:13:13.823+0000] {dag.py:3239} INFO - Sync 1 DAGs
[2025-03-25T15:13:13.849+0000] {logging_mixin.py:190} INFO - [2025-03-25T15:13:13.849+0000] {dag.py:4180} INFO - Setting next_dagrun for latest_only to 2025-03-25 08:00:00+00:00, run_after=2025-03-25 12:00:00+00:00
[2025-03-25T15:13:13.870+0000] {processor.py:208} INFO - Processing /home/airflow/.local/lib/python3.12/site-packages/airflow/example_dags/example_latest_only.py took 0.090 seconds
[2025-03-25T15:13:44.283+0000] {processor.py:186} INFO - Started process (PID=672) to work on /home/airflow/.local/lib/python3.12/site-packages/airflow/example_dags/example_latest_only.py
[2025-03-25T15:13:44.284+0000] {processor.py:914} INFO - Processing file /home/airflow/.local/lib/python3.12/site-packages/airflow/example_dags/example_latest_only.py for tasks to queue
[2025-03-25T15:13:44.286+0000] {logging_mixin.py:190} INFO - [2025-03-25T15:13:44.286+0000] {dagbag.py:588} INFO - Filling up the DagBag from /home/airflow/.local/lib/python3.12/site-packages/airflow/example_dags/example_latest_only.py
[2025-03-25T15:13:44.295+0000] {processor.py:925} INFO - DAG(s) 'latest_only' retrieved from /home/airflow/.local/lib/python3.12/site-packages/airflow/example_dags/example_latest_only.py
[2025-03-25T15:13:44.316+0000] {logging_mixin.py:190} INFO - [2025-03-25T15:13:44.316+0000] {dag.py:3239} INFO - Sync 1 DAGs
[2025-03-25T15:13:44.342+0000] {logging_mixin.py:190} INFO - [2025-03-25T15:13:44.341+0000] {dag.py:4180} INFO - Setting next_dagrun for latest_only to 2025-03-25 08:00:00+00:00, run_after=2025-03-25 12:00:00+00:00
[2025-03-25T15:13:44.361+0000] {processor.py:208} INFO - Processing /home/airflow/.local/lib/python3.12/site-packages/airflow/example_dags/example_latest_only.py took 0.084 seconds
[2025-03-25T15:15:03.567+0000] {processor.py:186} INFO - Started process (PID=86) to work on /home/airflow/.local/lib/python3.12/site-packages/airflow/example_dags/example_latest_only.py
[2025-03-25T15:15:03.569+0000] {processor.py:914} INFO - Processing file /home/airflow/.local/lib/python3.12/site-packages/airflow/example_dags/example_latest_only.py for tasks to queue
[2025-03-25T15:15:03.580+0000] {logging_mixin.py:190} INFO - [2025-03-25T15:15:03.579+0000] {dagbag.py:588} INFO - Filling up the DagBag from /home/airflow/.local/lib/python3.12/site-packages/airflow/example_dags/example_latest_only.py
[2025-03-25T15:15:03.605+0000] {processor.py:925} INFO - DAG(s) 'latest_only' retrieved from /home/airflow/.local/lib/python3.12/site-packages/airflow/example_dags/example_latest_only.py
[2025-03-25T15:15:03.713+0000] {logging_mixin.py:190} INFO - [2025-03-25T15:15:03.713+0000] {dag.py:3239} INFO - Sync 1 DAGs
[2025-03-25T15:15:03.777+0000] {logging_mixin.py:190} INFO - [2025-03-25T15:15:03.777+0000] {dag.py:4180} INFO - Setting next_dagrun for latest_only to 2025-03-25 08:00:00+00:00, run_after=2025-03-25 12:00:00+00:00
[2025-03-25T15:15:03.803+0000] {processor.py:208} INFO - Processing /home/airflow/.local/lib/python3.12/site-packages/airflow/example_dags/example_latest_only.py took 0.243 seconds
[2025-03-25T15:15:34.415+0000] {processor.py:186} INFO - Started process (PID=149) to work on /home/airflow/.local/lib/python3.12/site-packages/airflow/example_dags/example_latest_only.py
[2025-03-25T15:15:34.417+0000] {processor.py:914} INFO - Processing file /home/airflow/.local/lib/python3.12/site-packages/airflow/example_dags/example_latest_only.py for tasks to queue
[2025-03-25T15:15:34.422+0000] {logging_mixin.py:190} INFO - [2025-03-25T15:15:34.422+0000] {dagbag.py:588} INFO - Filling up the DagBag from /home/airflow/.local/lib/python3.12/site-packages/airflow/example_dags/example_latest_only.py
[2025-03-25T15:15:34.438+0000] {processor.py:925} INFO - DAG(s) 'latest_only' retrieved from /home/airflow/.local/lib/python3.12/site-packages/airflow/example_dags/example_latest_only.py
[2025-03-25T15:15:34.468+0000] {logging_mixin.py:190} INFO - [2025-03-25T15:15:34.468+0000] {dag.py:3239} INFO - Sync 1 DAGs
[2025-03-25T15:15:34.517+0000] {logging_mixin.py:190} INFO - [2025-03-25T15:15:34.517+0000] {dag.py:4180} INFO - Setting next_dagrun for latest_only to 2025-03-25 08:00:00+00:00, run_after=2025-03-25 12:00:00+00:00
[2025-03-25T15:15:34.564+0000] {processor.py:208} INFO - Processing /home/airflow/.local/lib/python3.12/site-packages/airflow/example_dags/example_latest_only.py took 0.162 seconds
[2025-03-25T15:20:20.774+0000] {processor.py:186} INFO - Started process (PID=93) to work on /home/airflow/.local/lib/python3.12/site-packages/airflow/example_dags/example_latest_only.py
[2025-03-25T15:20:20.777+0000] {processor.py:914} INFO - Processing file /home/airflow/.local/lib/python3.12/site-packages/airflow/example_dags/example_latest_only.py for tasks to queue
[2025-03-25T15:20:20.799+0000] {logging_mixin.py:190} INFO - [2025-03-25T15:20:20.796+0000] {dagbag.py:588} INFO - Filling up the DagBag from /home/airflow/.local/lib/python3.12/site-packages/airflow/example_dags/example_latest_only.py
[2025-03-25T15:20:20.856+0000] {processor.py:925} INFO - DAG(s) 'latest_only' retrieved from /home/airflow/.local/lib/python3.12/site-packages/airflow/example_dags/example_latest_only.py
[2025-03-25T15:20:21.010+0000] {logging_mixin.py:190} INFO - [2025-03-25T15:20:21.010+0000] {dag.py:3239} INFO - Sync 1 DAGs
[2025-03-25T15:20:21.100+0000] {logging_mixin.py:190} INFO - [2025-03-25T15:20:21.099+0000] {dag.py:4180} INFO - Setting next_dagrun for latest_only to 2025-03-25 08:00:00+00:00, run_after=2025-03-25 12:00:00+00:00
[2025-03-25T15:20:21.189+0000] {processor.py:208} INFO - Processing /home/airflow/.local/lib/python3.12/site-packages/airflow/example_dags/example_latest_only.py took 0.426 seconds
[2025-03-25T15:20:51.485+0000] {processor.py:186} INFO - Started process (PID=156) to work on /home/airflow/.local/lib/python3.12/site-packages/airflow/example_dags/example_latest_only.py
[2025-03-25T15:20:51.486+0000] {processor.py:914} INFO - Processing file /home/airflow/.local/lib/python3.12/site-packages/airflow/example_dags/example_latest_only.py for tasks to queue
[2025-03-25T15:20:51.489+0000] {logging_mixin.py:190} INFO - [2025-03-25T15:20:51.489+0000] {dagbag.py:588} INFO - Filling up the DagBag from /home/airflow/.local/lib/python3.12/site-packages/airflow/example_dags/example_latest_only.py
[2025-03-25T15:20:51.500+0000] {processor.py:925} INFO - DAG(s) 'latest_only' retrieved from /home/airflow/.local/lib/python3.12/site-packages/airflow/example_dags/example_latest_only.py
[2025-03-25T15:20:51.530+0000] {logging_mixin.py:190} INFO - [2025-03-25T15:20:51.529+0000] {dag.py:3239} INFO - Sync 1 DAGs
[2025-03-25T15:20:51.575+0000] {logging_mixin.py:190} INFO - [2025-03-25T15:20:51.575+0000] {dag.py:4180} INFO - Setting next_dagrun for latest_only to 2025-03-25 08:00:00+00:00, run_after=2025-03-25 12:00:00+00:00
[2025-03-25T15:20:51.604+0000] {processor.py:208} INFO - Processing /home/airflow/.local/lib/python3.12/site-packages/airflow/example_dags/example_latest_only.py took 0.127 seconds
[2025-03-25T15:21:21.785+0000] {processor.py:186} INFO - Started process (PID=219) to work on /home/airflow/.local/lib/python3.12/site-packages/airflow/example_dags/example_latest_only.py
[2025-03-25T15:21:21.787+0000] {processor.py:914} INFO - Processing file /home/airflow/.local/lib/python3.12/site-packages/airflow/example_dags/example_latest_only.py for tasks to queue
[2025-03-25T15:21:21.789+0000] {logging_mixin.py:190} INFO - [2025-03-25T15:21:21.789+0000] {dagbag.py:588} INFO - Filling up the DagBag from /home/airflow/.local/lib/python3.12/site-packages/airflow/example_dags/example_latest_only.py
[2025-03-25T15:21:21.798+0000] {processor.py:925} INFO - DAG(s) 'latest_only' retrieved from /home/airflow/.local/lib/python3.12/site-packages/airflow/example_dags/example_latest_only.py
[2025-03-25T15:21:21.820+0000] {logging_mixin.py:190} INFO - [2025-03-25T15:21:21.820+0000] {dag.py:3239} INFO - Sync 1 DAGs
[2025-03-25T15:21:21.847+0000] {logging_mixin.py:190} INFO - [2025-03-25T15:21:21.847+0000] {dag.py:4180} INFO - Setting next_dagrun for latest_only to 2025-03-25 08:00:00+00:00, run_after=2025-03-25 12:00:00+00:00
[2025-03-25T15:21:21.869+0000] {processor.py:208} INFO - Processing /home/airflow/.local/lib/python3.12/site-packages/airflow/example_dags/example_latest_only.py took 0.091 seconds
[2025-03-25T15:21:52.291+0000] {processor.py:186} INFO - Started process (PID=282) to work on /home/airflow/.local/lib/python3.12/site-packages/airflow/example_dags/example_latest_only.py
[2025-03-25T15:21:52.292+0000] {processor.py:914} INFO - Processing file /home/airflow/.local/lib/python3.12/site-packages/airflow/example_dags/example_latest_only.py for tasks to queue
[2025-03-25T15:21:52.295+0000] {logging_mixin.py:190} INFO - [2025-03-25T15:21:52.294+0000] {dagbag.py:588} INFO - Filling up the DagBag from /home/airflow/.local/lib/python3.12/site-packages/airflow/example_dags/example_latest_only.py
[2025-03-25T15:21:52.303+0000] {processor.py:925} INFO - DAG(s) 'latest_only' retrieved from /home/airflow/.local/lib/python3.12/site-packages/airflow/example_dags/example_latest_only.py
[2025-03-25T15:21:52.327+0000] {logging_mixin.py:190} INFO - [2025-03-25T15:21:52.327+0000] {dag.py:3239} INFO - Sync 1 DAGs
[2025-03-25T15:21:52.354+0000] {logging_mixin.py:190} INFO - [2025-03-25T15:21:52.353+0000] {dag.py:4180} INFO - Setting next_dagrun for latest_only to 2025-03-25 08:00:00+00:00, run_after=2025-03-25 12:00:00+00:00
[2025-03-25T15:21:52.375+0000] {processor.py:208} INFO - Processing /home/airflow/.local/lib/python3.12/site-packages/airflow/example_dags/example_latest_only.py took 0.092 seconds
