[2025-03-25T15:09:18.848+0000] {processor.py:186} INFO - Started process (PID=128) to work on /home/airflow/.local/lib/python3.12/site-packages/airflow/example_dags/example_subdag_operator.py
[2025-03-25T15:09:18.849+0000] {processor.py:914} INFO - Processing file /home/airflow/.local/lib/python3.12/site-packages/airflow/example_dags/example_subdag_operator.py for tasks to queue
[2025-03-25T15:09:18.852+0000] {logging_mixin.py:190} INFO - [2025-03-25T15:09:18.852+0000] {dagbag.py:588} INFO - Filling up the DagBag from /home/airflow/.local/lib/python3.12/site-packages/airflow/example_dags/example_subdag_operator.py
[2025-03-25T15:09:18.893+0000] {processor.py:925} INFO - DAG(s) 'example_subdag_operator.section-1', 'example_subdag_operator.section-2', 'example_subdag_operator' retrieved from /home/airflow/.local/lib/python3.12/site-packages/airflow/example_dags/example_subdag_operator.py
[2025-03-25T15:09:19.047+0000] {logging_mixin.py:190} INFO - [2025-03-25T15:09:19.046+0000] {override.py:1912} INFO - Created Permission View: can read on DAG:example_subdag_operator
[2025-03-25T15:09:19.060+0000] {logging_mixin.py:190} INFO - [2025-03-25T15:09:19.060+0000] {override.py:1912} INFO - Created Permission View: can delete on DAG:example_subdag_operator
[2025-03-25T15:09:19.069+0000] {logging_mixin.py:190} INFO - [2025-03-25T15:09:19.069+0000] {override.py:1912} INFO - Created Permission View: can edit on DAG:example_subdag_operator
[2025-03-25T15:09:19.083+0000] {logging_mixin.py:190} INFO - [2025-03-25T15:09:19.082+0000] {override.py:1912} INFO - Created Permission View: can create on DAG Run:example_subdag_operator
[2025-03-25T15:09:19.093+0000] {logging_mixin.py:190} INFO - [2025-03-25T15:09:19.093+0000] {override.py:1912} INFO - Created Permission View: can read on DAG Run:example_subdag_operator
[2025-03-25T15:09:19.104+0000] {logging_mixin.py:190} INFO - [2025-03-25T15:09:19.104+0000] {override.py:1912} INFO - Created Permission View: can delete on DAG Run:example_subdag_operator
[2025-03-25T15:09:19.114+0000] {logging_mixin.py:190} INFO - [2025-03-25T15:09:19.113+0000] {override.py:1912} INFO - Created Permission View: menu access on DAG Run:example_subdag_operator
[2025-03-25T15:09:19.114+0000] {logging_mixin.py:190} INFO - [2025-03-25T15:09:19.114+0000] {dag.py:3239} INFO - Sync 3 DAGs
[2025-03-25T15:09:19.131+0000] {logging_mixin.py:190} INFO - [2025-03-25T15:09:19.131+0000] {dag.py:3262} INFO - Creating ORM DAG for example_subdag_operator.section-1
[2025-03-25T15:09:19.132+0000] {logging_mixin.py:190} INFO - [2025-03-25T15:09:19.132+0000] {dag.py:3262} INFO - Creating ORM DAG for example_subdag_operator.section-2
[2025-03-25T15:09:19.132+0000] {logging_mixin.py:190} INFO - [2025-03-25T15:09:19.132+0000] {dag.py:3262} INFO - Creating ORM DAG for example_subdag_operator
[2025-03-25T15:09:19.147+0000] {logging_mixin.py:190} INFO - [2025-03-25T15:09:19.146+0000] {dag.py:4180} INFO - Setting next_dagrun for example_subdag_operator to 2022-01-01 00:00:00+00:00, run_after=2022-01-01 00:00:00+00:00
[2025-03-25T15:09:19.148+0000] {logging_mixin.py:190} INFO - [2025-03-25T15:09:19.147+0000] {dag.py:4180} INFO - Setting next_dagrun for example_subdag_operator.section-1 to None, run_after=None
[2025-03-25T15:09:19.148+0000] {logging_mixin.py:190} INFO - [2025-03-25T15:09:19.148+0000] {dag.py:4180} INFO - Setting next_dagrun for example_subdag_operator.section-2 to None, run_after=None
[2025-03-25T15:09:19.164+0000] {logging_mixin.py:190} INFO - [2025-03-25T15:09:19.164+0000] {dag.py:3239} INFO - Sync 2 DAGs
[2025-03-25T15:09:19.174+0000] {logging_mixin.py:190} INFO - [2025-03-25T15:09:19.174+0000] {dag.py:4180} INFO - Setting next_dagrun for example_subdag_operator.section-1 to None, run_after=None
[2025-03-25T15:09:19.184+0000] {logging_mixin.py:190} INFO - [2025-03-25T15:09:19.184+0000] {dag.py:4180} INFO - Setting next_dagrun for example_subdag_operator.section-2 to None, run_after=None
[2025-03-25T15:09:19.207+0000] {processor.py:208} INFO - Processing /home/airflow/.local/lib/python3.12/site-packages/airflow/example_dags/example_subdag_operator.py took 0.367 seconds
[2025-03-25T15:09:50.105+0000] {processor.py:186} INFO - Started process (PID=197) to work on /home/airflow/.local/lib/python3.12/site-packages/airflow/example_dags/example_subdag_operator.py
[2025-03-25T15:09:50.106+0000] {processor.py:914} INFO - Processing file /home/airflow/.local/lib/python3.12/site-packages/airflow/example_dags/example_subdag_operator.py for tasks to queue
[2025-03-25T15:09:50.109+0000] {logging_mixin.py:190} INFO - [2025-03-25T15:09:50.109+0000] {dagbag.py:588} INFO - Filling up the DagBag from /home/airflow/.local/lib/python3.12/site-packages/airflow/example_dags/example_subdag_operator.py
[2025-03-25T15:09:50.140+0000] {processor.py:925} INFO - DAG(s) 'example_subdag_operator.section-1', 'example_subdag_operator.section-2', 'example_subdag_operator' retrieved from /home/airflow/.local/lib/python3.12/site-packages/airflow/example_dags/example_subdag_operator.py
[2025-03-25T15:09:50.158+0000] {logging_mixin.py:190} INFO - [2025-03-25T15:09:50.158+0000] {dag.py:3239} INFO - Sync 3 DAGs
[2025-03-25T15:09:50.183+0000] {logging_mixin.py:190} INFO - [2025-03-25T15:09:50.183+0000] {dag.py:4180} INFO - Setting next_dagrun for example_subdag_operator to 2022-01-01 00:00:00+00:00, run_after=2022-01-01 00:00:00+00:00
[2025-03-25T15:09:50.187+0000] {logging_mixin.py:190} INFO - [2025-03-25T15:09:50.187+0000] {dag.py:4180} INFO - Setting next_dagrun for example_subdag_operator.section-1 to None, run_after=None
[2025-03-25T15:09:50.188+0000] {logging_mixin.py:190} INFO - [2025-03-25T15:09:50.188+0000] {dag.py:4180} INFO - Setting next_dagrun for example_subdag_operator.section-2 to None, run_after=None
[2025-03-25T15:09:50.196+0000] {logging_mixin.py:190} INFO - [2025-03-25T15:09:50.196+0000] {dag.py:3239} INFO - Sync 2 DAGs
[2025-03-25T15:09:50.202+0000] {logging_mixin.py:190} INFO - [2025-03-25T15:09:50.201+0000] {dag.py:4180} INFO - Setting next_dagrun for example_subdag_operator.section-1 to None, run_after=None
[2025-03-25T15:09:50.202+0000] {logging_mixin.py:190} INFO - [2025-03-25T15:09:50.202+0000] {dag.py:4180} INFO - Setting next_dagrun for example_subdag_operator.section-2 to None, run_after=None
[2025-03-25T15:09:50.214+0000] {processor.py:208} INFO - Processing /home/airflow/.local/lib/python3.12/site-packages/airflow/example_dags/example_subdag_operator.py took 0.116 seconds
[2025-03-25T15:10:20.308+0000] {processor.py:186} INFO - Started process (PID=259) to work on /home/airflow/.local/lib/python3.12/site-packages/airflow/example_dags/example_subdag_operator.py
[2025-03-25T15:10:20.310+0000] {processor.py:914} INFO - Processing file /home/airflow/.local/lib/python3.12/site-packages/airflow/example_dags/example_subdag_operator.py for tasks to queue
[2025-03-25T15:10:20.312+0000] {logging_mixin.py:190} INFO - [2025-03-25T15:10:20.312+0000] {dagbag.py:588} INFO - Filling up the DagBag from /home/airflow/.local/lib/python3.12/site-packages/airflow/example_dags/example_subdag_operator.py
[2025-03-25T15:10:20.338+0000] {processor.py:925} INFO - DAG(s) 'example_subdag_operator.section-1', 'example_subdag_operator.section-2', 'example_subdag_operator' retrieved from /home/airflow/.local/lib/python3.12/site-packages/airflow/example_dags/example_subdag_operator.py
[2025-03-25T15:10:20.355+0000] {logging_mixin.py:190} INFO - [2025-03-25T15:10:20.355+0000] {dag.py:3239} INFO - Sync 3 DAGs
[2025-03-25T15:10:20.380+0000] {logging_mixin.py:190} INFO - [2025-03-25T15:10:20.380+0000] {dag.py:4180} INFO - Setting next_dagrun for example_subdag_operator to 2022-01-01 00:00:00+00:00, run_after=2022-01-01 00:00:00+00:00
[2025-03-25T15:10:20.384+0000] {logging_mixin.py:190} INFO - [2025-03-25T15:10:20.384+0000] {dag.py:4180} INFO - Setting next_dagrun for example_subdag_operator.section-1 to None, run_after=None
[2025-03-25T15:10:20.386+0000] {logging_mixin.py:190} INFO - [2025-03-25T15:10:20.385+0000] {dag.py:4180} INFO - Setting next_dagrun for example_subdag_operator.section-2 to None, run_after=None
[2025-03-25T15:10:20.394+0000] {logging_mixin.py:190} INFO - [2025-03-25T15:10:20.393+0000] {dag.py:3239} INFO - Sync 2 DAGs
[2025-03-25T15:10:20.402+0000] {logging_mixin.py:190} INFO - [2025-03-25T15:10:20.402+0000] {dag.py:4180} INFO - Setting next_dagrun for example_subdag_operator.section-1 to None, run_after=None
[2025-03-25T15:10:20.402+0000] {logging_mixin.py:190} INFO - [2025-03-25T15:10:20.402+0000] {dag.py:4180} INFO - Setting next_dagrun for example_subdag_operator.section-2 to None, run_after=None
[2025-03-25T15:10:20.418+0000] {processor.py:208} INFO - Processing /home/airflow/.local/lib/python3.12/site-packages/airflow/example_dags/example_subdag_operator.py took 0.116 seconds
[2025-03-25T15:10:51.260+0000] {processor.py:186} INFO - Started process (PID=322) to work on /home/airflow/.local/lib/python3.12/site-packages/airflow/example_dags/example_subdag_operator.py
[2025-03-25T15:10:51.261+0000] {processor.py:914} INFO - Processing file /home/airflow/.local/lib/python3.12/site-packages/airflow/example_dags/example_subdag_operator.py for tasks to queue
[2025-03-25T15:10:51.263+0000] {logging_mixin.py:190} INFO - [2025-03-25T15:10:51.263+0000] {dagbag.py:588} INFO - Filling up the DagBag from /home/airflow/.local/lib/python3.12/site-packages/airflow/example_dags/example_subdag_operator.py
[2025-03-25T15:10:51.290+0000] {processor.py:925} INFO - DAG(s) 'example_subdag_operator.section-1', 'example_subdag_operator.section-2', 'example_subdag_operator' retrieved from /home/airflow/.local/lib/python3.12/site-packages/airflow/example_dags/example_subdag_operator.py
[2025-03-25T15:10:51.308+0000] {logging_mixin.py:190} INFO - [2025-03-25T15:10:51.308+0000] {dag.py:3239} INFO - Sync 3 DAGs
[2025-03-25T15:10:51.336+0000] {logging_mixin.py:190} INFO - [2025-03-25T15:10:51.336+0000] {dag.py:4180} INFO - Setting next_dagrun for example_subdag_operator to 2022-01-01 00:00:00+00:00, run_after=2022-01-01 00:00:00+00:00
[2025-03-25T15:10:51.339+0000] {logging_mixin.py:190} INFO - [2025-03-25T15:10:51.339+0000] {dag.py:4180} INFO - Setting next_dagrun for example_subdag_operator.section-1 to None, run_after=None
[2025-03-25T15:10:51.341+0000] {logging_mixin.py:190} INFO - [2025-03-25T15:10:51.341+0000] {dag.py:4180} INFO - Setting next_dagrun for example_subdag_operator.section-2 to None, run_after=None
[2025-03-25T15:10:51.348+0000] {logging_mixin.py:190} INFO - [2025-03-25T15:10:51.348+0000] {dag.py:3239} INFO - Sync 2 DAGs
[2025-03-25T15:10:51.353+0000] {logging_mixin.py:190} INFO - [2025-03-25T15:10:51.353+0000] {dag.py:4180} INFO - Setting next_dagrun for example_subdag_operator.section-1 to None, run_after=None
[2025-03-25T15:10:51.353+0000] {logging_mixin.py:190} INFO - [2025-03-25T15:10:51.353+0000] {dag.py:4180} INFO - Setting next_dagrun for example_subdag_operator.section-2 to None, run_after=None
[2025-03-25T15:10:51.365+0000] {processor.py:208} INFO - Processing /home/airflow/.local/lib/python3.12/site-packages/airflow/example_dags/example_subdag_operator.py took 0.111 seconds
[2025-03-25T15:11:22.928+0000] {processor.py:186} INFO - Started process (PID=385) to work on /home/airflow/.local/lib/python3.12/site-packages/airflow/example_dags/example_subdag_operator.py
[2025-03-25T15:11:22.929+0000] {processor.py:914} INFO - Processing file /home/airflow/.local/lib/python3.12/site-packages/airflow/example_dags/example_subdag_operator.py for tasks to queue
[2025-03-25T15:11:22.932+0000] {logging_mixin.py:190} INFO - [2025-03-25T15:11:22.931+0000] {dagbag.py:588} INFO - Filling up the DagBag from /home/airflow/.local/lib/python3.12/site-packages/airflow/example_dags/example_subdag_operator.py
[2025-03-25T15:11:22.965+0000] {processor.py:925} INFO - DAG(s) 'example_subdag_operator.section-1', 'example_subdag_operator.section-2', 'example_subdag_operator' retrieved from /home/airflow/.local/lib/python3.12/site-packages/airflow/example_dags/example_subdag_operator.py
[2025-03-25T15:11:22.987+0000] {logging_mixin.py:190} INFO - [2025-03-25T15:11:22.987+0000] {dag.py:3239} INFO - Sync 3 DAGs
[2025-03-25T15:11:23.017+0000] {logging_mixin.py:190} INFO - [2025-03-25T15:11:23.017+0000] {dag.py:4180} INFO - Setting next_dagrun for example_subdag_operator to 2022-01-01 00:00:00+00:00, run_after=2022-01-01 00:00:00+00:00
[2025-03-25T15:11:23.022+0000] {logging_mixin.py:190} INFO - [2025-03-25T15:11:23.021+0000] {dag.py:4180} INFO - Setting next_dagrun for example_subdag_operator.section-1 to None, run_after=None
[2025-03-25T15:11:23.023+0000] {logging_mixin.py:190} INFO - [2025-03-25T15:11:23.023+0000] {dag.py:4180} INFO - Setting next_dagrun for example_subdag_operator.section-2 to None, run_after=None
[2025-03-25T15:11:23.031+0000] {logging_mixin.py:190} INFO - [2025-03-25T15:11:23.031+0000] {dag.py:3239} INFO - Sync 2 DAGs
[2025-03-25T15:11:23.038+0000] {logging_mixin.py:190} INFO - [2025-03-25T15:11:23.037+0000] {dag.py:4180} INFO - Setting next_dagrun for example_subdag_operator.section-1 to None, run_after=None
[2025-03-25T15:11:23.038+0000] {logging_mixin.py:190} INFO - [2025-03-25T15:11:23.038+0000] {dag.py:4180} INFO - Setting next_dagrun for example_subdag_operator.section-2 to None, run_after=None
[2025-03-25T15:11:23.050+0000] {processor.py:208} INFO - Processing /home/airflow/.local/lib/python3.12/site-packages/airflow/example_dags/example_subdag_operator.py took 0.129 seconds
[2025-03-25T15:11:54.040+0000] {processor.py:186} INFO - Started process (PID=448) to work on /home/airflow/.local/lib/python3.12/site-packages/airflow/example_dags/example_subdag_operator.py
[2025-03-25T15:11:54.041+0000] {processor.py:914} INFO - Processing file /home/airflow/.local/lib/python3.12/site-packages/airflow/example_dags/example_subdag_operator.py for tasks to queue
[2025-03-25T15:11:54.043+0000] {logging_mixin.py:190} INFO - [2025-03-25T15:11:54.043+0000] {dagbag.py:588} INFO - Filling up the DagBag from /home/airflow/.local/lib/python3.12/site-packages/airflow/example_dags/example_subdag_operator.py
[2025-03-25T15:11:54.073+0000] {processor.py:925} INFO - DAG(s) 'example_subdag_operator.section-1', 'example_subdag_operator.section-2', 'example_subdag_operator' retrieved from /home/airflow/.local/lib/python3.12/site-packages/airflow/example_dags/example_subdag_operator.py
[2025-03-25T15:11:54.091+0000] {logging_mixin.py:190} INFO - [2025-03-25T15:11:54.091+0000] {dag.py:3239} INFO - Sync 3 DAGs
[2025-03-25T15:11:54.117+0000] {logging_mixin.py:190} INFO - [2025-03-25T15:11:54.117+0000] {dag.py:4180} INFO - Setting next_dagrun for example_subdag_operator to 2022-01-01 00:00:00+00:00, run_after=2022-01-01 00:00:00+00:00
[2025-03-25T15:11:54.120+0000] {logging_mixin.py:190} INFO - [2025-03-25T15:11:54.120+0000] {dag.py:4180} INFO - Setting next_dagrun for example_subdag_operator.section-1 to None, run_after=None
[2025-03-25T15:11:54.122+0000] {logging_mixin.py:190} INFO - [2025-03-25T15:11:54.121+0000] {dag.py:4180} INFO - Setting next_dagrun for example_subdag_operator.section-2 to None, run_after=None
[2025-03-25T15:11:54.129+0000] {logging_mixin.py:190} INFO - [2025-03-25T15:11:54.128+0000] {dag.py:3239} INFO - Sync 2 DAGs
[2025-03-25T15:11:54.134+0000] {logging_mixin.py:190} INFO - [2025-03-25T15:11:54.134+0000] {dag.py:4180} INFO - Setting next_dagrun for example_subdag_operator.section-1 to None, run_after=None
[2025-03-25T15:11:54.135+0000] {logging_mixin.py:190} INFO - [2025-03-25T15:11:54.135+0000] {dag.py:4180} INFO - Setting next_dagrun for example_subdag_operator.section-2 to None, run_after=None
[2025-03-25T15:11:54.148+0000] {processor.py:208} INFO - Processing /home/airflow/.local/lib/python3.12/site-packages/airflow/example_dags/example_subdag_operator.py took 0.115 seconds
[2025-03-25T15:12:25.738+0000] {processor.py:186} INFO - Started process (PID=511) to work on /home/airflow/.local/lib/python3.12/site-packages/airflow/example_dags/example_subdag_operator.py
[2025-03-25T15:12:25.740+0000] {processor.py:914} INFO - Processing file /home/airflow/.local/lib/python3.12/site-packages/airflow/example_dags/example_subdag_operator.py for tasks to queue
[2025-03-25T15:12:25.742+0000] {logging_mixin.py:190} INFO - [2025-03-25T15:12:25.742+0000] {dagbag.py:588} INFO - Filling up the DagBag from /home/airflow/.local/lib/python3.12/site-packages/airflow/example_dags/example_subdag_operator.py
[2025-03-25T15:12:25.775+0000] {processor.py:925} INFO - DAG(s) 'example_subdag_operator.section-1', 'example_subdag_operator.section-2', 'example_subdag_operator' retrieved from /home/airflow/.local/lib/python3.12/site-packages/airflow/example_dags/example_subdag_operator.py
[2025-03-25T15:12:25.797+0000] {logging_mixin.py:190} INFO - [2025-03-25T15:12:25.796+0000] {dag.py:3239} INFO - Sync 3 DAGs
[2025-03-25T15:12:25.828+0000] {logging_mixin.py:190} INFO - [2025-03-25T15:12:25.828+0000] {dag.py:4180} INFO - Setting next_dagrun for example_subdag_operator to 2022-01-01 00:00:00+00:00, run_after=2022-01-01 00:00:00+00:00
[2025-03-25T15:12:25.832+0000] {logging_mixin.py:190} INFO - [2025-03-25T15:12:25.832+0000] {dag.py:4180} INFO - Setting next_dagrun for example_subdag_operator.section-1 to None, run_after=None
[2025-03-25T15:12:25.833+0000] {logging_mixin.py:190} INFO - [2025-03-25T15:12:25.833+0000] {dag.py:4180} INFO - Setting next_dagrun for example_subdag_operator.section-2 to None, run_after=None
[2025-03-25T15:12:25.843+0000] {logging_mixin.py:190} INFO - [2025-03-25T15:12:25.843+0000] {dag.py:3239} INFO - Sync 2 DAGs
[2025-03-25T15:12:25.850+0000] {logging_mixin.py:190} INFO - [2025-03-25T15:12:25.849+0000] {dag.py:4180} INFO - Setting next_dagrun for example_subdag_operator.section-1 to None, run_after=None
[2025-03-25T15:12:25.851+0000] {logging_mixin.py:190} INFO - [2025-03-25T15:12:25.850+0000] {dag.py:4180} INFO - Setting next_dagrun for example_subdag_operator.section-2 to None, run_after=None
[2025-03-25T15:12:25.866+0000] {processor.py:208} INFO - Processing /home/airflow/.local/lib/python3.12/site-packages/airflow/example_dags/example_subdag_operator.py took 0.137 seconds
[2025-03-25T15:12:56.575+0000] {processor.py:186} INFO - Started process (PID=574) to work on /home/airflow/.local/lib/python3.12/site-packages/airflow/example_dags/example_subdag_operator.py
[2025-03-25T15:12:56.576+0000] {processor.py:914} INFO - Processing file /home/airflow/.local/lib/python3.12/site-packages/airflow/example_dags/example_subdag_operator.py for tasks to queue
[2025-03-25T15:12:56.578+0000] {logging_mixin.py:190} INFO - [2025-03-25T15:12:56.578+0000] {dagbag.py:588} INFO - Filling up the DagBag from /home/airflow/.local/lib/python3.12/site-packages/airflow/example_dags/example_subdag_operator.py
[2025-03-25T15:12:56.607+0000] {processor.py:925} INFO - DAG(s) 'example_subdag_operator.section-1', 'example_subdag_operator.section-2', 'example_subdag_operator' retrieved from /home/airflow/.local/lib/python3.12/site-packages/airflow/example_dags/example_subdag_operator.py
[2025-03-25T15:12:56.625+0000] {logging_mixin.py:190} INFO - [2025-03-25T15:12:56.625+0000] {dag.py:3239} INFO - Sync 3 DAGs
[2025-03-25T15:12:56.652+0000] {logging_mixin.py:190} INFO - [2025-03-25T15:12:56.652+0000] {dag.py:4180} INFO - Setting next_dagrun for example_subdag_operator to 2022-01-01 00:00:00+00:00, run_after=2022-01-01 00:00:00+00:00
[2025-03-25T15:12:56.656+0000] {logging_mixin.py:190} INFO - [2025-03-25T15:12:56.656+0000] {dag.py:4180} INFO - Setting next_dagrun for example_subdag_operator.section-1 to None, run_after=None
[2025-03-25T15:12:56.657+0000] {logging_mixin.py:190} INFO - [2025-03-25T15:12:56.657+0000] {dag.py:4180} INFO - Setting next_dagrun for example_subdag_operator.section-2 to None, run_after=None
[2025-03-25T15:12:56.665+0000] {logging_mixin.py:190} INFO - [2025-03-25T15:12:56.665+0000] {dag.py:3239} INFO - Sync 2 DAGs
[2025-03-25T15:12:56.671+0000] {logging_mixin.py:190} INFO - [2025-03-25T15:12:56.671+0000] {dag.py:4180} INFO - Setting next_dagrun for example_subdag_operator.section-1 to None, run_after=None
[2025-03-25T15:12:56.671+0000] {logging_mixin.py:190} INFO - [2025-03-25T15:12:56.671+0000] {dag.py:4180} INFO - Setting next_dagrun for example_subdag_operator.section-2 to None, run_after=None
[2025-03-25T15:12:56.683+0000] {processor.py:208} INFO - Processing /home/airflow/.local/lib/python3.12/site-packages/airflow/example_dags/example_subdag_operator.py took 0.115 seconds
[2025-03-25T15:13:29.128+0000] {processor.py:186} INFO - Started process (PID=637) to work on /home/airflow/.local/lib/python3.12/site-packages/airflow/example_dags/example_subdag_operator.py
[2025-03-25T15:13:29.129+0000] {processor.py:914} INFO - Processing file /home/airflow/.local/lib/python3.12/site-packages/airflow/example_dags/example_subdag_operator.py for tasks to queue
[2025-03-25T15:13:29.132+0000] {logging_mixin.py:190} INFO - [2025-03-25T15:13:29.132+0000] {dagbag.py:588} INFO - Filling up the DagBag from /home/airflow/.local/lib/python3.12/site-packages/airflow/example_dags/example_subdag_operator.py
[2025-03-25T15:13:29.164+0000] {processor.py:925} INFO - DAG(s) 'example_subdag_operator.section-1', 'example_subdag_operator.section-2', 'example_subdag_operator' retrieved from /home/airflow/.local/lib/python3.12/site-packages/airflow/example_dags/example_subdag_operator.py
[2025-03-25T15:13:29.185+0000] {logging_mixin.py:190} INFO - [2025-03-25T15:13:29.184+0000] {dag.py:3239} INFO - Sync 3 DAGs
[2025-03-25T15:13:29.219+0000] {logging_mixin.py:190} INFO - [2025-03-25T15:13:29.218+0000] {dag.py:4180} INFO - Setting next_dagrun for example_subdag_operator to 2022-01-01 00:00:00+00:00, run_after=2022-01-01 00:00:00+00:00
[2025-03-25T15:13:29.224+0000] {logging_mixin.py:190} INFO - [2025-03-25T15:13:29.224+0000] {dag.py:4180} INFO - Setting next_dagrun for example_subdag_operator.section-1 to None, run_after=None
[2025-03-25T15:13:29.226+0000] {logging_mixin.py:190} INFO - [2025-03-25T15:13:29.226+0000] {dag.py:4180} INFO - Setting next_dagrun for example_subdag_operator.section-2 to None, run_after=None
[2025-03-25T15:13:29.235+0000] {logging_mixin.py:190} INFO - [2025-03-25T15:13:29.235+0000] {dag.py:3239} INFO - Sync 2 DAGs
[2025-03-25T15:13:29.242+0000] {logging_mixin.py:190} INFO - [2025-03-25T15:13:29.242+0000] {dag.py:4180} INFO - Setting next_dagrun for example_subdag_operator.section-1 to None, run_after=None
[2025-03-25T15:13:29.243+0000] {logging_mixin.py:190} INFO - [2025-03-25T15:13:29.243+0000] {dag.py:4180} INFO - Setting next_dagrun for example_subdag_operator.section-2 to None, run_after=None
[2025-03-25T15:13:29.258+0000] {processor.py:208} INFO - Processing /home/airflow/.local/lib/python3.12/site-packages/airflow/example_dags/example_subdag_operator.py took 0.138 seconds
[2025-03-25T15:15:14.536+0000] {processor.py:186} INFO - Started process (PID=122) to work on /home/airflow/.local/lib/python3.12/site-packages/airflow/example_dags/example_subdag_operator.py
[2025-03-25T15:15:14.537+0000] {processor.py:914} INFO - Processing file /home/airflow/.local/lib/python3.12/site-packages/airflow/example_dags/example_subdag_operator.py for tasks to queue
[2025-03-25T15:15:14.540+0000] {logging_mixin.py:190} INFO - [2025-03-25T15:15:14.540+0000] {dagbag.py:588} INFO - Filling up the DagBag from /home/airflow/.local/lib/python3.12/site-packages/airflow/example_dags/example_subdag_operator.py
[2025-03-25T15:15:14.577+0000] {processor.py:925} INFO - DAG(s) 'example_subdag_operator.section-1', 'example_subdag_operator.section-2', 'example_subdag_operator' retrieved from /home/airflow/.local/lib/python3.12/site-packages/airflow/example_dags/example_subdag_operator.py
[2025-03-25T15:15:14.602+0000] {logging_mixin.py:190} INFO - [2025-03-25T15:15:14.601+0000] {dag.py:3239} INFO - Sync 3 DAGs
[2025-03-25T15:15:14.633+0000] {logging_mixin.py:190} INFO - [2025-03-25T15:15:14.632+0000] {dag.py:4180} INFO - Setting next_dagrun for example_subdag_operator to 2022-01-01 00:00:00+00:00, run_after=2022-01-01 00:00:00+00:00
[2025-03-25T15:15:14.637+0000] {logging_mixin.py:190} INFO - [2025-03-25T15:15:14.637+0000] {dag.py:4180} INFO - Setting next_dagrun for example_subdag_operator.section-1 to None, run_after=None
[2025-03-25T15:15:14.638+0000] {logging_mixin.py:190} INFO - [2025-03-25T15:15:14.638+0000] {dag.py:4180} INFO - Setting next_dagrun for example_subdag_operator.section-2 to None, run_after=None
[2025-03-25T15:15:14.648+0000] {logging_mixin.py:190} INFO - [2025-03-25T15:15:14.648+0000] {dag.py:3239} INFO - Sync 2 DAGs
[2025-03-25T15:15:14.656+0000] {logging_mixin.py:190} INFO - [2025-03-25T15:15:14.655+0000] {dag.py:4180} INFO - Setting next_dagrun for example_subdag_operator.section-1 to None, run_after=None
[2025-03-25T15:15:14.656+0000] {logging_mixin.py:190} INFO - [2025-03-25T15:15:14.656+0000] {dag.py:4180} INFO - Setting next_dagrun for example_subdag_operator.section-2 to None, run_after=None
[2025-03-25T15:15:14.672+0000] {processor.py:208} INFO - Processing /home/airflow/.local/lib/python3.12/site-packages/airflow/example_dags/example_subdag_operator.py took 0.144 seconds
[2025-03-25T15:20:28.455+0000] {processor.py:186} INFO - Started process (PID=129) to work on /home/airflow/.local/lib/python3.12/site-packages/airflow/example_dags/example_subdag_operator.py
[2025-03-25T15:20:28.456+0000] {processor.py:914} INFO - Processing file /home/airflow/.local/lib/python3.12/site-packages/airflow/example_dags/example_subdag_operator.py for tasks to queue
[2025-03-25T15:20:28.459+0000] {logging_mixin.py:190} INFO - [2025-03-25T15:20:28.458+0000] {dagbag.py:588} INFO - Filling up the DagBag from /home/airflow/.local/lib/python3.12/site-packages/airflow/example_dags/example_subdag_operator.py
[2025-03-25T15:20:28.494+0000] {processor.py:925} INFO - DAG(s) 'example_subdag_operator.section-1', 'example_subdag_operator.section-2', 'example_subdag_operator' retrieved from /home/airflow/.local/lib/python3.12/site-packages/airflow/example_dags/example_subdag_operator.py
[2025-03-25T15:20:28.515+0000] {logging_mixin.py:190} INFO - [2025-03-25T15:20:28.515+0000] {dag.py:3239} INFO - Sync 3 DAGs
[2025-03-25T15:20:28.545+0000] {logging_mixin.py:190} INFO - [2025-03-25T15:20:28.545+0000] {dag.py:4180} INFO - Setting next_dagrun for example_subdag_operator to 2022-01-01 00:00:00+00:00, run_after=2022-01-01 00:00:00+00:00
[2025-03-25T15:20:28.550+0000] {logging_mixin.py:190} INFO - [2025-03-25T15:20:28.550+0000] {dag.py:4180} INFO - Setting next_dagrun for example_subdag_operator.section-1 to None, run_after=None
[2025-03-25T15:20:28.551+0000] {logging_mixin.py:190} INFO - [2025-03-25T15:20:28.551+0000] {dag.py:4180} INFO - Setting next_dagrun for example_subdag_operator.section-2 to None, run_after=None
[2025-03-25T15:20:28.561+0000] {logging_mixin.py:190} INFO - [2025-03-25T15:20:28.561+0000] {dag.py:3239} INFO - Sync 2 DAGs
[2025-03-25T15:20:28.568+0000] {logging_mixin.py:190} INFO - [2025-03-25T15:20:28.568+0000] {dag.py:4180} INFO - Setting next_dagrun for example_subdag_operator.section-1 to None, run_after=None
[2025-03-25T15:20:28.568+0000] {logging_mixin.py:190} INFO - [2025-03-25T15:20:28.568+0000] {dag.py:4180} INFO - Setting next_dagrun for example_subdag_operator.section-2 to None, run_after=None
[2025-03-25T15:20:28.585+0000] {processor.py:208} INFO - Processing /home/airflow/.local/lib/python3.12/site-packages/airflow/example_dags/example_subdag_operator.py took 0.139 seconds
[2025-03-25T15:20:59.477+0000] {processor.py:186} INFO - Started process (PID=191) to work on /home/airflow/.local/lib/python3.12/site-packages/airflow/example_dags/example_subdag_operator.py
[2025-03-25T15:20:59.478+0000] {processor.py:914} INFO - Processing file /home/airflow/.local/lib/python3.12/site-packages/airflow/example_dags/example_subdag_operator.py for tasks to queue
[2025-03-25T15:20:59.482+0000] {logging_mixin.py:190} INFO - [2025-03-25T15:20:59.481+0000] {dagbag.py:588} INFO - Filling up the DagBag from /home/airflow/.local/lib/python3.12/site-packages/airflow/example_dags/example_subdag_operator.py
[2025-03-25T15:20:59.527+0000] {processor.py:925} INFO - DAG(s) 'example_subdag_operator.section-1', 'example_subdag_operator.section-2', 'example_subdag_operator' retrieved from /home/airflow/.local/lib/python3.12/site-packages/airflow/example_dags/example_subdag_operator.py
[2025-03-25T15:20:59.551+0000] {logging_mixin.py:190} INFO - [2025-03-25T15:20:59.551+0000] {dag.py:3239} INFO - Sync 3 DAGs
[2025-03-25T15:20:59.591+0000] {logging_mixin.py:190} INFO - [2025-03-25T15:20:59.591+0000] {dag.py:4180} INFO - Setting next_dagrun for example_subdag_operator to 2022-01-01 00:00:00+00:00, run_after=2022-01-01 00:00:00+00:00
[2025-03-25T15:20:59.597+0000] {logging_mixin.py:190} INFO - [2025-03-25T15:20:59.596+0000] {dag.py:4180} INFO - Setting next_dagrun for example_subdag_operator.section-1 to None, run_after=None
[2025-03-25T15:20:59.599+0000] {logging_mixin.py:190} INFO - [2025-03-25T15:20:59.598+0000] {dag.py:4180} INFO - Setting next_dagrun for example_subdag_operator.section-2 to None, run_after=None
[2025-03-25T15:20:59.611+0000] {logging_mixin.py:190} INFO - [2025-03-25T15:20:59.610+0000] {dag.py:3239} INFO - Sync 2 DAGs
[2025-03-25T15:20:59.621+0000] {logging_mixin.py:190} INFO - [2025-03-25T15:20:59.621+0000] {dag.py:4180} INFO - Setting next_dagrun for example_subdag_operator.section-1 to None, run_after=None
[2025-03-25T15:20:59.622+0000] {logging_mixin.py:190} INFO - [2025-03-25T15:20:59.621+0000] {dag.py:4180} INFO - Setting next_dagrun for example_subdag_operator.section-2 to None, run_after=None
[2025-03-25T15:20:59.637+0000] {processor.py:208} INFO - Processing /home/airflow/.local/lib/python3.12/site-packages/airflow/example_dags/example_subdag_operator.py took 0.169 seconds
[2025-03-25T15:21:30.163+0000] {processor.py:186} INFO - Started process (PID=252) to work on /home/airflow/.local/lib/python3.12/site-packages/airflow/example_dags/example_subdag_operator.py
[2025-03-25T15:21:30.165+0000] {processor.py:914} INFO - Processing file /home/airflow/.local/lib/python3.12/site-packages/airflow/example_dags/example_subdag_operator.py for tasks to queue
[2025-03-25T15:21:30.169+0000] {logging_mixin.py:190} INFO - [2025-03-25T15:21:30.168+0000] {dagbag.py:588} INFO - Filling up the DagBag from /home/airflow/.local/lib/python3.12/site-packages/airflow/example_dags/example_subdag_operator.py
[2025-03-25T15:21:30.217+0000] {processor.py:925} INFO - DAG(s) 'example_subdag_operator.section-1', 'example_subdag_operator.section-2', 'example_subdag_operator' retrieved from /home/airflow/.local/lib/python3.12/site-packages/airflow/example_dags/example_subdag_operator.py
[2025-03-25T15:21:30.270+0000] {logging_mixin.py:190} INFO - [2025-03-25T15:21:30.269+0000] {dag.py:3239} INFO - Sync 3 DAGs
[2025-03-25T15:21:30.331+0000] {logging_mixin.py:190} INFO - [2025-03-25T15:21:30.330+0000] {dag.py:4180} INFO - Setting next_dagrun for example_subdag_operator to 2022-01-01 00:00:00+00:00, run_after=2022-01-01 00:00:00+00:00
[2025-03-25T15:21:30.339+0000] {logging_mixin.py:190} INFO - [2025-03-25T15:21:30.338+0000] {dag.py:4180} INFO - Setting next_dagrun for example_subdag_operator.section-1 to None, run_after=None
[2025-03-25T15:21:30.344+0000] {logging_mixin.py:190} INFO - [2025-03-25T15:21:30.343+0000] {dag.py:4180} INFO - Setting next_dagrun for example_subdag_operator.section-2 to None, run_after=None
[2025-03-25T15:21:30.357+0000] {logging_mixin.py:190} INFO - [2025-03-25T15:21:30.357+0000] {dag.py:3239} INFO - Sync 2 DAGs
[2025-03-25T15:21:30.366+0000] {logging_mixin.py:190} INFO - [2025-03-25T15:21:30.366+0000] {dag.py:4180} INFO - Setting next_dagrun for example_subdag_operator.section-1 to None, run_after=None
[2025-03-25T15:21:30.367+0000] {logging_mixin.py:190} INFO - [2025-03-25T15:21:30.367+0000] {dag.py:4180} INFO - Setting next_dagrun for example_subdag_operator.section-2 to None, run_after=None
[2025-03-25T15:21:30.387+0000] {processor.py:208} INFO - Processing /home/airflow/.local/lib/python3.12/site-packages/airflow/example_dags/example_subdag_operator.py took 0.233 seconds
[2025-03-25T15:22:01.120+0000] {processor.py:186} INFO - Started process (PID=315) to work on /home/airflow/.local/lib/python3.12/site-packages/airflow/example_dags/example_subdag_operator.py
[2025-03-25T15:22:01.121+0000] {processor.py:914} INFO - Processing file /home/airflow/.local/lib/python3.12/site-packages/airflow/example_dags/example_subdag_operator.py for tasks to queue
[2025-03-25T15:22:01.124+0000] {logging_mixin.py:190} INFO - [2025-03-25T15:22:01.123+0000] {dagbag.py:588} INFO - Filling up the DagBag from /home/airflow/.local/lib/python3.12/site-packages/airflow/example_dags/example_subdag_operator.py
[2025-03-25T15:22:01.156+0000] {processor.py:925} INFO - DAG(s) 'example_subdag_operator.section-1', 'example_subdag_operator.section-2', 'example_subdag_operator' retrieved from /home/airflow/.local/lib/python3.12/site-packages/airflow/example_dags/example_subdag_operator.py
[2025-03-25T15:22:01.176+0000] {logging_mixin.py:190} INFO - [2025-03-25T15:22:01.176+0000] {dag.py:3239} INFO - Sync 3 DAGs
[2025-03-25T15:22:01.203+0000] {logging_mixin.py:190} INFO - [2025-03-25T15:22:01.202+0000] {dag.py:4180} INFO - Setting next_dagrun for example_subdag_operator to 2022-01-01 00:00:00+00:00, run_after=2022-01-01 00:00:00+00:00
[2025-03-25T15:22:01.206+0000] {logging_mixin.py:190} INFO - [2025-03-25T15:22:01.206+0000] {dag.py:4180} INFO - Setting next_dagrun for example_subdag_operator.section-1 to None, run_after=None
[2025-03-25T15:22:01.207+0000] {logging_mixin.py:190} INFO - [2025-03-25T15:22:01.207+0000] {dag.py:4180} INFO - Setting next_dagrun for example_subdag_operator.section-2 to None, run_after=None
[2025-03-25T15:22:01.215+0000] {logging_mixin.py:190} INFO - [2025-03-25T15:22:01.214+0000] {dag.py:3239} INFO - Sync 2 DAGs
[2025-03-25T15:22:01.220+0000] {logging_mixin.py:190} INFO - [2025-03-25T15:22:01.220+0000] {dag.py:4180} INFO - Setting next_dagrun for example_subdag_operator.section-1 to None, run_after=None
[2025-03-25T15:22:01.221+0000] {logging_mixin.py:190} INFO - [2025-03-25T15:22:01.220+0000] {dag.py:4180} INFO - Setting next_dagrun for example_subdag_operator.section-2 to None, run_after=None
[2025-03-25T15:22:01.233+0000] {processor.py:208} INFO - Processing /home/airflow/.local/lib/python3.12/site-packages/airflow/example_dags/example_subdag_operator.py took 0.120 seconds
