[2025-03-25T15:09:19.251+0000] {processor.py:186} INFO - Started process (PID=129) to work on /home/airflow/.local/lib/python3.12/site-packages/airflow/example_dags/example_setup_teardown.py
[2025-03-25T15:09:19.253+0000] {processor.py:914} INFO - Processing file /home/airflow/.local/lib/python3.12/site-packages/airflow/example_dags/example_setup_teardown.py for tasks to queue
[2025-03-25T15:09:19.257+0000] {logging_mixin.py:190} INFO - [2025-03-25T15:09:19.257+0000] {dagbag.py:588} INFO - Filling up the DagBag from /home/airflow/.local/lib/python3.12/site-packages/airflow/example_dags/example_setup_teardown.py
[2025-03-25T15:09:19.271+0000] {processor.py:925} INFO - DAG(s) 'example_setup_teardown' retrieved from /home/airflow/.local/lib/python3.12/site-packages/airflow/example_dags/example_setup_teardown.py
[2025-03-25T15:09:19.419+0000] {logging_mixin.py:190} INFO - [2025-03-25T15:09:19.418+0000] {override.py:1912} INFO - Created Permission View: can read on DAG:example_setup_teardown
[2025-03-25T15:09:19.435+0000] {logging_mixin.py:190} INFO - [2025-03-25T15:09:19.435+0000] {override.py:1912} INFO - Created Permission View: can delete on DAG:example_setup_teardown
[2025-03-25T15:09:19.450+0000] {logging_mixin.py:190} INFO - [2025-03-25T15:09:19.449+0000] {override.py:1912} INFO - Created Permission View: can edit on DAG:example_setup_teardown
[2025-03-25T15:09:19.465+0000] {logging_mixin.py:190} INFO - [2025-03-25T15:09:19.465+0000] {override.py:1912} INFO - Created Permission View: can create on DAG Run:example_setup_teardown
[2025-03-25T15:09:19.478+0000] {logging_mixin.py:190} INFO - [2025-03-25T15:09:19.477+0000] {override.py:1912} INFO - Created Permission View: can read on DAG Run:example_setup_teardown
[2025-03-25T15:09:19.490+0000] {logging_mixin.py:190} INFO - [2025-03-25T15:09:19.489+0000] {override.py:1912} INFO - Created Permission View: can delete on DAG Run:example_setup_teardown
[2025-03-25T15:09:19.503+0000] {logging_mixin.py:190} INFO - [2025-03-25T15:09:19.502+0000] {override.py:1912} INFO - Created Permission View: menu access on DAG Run:example_setup_teardown
[2025-03-25T15:09:19.503+0000] {logging_mixin.py:190} INFO - [2025-03-25T15:09:19.503+0000] {dag.py:3239} INFO - Sync 1 DAGs
[2025-03-25T15:09:19.519+0000] {logging_mixin.py:190} INFO - [2025-03-25T15:09:19.519+0000] {dag.py:3262} INFO - Creating ORM DAG for example_setup_teardown
[2025-03-25T15:09:19.520+0000] {logging_mixin.py:190} INFO - [2025-03-25T15:09:19.520+0000] {dag.py:4180} INFO - Setting next_dagrun for example_setup_teardown to None, run_after=None
[2025-03-25T15:09:19.542+0000] {processor.py:208} INFO - Processing /home/airflow/.local/lib/python3.12/site-packages/airflow/example_dags/example_setup_teardown.py took 0.301 seconds
[2025-03-25T15:09:50.239+0000] {processor.py:186} INFO - Started process (PID=198) to work on /home/airflow/.local/lib/python3.12/site-packages/airflow/example_dags/example_setup_teardown.py
[2025-03-25T15:09:50.240+0000] {processor.py:914} INFO - Processing file /home/airflow/.local/lib/python3.12/site-packages/airflow/example_dags/example_setup_teardown.py for tasks to queue
[2025-03-25T15:09:50.243+0000] {logging_mixin.py:190} INFO - [2025-03-25T15:09:50.243+0000] {dagbag.py:588} INFO - Filling up the DagBag from /home/airflow/.local/lib/python3.12/site-packages/airflow/example_dags/example_setup_teardown.py
[2025-03-25T15:09:50.253+0000] {processor.py:925} INFO - DAG(s) 'example_setup_teardown' retrieved from /home/airflow/.local/lib/python3.12/site-packages/airflow/example_dags/example_setup_teardown.py
[2025-03-25T15:09:50.276+0000] {logging_mixin.py:190} INFO - [2025-03-25T15:09:50.276+0000] {dag.py:3239} INFO - Sync 1 DAGs
[2025-03-25T15:09:50.291+0000] {logging_mixin.py:190} INFO - [2025-03-25T15:09:50.291+0000] {dag.py:4180} INFO - Setting next_dagrun for example_setup_teardown to None, run_after=None
[2025-03-25T15:09:50.311+0000] {processor.py:208} INFO - Processing /home/airflow/.local/lib/python3.12/site-packages/airflow/example_dags/example_setup_teardown.py took 0.079 seconds
[2025-03-25T15:10:20.421+0000] {processor.py:186} INFO - Started process (PID=260) to work on /home/airflow/.local/lib/python3.12/site-packages/airflow/example_dags/example_setup_teardown.py
[2025-03-25T15:10:20.423+0000] {processor.py:914} INFO - Processing file /home/airflow/.local/lib/python3.12/site-packages/airflow/example_dags/example_setup_teardown.py for tasks to queue
[2025-03-25T15:10:20.426+0000] {logging_mixin.py:190} INFO - [2025-03-25T15:10:20.426+0000] {dagbag.py:588} INFO - Filling up the DagBag from /home/airflow/.local/lib/python3.12/site-packages/airflow/example_dags/example_setup_teardown.py
[2025-03-25T15:10:20.437+0000] {processor.py:925} INFO - DAG(s) 'example_setup_teardown' retrieved from /home/airflow/.local/lib/python3.12/site-packages/airflow/example_dags/example_setup_teardown.py
[2025-03-25T15:10:20.465+0000] {logging_mixin.py:190} INFO - [2025-03-25T15:10:20.464+0000] {dag.py:3239} INFO - Sync 1 DAGs
[2025-03-25T15:10:20.483+0000] {logging_mixin.py:190} INFO - [2025-03-25T15:10:20.483+0000] {dag.py:4180} INFO - Setting next_dagrun for example_setup_teardown to None, run_after=None
[2025-03-25T15:10:20.506+0000] {processor.py:208} INFO - Processing /home/airflow/.local/lib/python3.12/site-packages/airflow/example_dags/example_setup_teardown.py took 0.093 seconds
[2025-03-25T15:10:51.324+0000] {processor.py:186} INFO - Started process (PID=323) to work on /home/airflow/.local/lib/python3.12/site-packages/airflow/example_dags/example_setup_teardown.py
[2025-03-25T15:10:51.325+0000] {processor.py:914} INFO - Processing file /home/airflow/.local/lib/python3.12/site-packages/airflow/example_dags/example_setup_teardown.py for tasks to queue
[2025-03-25T15:10:51.327+0000] {logging_mixin.py:190} INFO - [2025-03-25T15:10:51.327+0000] {dagbag.py:588} INFO - Filling up the DagBag from /home/airflow/.local/lib/python3.12/site-packages/airflow/example_dags/example_setup_teardown.py
[2025-03-25T15:10:51.338+0000] {processor.py:925} INFO - DAG(s) 'example_setup_teardown' retrieved from /home/airflow/.local/lib/python3.12/site-packages/airflow/example_dags/example_setup_teardown.py
[2025-03-25T15:10:51.359+0000] {logging_mixin.py:190} INFO - [2025-03-25T15:10:51.359+0000] {dag.py:3239} INFO - Sync 1 DAGs
[2025-03-25T15:10:51.375+0000] {logging_mixin.py:190} INFO - [2025-03-25T15:10:51.374+0000] {dag.py:4180} INFO - Setting next_dagrun for example_setup_teardown to None, run_after=None
[2025-03-25T15:10:51.394+0000] {processor.py:208} INFO - Processing /home/airflow/.local/lib/python3.12/site-packages/airflow/example_dags/example_setup_teardown.py took 0.077 seconds
[2025-03-25T15:11:23.051+0000] {processor.py:186} INFO - Started process (PID=386) to work on /home/airflow/.local/lib/python3.12/site-packages/airflow/example_dags/example_setup_teardown.py
[2025-03-25T15:11:23.052+0000] {processor.py:914} INFO - Processing file /home/airflow/.local/lib/python3.12/site-packages/airflow/example_dags/example_setup_teardown.py for tasks to queue
[2025-03-25T15:11:23.054+0000] {logging_mixin.py:190} INFO - [2025-03-25T15:11:23.054+0000] {dagbag.py:588} INFO - Filling up the DagBag from /home/airflow/.local/lib/python3.12/site-packages/airflow/example_dags/example_setup_teardown.py
[2025-03-25T15:11:23.063+0000] {processor.py:925} INFO - DAG(s) 'example_setup_teardown' retrieved from /home/airflow/.local/lib/python3.12/site-packages/airflow/example_dags/example_setup_teardown.py
[2025-03-25T15:11:23.085+0000] {logging_mixin.py:190} INFO - [2025-03-25T15:11:23.085+0000] {dag.py:3239} INFO - Sync 1 DAGs
[2025-03-25T15:11:23.102+0000] {logging_mixin.py:190} INFO - [2025-03-25T15:11:23.101+0000] {dag.py:4180} INFO - Setting next_dagrun for example_setup_teardown to None, run_after=None
[2025-03-25T15:11:23.121+0000] {processor.py:208} INFO - Processing /home/airflow/.local/lib/python3.12/site-packages/airflow/example_dags/example_setup_teardown.py took 0.077 seconds
[2025-03-25T15:11:54.090+0000] {processor.py:186} INFO - Started process (PID=449) to work on /home/airflow/.local/lib/python3.12/site-packages/airflow/example_dags/example_setup_teardown.py
[2025-03-25T15:11:54.091+0000] {processor.py:914} INFO - Processing file /home/airflow/.local/lib/python3.12/site-packages/airflow/example_dags/example_setup_teardown.py for tasks to queue
[2025-03-25T15:11:54.094+0000] {logging_mixin.py:190} INFO - [2025-03-25T15:11:54.093+0000] {dagbag.py:588} INFO - Filling up the DagBag from /home/airflow/.local/lib/python3.12/site-packages/airflow/example_dags/example_setup_teardown.py
[2025-03-25T15:11:54.103+0000] {processor.py:925} INFO - DAG(s) 'example_setup_teardown' retrieved from /home/airflow/.local/lib/python3.12/site-packages/airflow/example_dags/example_setup_teardown.py
[2025-03-25T15:11:54.124+0000] {logging_mixin.py:190} INFO - [2025-03-25T15:11:54.123+0000] {dag.py:3239} INFO - Sync 1 DAGs
[2025-03-25T15:11:54.140+0000] {logging_mixin.py:190} INFO - [2025-03-25T15:11:54.139+0000] {dag.py:4180} INFO - Setting next_dagrun for example_setup_teardown to None, run_after=None
[2025-03-25T15:11:54.159+0000] {processor.py:208} INFO - Processing /home/airflow/.local/lib/python3.12/site-packages/airflow/example_dags/example_setup_teardown.py took 0.077 seconds
[2025-03-25T15:12:25.815+0000] {processor.py:186} INFO - Started process (PID=512) to work on /home/airflow/.local/lib/python3.12/site-packages/airflow/example_dags/example_setup_teardown.py
[2025-03-25T15:12:25.816+0000] {processor.py:914} INFO - Processing file /home/airflow/.local/lib/python3.12/site-packages/airflow/example_dags/example_setup_teardown.py for tasks to queue
[2025-03-25T15:12:25.819+0000] {logging_mixin.py:190} INFO - [2025-03-25T15:12:25.818+0000] {dagbag.py:588} INFO - Filling up the DagBag from /home/airflow/.local/lib/python3.12/site-packages/airflow/example_dags/example_setup_teardown.py
[2025-03-25T15:12:25.829+0000] {processor.py:925} INFO - DAG(s) 'example_setup_teardown' retrieved from /home/airflow/.local/lib/python3.12/site-packages/airflow/example_dags/example_setup_teardown.py
[2025-03-25T15:12:25.855+0000] {logging_mixin.py:190} INFO - [2025-03-25T15:12:25.854+0000] {dag.py:3239} INFO - Sync 1 DAGs
[2025-03-25T15:12:25.875+0000] {logging_mixin.py:190} INFO - [2025-03-25T15:12:25.874+0000] {dag.py:4180} INFO - Setting next_dagrun for example_setup_teardown to None, run_after=None
[2025-03-25T15:12:25.899+0000] {processor.py:208} INFO - Processing /home/airflow/.local/lib/python3.12/site-packages/airflow/example_dags/example_setup_teardown.py took 0.092 seconds
[2025-03-25T15:12:56.614+0000] {processor.py:186} INFO - Started process (PID=575) to work on /home/airflow/.local/lib/python3.12/site-packages/airflow/example_dags/example_setup_teardown.py
[2025-03-25T15:12:56.616+0000] {processor.py:914} INFO - Processing file /home/airflow/.local/lib/python3.12/site-packages/airflow/example_dags/example_setup_teardown.py for tasks to queue
[2025-03-25T15:12:56.619+0000] {logging_mixin.py:190} INFO - [2025-03-25T15:12:56.619+0000] {dagbag.py:588} INFO - Filling up the DagBag from /home/airflow/.local/lib/python3.12/site-packages/airflow/example_dags/example_setup_teardown.py
[2025-03-25T15:12:56.628+0000] {processor.py:925} INFO - DAG(s) 'example_setup_teardown' retrieved from /home/airflow/.local/lib/python3.12/site-packages/airflow/example_dags/example_setup_teardown.py
[2025-03-25T15:12:56.652+0000] {logging_mixin.py:190} INFO - [2025-03-25T15:12:56.652+0000] {dag.py:3239} INFO - Sync 1 DAGs
[2025-03-25T15:12:56.669+0000] {logging_mixin.py:190} INFO - [2025-03-25T15:12:56.668+0000] {dag.py:4180} INFO - Setting next_dagrun for example_setup_teardown to None, run_after=None
[2025-03-25T15:12:56.688+0000] {processor.py:208} INFO - Processing /home/airflow/.local/lib/python3.12/site-packages/airflow/example_dags/example_setup_teardown.py took 0.080 seconds
[2025-03-25T15:13:29.180+0000] {processor.py:186} INFO - Started process (PID=638) to work on /home/airflow/.local/lib/python3.12/site-packages/airflow/example_dags/example_setup_teardown.py
[2025-03-25T15:13:29.181+0000] {processor.py:914} INFO - Processing file /home/airflow/.local/lib/python3.12/site-packages/airflow/example_dags/example_setup_teardown.py for tasks to queue
[2025-03-25T15:13:29.184+0000] {logging_mixin.py:190} INFO - [2025-03-25T15:13:29.184+0000] {dagbag.py:588} INFO - Filling up the DagBag from /home/airflow/.local/lib/python3.12/site-packages/airflow/example_dags/example_setup_teardown.py
[2025-03-25T15:13:29.197+0000] {processor.py:925} INFO - DAG(s) 'example_setup_teardown' retrieved from /home/airflow/.local/lib/python3.12/site-packages/airflow/example_dags/example_setup_teardown.py
[2025-03-25T15:13:29.226+0000] {logging_mixin.py:190} INFO - [2025-03-25T15:13:29.226+0000] {dag.py:3239} INFO - Sync 1 DAGs
[2025-03-25T15:13:29.247+0000] {logging_mixin.py:190} INFO - [2025-03-25T15:13:29.247+0000] {dag.py:4180} INFO - Setting next_dagrun for example_setup_teardown to None, run_after=None
[2025-03-25T15:13:29.273+0000] {processor.py:208} INFO - Processing /home/airflow/.local/lib/python3.12/site-packages/airflow/example_dags/example_setup_teardown.py took 0.101 seconds
[2025-03-25T15:15:14.703+0000] {processor.py:186} INFO - Started process (PID=123) to work on /home/airflow/.local/lib/python3.12/site-packages/airflow/example_dags/example_setup_teardown.py
[2025-03-25T15:15:14.704+0000] {processor.py:914} INFO - Processing file /home/airflow/.local/lib/python3.12/site-packages/airflow/example_dags/example_setup_teardown.py for tasks to queue
[2025-03-25T15:15:14.707+0000] {logging_mixin.py:190} INFO - [2025-03-25T15:15:14.706+0000] {dagbag.py:588} INFO - Filling up the DagBag from /home/airflow/.local/lib/python3.12/site-packages/airflow/example_dags/example_setup_teardown.py
[2025-03-25T15:15:14.718+0000] {processor.py:925} INFO - DAG(s) 'example_setup_teardown' retrieved from /home/airflow/.local/lib/python3.12/site-packages/airflow/example_dags/example_setup_teardown.py
[2025-03-25T15:15:14.742+0000] {logging_mixin.py:190} INFO - [2025-03-25T15:15:14.742+0000] {dag.py:3239} INFO - Sync 1 DAGs
[2025-03-25T15:15:14.763+0000] {logging_mixin.py:190} INFO - [2025-03-25T15:15:14.763+0000] {dag.py:4180} INFO - Setting next_dagrun for example_setup_teardown to None, run_after=None
[2025-03-25T15:15:14.789+0000] {processor.py:208} INFO - Processing /home/airflow/.local/lib/python3.12/site-packages/airflow/example_dags/example_setup_teardown.py took 0.094 seconds
[2025-03-25T15:20:28.616+0000] {processor.py:186} INFO - Started process (PID=130) to work on /home/airflow/.local/lib/python3.12/site-packages/airflow/example_dags/example_setup_teardown.py
[2025-03-25T15:20:28.617+0000] {processor.py:914} INFO - Processing file /home/airflow/.local/lib/python3.12/site-packages/airflow/example_dags/example_setup_teardown.py for tasks to queue
[2025-03-25T15:20:28.620+0000] {logging_mixin.py:190} INFO - [2025-03-25T15:20:28.620+0000] {dagbag.py:588} INFO - Filling up the DagBag from /home/airflow/.local/lib/python3.12/site-packages/airflow/example_dags/example_setup_teardown.py
[2025-03-25T15:20:28.631+0000] {processor.py:925} INFO - DAG(s) 'example_setup_teardown' retrieved from /home/airflow/.local/lib/python3.12/site-packages/airflow/example_dags/example_setup_teardown.py
[2025-03-25T15:20:28.657+0000] {logging_mixin.py:190} INFO - [2025-03-25T15:20:28.657+0000] {dag.py:3239} INFO - Sync 1 DAGs
[2025-03-25T15:20:28.674+0000] {logging_mixin.py:190} INFO - [2025-03-25T15:20:28.674+0000] {dag.py:4180} INFO - Setting next_dagrun for example_setup_teardown to None, run_after=None
[2025-03-25T15:20:28.697+0000] {processor.py:208} INFO - Processing /home/airflow/.local/lib/python3.12/site-packages/airflow/example_dags/example_setup_teardown.py took 0.089 seconds
[2025-03-25T15:20:59.592+0000] {processor.py:186} INFO - Started process (PID=192) to work on /home/airflow/.local/lib/python3.12/site-packages/airflow/example_dags/example_setup_teardown.py
[2025-03-25T15:20:59.593+0000] {processor.py:914} INFO - Processing file /home/airflow/.local/lib/python3.12/site-packages/airflow/example_dags/example_setup_teardown.py for tasks to queue
[2025-03-25T15:20:59.598+0000] {logging_mixin.py:190} INFO - [2025-03-25T15:20:59.597+0000] {dagbag.py:588} INFO - Filling up the DagBag from /home/airflow/.local/lib/python3.12/site-packages/airflow/example_dags/example_setup_teardown.py
[2025-03-25T15:20:59.612+0000] {processor.py:925} INFO - DAG(s) 'example_setup_teardown' retrieved from /home/airflow/.local/lib/python3.12/site-packages/airflow/example_dags/example_setup_teardown.py
[2025-03-25T15:20:59.642+0000] {logging_mixin.py:190} INFO - [2025-03-25T15:20:59.642+0000] {dag.py:3239} INFO - Sync 1 DAGs
[2025-03-25T15:20:59.664+0000] {logging_mixin.py:190} INFO - [2025-03-25T15:20:59.664+0000] {dag.py:4180} INFO - Setting next_dagrun for example_setup_teardown to None, run_after=None
[2025-03-25T15:20:59.694+0000] {processor.py:208} INFO - Processing /home/airflow/.local/lib/python3.12/site-packages/airflow/example_dags/example_setup_teardown.py took 0.114 seconds
[2025-03-25T15:21:30.201+0000] {processor.py:186} INFO - Started process (PID=253) to work on /home/airflow/.local/lib/python3.12/site-packages/airflow/example_dags/example_setup_teardown.py
[2025-03-25T15:21:30.203+0000] {processor.py:914} INFO - Processing file /home/airflow/.local/lib/python3.12/site-packages/airflow/example_dags/example_setup_teardown.py for tasks to queue
[2025-03-25T15:21:30.207+0000] {logging_mixin.py:190} INFO - [2025-03-25T15:21:30.207+0000] {dagbag.py:588} INFO - Filling up the DagBag from /home/airflow/.local/lib/python3.12/site-packages/airflow/example_dags/example_setup_teardown.py
[2025-03-25T15:21:30.222+0000] {processor.py:925} INFO - DAG(s) 'example_setup_teardown' retrieved from /home/airflow/.local/lib/python3.12/site-packages/airflow/example_dags/example_setup_teardown.py
[2025-03-25T15:21:30.284+0000] {logging_mixin.py:190} INFO - [2025-03-25T15:21:30.284+0000] {dag.py:3239} INFO - Sync 1 DAGs
[2025-03-25T15:21:30.326+0000] {logging_mixin.py:190} INFO - [2025-03-25T15:21:30.325+0000] {dag.py:4180} INFO - Setting next_dagrun for example_setup_teardown to None, run_after=None
[2025-03-25T15:21:30.365+0000] {processor.py:208} INFO - Processing /home/airflow/.local/lib/python3.12/site-packages/airflow/example_dags/example_setup_teardown.py took 0.175 seconds
[2025-03-25T15:22:01.141+0000] {processor.py:186} INFO - Started process (PID=316) to work on /home/airflow/.local/lib/python3.12/site-packages/airflow/example_dags/example_setup_teardown.py
[2025-03-25T15:22:01.142+0000] {processor.py:914} INFO - Processing file /home/airflow/.local/lib/python3.12/site-packages/airflow/example_dags/example_setup_teardown.py for tasks to queue
[2025-03-25T15:22:01.145+0000] {logging_mixin.py:190} INFO - [2025-03-25T15:22:01.145+0000] {dagbag.py:588} INFO - Filling up the DagBag from /home/airflow/.local/lib/python3.12/site-packages/airflow/example_dags/example_setup_teardown.py
[2025-03-25T15:22:01.155+0000] {processor.py:925} INFO - DAG(s) 'example_setup_teardown' retrieved from /home/airflow/.local/lib/python3.12/site-packages/airflow/example_dags/example_setup_teardown.py
[2025-03-25T15:22:01.182+0000] {logging_mixin.py:190} INFO - [2025-03-25T15:22:01.181+0000] {dag.py:3239} INFO - Sync 1 DAGs
[2025-03-25T15:22:01.199+0000] {logging_mixin.py:190} INFO - [2025-03-25T15:22:01.198+0000] {dag.py:4180} INFO - Setting next_dagrun for example_setup_teardown to None, run_after=None
[2025-03-25T15:22:01.219+0000] {processor.py:208} INFO - Processing /home/airflow/.local/lib/python3.12/site-packages/airflow/example_dags/example_setup_teardown.py took 0.086 seconds
