[2025-03-25T15:09:18.510+0000] {processor.py:186} INFO - Started process (PID=127) to work on /home/airflow/.local/lib/python3.12/site-packages/airflow/example_dags/example_branch_python_dop_operator_3.py
[2025-03-25T15:09:18.511+0000] {processor.py:914} INFO - Processing file /home/airflow/.local/lib/python3.12/site-packages/airflow/example_dags/example_branch_python_dop_operator_3.py for tasks to queue
[2025-03-25T15:09:18.514+0000] {logging_mixin.py:190} INFO - [2025-03-25T15:09:18.514+0000] {dagbag.py:588} INFO - Filling up the DagBag from /home/airflow/.local/lib/python3.12/site-packages/airflow/example_dags/example_branch_python_dop_operator_3.py
[2025-03-25T15:09:18.532+0000] {processor.py:925} INFO - DAG(s) 'example_branch_dop_operator_v3' retrieved from /home/airflow/.local/lib/python3.12/site-packages/airflow/example_dags/example_branch_python_dop_operator_3.py
[2025-03-25T15:09:18.688+0000] {logging_mixin.py:190} INFO - [2025-03-25T15:09:18.687+0000] {override.py:1912} INFO - Created Permission View: can read on DAG:example_branch_dop_operator_v3
[2025-03-25T15:09:18.702+0000] {logging_mixin.py:190} INFO - [2025-03-25T15:09:18.701+0000] {override.py:1912} INFO - Created Permission View: can delete on DAG:example_branch_dop_operator_v3
[2025-03-25T15:09:18.712+0000] {logging_mixin.py:190} INFO - [2025-03-25T15:09:18.711+0000] {override.py:1912} INFO - Created Permission View: can edit on DAG:example_branch_dop_operator_v3
[2025-03-25T15:09:18.727+0000] {logging_mixin.py:190} INFO - [2025-03-25T15:09:18.726+0000] {override.py:1912} INFO - Created Permission View: can create on DAG Run:example_branch_dop_operator_v3
[2025-03-25T15:09:18.738+0000] {logging_mixin.py:190} INFO - [2025-03-25T15:09:18.738+0000] {override.py:1912} INFO - Created Permission View: can read on DAG Run:example_branch_dop_operator_v3
[2025-03-25T15:09:18.747+0000] {logging_mixin.py:190} INFO - [2025-03-25T15:09:18.747+0000] {override.py:1912} INFO - Created Permission View: can delete on DAG Run:example_branch_dop_operator_v3
[2025-03-25T15:09:18.757+0000] {logging_mixin.py:190} INFO - [2025-03-25T15:09:18.757+0000] {override.py:1912} INFO - Created Permission View: menu access on DAG Run:example_branch_dop_operator_v3
[2025-03-25T15:09:18.757+0000] {logging_mixin.py:190} INFO - [2025-03-25T15:09:18.757+0000] {dag.py:3239} INFO - Sync 1 DAGs
[2025-03-25T15:09:18.775+0000] {logging_mixin.py:190} INFO - [2025-03-25T15:09:18.774+0000] {dag.py:3262} INFO - Creating ORM DAG for example_branch_dop_operator_v3
[2025-03-25T15:09:18.793+0000] {logging_mixin.py:190} INFO - [2025-03-25T15:09:18.793+0000] {dag.py:4180} INFO - Setting next_dagrun for example_branch_dop_operator_v3 to 2025-03-25 15:08:00+00:00, run_after=2025-03-25 15:09:00+00:00
[2025-03-25T15:09:18.816+0000] {processor.py:208} INFO - Processing /home/airflow/.local/lib/python3.12/site-packages/airflow/example_dags/example_branch_python_dop_operator_3.py took 0.313 seconds
[2025-03-25T15:09:49.037+0000] {processor.py:186} INFO - Started process (PID=195) to work on /home/airflow/.local/lib/python3.12/site-packages/airflow/example_dags/example_branch_python_dop_operator_3.py
[2025-03-25T15:09:49.039+0000] {processor.py:914} INFO - Processing file /home/airflow/.local/lib/python3.12/site-packages/airflow/example_dags/example_branch_python_dop_operator_3.py for tasks to queue
[2025-03-25T15:09:49.044+0000] {logging_mixin.py:190} INFO - [2025-03-25T15:09:49.044+0000] {dagbag.py:588} INFO - Filling up the DagBag from /home/airflow/.local/lib/python3.12/site-packages/airflow/example_dags/example_branch_python_dop_operator_3.py
[2025-03-25T15:09:49.058+0000] {processor.py:925} INFO - DAG(s) 'example_branch_dop_operator_v3' retrieved from /home/airflow/.local/lib/python3.12/site-packages/airflow/example_dags/example_branch_python_dop_operator_3.py
[2025-03-25T15:09:49.079+0000] {logging_mixin.py:190} INFO - [2025-03-25T15:09:49.079+0000] {dag.py:3239} INFO - Sync 1 DAGs
[2025-03-25T15:09:49.107+0000] {logging_mixin.py:190} INFO - [2025-03-25T15:09:49.107+0000] {dag.py:4180} INFO - Setting next_dagrun for example_branch_dop_operator_v3 to 2025-03-25 15:08:00+00:00, run_after=2025-03-25 15:09:00+00:00
[2025-03-25T15:09:49.127+0000] {processor.py:208} INFO - Processing /home/airflow/.local/lib/python3.12/site-packages/airflow/example_dags/example_branch_python_dop_operator_3.py took 0.108 seconds
[2025-03-25T15:10:20.303+0000] {processor.py:186} INFO - Started process (PID=258) to work on /home/airflow/.local/lib/python3.12/site-packages/airflow/example_dags/example_branch_python_dop_operator_3.py
[2025-03-25T15:10:20.304+0000] {processor.py:914} INFO - Processing file /home/airflow/.local/lib/python3.12/site-packages/airflow/example_dags/example_branch_python_dop_operator_3.py for tasks to queue
[2025-03-25T15:10:20.307+0000] {logging_mixin.py:190} INFO - [2025-03-25T15:10:20.306+0000] {dagbag.py:588} INFO - Filling up the DagBag from /home/airflow/.local/lib/python3.12/site-packages/airflow/example_dags/example_branch_python_dop_operator_3.py
[2025-03-25T15:10:20.318+0000] {processor.py:925} INFO - DAG(s) 'example_branch_dop_operator_v3' retrieved from /home/airflow/.local/lib/python3.12/site-packages/airflow/example_dags/example_branch_python_dop_operator_3.py
[2025-03-25T15:10:20.339+0000] {logging_mixin.py:190} INFO - [2025-03-25T15:10:20.339+0000] {dag.py:3239} INFO - Sync 1 DAGs
[2025-03-25T15:10:20.367+0000] {logging_mixin.py:190} INFO - [2025-03-25T15:10:20.367+0000] {dag.py:4180} INFO - Setting next_dagrun for example_branch_dop_operator_v3 to 2025-03-25 15:09:00+00:00, run_after=2025-03-25 15:10:00+00:00
[2025-03-25T15:10:20.388+0000] {processor.py:208} INFO - Processing /home/airflow/.local/lib/python3.12/site-packages/airflow/example_dags/example_branch_python_dop_operator_3.py took 0.091 seconds
[2025-03-25T15:10:51.211+0000] {processor.py:186} INFO - Started process (PID=321) to work on /home/airflow/.local/lib/python3.12/site-packages/airflow/example_dags/example_branch_python_dop_operator_3.py
[2025-03-25T15:10:51.212+0000] {processor.py:914} INFO - Processing file /home/airflow/.local/lib/python3.12/site-packages/airflow/example_dags/example_branch_python_dop_operator_3.py for tasks to queue
[2025-03-25T15:10:51.215+0000] {logging_mixin.py:190} INFO - [2025-03-25T15:10:51.214+0000] {dagbag.py:588} INFO - Filling up the DagBag from /home/airflow/.local/lib/python3.12/site-packages/airflow/example_dags/example_branch_python_dop_operator_3.py
[2025-03-25T15:10:51.226+0000] {processor.py:925} INFO - DAG(s) 'example_branch_dop_operator_v3' retrieved from /home/airflow/.local/lib/python3.12/site-packages/airflow/example_dags/example_branch_python_dop_operator_3.py
[2025-03-25T15:10:51.247+0000] {logging_mixin.py:190} INFO - [2025-03-25T15:10:51.246+0000] {dag.py:3239} INFO - Sync 1 DAGs
[2025-03-25T15:10:51.275+0000] {logging_mixin.py:190} INFO - [2025-03-25T15:10:51.275+0000] {dag.py:4180} INFO - Setting next_dagrun for example_branch_dop_operator_v3 to 2025-03-25 15:09:00+00:00, run_after=2025-03-25 15:10:00+00:00
[2025-03-25T15:10:51.295+0000] {processor.py:208} INFO - Processing /home/airflow/.local/lib/python3.12/site-packages/airflow/example_dags/example_branch_python_dop_operator_3.py took 0.091 seconds
[2025-03-25T15:11:22.921+0000] {processor.py:186} INFO - Started process (PID=384) to work on /home/airflow/.local/lib/python3.12/site-packages/airflow/example_dags/example_branch_python_dop_operator_3.py
[2025-03-25T15:11:22.922+0000] {processor.py:914} INFO - Processing file /home/airflow/.local/lib/python3.12/site-packages/airflow/example_dags/example_branch_python_dop_operator_3.py for tasks to queue
[2025-03-25T15:11:22.925+0000] {logging_mixin.py:190} INFO - [2025-03-25T15:11:22.925+0000] {dagbag.py:588} INFO - Filling up the DagBag from /home/airflow/.local/lib/python3.12/site-packages/airflow/example_dags/example_branch_python_dop_operator_3.py
[2025-03-25T15:11:22.937+0000] {processor.py:925} INFO - DAG(s) 'example_branch_dop_operator_v3' retrieved from /home/airflow/.local/lib/python3.12/site-packages/airflow/example_dags/example_branch_python_dop_operator_3.py
[2025-03-25T15:11:22.964+0000] {logging_mixin.py:190} INFO - [2025-03-25T15:11:22.963+0000] {dag.py:3239} INFO - Sync 1 DAGs
[2025-03-25T15:11:23.000+0000] {logging_mixin.py:190} INFO - [2025-03-25T15:11:23.000+0000] {dag.py:4180} INFO - Setting next_dagrun for example_branch_dop_operator_v3 to 2025-03-25 15:10:00+00:00, run_after=2025-03-25 15:11:00+00:00
[2025-03-25T15:11:23.024+0000] {processor.py:208} INFO - Processing /home/airflow/.local/lib/python3.12/site-packages/airflow/example_dags/example_branch_python_dop_operator_3.py took 0.110 seconds
[2025-03-25T15:11:53.971+0000] {processor.py:186} INFO - Started process (PID=447) to work on /home/airflow/.local/lib/python3.12/site-packages/airflow/example_dags/example_branch_python_dop_operator_3.py
[2025-03-25T15:11:53.973+0000] {processor.py:914} INFO - Processing file /home/airflow/.local/lib/python3.12/site-packages/airflow/example_dags/example_branch_python_dop_operator_3.py for tasks to queue
[2025-03-25T15:11:53.975+0000] {logging_mixin.py:190} INFO - [2025-03-25T15:11:53.975+0000] {dagbag.py:588} INFO - Filling up the DagBag from /home/airflow/.local/lib/python3.12/site-packages/airflow/example_dags/example_branch_python_dop_operator_3.py
[2025-03-25T15:11:53.988+0000] {processor.py:925} INFO - DAG(s) 'example_branch_dop_operator_v3' retrieved from /home/airflow/.local/lib/python3.12/site-packages/airflow/example_dags/example_branch_python_dop_operator_3.py
[2025-03-25T15:11:54.010+0000] {logging_mixin.py:190} INFO - [2025-03-25T15:11:54.010+0000] {dag.py:3239} INFO - Sync 1 DAGs
[2025-03-25T15:11:54.042+0000] {logging_mixin.py:190} INFO - [2025-03-25T15:11:54.042+0000] {dag.py:4180} INFO - Setting next_dagrun for example_branch_dop_operator_v3 to 2025-03-25 15:10:00+00:00, run_after=2025-03-25 15:11:00+00:00
[2025-03-25T15:11:54.062+0000] {processor.py:208} INFO - Processing /home/airflow/.local/lib/python3.12/site-packages/airflow/example_dags/example_branch_python_dop_operator_3.py took 0.099 seconds
[2025-03-25T15:12:25.679+0000] {processor.py:186} INFO - Started process (PID=510) to work on /home/airflow/.local/lib/python3.12/site-packages/airflow/example_dags/example_branch_python_dop_operator_3.py
[2025-03-25T15:12:25.680+0000] {processor.py:914} INFO - Processing file /home/airflow/.local/lib/python3.12/site-packages/airflow/example_dags/example_branch_python_dop_operator_3.py for tasks to queue
[2025-03-25T15:12:25.683+0000] {logging_mixin.py:190} INFO - [2025-03-25T15:12:25.682+0000] {dagbag.py:588} INFO - Filling up the DagBag from /home/airflow/.local/lib/python3.12/site-packages/airflow/example_dags/example_branch_python_dop_operator_3.py
[2025-03-25T15:12:25.697+0000] {processor.py:925} INFO - DAG(s) 'example_branch_dop_operator_v3' retrieved from /home/airflow/.local/lib/python3.12/site-packages/airflow/example_dags/example_branch_python_dop_operator_3.py
[2025-03-25T15:12:25.723+0000] {logging_mixin.py:190} INFO - [2025-03-25T15:12:25.723+0000] {dag.py:3239} INFO - Sync 1 DAGs
[2025-03-25T15:12:25.757+0000] {logging_mixin.py:190} INFO - [2025-03-25T15:12:25.757+0000] {dag.py:4180} INFO - Setting next_dagrun for example_branch_dop_operator_v3 to 2025-03-25 15:11:00+00:00, run_after=2025-03-25 15:12:00+00:00
[2025-03-25T15:12:25.783+0000] {processor.py:208} INFO - Processing /home/airflow/.local/lib/python3.12/site-packages/airflow/example_dags/example_branch_python_dop_operator_3.py took 0.113 seconds
[2025-03-25T15:12:56.499+0000] {processor.py:186} INFO - Started process (PID=573) to work on /home/airflow/.local/lib/python3.12/site-packages/airflow/example_dags/example_branch_python_dop_operator_3.py
[2025-03-25T15:12:56.501+0000] {processor.py:914} INFO - Processing file /home/airflow/.local/lib/python3.12/site-packages/airflow/example_dags/example_branch_python_dop_operator_3.py for tasks to queue
[2025-03-25T15:12:56.504+0000] {logging_mixin.py:190} INFO - [2025-03-25T15:12:56.503+0000] {dagbag.py:588} INFO - Filling up the DagBag from /home/airflow/.local/lib/python3.12/site-packages/airflow/example_dags/example_branch_python_dop_operator_3.py
[2025-03-25T15:12:56.515+0000] {processor.py:925} INFO - DAG(s) 'example_branch_dop_operator_v3' retrieved from /home/airflow/.local/lib/python3.12/site-packages/airflow/example_dags/example_branch_python_dop_operator_3.py
[2025-03-25T15:12:56.537+0000] {logging_mixin.py:190} INFO - [2025-03-25T15:12:56.537+0000] {dag.py:3239} INFO - Sync 1 DAGs
[2025-03-25T15:12:56.566+0000] {logging_mixin.py:190} INFO - [2025-03-25T15:12:56.566+0000] {dag.py:4180} INFO - Setting next_dagrun for example_branch_dop_operator_v3 to 2025-03-25 15:11:00+00:00, run_after=2025-03-25 15:12:00+00:00
[2025-03-25T15:12:56.586+0000] {processor.py:208} INFO - Processing /home/airflow/.local/lib/python3.12/site-packages/airflow/example_dags/example_branch_python_dop_operator_3.py took 0.093 seconds
[2025-03-25T15:13:29.044+0000] {processor.py:186} INFO - Started process (PID=636) to work on /home/airflow/.local/lib/python3.12/site-packages/airflow/example_dags/example_branch_python_dop_operator_3.py
[2025-03-25T15:13:29.045+0000] {processor.py:914} INFO - Processing file /home/airflow/.local/lib/python3.12/site-packages/airflow/example_dags/example_branch_python_dop_operator_3.py for tasks to queue
[2025-03-25T15:13:29.048+0000] {logging_mixin.py:190} INFO - [2025-03-25T15:13:29.047+0000] {dagbag.py:588} INFO - Filling up the DagBag from /home/airflow/.local/lib/python3.12/site-packages/airflow/example_dags/example_branch_python_dop_operator_3.py
[2025-03-25T15:13:29.061+0000] {processor.py:925} INFO - DAG(s) 'example_branch_dop_operator_v3' retrieved from /home/airflow/.local/lib/python3.12/site-packages/airflow/example_dags/example_branch_python_dop_operator_3.py
[2025-03-25T15:13:29.088+0000] {logging_mixin.py:190} INFO - [2025-03-25T15:13:29.088+0000] {dag.py:3239} INFO - Sync 1 DAGs
[2025-03-25T15:13:29.126+0000] {logging_mixin.py:190} INFO - [2025-03-25T15:13:29.126+0000] {dag.py:4180} INFO - Setting next_dagrun for example_branch_dop_operator_v3 to 2025-03-25 15:12:00+00:00, run_after=2025-03-25 15:13:00+00:00
[2025-03-25T15:13:29.149+0000] {processor.py:208} INFO - Processing /home/airflow/.local/lib/python3.12/site-packages/airflow/example_dags/example_branch_python_dop_operator_3.py took 0.113 seconds
[2025-03-25T15:15:14.386+0000] {processor.py:186} INFO - Started process (PID=121) to work on /home/airflow/.local/lib/python3.12/site-packages/airflow/example_dags/example_branch_python_dop_operator_3.py
[2025-03-25T15:15:14.388+0000] {processor.py:914} INFO - Processing file /home/airflow/.local/lib/python3.12/site-packages/airflow/example_dags/example_branch_python_dop_operator_3.py for tasks to queue
[2025-03-25T15:15:14.391+0000] {logging_mixin.py:190} INFO - [2025-03-25T15:15:14.390+0000] {dagbag.py:588} INFO - Filling up the DagBag from /home/airflow/.local/lib/python3.12/site-packages/airflow/example_dags/example_branch_python_dop_operator_3.py
[2025-03-25T15:15:14.407+0000] {processor.py:925} INFO - DAG(s) 'example_branch_dop_operator_v3' retrieved from /home/airflow/.local/lib/python3.12/site-packages/airflow/example_dags/example_branch_python_dop_operator_3.py
[2025-03-25T15:15:14.434+0000] {logging_mixin.py:190} INFO - [2025-03-25T15:15:14.434+0000] {dag.py:3239} INFO - Sync 1 DAGs
[2025-03-25T15:15:14.472+0000] {logging_mixin.py:190} INFO - [2025-03-25T15:15:14.472+0000] {dag.py:4180} INFO - Setting next_dagrun for example_branch_dop_operator_v3 to 2025-03-25 15:14:00+00:00, run_after=2025-03-25 15:15:00+00:00
[2025-03-25T15:15:14.498+0000] {processor.py:208} INFO - Processing /home/airflow/.local/lib/python3.12/site-packages/airflow/example_dags/example_branch_python_dop_operator_3.py took 0.122 seconds
[2025-03-25T15:20:28.318+0000] {processor.py:186} INFO - Started process (PID=128) to work on /home/airflow/.local/lib/python3.12/site-packages/airflow/example_dags/example_branch_python_dop_operator_3.py
[2025-03-25T15:20:28.319+0000] {processor.py:914} INFO - Processing file /home/airflow/.local/lib/python3.12/site-packages/airflow/example_dags/example_branch_python_dop_operator_3.py for tasks to queue
[2025-03-25T15:20:28.322+0000] {logging_mixin.py:190} INFO - [2025-03-25T15:20:28.321+0000] {dagbag.py:588} INFO - Filling up the DagBag from /home/airflow/.local/lib/python3.12/site-packages/airflow/example_dags/example_branch_python_dop_operator_3.py
[2025-03-25T15:20:28.337+0000] {processor.py:925} INFO - DAG(s) 'example_branch_dop_operator_v3' retrieved from /home/airflow/.local/lib/python3.12/site-packages/airflow/example_dags/example_branch_python_dop_operator_3.py
[2025-03-25T15:20:28.363+0000] {logging_mixin.py:190} INFO - [2025-03-25T15:20:28.362+0000] {dag.py:3239} INFO - Sync 1 DAGs
[2025-03-25T15:20:28.400+0000] {logging_mixin.py:190} INFO - [2025-03-25T15:20:28.400+0000] {dag.py:4180} INFO - Setting next_dagrun for example_branch_dop_operator_v3 to 2025-03-25 15:19:00+00:00, run_after=2025-03-25 15:20:00+00:00
[2025-03-25T15:20:28.424+0000] {processor.py:208} INFO - Processing /home/airflow/.local/lib/python3.12/site-packages/airflow/example_dags/example_branch_python_dop_operator_3.py took 0.114 seconds
[2025-03-25T15:20:59.420+0000] {processor.py:186} INFO - Started process (PID=190) to work on /home/airflow/.local/lib/python3.12/site-packages/airflow/example_dags/example_branch_python_dop_operator_3.py
[2025-03-25T15:20:59.422+0000] {processor.py:914} INFO - Processing file /home/airflow/.local/lib/python3.12/site-packages/airflow/example_dags/example_branch_python_dop_operator_3.py for tasks to queue
[2025-03-25T15:20:59.425+0000] {logging_mixin.py:190} INFO - [2025-03-25T15:20:59.424+0000] {dagbag.py:588} INFO - Filling up the DagBag from /home/airflow/.local/lib/python3.12/site-packages/airflow/example_dags/example_branch_python_dop_operator_3.py
[2025-03-25T15:20:59.446+0000] {processor.py:925} INFO - DAG(s) 'example_branch_dop_operator_v3' retrieved from /home/airflow/.local/lib/python3.12/site-packages/airflow/example_dags/example_branch_python_dop_operator_3.py
[2025-03-25T15:20:59.474+0000] {logging_mixin.py:190} INFO - [2025-03-25T15:20:59.474+0000] {dag.py:3239} INFO - Sync 1 DAGs
[2025-03-25T15:20:59.523+0000] {logging_mixin.py:190} INFO - [2025-03-25T15:20:59.522+0000] {dag.py:4180} INFO - Setting next_dagrun for example_branch_dop_operator_v3 to 2025-03-25 15:19:00+00:00, run_after=2025-03-25 15:20:00+00:00
[2025-03-25T15:20:59.551+0000] {processor.py:208} INFO - Processing /home/airflow/.local/lib/python3.12/site-packages/airflow/example_dags/example_branch_python_dop_operator_3.py took 0.140 seconds
[2025-03-25T15:21:29.987+0000] {processor.py:186} INFO - Started process (PID=251) to work on /home/airflow/.local/lib/python3.12/site-packages/airflow/example_dags/example_branch_python_dop_operator_3.py
[2025-03-25T15:21:29.988+0000] {processor.py:914} INFO - Processing file /home/airflow/.local/lib/python3.12/site-packages/airflow/example_dags/example_branch_python_dop_operator_3.py for tasks to queue
[2025-03-25T15:21:29.992+0000] {logging_mixin.py:190} INFO - [2025-03-25T15:21:29.991+0000] {dagbag.py:588} INFO - Filling up the DagBag from /home/airflow/.local/lib/python3.12/site-packages/airflow/example_dags/example_branch_python_dop_operator_3.py
[2025-03-25T15:21:30.008+0000] {processor.py:925} INFO - DAG(s) 'example_branch_dop_operator_v3' retrieved from /home/airflow/.local/lib/python3.12/site-packages/airflow/example_dags/example_branch_python_dop_operator_3.py
[2025-03-25T15:21:30.059+0000] {logging_mixin.py:190} INFO - [2025-03-25T15:21:30.059+0000] {dag.py:3239} INFO - Sync 1 DAGs
[2025-03-25T15:21:30.128+0000] {logging_mixin.py:190} INFO - [2025-03-25T15:21:30.127+0000] {dag.py:4180} INFO - Setting next_dagrun for example_branch_dop_operator_v3 to 2025-03-25 15:20:00+00:00, run_after=2025-03-25 15:21:00+00:00
[2025-03-25T15:21:30.158+0000] {processor.py:208} INFO - Processing /home/airflow/.local/lib/python3.12/site-packages/airflow/example_dags/example_branch_python_dop_operator_3.py took 0.179 seconds
[2025-03-25T15:22:01.015+0000] {processor.py:186} INFO - Started process (PID=314) to work on /home/airflow/.local/lib/python3.12/site-packages/airflow/example_dags/example_branch_python_dop_operator_3.py
[2025-03-25T15:22:01.016+0000] {processor.py:914} INFO - Processing file /home/airflow/.local/lib/python3.12/site-packages/airflow/example_dags/example_branch_python_dop_operator_3.py for tasks to queue
[2025-03-25T15:22:01.018+0000] {logging_mixin.py:190} INFO - [2025-03-25T15:22:01.018+0000] {dagbag.py:588} INFO - Filling up the DagBag from /home/airflow/.local/lib/python3.12/site-packages/airflow/example_dags/example_branch_python_dop_operator_3.py
[2025-03-25T15:22:01.031+0000] {processor.py:925} INFO - DAG(s) 'example_branch_dop_operator_v3' retrieved from /home/airflow/.local/lib/python3.12/site-packages/airflow/example_dags/example_branch_python_dop_operator_3.py
[2025-03-25T15:22:01.055+0000] {logging_mixin.py:190} INFO - [2025-03-25T15:22:01.055+0000] {dag.py:3239} INFO - Sync 1 DAGs
[2025-03-25T15:22:01.088+0000] {logging_mixin.py:190} INFO - [2025-03-25T15:22:01.087+0000] {dag.py:4180} INFO - Setting next_dagrun for example_branch_dop_operator_v3 to 2025-03-25 15:21:00+00:00, run_after=2025-03-25 15:22:00+00:00
[2025-03-25T15:22:01.110+0000] {processor.py:208} INFO - Processing /home/airflow/.local/lib/python3.12/site-packages/airflow/example_dags/example_branch_python_dop_operator_3.py took 0.103 seconds
