[2025-03-25T15:09:07.331+0000] {processor.py:186} INFO - Started process (PID=90) to work on /home/airflow/.local/lib/python3.12/site-packages/airflow/example_dags/example_display_name.py
[2025-03-25T15:09:07.334+0000] {processor.py:914} INFO - Processing file /home/airflow/.local/lib/python3.12/site-packages/airflow/example_dags/example_display_name.py for tasks to queue
[2025-03-25T15:09:07.342+0000] {logging_mixin.py:190} INFO - [2025-03-25T15:09:07.341+0000] {dagbag.py:588} INFO - Filling up the DagBag from /home/airflow/.local/lib/python3.12/site-packages/airflow/example_dags/example_display_name.py
[2025-03-25T15:09:07.387+0000] {processor.py:925} INFO - DAG(s) 'example_display_name' retrieved from /home/airflow/.local/lib/python3.12/site-packages/airflow/example_dags/example_display_name.py
[2025-03-25T15:09:07.674+0000] {logging_mixin.py:190} INFO - [2025-03-25T15:09:07.673+0000] {override.py:1912} INFO - Created Permission View: can read on DAG:example_display_name
[2025-03-25T15:09:07.692+0000] {logging_mixin.py:190} INFO - [2025-03-25T15:09:07.691+0000] {override.py:1912} INFO - Created Permission View: can delete on DAG:example_display_name
[2025-03-25T15:09:07.701+0000] {logging_mixin.py:190} INFO - [2025-03-25T15:09:07.700+0000] {override.py:1912} INFO - Created Permission View: can edit on DAG:example_display_name
[2025-03-25T15:09:07.713+0000] {logging_mixin.py:190} INFO - [2025-03-25T15:09:07.713+0000] {override.py:1912} INFO - Created Permission View: can create on DAG Run:example_display_name
[2025-03-25T15:09:07.724+0000] {logging_mixin.py:190} INFO - [2025-03-25T15:09:07.723+0000] {override.py:1912} INFO - Created Permission View: can read on DAG Run:example_display_name
[2025-03-25T15:09:07.736+0000] {logging_mixin.py:190} INFO - [2025-03-25T15:09:07.736+0000] {override.py:1912} INFO - Created Permission View: can delete on DAG Run:example_display_name
[2025-03-25T15:09:07.745+0000] {logging_mixin.py:190} INFO - [2025-03-25T15:09:07.745+0000] {override.py:1912} INFO - Created Permission View: menu access on DAG Run:example_display_name
[2025-03-25T15:09:07.746+0000] {logging_mixin.py:190} INFO - [2025-03-25T15:09:07.746+0000] {dag.py:3239} INFO - Sync 1 DAGs
[2025-03-25T15:09:07.782+0000] {logging_mixin.py:190} INFO - [2025-03-25T15:09:07.782+0000] {dag.py:3262} INFO - Creating ORM DAG for example_display_name
[2025-03-25T15:09:07.785+0000] {logging_mixin.py:190} INFO - [2025-03-25T15:09:07.784+0000] {dag.py:4180} INFO - Setting next_dagrun for example_display_name to None, run_after=None
[2025-03-25T15:09:07.822+0000] {processor.py:208} INFO - Processing /home/airflow/.local/lib/python3.12/site-packages/airflow/example_dags/example_display_name.py took 0.516 seconds
[2025-03-25T15:09:38.383+0000] {processor.py:186} INFO - Started process (PID=153) to work on /home/airflow/.local/lib/python3.12/site-packages/airflow/example_dags/example_display_name.py
[2025-03-25T15:09:38.384+0000] {processor.py:914} INFO - Processing file /home/airflow/.local/lib/python3.12/site-packages/airflow/example_dags/example_display_name.py for tasks to queue
[2025-03-25T15:09:38.386+0000] {logging_mixin.py:190} INFO - [2025-03-25T15:09:38.386+0000] {dagbag.py:588} INFO - Filling up the DagBag from /home/airflow/.local/lib/python3.12/site-packages/airflow/example_dags/example_display_name.py
[2025-03-25T15:09:38.395+0000] {processor.py:925} INFO - DAG(s) 'example_display_name' retrieved from /home/airflow/.local/lib/python3.12/site-packages/airflow/example_dags/example_display_name.py
[2025-03-25T15:09:38.417+0000] {logging_mixin.py:190} INFO - [2025-03-25T15:09:38.416+0000] {dag.py:3239} INFO - Sync 1 DAGs
[2025-03-25T15:09:38.435+0000] {logging_mixin.py:190} INFO - [2025-03-25T15:09:38.435+0000] {dag.py:4180} INFO - Setting next_dagrun for example_display_name to None, run_after=None
[2025-03-25T15:09:38.457+0000] {processor.py:208} INFO - Processing /home/airflow/.local/lib/python3.12/site-packages/airflow/example_dags/example_display_name.py took 0.080 seconds
[2025-03-25T15:10:08.930+0000] {processor.py:186} INFO - Started process (PID=216) to work on /home/airflow/.local/lib/python3.12/site-packages/airflow/example_dags/example_display_name.py
[2025-03-25T15:10:08.931+0000] {processor.py:914} INFO - Processing file /home/airflow/.local/lib/python3.12/site-packages/airflow/example_dags/example_display_name.py for tasks to queue
[2025-03-25T15:10:08.934+0000] {logging_mixin.py:190} INFO - [2025-03-25T15:10:08.934+0000] {dagbag.py:588} INFO - Filling up the DagBag from /home/airflow/.local/lib/python3.12/site-packages/airflow/example_dags/example_display_name.py
[2025-03-25T15:10:08.951+0000] {processor.py:925} INFO - DAG(s) 'example_display_name' retrieved from /home/airflow/.local/lib/python3.12/site-packages/airflow/example_dags/example_display_name.py
[2025-03-25T15:10:08.980+0000] {logging_mixin.py:190} INFO - [2025-03-25T15:10:08.980+0000] {dag.py:3239} INFO - Sync 1 DAGs
[2025-03-25T15:10:09.000+0000] {logging_mixin.py:190} INFO - [2025-03-25T15:10:09.000+0000] {dag.py:4180} INFO - Setting next_dagrun for example_display_name to None, run_after=None
[2025-03-25T15:10:09.028+0000] {processor.py:208} INFO - Processing /home/airflow/.local/lib/python3.12/site-packages/airflow/example_dags/example_display_name.py took 0.109 seconds
[2025-03-25T15:10:40.002+0000] {processor.py:186} INFO - Started process (PID=279) to work on /home/airflow/.local/lib/python3.12/site-packages/airflow/example_dags/example_display_name.py
[2025-03-25T15:10:40.004+0000] {processor.py:914} INFO - Processing file /home/airflow/.local/lib/python3.12/site-packages/airflow/example_dags/example_display_name.py for tasks to queue
[2025-03-25T15:10:40.007+0000] {logging_mixin.py:190} INFO - [2025-03-25T15:10:40.007+0000] {dagbag.py:588} INFO - Filling up the DagBag from /home/airflow/.local/lib/python3.12/site-packages/airflow/example_dags/example_display_name.py
[2025-03-25T15:10:40.015+0000] {processor.py:925} INFO - DAG(s) 'example_display_name' retrieved from /home/airflow/.local/lib/python3.12/site-packages/airflow/example_dags/example_display_name.py
[2025-03-25T15:10:40.036+0000] {logging_mixin.py:190} INFO - [2025-03-25T15:10:40.036+0000] {dag.py:3239} INFO - Sync 1 DAGs
[2025-03-25T15:10:40.054+0000] {logging_mixin.py:190} INFO - [2025-03-25T15:10:40.054+0000] {dag.py:4180} INFO - Setting next_dagrun for example_display_name to None, run_after=None
[2025-03-25T15:10:40.074+0000] {processor.py:208} INFO - Processing /home/airflow/.local/lib/python3.12/site-packages/airflow/example_dags/example_display_name.py took 0.078 seconds
[2025-03-25T15:11:10.678+0000] {processor.py:186} INFO - Started process (PID=342) to work on /home/airflow/.local/lib/python3.12/site-packages/airflow/example_dags/example_display_name.py
[2025-03-25T15:11:10.679+0000] {processor.py:914} INFO - Processing file /home/airflow/.local/lib/python3.12/site-packages/airflow/example_dags/example_display_name.py for tasks to queue
[2025-03-25T15:11:10.682+0000] {logging_mixin.py:190} INFO - [2025-03-25T15:11:10.681+0000] {dagbag.py:588} INFO - Filling up the DagBag from /home/airflow/.local/lib/python3.12/site-packages/airflow/example_dags/example_display_name.py
[2025-03-25T15:11:10.689+0000] {processor.py:925} INFO - DAG(s) 'example_display_name' retrieved from /home/airflow/.local/lib/python3.12/site-packages/airflow/example_dags/example_display_name.py
[2025-03-25T15:11:10.720+0000] {logging_mixin.py:190} INFO - [2025-03-25T15:11:10.720+0000] {dag.py:3239} INFO - Sync 1 DAGs
[2025-03-25T15:11:10.740+0000] {logging_mixin.py:190} INFO - [2025-03-25T15:11:10.740+0000] {dag.py:4180} INFO - Setting next_dagrun for example_display_name to None, run_after=None
[2025-03-25T15:11:10.762+0000] {processor.py:208} INFO - Processing /home/airflow/.local/lib/python3.12/site-packages/airflow/example_dags/example_display_name.py took 0.090 seconds
[2025-03-25T15:11:40.884+0000] {processor.py:186} INFO - Started process (PID=405) to work on /home/airflow/.local/lib/python3.12/site-packages/airflow/example_dags/example_display_name.py
[2025-03-25T15:11:40.886+0000] {processor.py:914} INFO - Processing file /home/airflow/.local/lib/python3.12/site-packages/airflow/example_dags/example_display_name.py for tasks to queue
[2025-03-25T15:11:40.890+0000] {logging_mixin.py:190} INFO - [2025-03-25T15:11:40.889+0000] {dagbag.py:588} INFO - Filling up the DagBag from /home/airflow/.local/lib/python3.12/site-packages/airflow/example_dags/example_display_name.py
[2025-03-25T15:11:40.899+0000] {processor.py:925} INFO - DAG(s) 'example_display_name' retrieved from /home/airflow/.local/lib/python3.12/site-packages/airflow/example_dags/example_display_name.py
[2025-03-25T15:11:40.920+0000] {logging_mixin.py:190} INFO - [2025-03-25T15:11:40.920+0000] {dag.py:3239} INFO - Sync 1 DAGs
[2025-03-25T15:11:40.936+0000] {logging_mixin.py:190} INFO - [2025-03-25T15:11:40.936+0000] {dag.py:4180} INFO - Setting next_dagrun for example_display_name to None, run_after=None
[2025-03-25T15:11:40.959+0000] {processor.py:208} INFO - Processing /home/airflow/.local/lib/python3.12/site-packages/airflow/example_dags/example_display_name.py took 0.082 seconds
[2025-03-25T15:12:11.304+0000] {processor.py:186} INFO - Started process (PID=474) to work on /home/airflow/.local/lib/python3.12/site-packages/airflow/example_dags/example_display_name.py
[2025-03-25T15:12:11.308+0000] {processor.py:914} INFO - Processing file /home/airflow/.local/lib/python3.12/site-packages/airflow/example_dags/example_display_name.py for tasks to queue
[2025-03-25T15:12:11.316+0000] {logging_mixin.py:190} INFO - [2025-03-25T15:12:11.315+0000] {dagbag.py:588} INFO - Filling up the DagBag from /home/airflow/.local/lib/python3.12/site-packages/airflow/example_dags/example_display_name.py
[2025-03-25T15:12:11.330+0000] {processor.py:925} INFO - DAG(s) 'example_display_name' retrieved from /home/airflow/.local/lib/python3.12/site-packages/airflow/example_dags/example_display_name.py
[2025-03-25T15:12:11.363+0000] {logging_mixin.py:190} INFO - [2025-03-25T15:12:11.363+0000] {dag.py:3239} INFO - Sync 1 DAGs
[2025-03-25T15:12:11.389+0000] {logging_mixin.py:190} INFO - [2025-03-25T15:12:11.388+0000] {dag.py:4180} INFO - Setting next_dagrun for example_display_name to None, run_after=None
[2025-03-25T15:12:11.419+0000] {processor.py:208} INFO - Processing /home/airflow/.local/lib/python3.12/site-packages/airflow/example_dags/example_display_name.py took 0.127 seconds
[2025-03-25T15:12:41.871+0000] {processor.py:186} INFO - Started process (PID=537) to work on /home/airflow/.local/lib/python3.12/site-packages/airflow/example_dags/example_display_name.py
[2025-03-25T15:12:41.873+0000] {processor.py:914} INFO - Processing file /home/airflow/.local/lib/python3.12/site-packages/airflow/example_dags/example_display_name.py for tasks to queue
[2025-03-25T15:12:41.876+0000] {logging_mixin.py:190} INFO - [2025-03-25T15:12:41.876+0000] {dagbag.py:588} INFO - Filling up the DagBag from /home/airflow/.local/lib/python3.12/site-packages/airflow/example_dags/example_display_name.py
[2025-03-25T15:12:41.884+0000] {processor.py:925} INFO - DAG(s) 'example_display_name' retrieved from /home/airflow/.local/lib/python3.12/site-packages/airflow/example_dags/example_display_name.py
[2025-03-25T15:12:41.906+0000] {logging_mixin.py:190} INFO - [2025-03-25T15:12:41.906+0000] {dag.py:3239} INFO - Sync 1 DAGs
[2025-03-25T15:12:41.922+0000] {logging_mixin.py:190} INFO - [2025-03-25T15:12:41.922+0000] {dag.py:4180} INFO - Setting next_dagrun for example_display_name to None, run_after=None
[2025-03-25T15:12:41.943+0000] {processor.py:208} INFO - Processing /home/airflow/.local/lib/python3.12/site-packages/airflow/example_dags/example_display_name.py took 0.078 seconds
[2025-03-25T15:13:12.736+0000] {processor.py:186} INFO - Started process (PID=600) to work on /home/airflow/.local/lib/python3.12/site-packages/airflow/example_dags/example_display_name.py
[2025-03-25T15:13:12.737+0000] {processor.py:914} INFO - Processing file /home/airflow/.local/lib/python3.12/site-packages/airflow/example_dags/example_display_name.py for tasks to queue
[2025-03-25T15:13:12.740+0000] {logging_mixin.py:190} INFO - [2025-03-25T15:13:12.740+0000] {dagbag.py:588} INFO - Filling up the DagBag from /home/airflow/.local/lib/python3.12/site-packages/airflow/example_dags/example_display_name.py
[2025-03-25T15:13:12.749+0000] {processor.py:925} INFO - DAG(s) 'example_display_name' retrieved from /home/airflow/.local/lib/python3.12/site-packages/airflow/example_dags/example_display_name.py
[2025-03-25T15:13:12.770+0000] {logging_mixin.py:190} INFO - [2025-03-25T15:13:12.770+0000] {dag.py:3239} INFO - Sync 1 DAGs
[2025-03-25T15:13:12.786+0000] {logging_mixin.py:190} INFO - [2025-03-25T15:13:12.786+0000] {dag.py:4180} INFO - Setting next_dagrun for example_display_name to None, run_after=None
[2025-03-25T15:13:12.808+0000] {processor.py:208} INFO - Processing /home/airflow/.local/lib/python3.12/site-packages/airflow/example_dags/example_display_name.py took 0.078 seconds
[2025-03-25T15:13:42.848+0000] {processor.py:186} INFO - Started process (PID=665) to work on /home/airflow/.local/lib/python3.12/site-packages/airflow/example_dags/example_display_name.py
[2025-03-25T15:13:42.849+0000] {processor.py:914} INFO - Processing file /home/airflow/.local/lib/python3.12/site-packages/airflow/example_dags/example_display_name.py for tasks to queue
[2025-03-25T15:13:42.851+0000] {logging_mixin.py:190} INFO - [2025-03-25T15:13:42.851+0000] {dagbag.py:588} INFO - Filling up the DagBag from /home/airflow/.local/lib/python3.12/site-packages/airflow/example_dags/example_display_name.py
[2025-03-25T15:13:42.860+0000] {processor.py:925} INFO - DAG(s) 'example_display_name' retrieved from /home/airflow/.local/lib/python3.12/site-packages/airflow/example_dags/example_display_name.py
[2025-03-25T15:13:42.882+0000] {logging_mixin.py:190} INFO - [2025-03-25T15:13:42.882+0000] {dag.py:3239} INFO - Sync 1 DAGs
[2025-03-25T15:13:42.899+0000] {logging_mixin.py:190} INFO - [2025-03-25T15:13:42.899+0000] {dag.py:4180} INFO - Setting next_dagrun for example_display_name to None, run_after=None
[2025-03-25T15:13:42.927+0000] {processor.py:208} INFO - Processing /home/airflow/.local/lib/python3.12/site-packages/airflow/example_dags/example_display_name.py took 0.086 seconds
[2025-03-25T15:15:03.386+0000] {processor.py:186} INFO - Started process (PID=84) to work on /home/airflow/.local/lib/python3.12/site-packages/airflow/example_dags/example_display_name.py
[2025-03-25T15:15:03.387+0000] {processor.py:914} INFO - Processing file /home/airflow/.local/lib/python3.12/site-packages/airflow/example_dags/example_display_name.py for tasks to queue
[2025-03-25T15:15:03.390+0000] {logging_mixin.py:190} INFO - [2025-03-25T15:15:03.390+0000] {dagbag.py:588} INFO - Filling up the DagBag from /home/airflow/.local/lib/python3.12/site-packages/airflow/example_dags/example_display_name.py
[2025-03-25T15:15:03.400+0000] {processor.py:925} INFO - DAG(s) 'example_display_name' retrieved from /home/airflow/.local/lib/python3.12/site-packages/airflow/example_dags/example_display_name.py
[2025-03-25T15:15:03.452+0000] {logging_mixin.py:190} INFO - [2025-03-25T15:15:03.451+0000] {dag.py:3239} INFO - Sync 1 DAGs
[2025-03-25T15:15:03.475+0000] {logging_mixin.py:190} INFO - [2025-03-25T15:15:03.475+0000] {dag.py:4180} INFO - Setting next_dagrun for example_display_name to None, run_after=None
[2025-03-25T15:15:03.505+0000] {processor.py:208} INFO - Processing /home/airflow/.local/lib/python3.12/site-packages/airflow/example_dags/example_display_name.py took 0.127 seconds
[2025-03-25T15:15:34.088+0000] {processor.py:186} INFO - Started process (PID=147) to work on /home/airflow/.local/lib/python3.12/site-packages/airflow/example_dags/example_display_name.py
[2025-03-25T15:15:34.090+0000] {processor.py:914} INFO - Processing file /home/airflow/.local/lib/python3.12/site-packages/airflow/example_dags/example_display_name.py for tasks to queue
[2025-03-25T15:15:34.093+0000] {logging_mixin.py:190} INFO - [2025-03-25T15:15:34.093+0000] {dagbag.py:588} INFO - Filling up the DagBag from /home/airflow/.local/lib/python3.12/site-packages/airflow/example_dags/example_display_name.py
[2025-03-25T15:15:34.107+0000] {processor.py:925} INFO - DAG(s) 'example_display_name' retrieved from /home/airflow/.local/lib/python3.12/site-packages/airflow/example_dags/example_display_name.py
[2025-03-25T15:15:34.144+0000] {logging_mixin.py:190} INFO - [2025-03-25T15:15:34.144+0000] {dag.py:3239} INFO - Sync 1 DAGs
[2025-03-25T15:15:34.196+0000] {logging_mixin.py:190} INFO - [2025-03-25T15:15:34.196+0000] {dag.py:4180} INFO - Setting next_dagrun for example_display_name to None, run_after=None
[2025-03-25T15:15:34.237+0000] {processor.py:208} INFO - Processing /home/airflow/.local/lib/python3.12/site-packages/airflow/example_dags/example_display_name.py took 0.159 seconds
[2025-03-25T15:20:20.357+0000] {processor.py:186} INFO - Started process (PID=91) to work on /home/airflow/.local/lib/python3.12/site-packages/airflow/example_dags/example_display_name.py
[2025-03-25T15:20:20.360+0000] {processor.py:914} INFO - Processing file /home/airflow/.local/lib/python3.12/site-packages/airflow/example_dags/example_display_name.py for tasks to queue
[2025-03-25T15:20:20.365+0000] {logging_mixin.py:190} INFO - [2025-03-25T15:20:20.364+0000] {dagbag.py:588} INFO - Filling up the DagBag from /home/airflow/.local/lib/python3.12/site-packages/airflow/example_dags/example_display_name.py
[2025-03-25T15:20:20.393+0000] {processor.py:925} INFO - DAG(s) 'example_display_name' retrieved from /home/airflow/.local/lib/python3.12/site-packages/airflow/example_dags/example_display_name.py
[2025-03-25T15:20:20.520+0000] {logging_mixin.py:190} INFO - [2025-03-25T15:20:20.519+0000] {dag.py:3239} INFO - Sync 1 DAGs
[2025-03-25T15:20:20.598+0000] {logging_mixin.py:190} INFO - [2025-03-25T15:20:20.596+0000] {dag.py:4180} INFO - Setting next_dagrun for example_display_name to None, run_after=None
[2025-03-25T15:20:20.666+0000] {processor.py:208} INFO - Processing /home/airflow/.local/lib/python3.12/site-packages/airflow/example_dags/example_display_name.py took 0.322 seconds
[2025-03-25T15:20:51.242+0000] {processor.py:186} INFO - Started process (PID=154) to work on /home/airflow/.local/lib/python3.12/site-packages/airflow/example_dags/example_display_name.py
[2025-03-25T15:20:51.243+0000] {processor.py:914} INFO - Processing file /home/airflow/.local/lib/python3.12/site-packages/airflow/example_dags/example_display_name.py for tasks to queue
[2025-03-25T15:20:51.246+0000] {logging_mixin.py:190} INFO - [2025-03-25T15:20:51.246+0000] {dagbag.py:588} INFO - Filling up the DagBag from /home/airflow/.local/lib/python3.12/site-packages/airflow/example_dags/example_display_name.py
[2025-03-25T15:20:51.259+0000] {processor.py:925} INFO - DAG(s) 'example_display_name' retrieved from /home/airflow/.local/lib/python3.12/site-packages/airflow/example_dags/example_display_name.py
[2025-03-25T15:20:51.287+0000] {logging_mixin.py:190} INFO - [2025-03-25T15:20:51.287+0000] {dag.py:3239} INFO - Sync 1 DAGs
[2025-03-25T15:20:51.309+0000] {logging_mixin.py:190} INFO - [2025-03-25T15:20:51.308+0000] {dag.py:4180} INFO - Setting next_dagrun for example_display_name to None, run_after=None
[2025-03-25T15:20:51.342+0000] {processor.py:208} INFO - Processing /home/airflow/.local/lib/python3.12/site-packages/airflow/example_dags/example_display_name.py took 0.108 seconds
[2025-03-25T15:21:21.544+0000] {processor.py:186} INFO - Started process (PID=216) to work on /home/airflow/.local/lib/python3.12/site-packages/airflow/example_dags/example_display_name.py
[2025-03-25T15:21:21.545+0000] {processor.py:914} INFO - Processing file /home/airflow/.local/lib/python3.12/site-packages/airflow/example_dags/example_display_name.py for tasks to queue
[2025-03-25T15:21:21.550+0000] {logging_mixin.py:190} INFO - [2025-03-25T15:21:21.549+0000] {dagbag.py:588} INFO - Filling up the DagBag from /home/airflow/.local/lib/python3.12/site-packages/airflow/example_dags/example_display_name.py
[2025-03-25T15:21:21.565+0000] {processor.py:925} INFO - DAG(s) 'example_display_name' retrieved from /home/airflow/.local/lib/python3.12/site-packages/airflow/example_dags/example_display_name.py
[2025-03-25T15:21:21.598+0000] {logging_mixin.py:190} INFO - [2025-03-25T15:21:21.598+0000] {dag.py:3239} INFO - Sync 1 DAGs
[2025-03-25T15:21:21.619+0000] {logging_mixin.py:190} INFO - [2025-03-25T15:21:21.619+0000] {dag.py:4180} INFO - Setting next_dagrun for example_display_name to None, run_after=None
[2025-03-25T15:21:21.646+0000] {processor.py:208} INFO - Processing /home/airflow/.local/lib/python3.12/site-packages/airflow/example_dags/example_display_name.py took 0.108 seconds
[2025-03-25T15:21:52.110+0000] {processor.py:186} INFO - Started process (PID=280) to work on /home/airflow/.local/lib/python3.12/site-packages/airflow/example_dags/example_display_name.py
[2025-03-25T15:21:52.111+0000] {processor.py:914} INFO - Processing file /home/airflow/.local/lib/python3.12/site-packages/airflow/example_dags/example_display_name.py for tasks to queue
[2025-03-25T15:21:52.113+0000] {logging_mixin.py:190} INFO - [2025-03-25T15:21:52.113+0000] {dagbag.py:588} INFO - Filling up the DagBag from /home/airflow/.local/lib/python3.12/site-packages/airflow/example_dags/example_display_name.py
[2025-03-25T15:21:52.122+0000] {processor.py:925} INFO - DAG(s) 'example_display_name' retrieved from /home/airflow/.local/lib/python3.12/site-packages/airflow/example_dags/example_display_name.py
[2025-03-25T15:21:52.142+0000] {logging_mixin.py:190} INFO - [2025-03-25T15:21:52.142+0000] {dag.py:3239} INFO - Sync 1 DAGs
[2025-03-25T15:21:52.158+0000] {logging_mixin.py:190} INFO - [2025-03-25T15:21:52.158+0000] {dag.py:4180} INFO - Setting next_dagrun for example_display_name to None, run_after=None
[2025-03-25T15:21:52.178+0000] {processor.py:208} INFO - Processing /home/airflow/.local/lib/python3.12/site-packages/airflow/example_dags/example_display_name.py took 0.074 seconds
