[2025-03-25T15:09:11.433+0000] {processor.py:186} INFO - Started process (PID=105) to work on /home/airflow/.local/lib/python3.12/site-packages/airflow/example_dags/example_inlet_event_extra.py
[2025-03-25T15:09:11.434+0000] {processor.py:914} INFO - Processing file /home/airflow/.local/lib/python3.12/site-packages/airflow/example_dags/example_inlet_event_extra.py for tasks to queue
[2025-03-25T15:09:11.437+0000] {logging_mixin.py:190} INFO - [2025-03-25T15:09:11.437+0000] {dagbag.py:588} INFO - Filling up the DagBag from /home/airflow/.local/lib/python3.12/site-packages/airflow/example_dags/example_inlet_event_extra.py
[2025-03-25T15:09:11.317+0000] {processor.py:925} INFO - DAG(s) 'read_dataset_event_from_classic', 'read_dataset_event' retrieved from /home/airflow/.local/lib/python3.12/site-packages/airflow/example_dags/example_inlet_event_extra.py
[2025-03-25T15:09:12.924+0000] {logging_mixin.py:190} INFO - [2025-03-25T15:09:12.923+0000] {override.py:1912} INFO - Created Permission View: can read on DAG:read_dataset_event_from_classic
[2025-03-25T15:09:12.942+0000] {logging_mixin.py:190} INFO - [2025-03-25T15:09:12.942+0000] {override.py:1912} INFO - Created Permission View: can delete on DAG:read_dataset_event_from_classic
[2025-03-25T15:09:12.956+0000] {logging_mixin.py:190} INFO - [2025-03-25T15:09:12.956+0000] {override.py:1912} INFO - Created Permission View: can edit on DAG:read_dataset_event_from_classic
[2025-03-25T15:09:12.969+0000] {logging_mixin.py:190} INFO - [2025-03-25T15:09:12.969+0000] {override.py:1912} INFO - Created Permission View: can create on DAG Run:read_dataset_event_from_classic
[2025-03-25T15:09:12.979+0000] {logging_mixin.py:190} INFO - [2025-03-25T15:09:12.979+0000] {override.py:1912} INFO - Created Permission View: can read on DAG Run:read_dataset_event_from_classic
[2025-03-25T15:09:12.989+0000] {logging_mixin.py:190} INFO - [2025-03-25T15:09:12.989+0000] {override.py:1912} INFO - Created Permission View: can delete on DAG Run:read_dataset_event_from_classic
[2025-03-25T15:09:12.999+0000] {logging_mixin.py:190} INFO - [2025-03-25T15:09:12.999+0000] {override.py:1912} INFO - Created Permission View: menu access on DAG Run:read_dataset_event_from_classic
[2025-03-25T15:09:13.023+0000] {logging_mixin.py:190} INFO - [2025-03-25T15:09:13.022+0000] {override.py:1912} INFO - Created Permission View: can read on DAG:read_dataset_event
[2025-03-25T15:09:13.036+0000] {logging_mixin.py:190} INFO - [2025-03-25T15:09:13.036+0000] {override.py:1912} INFO - Created Permission View: can delete on DAG:read_dataset_event
[2025-03-25T15:09:13.046+0000] {logging_mixin.py:190} INFO - [2025-03-25T15:09:13.045+0000] {override.py:1912} INFO - Created Permission View: can edit on DAG:read_dataset_event
[2025-03-25T15:09:13.062+0000] {logging_mixin.py:190} INFO - [2025-03-25T15:09:13.061+0000] {override.py:1912} INFO - Created Permission View: can create on DAG Run:read_dataset_event
[2025-03-25T15:09:13.071+0000] {logging_mixin.py:190} INFO - [2025-03-25T15:09:13.071+0000] {override.py:1912} INFO - Created Permission View: can read on DAG Run:read_dataset_event
[2025-03-25T15:09:13.082+0000] {logging_mixin.py:190} INFO - [2025-03-25T15:09:13.081+0000] {override.py:1912} INFO - Created Permission View: can delete on DAG Run:read_dataset_event
[2025-03-25T15:09:13.091+0000] {logging_mixin.py:190} INFO - [2025-03-25T15:09:13.091+0000] {override.py:1912} INFO - Created Permission View: menu access on DAG Run:read_dataset_event
[2025-03-25T15:09:13.092+0000] {logging_mixin.py:190} INFO - [2025-03-25T15:09:13.091+0000] {dag.py:3239} INFO - Sync 2 DAGs
[2025-03-25T15:09:13.108+0000] {logging_mixin.py:190} INFO - [2025-03-25T15:09:13.108+0000] {dag.py:3262} INFO - Creating ORM DAG for read_dataset_event_from_classic
[2025-03-25T15:09:13.109+0000] {logging_mixin.py:190} INFO - [2025-03-25T15:09:13.109+0000] {dag.py:3262} INFO - Creating ORM DAG for read_dataset_event
[2025-03-25T15:09:13.123+0000] {logging_mixin.py:190} INFO - [2025-03-25T15:09:13.123+0000] {dag.py:4180} INFO - Setting next_dagrun for read_dataset_event to 2025-03-24 00:00:00+00:00, run_after=2025-03-25 00:00:00+00:00
[2025-03-25T15:09:13.126+0000] {logging_mixin.py:190} INFO - [2025-03-25T15:09:13.126+0000] {dag.py:4180} INFO - Setting next_dagrun for read_dataset_event_from_classic to 2025-03-24 00:00:00+00:00, run_after=2025-03-25 00:00:00+00:00
[2025-03-25T15:09:13.151+0000] {processor.py:208} INFO - Processing /home/airflow/.local/lib/python3.12/site-packages/airflow/example_dags/example_inlet_event_extra.py took 4.228 seconds
[2025-03-25T15:09:43.337+0000] {processor.py:186} INFO - Started process (PID=167) to work on /home/airflow/.local/lib/python3.12/site-packages/airflow/example_dags/example_inlet_event_extra.py
[2025-03-25T15:09:43.338+0000] {processor.py:914} INFO - Processing file /home/airflow/.local/lib/python3.12/site-packages/airflow/example_dags/example_inlet_event_extra.py for tasks to queue
[2025-03-25T15:09:43.340+0000] {logging_mixin.py:190} INFO - [2025-03-25T15:09:43.340+0000] {dagbag.py:588} INFO - Filling up the DagBag from /home/airflow/.local/lib/python3.12/site-packages/airflow/example_dags/example_inlet_event_extra.py
[2025-03-25T15:09:42.080+0000] {processor.py:925} INFO - DAG(s) 'read_dataset_event', 'read_dataset_event_from_classic' retrieved from /home/airflow/.local/lib/python3.12/site-packages/airflow/example_dags/example_inlet_event_extra.py
[2025-03-25T15:09:42.100+0000] {logging_mixin.py:190} INFO - [2025-03-25T15:09:42.099+0000] {dag.py:3239} INFO - Sync 2 DAGs
[2025-03-25T15:09:42.126+0000] {logging_mixin.py:190} INFO - [2025-03-25T15:09:42.125+0000] {dag.py:4180} INFO - Setting next_dagrun for read_dataset_event to 2025-03-24 00:00:00+00:00, run_after=2025-03-25 00:00:00+00:00
[2025-03-25T15:09:42.131+0000] {logging_mixin.py:190} INFO - [2025-03-25T15:09:42.130+0000] {dag.py:4180} INFO - Setting next_dagrun for read_dataset_event_from_classic to 2025-03-24 00:00:00+00:00, run_after=2025-03-25 00:00:00+00:00
[2025-03-25T15:09:42.148+0000] {processor.py:208} INFO - Processing /home/airflow/.local/lib/python3.12/site-packages/airflow/example_dags/example_inlet_event_extra.py took 1.314 seconds
[2025-03-25T15:10:12.802+0000] {processor.py:186} INFO - Started process (PID=230) to work on /home/airflow/.local/lib/python3.12/site-packages/airflow/example_dags/example_inlet_event_extra.py
[2025-03-25T15:10:12.803+0000] {processor.py:914} INFO - Processing file /home/airflow/.local/lib/python3.12/site-packages/airflow/example_dags/example_inlet_event_extra.py for tasks to queue
[2025-03-25T15:10:12.806+0000] {logging_mixin.py:190} INFO - [2025-03-25T15:10:12.806+0000] {dagbag.py:588} INFO - Filling up the DagBag from /home/airflow/.local/lib/python3.12/site-packages/airflow/example_dags/example_inlet_event_extra.py
[2025-03-25T15:10:10.914+0000] {processor.py:925} INFO - DAG(s) 'read_dataset_event', 'read_dataset_event_from_classic' retrieved from /home/airflow/.local/lib/python3.12/site-packages/airflow/example_dags/example_inlet_event_extra.py
[2025-03-25T15:10:10.940+0000] {logging_mixin.py:190} INFO - [2025-03-25T15:10:10.939+0000] {dag.py:3239} INFO - Sync 2 DAGs
[2025-03-25T15:10:10.971+0000] {logging_mixin.py:190} INFO - [2025-03-25T15:10:10.971+0000] {dag.py:4180} INFO - Setting next_dagrun for read_dataset_event to 2025-03-24 00:00:00+00:00, run_after=2025-03-25 00:00:00+00:00
[2025-03-25T15:10:10.977+0000] {logging_mixin.py:190} INFO - [2025-03-25T15:10:10.977+0000] {dag.py:4180} INFO - Setting next_dagrun for read_dataset_event_from_classic to 2025-03-24 00:00:00+00:00, run_after=2025-03-25 00:00:00+00:00
[2025-03-25T15:10:10.996+0000] {processor.py:208} INFO - Processing /home/airflow/.local/lib/python3.12/site-packages/airflow/example_dags/example_inlet_event_extra.py took 0.709 seconds
[2025-03-25T15:10:41.374+0000] {processor.py:186} INFO - Started process (PID=285) to work on /home/airflow/.local/lib/python3.12/site-packages/airflow/example_dags/example_inlet_event_extra.py
[2025-03-25T15:10:41.376+0000] {processor.py:914} INFO - Processing file /home/airflow/.local/lib/python3.12/site-packages/airflow/example_dags/example_inlet_event_extra.py for tasks to queue
[2025-03-25T15:10:41.378+0000] {logging_mixin.py:190} INFO - [2025-03-25T15:10:41.378+0000] {dagbag.py:588} INFO - Filling up the DagBag from /home/airflow/.local/lib/python3.12/site-packages/airflow/example_dags/example_inlet_event_extra.py
[2025-03-25T15:10:41.957+0000] {processor.py:925} INFO - DAG(s) 'read_dataset_event', 'read_dataset_event_from_classic' retrieved from /home/airflow/.local/lib/python3.12/site-packages/airflow/example_dags/example_inlet_event_extra.py
[2025-03-25T15:10:41.977+0000] {logging_mixin.py:190} INFO - [2025-03-25T15:10:41.977+0000] {dag.py:3239} INFO - Sync 2 DAGs
[2025-03-25T15:10:42.002+0000] {logging_mixin.py:190} INFO - [2025-03-25T15:10:42.001+0000] {dag.py:4180} INFO - Setting next_dagrun for read_dataset_event to 2025-03-24 00:00:00+00:00, run_after=2025-03-25 00:00:00+00:00
[2025-03-25T15:10:42.007+0000] {logging_mixin.py:190} INFO - [2025-03-25T15:10:42.006+0000] {dag.py:4180} INFO - Setting next_dagrun for read_dataset_event_from_classic to 2025-03-24 00:00:00+00:00, run_after=2025-03-25 00:00:00+00:00
[2025-03-25T15:10:42.024+0000] {processor.py:208} INFO - Processing /home/airflow/.local/lib/python3.12/site-packages/airflow/example_dags/example_inlet_event_extra.py took 0.656 seconds
[2025-03-25T15:11:12.129+0000] {processor.py:186} INFO - Started process (PID=348) to work on /home/airflow/.local/lib/python3.12/site-packages/airflow/example_dags/example_inlet_event_extra.py
[2025-03-25T15:11:12.130+0000] {processor.py:914} INFO - Processing file /home/airflow/.local/lib/python3.12/site-packages/airflow/example_dags/example_inlet_event_extra.py for tasks to queue
[2025-03-25T15:11:12.132+0000] {logging_mixin.py:190} INFO - [2025-03-25T15:11:12.132+0000] {dagbag.py:588} INFO - Filling up the DagBag from /home/airflow/.local/lib/python3.12/site-packages/airflow/example_dags/example_inlet_event_extra.py
[2025-03-25T15:11:12.734+0000] {processor.py:925} INFO - DAG(s) 'read_dataset_event_from_classic', 'read_dataset_event' retrieved from /home/airflow/.local/lib/python3.12/site-packages/airflow/example_dags/example_inlet_event_extra.py
[2025-03-25T15:11:12.754+0000] {logging_mixin.py:190} INFO - [2025-03-25T15:11:12.754+0000] {dag.py:3239} INFO - Sync 2 DAGs
[2025-03-25T15:11:12.778+0000] {logging_mixin.py:190} INFO - [2025-03-25T15:11:12.778+0000] {dag.py:4180} INFO - Setting next_dagrun for read_dataset_event to 2025-03-24 00:00:00+00:00, run_after=2025-03-25 00:00:00+00:00
[2025-03-25T15:11:12.783+0000] {logging_mixin.py:190} INFO - [2025-03-25T15:11:12.782+0000] {dag.py:4180} INFO - Setting next_dagrun for read_dataset_event_from_classic to 2025-03-24 00:00:00+00:00, run_after=2025-03-25 00:00:00+00:00
[2025-03-25T15:11:12.799+0000] {processor.py:208} INFO - Processing /home/airflow/.local/lib/python3.12/site-packages/airflow/example_dags/example_inlet_event_extra.py took 0.677 seconds
[2025-03-25T15:11:41.289+0000] {processor.py:186} INFO - Started process (PID=424) to work on /home/airflow/.local/lib/python3.12/site-packages/airflow/example_dags/example_inlet_event_extra.py
[2025-03-25T15:11:41.290+0000] {processor.py:914} INFO - Processing file /home/airflow/.local/lib/python3.12/site-packages/airflow/example_dags/example_inlet_event_extra.py for tasks to queue
[2025-03-25T15:11:41.293+0000] {logging_mixin.py:190} INFO - [2025-03-25T15:11:41.292+0000] {dagbag.py:588} INFO - Filling up the DagBag from /home/airflow/.local/lib/python3.12/site-packages/airflow/example_dags/example_inlet_event_extra.py
[2025-03-25T15:11:41.941+0000] {processor.py:925} INFO - DAG(s) 'read_dataset_event_from_classic', 'read_dataset_event' retrieved from /home/airflow/.local/lib/python3.12/site-packages/airflow/example_dags/example_inlet_event_extra.py
[2025-03-25T15:11:41.962+0000] {logging_mixin.py:190} INFO - [2025-03-25T15:11:41.961+0000] {dag.py:3239} INFO - Sync 2 DAGs
[2025-03-25T15:11:41.988+0000] {logging_mixin.py:190} INFO - [2025-03-25T15:11:41.987+0000] {dag.py:4180} INFO - Setting next_dagrun for read_dataset_event to 2025-03-24 00:00:00+00:00, run_after=2025-03-25 00:00:00+00:00
[2025-03-25T15:11:41.993+0000] {logging_mixin.py:190} INFO - [2025-03-25T15:11:41.993+0000] {dag.py:4180} INFO - Setting next_dagrun for read_dataset_event_from_classic to 2025-03-24 00:00:00+00:00, run_after=2025-03-25 00:00:00+00:00
[2025-03-25T15:11:42.010+0000] {processor.py:208} INFO - Processing /home/airflow/.local/lib/python3.12/site-packages/airflow/example_dags/example_inlet_event_extra.py took 0.727 seconds
[2025-03-25T15:12:13.273+0000] {processor.py:186} INFO - Started process (PID=487) to work on /home/airflow/.local/lib/python3.12/site-packages/airflow/example_dags/example_inlet_event_extra.py
[2025-03-25T15:12:13.274+0000] {processor.py:914} INFO - Processing file /home/airflow/.local/lib/python3.12/site-packages/airflow/example_dags/example_inlet_event_extra.py for tasks to queue
[2025-03-25T15:12:13.277+0000] {logging_mixin.py:190} INFO - [2025-03-25T15:12:13.277+0000] {dagbag.py:588} INFO - Filling up the DagBag from /home/airflow/.local/lib/python3.12/site-packages/airflow/example_dags/example_inlet_event_extra.py
[2025-03-25T15:12:11.394+0000] {processor.py:925} INFO - DAG(s) 'read_dataset_event', 'read_dataset_event_from_classic' retrieved from /home/airflow/.local/lib/python3.12/site-packages/airflow/example_dags/example_inlet_event_extra.py
[2025-03-25T15:12:11.417+0000] {logging_mixin.py:190} INFO - [2025-03-25T15:12:11.417+0000] {dag.py:3239} INFO - Sync 2 DAGs
[2025-03-25T15:12:11.448+0000] {logging_mixin.py:190} INFO - [2025-03-25T15:12:11.448+0000] {dag.py:4180} INFO - Setting next_dagrun for read_dataset_event to 2025-03-24 00:00:00+00:00, run_after=2025-03-25 00:00:00+00:00
[2025-03-25T15:12:11.456+0000] {logging_mixin.py:190} INFO - [2025-03-25T15:12:11.455+0000] {dag.py:4180} INFO - Setting next_dagrun for read_dataset_event_from_classic to 2025-03-24 00:00:00+00:00, run_after=2025-03-25 00:00:00+00:00
[2025-03-25T15:12:11.475+0000] {processor.py:208} INFO - Processing /home/airflow/.local/lib/python3.12/site-packages/airflow/example_dags/example_inlet_event_extra.py took 0.720 seconds
[2025-03-25T15:12:42.080+0000] {processor.py:186} INFO - Started process (PID=541) to work on /home/airflow/.local/lib/python3.12/site-packages/airflow/example_dags/example_inlet_event_extra.py
[2025-03-25T15:12:42.081+0000] {processor.py:914} INFO - Processing file /home/airflow/.local/lib/python3.12/site-packages/airflow/example_dags/example_inlet_event_extra.py for tasks to queue
[2025-03-25T15:12:42.083+0000] {logging_mixin.py:190} INFO - [2025-03-25T15:12:42.083+0000] {dagbag.py:588} INFO - Filling up the DagBag from /home/airflow/.local/lib/python3.12/site-packages/airflow/example_dags/example_inlet_event_extra.py
[2025-03-25T15:12:42.788+0000] {processor.py:925} INFO - DAG(s) 'read_dataset_event_from_classic', 'read_dataset_event' retrieved from /home/airflow/.local/lib/python3.12/site-packages/airflow/example_dags/example_inlet_event_extra.py
[2025-03-25T15:12:42.810+0000] {logging_mixin.py:190} INFO - [2025-03-25T15:12:42.809+0000] {dag.py:3239} INFO - Sync 2 DAGs
[2025-03-25T15:12:42.835+0000] {logging_mixin.py:190} INFO - [2025-03-25T15:12:42.834+0000] {dag.py:4180} INFO - Setting next_dagrun for read_dataset_event to 2025-03-24 00:00:00+00:00, run_after=2025-03-25 00:00:00+00:00
[2025-03-25T15:12:42.839+0000] {logging_mixin.py:190} INFO - [2025-03-25T15:12:42.839+0000] {dag.py:4180} INFO - Setting next_dagrun for read_dataset_event_from_classic to 2025-03-24 00:00:00+00:00, run_after=2025-03-25 00:00:00+00:00
[2025-03-25T15:12:42.857+0000] {processor.py:208} INFO - Processing /home/airflow/.local/lib/python3.12/site-packages/airflow/example_dags/example_inlet_event_extra.py took 0.785 seconds
[2025-03-25T15:13:14.039+0000] {processor.py:186} INFO - Started process (PID=613) to work on /home/airflow/.local/lib/python3.12/site-packages/airflow/example_dags/example_inlet_event_extra.py
[2025-03-25T15:13:14.040+0000] {processor.py:914} INFO - Processing file /home/airflow/.local/lib/python3.12/site-packages/airflow/example_dags/example_inlet_event_extra.py for tasks to queue
[2025-03-25T15:13:14.043+0000] {logging_mixin.py:190} INFO - [2025-03-25T15:13:14.043+0000] {dagbag.py:588} INFO - Filling up the DagBag from /home/airflow/.local/lib/python3.12/site-packages/airflow/example_dags/example_inlet_event_extra.py
[2025-03-25T15:13:14.648+0000] {processor.py:925} INFO - DAG(s) 'read_dataset_event', 'read_dataset_event_from_classic' retrieved from /home/airflow/.local/lib/python3.12/site-packages/airflow/example_dags/example_inlet_event_extra.py
[2025-03-25T15:13:14.669+0000] {logging_mixin.py:190} INFO - [2025-03-25T15:13:14.669+0000] {dag.py:3239} INFO - Sync 2 DAGs
[2025-03-25T15:13:14.696+0000] {logging_mixin.py:190} INFO - [2025-03-25T15:13:14.696+0000] {dag.py:4180} INFO - Setting next_dagrun for read_dataset_event to 2025-03-24 00:00:00+00:00, run_after=2025-03-25 00:00:00+00:00
[2025-03-25T15:13:14.702+0000] {logging_mixin.py:190} INFO - [2025-03-25T15:13:14.701+0000] {dag.py:4180} INFO - Setting next_dagrun for read_dataset_event_from_classic to 2025-03-24 00:00:00+00:00, run_after=2025-03-25 00:00:00+00:00
[2025-03-25T15:13:14.719+0000] {processor.py:208} INFO - Processing /home/airflow/.local/lib/python3.12/site-packages/airflow/example_dags/example_inlet_event_extra.py took 0.688 seconds
[2025-03-25T15:13:45.525+0000] {processor.py:186} INFO - Started process (PID=676) to work on /home/airflow/.local/lib/python3.12/site-packages/airflow/example_dags/example_inlet_event_extra.py
[2025-03-25T15:13:45.526+0000] {processor.py:914} INFO - Processing file /home/airflow/.local/lib/python3.12/site-packages/airflow/example_dags/example_inlet_event_extra.py for tasks to queue
[2025-03-25T15:13:45.528+0000] {logging_mixin.py:190} INFO - [2025-03-25T15:13:45.528+0000] {dagbag.py:588} INFO - Filling up the DagBag from /home/airflow/.local/lib/python3.12/site-packages/airflow/example_dags/example_inlet_event_extra.py
[2025-03-25T15:13:46.096+0000] {processor.py:925} INFO - DAG(s) 'read_dataset_event', 'read_dataset_event_from_classic' retrieved from /home/airflow/.local/lib/python3.12/site-packages/airflow/example_dags/example_inlet_event_extra.py
[2025-03-25T15:13:46.115+0000] {logging_mixin.py:190} INFO - [2025-03-25T15:13:46.115+0000] {dag.py:3239} INFO - Sync 2 DAGs
[2025-03-25T15:13:46.139+0000] {logging_mixin.py:190} INFO - [2025-03-25T15:13:46.139+0000] {dag.py:4180} INFO - Setting next_dagrun for read_dataset_event to 2025-03-24 00:00:00+00:00, run_after=2025-03-25 00:00:00+00:00
[2025-03-25T15:13:46.145+0000] {logging_mixin.py:190} INFO - [2025-03-25T15:13:46.145+0000] {dag.py:4180} INFO - Setting next_dagrun for read_dataset_event_from_classic to 2025-03-24 00:00:00+00:00, run_after=2025-03-25 00:00:00+00:00
[2025-03-25T15:13:46.161+0000] {processor.py:208} INFO - Processing /home/airflow/.local/lib/python3.12/site-packages/airflow/example_dags/example_inlet_event_extra.py took 0.644 seconds
[2025-03-25T15:15:06.732+0000] {processor.py:186} INFO - Started process (PID=99) to work on /home/airflow/.local/lib/python3.12/site-packages/airflow/example_dags/example_inlet_event_extra.py
[2025-03-25T15:15:06.738+0000] {processor.py:914} INFO - Processing file /home/airflow/.local/lib/python3.12/site-packages/airflow/example_dags/example_inlet_event_extra.py for tasks to queue
[2025-03-25T15:15:06.758+0000] {logging_mixin.py:190} INFO - [2025-03-25T15:15:06.757+0000] {dagbag.py:588} INFO - Filling up the DagBag from /home/airflow/.local/lib/python3.12/site-packages/airflow/example_dags/example_inlet_event_extra.py
[2025-03-25T15:15:10.350+0000] {processor.py:925} INFO - DAG(s) 'read_dataset_event', 'read_dataset_event_from_classic' retrieved from /home/airflow/.local/lib/python3.12/site-packages/airflow/example_dags/example_inlet_event_extra.py
[2025-03-25T15:15:10.406+0000] {logging_mixin.py:190} INFO - [2025-03-25T15:15:10.405+0000] {dag.py:3239} INFO - Sync 2 DAGs
[2025-03-25T15:15:10.475+0000] {logging_mixin.py:190} INFO - [2025-03-25T15:15:10.475+0000] {dag.py:4180} INFO - Setting next_dagrun for read_dataset_event to 2025-03-24 00:00:00+00:00, run_after=2025-03-25 00:00:00+00:00
[2025-03-25T15:15:10.484+0000] {logging_mixin.py:190} INFO - [2025-03-25T15:15:10.484+0000] {dag.py:4180} INFO - Setting next_dagrun for read_dataset_event_from_classic to 2025-03-24 00:00:00+00:00, run_after=2025-03-25 00:00:00+00:00
[2025-03-25T15:15:10.516+0000] {processor.py:208} INFO - Processing /home/airflow/.local/lib/python3.12/site-packages/airflow/example_dags/example_inlet_event_extra.py took 3.821 seconds
[2025-03-25T15:20:22.782+0000] {processor.py:186} INFO - Started process (PID=106) to work on /home/airflow/.local/lib/python3.12/site-packages/airflow/example_dags/example_inlet_event_extra.py
[2025-03-25T15:20:22.784+0000] {processor.py:914} INFO - Processing file /home/airflow/.local/lib/python3.12/site-packages/airflow/example_dags/example_inlet_event_extra.py for tasks to queue
[2025-03-25T15:20:22.789+0000] {logging_mixin.py:190} INFO - [2025-03-25T15:20:22.788+0000] {dagbag.py:588} INFO - Filling up the DagBag from /home/airflow/.local/lib/python3.12/site-packages/airflow/example_dags/example_inlet_event_extra.py
[2025-03-25T15:20:25.010+0000] {processor.py:925} INFO - DAG(s) 'read_dataset_event_from_classic', 'read_dataset_event' retrieved from /home/airflow/.local/lib/python3.12/site-packages/airflow/example_dags/example_inlet_event_extra.py
[2025-03-25T15:20:25.595+0000] {logging_mixin.py:190} INFO - [2025-03-25T15:20:25.594+0000] {dag.py:3239} INFO - Sync 2 DAGs
[2025-03-25T15:20:25.625+0000] {logging_mixin.py:190} INFO - [2025-03-25T15:20:25.625+0000] {dag.py:4180} INFO - Setting next_dagrun for read_dataset_event to 2025-03-24 00:00:00+00:00, run_after=2025-03-25 00:00:00+00:00
[2025-03-25T15:20:25.634+0000] {logging_mixin.py:190} INFO - [2025-03-25T15:20:25.634+0000] {dag.py:4180} INFO - Setting next_dagrun for read_dataset_event_from_classic to 2025-03-24 00:00:00+00:00, run_after=2025-03-25 00:00:00+00:00
[2025-03-25T15:20:25.654+0000] {processor.py:208} INFO - Processing /home/airflow/.local/lib/python3.12/site-packages/airflow/example_dags/example_inlet_event_extra.py took 2.889 seconds
[2025-03-25T15:20:56.569+0000] {processor.py:186} INFO - Started process (PID=169) to work on /home/airflow/.local/lib/python3.12/site-packages/airflow/example_dags/example_inlet_event_extra.py
[2025-03-25T15:20:56.571+0000] {processor.py:914} INFO - Processing file /home/airflow/.local/lib/python3.12/site-packages/airflow/example_dags/example_inlet_event_extra.py for tasks to queue
[2025-03-25T15:20:56.574+0000] {logging_mixin.py:190} INFO - [2025-03-25T15:20:56.574+0000] {dagbag.py:588} INFO - Filling up the DagBag from /home/airflow/.local/lib/python3.12/site-packages/airflow/example_dags/example_inlet_event_extra.py
[2025-03-25T15:20:57.735+0000] {processor.py:925} INFO - DAG(s) 'read_dataset_event_from_classic', 'read_dataset_event' retrieved from /home/airflow/.local/lib/python3.12/site-packages/airflow/example_dags/example_inlet_event_extra.py
[2025-03-25T15:20:57.763+0000] {logging_mixin.py:190} INFO - [2025-03-25T15:20:57.763+0000] {dag.py:3239} INFO - Sync 2 DAGs
[2025-03-25T15:20:57.795+0000] {logging_mixin.py:190} INFO - [2025-03-25T15:20:57.795+0000] {dag.py:4180} INFO - Setting next_dagrun for read_dataset_event to 2025-03-24 00:00:00+00:00, run_after=2025-03-25 00:00:00+00:00
[2025-03-25T15:20:57.804+0000] {logging_mixin.py:190} INFO - [2025-03-25T15:20:57.804+0000] {dag.py:4180} INFO - Setting next_dagrun for read_dataset_event_from_classic to 2025-03-24 00:00:00+00:00, run_after=2025-03-25 00:00:00+00:00
[2025-03-25T15:20:57.826+0000] {processor.py:208} INFO - Processing /home/airflow/.local/lib/python3.12/site-packages/airflow/example_dags/example_inlet_event_extra.py took 1.265 seconds
[2025-03-25T15:21:27.893+0000] {processor.py:186} INFO - Started process (PID=237) to work on /home/airflow/.local/lib/python3.12/site-packages/airflow/example_dags/example_inlet_event_extra.py
[2025-03-25T15:21:27.894+0000] {processor.py:914} INFO - Processing file /home/airflow/.local/lib/python3.12/site-packages/airflow/example_dags/example_inlet_event_extra.py for tasks to queue
[2025-03-25T15:21:27.897+0000] {logging_mixin.py:190} INFO - [2025-03-25T15:21:27.896+0000] {dagbag.py:588} INFO - Filling up the DagBag from /home/airflow/.local/lib/python3.12/site-packages/airflow/example_dags/example_inlet_event_extra.py
[2025-03-25T15:21:28.877+0000] {processor.py:925} INFO - DAG(s) 'read_dataset_event_from_classic', 'read_dataset_event' retrieved from /home/airflow/.local/lib/python3.12/site-packages/airflow/example_dags/example_inlet_event_extra.py
[2025-03-25T15:21:28.906+0000] {logging_mixin.py:190} INFO - [2025-03-25T15:21:28.905+0000] {dag.py:3239} INFO - Sync 2 DAGs
[2025-03-25T15:21:28.940+0000] {logging_mixin.py:190} INFO - [2025-03-25T15:21:28.939+0000] {dag.py:4180} INFO - Setting next_dagrun for read_dataset_event to 2025-03-24 00:00:00+00:00, run_after=2025-03-25 00:00:00+00:00
[2025-03-25T15:21:28.947+0000] {logging_mixin.py:190} INFO - [2025-03-25T15:21:28.947+0000] {dag.py:4180} INFO - Setting next_dagrun for read_dataset_event_from_classic to 2025-03-24 00:00:00+00:00, run_after=2025-03-25 00:00:00+00:00
[2025-03-25T15:21:28.966+0000] {processor.py:208} INFO - Processing /home/airflow/.local/lib/python3.12/site-packages/airflow/example_dags/example_inlet_event_extra.py took 1.080 seconds
[2025-03-25T15:21:59.089+0000] {processor.py:186} INFO - Started process (PID=300) to work on /home/airflow/.local/lib/python3.12/site-packages/airflow/example_dags/example_inlet_event_extra.py
[2025-03-25T15:21:59.090+0000] {processor.py:914} INFO - Processing file /home/airflow/.local/lib/python3.12/site-packages/airflow/example_dags/example_inlet_event_extra.py for tasks to queue
[2025-03-25T15:21:59.093+0000] {logging_mixin.py:190} INFO - [2025-03-25T15:21:59.092+0000] {dagbag.py:588} INFO - Filling up the DagBag from /home/airflow/.local/lib/python3.12/site-packages/airflow/example_dags/example_inlet_event_extra.py
[2025-03-25T15:22:00.130+0000] {processor.py:925} INFO - DAG(s) 'read_dataset_event_from_classic', 'read_dataset_event' retrieved from /home/airflow/.local/lib/python3.12/site-packages/airflow/example_dags/example_inlet_event_extra.py
[2025-03-25T15:22:00.160+0000] {logging_mixin.py:190} INFO - [2025-03-25T15:22:00.160+0000] {dag.py:3239} INFO - Sync 2 DAGs
[2025-03-25T15:22:00.190+0000] {logging_mixin.py:190} INFO - [2025-03-25T15:22:00.190+0000] {dag.py:4180} INFO - Setting next_dagrun for read_dataset_event to 2025-03-24 00:00:00+00:00, run_after=2025-03-25 00:00:00+00:00
[2025-03-25T15:22:00.196+0000] {logging_mixin.py:190} INFO - [2025-03-25T15:22:00.196+0000] {dag.py:4180} INFO - Setting next_dagrun for read_dataset_event_from_classic to 2025-03-24 00:00:00+00:00, run_after=2025-03-25 00:00:00+00:00
[2025-03-25T15:22:00.215+0000] {processor.py:208} INFO - Processing /home/airflow/.local/lib/python3.12/site-packages/airflow/example_dags/example_inlet_event_extra.py took 1.137 seconds
