[2025-03-25T15:09:08.911+0000] {processor.py:186} INFO - Started process (PID=95) to work on /home/airflow/.local/lib/python3.12/site-packages/airflow/example_dags/example_task_group.py
[2025-03-25T15:09:08.912+0000] {processor.py:914} INFO - Processing file /home/airflow/.local/lib/python3.12/site-packages/airflow/example_dags/example_task_group.py for tasks to queue
[2025-03-25T15:09:08.917+0000] {logging_mixin.py:190} INFO - [2025-03-25T15:09:08.916+0000] {dagbag.py:588} INFO - Filling up the DagBag from /home/airflow/.local/lib/python3.12/site-packages/airflow/example_dags/example_task_group.py
[2025-03-25T15:09:08.937+0000] {processor.py:925} INFO - DAG(s) 'example_task_group' retrieved from /home/airflow/.local/lib/python3.12/site-packages/airflow/example_dags/example_task_group.py
[2025-03-25T15:09:09.262+0000] {logging_mixin.py:190} INFO - [2025-03-25T15:09:09.261+0000] {override.py:1912} INFO - Created Permission View: can read on DAG:example_task_group
[2025-03-25T15:09:09.288+0000] {logging_mixin.py:190} INFO - [2025-03-25T15:09:09.288+0000] {override.py:1912} INFO - Created Permission View: can delete on DAG:example_task_group
[2025-03-25T15:09:09.306+0000] {logging_mixin.py:190} INFO - [2025-03-25T15:09:09.306+0000] {override.py:1912} INFO - Created Permission View: can edit on DAG:example_task_group
[2025-03-25T15:09:09.325+0000] {logging_mixin.py:190} INFO - [2025-03-25T15:09:09.325+0000] {override.py:1912} INFO - Created Permission View: can create on DAG Run:example_task_group
[2025-03-25T15:09:09.342+0000] {logging_mixin.py:190} INFO - [2025-03-25T15:09:09.341+0000] {override.py:1912} INFO - Created Permission View: can read on DAG Run:example_task_group
[2025-03-25T15:09:09.365+0000] {logging_mixin.py:190} INFO - [2025-03-25T15:09:09.363+0000] {override.py:1912} INFO - Created Permission View: can delete on DAG Run:example_task_group
[2025-03-25T15:09:09.377+0000] {logging_mixin.py:190} INFO - [2025-03-25T15:09:09.377+0000] {override.py:1912} INFO - Created Permission View: menu access on DAG Run:example_task_group
[2025-03-25T15:09:09.379+0000] {logging_mixin.py:190} INFO - [2025-03-25T15:09:09.378+0000] {dag.py:3239} INFO - Sync 1 DAGs
[2025-03-25T15:09:09.406+0000] {logging_mixin.py:190} INFO - [2025-03-25T15:09:09.406+0000] {dag.py:3262} INFO - Creating ORM DAG for example_task_group
[2025-03-25T15:09:09.407+0000] {logging_mixin.py:190} INFO - [2025-03-25T15:09:09.407+0000] {dag.py:4180} INFO - Setting next_dagrun for example_task_group to None, run_after=None
[2025-03-25T15:09:09.430+0000] {processor.py:208} INFO - Processing /home/airflow/.local/lib/python3.12/site-packages/airflow/example_dags/example_task_group.py took 0.531 seconds
[2025-03-25T15:09:39.625+0000] {processor.py:186} INFO - Started process (PID=158) to work on /home/airflow/.local/lib/python3.12/site-packages/airflow/example_dags/example_task_group.py
[2025-03-25T15:09:39.627+0000] {processor.py:914} INFO - Processing file /home/airflow/.local/lib/python3.12/site-packages/airflow/example_dags/example_task_group.py for tasks to queue
[2025-03-25T15:09:39.629+0000] {logging_mixin.py:190} INFO - [2025-03-25T15:09:39.628+0000] {dagbag.py:588} INFO - Filling up the DagBag from /home/airflow/.local/lib/python3.12/site-packages/airflow/example_dags/example_task_group.py
[2025-03-25T15:09:39.639+0000] {processor.py:925} INFO - DAG(s) 'example_task_group' retrieved from /home/airflow/.local/lib/python3.12/site-packages/airflow/example_dags/example_task_group.py
[2025-03-25T15:09:39.662+0000] {logging_mixin.py:190} INFO - [2025-03-25T15:09:39.662+0000] {dag.py:3239} INFO - Sync 1 DAGs
[2025-03-25T15:09:39.678+0000] {logging_mixin.py:190} INFO - [2025-03-25T15:09:39.678+0000] {dag.py:4180} INFO - Setting next_dagrun for example_task_group to None, run_after=None
[2025-03-25T15:09:39.699+0000] {processor.py:208} INFO - Processing /home/airflow/.local/lib/python3.12/site-packages/airflow/example_dags/example_task_group.py took 0.083 seconds
[2025-03-25T15:10:10.333+0000] {processor.py:186} INFO - Started process (PID=221) to work on /home/airflow/.local/lib/python3.12/site-packages/airflow/example_dags/example_task_group.py
[2025-03-25T15:10:10.334+0000] {processor.py:914} INFO - Processing file /home/airflow/.local/lib/python3.12/site-packages/airflow/example_dags/example_task_group.py for tasks to queue
[2025-03-25T15:10:10.336+0000] {logging_mixin.py:190} INFO - [2025-03-25T15:10:10.336+0000] {dagbag.py:588} INFO - Filling up the DagBag from /home/airflow/.local/lib/python3.12/site-packages/airflow/example_dags/example_task_group.py
[2025-03-25T15:10:10.345+0000] {processor.py:925} INFO - DAG(s) 'example_task_group' retrieved from /home/airflow/.local/lib/python3.12/site-packages/airflow/example_dags/example_task_group.py
[2025-03-25T15:10:10.367+0000] {logging_mixin.py:190} INFO - [2025-03-25T15:10:10.367+0000] {dag.py:3239} INFO - Sync 1 DAGs
[2025-03-25T15:10:10.382+0000] {logging_mixin.py:190} INFO - [2025-03-25T15:10:10.382+0000] {dag.py:4180} INFO - Setting next_dagrun for example_task_group to None, run_after=None
[2025-03-25T15:10:10.401+0000] {processor.py:208} INFO - Processing /home/airflow/.local/lib/python3.12/site-packages/airflow/example_dags/example_task_group.py took 0.075 seconds
[2025-03-25T15:10:41.367+0000] {processor.py:186} INFO - Started process (PID=284) to work on /home/airflow/.local/lib/python3.12/site-packages/airflow/example_dags/example_task_group.py
[2025-03-25T15:10:41.369+0000] {processor.py:914} INFO - Processing file /home/airflow/.local/lib/python3.12/site-packages/airflow/example_dags/example_task_group.py for tasks to queue
[2025-03-25T15:10:41.371+0000] {logging_mixin.py:190} INFO - [2025-03-25T15:10:41.371+0000] {dagbag.py:588} INFO - Filling up the DagBag from /home/airflow/.local/lib/python3.12/site-packages/airflow/example_dags/example_task_group.py
[2025-03-25T15:10:41.381+0000] {processor.py:925} INFO - DAG(s) 'example_task_group' retrieved from /home/airflow/.local/lib/python3.12/site-packages/airflow/example_dags/example_task_group.py
[2025-03-25T15:10:41.406+0000] {logging_mixin.py:190} INFO - [2025-03-25T15:10:41.406+0000] {dag.py:3239} INFO - Sync 1 DAGs
[2025-03-25T15:10:41.422+0000] {logging_mixin.py:190} INFO - [2025-03-25T15:10:41.422+0000] {dag.py:4180} INFO - Setting next_dagrun for example_task_group to None, run_after=None
[2025-03-25T15:10:41.442+0000] {processor.py:208} INFO - Processing /home/airflow/.local/lib/python3.12/site-packages/airflow/example_dags/example_task_group.py took 0.084 seconds
[2025-03-25T15:11:12.034+0000] {processor.py:186} INFO - Started process (PID=347) to work on /home/airflow/.local/lib/python3.12/site-packages/airflow/example_dags/example_task_group.py
[2025-03-25T15:11:12.035+0000] {processor.py:914} INFO - Processing file /home/airflow/.local/lib/python3.12/site-packages/airflow/example_dags/example_task_group.py for tasks to queue
[2025-03-25T15:11:12.037+0000] {logging_mixin.py:190} INFO - [2025-03-25T15:11:12.037+0000] {dagbag.py:588} INFO - Filling up the DagBag from /home/airflow/.local/lib/python3.12/site-packages/airflow/example_dags/example_task_group.py
[2025-03-25T15:11:12.046+0000] {processor.py:925} INFO - DAG(s) 'example_task_group' retrieved from /home/airflow/.local/lib/python3.12/site-packages/airflow/example_dags/example_task_group.py
[2025-03-25T15:11:12.068+0000] {logging_mixin.py:190} INFO - [2025-03-25T15:11:12.068+0000] {dag.py:3239} INFO - Sync 1 DAGs
[2025-03-25T15:11:12.083+0000] {logging_mixin.py:190} INFO - [2025-03-25T15:11:12.083+0000] {dag.py:4180} INFO - Setting next_dagrun for example_task_group to None, run_after=None
[2025-03-25T15:11:12.103+0000] {processor.py:208} INFO - Processing /home/airflow/.local/lib/python3.12/site-packages/airflow/example_dags/example_task_group.py took 0.076 seconds
[2025-03-25T15:11:42.253+0000] {processor.py:186} INFO - Started process (PID=416) to work on /home/airflow/.local/lib/python3.12/site-packages/airflow/example_dags/example_task_group.py
[2025-03-25T15:11:42.254+0000] {processor.py:914} INFO - Processing file /home/airflow/.local/lib/python3.12/site-packages/airflow/example_dags/example_task_group.py for tasks to queue
[2025-03-25T15:11:42.256+0000] {logging_mixin.py:190} INFO - [2025-03-25T15:11:42.256+0000] {dagbag.py:588} INFO - Filling up the DagBag from /home/airflow/.local/lib/python3.12/site-packages/airflow/example_dags/example_task_group.py
[2025-03-25T15:11:42.266+0000] {processor.py:925} INFO - DAG(s) 'example_task_group' retrieved from /home/airflow/.local/lib/python3.12/site-packages/airflow/example_dags/example_task_group.py
[2025-03-25T15:11:42.291+0000] {logging_mixin.py:190} INFO - [2025-03-25T15:11:42.291+0000] {dag.py:3239} INFO - Sync 1 DAGs
[2025-03-25T15:11:42.307+0000] {logging_mixin.py:190} INFO - [2025-03-25T15:11:42.307+0000] {dag.py:4180} INFO - Setting next_dagrun for example_task_group to None, run_after=None
[2025-03-25T15:11:42.327+0000] {processor.py:208} INFO - Processing /home/airflow/.local/lib/python3.12/site-packages/airflow/example_dags/example_task_group.py took 0.081 seconds
[2025-03-25T15:12:13.265+0000] {processor.py:186} INFO - Started process (PID=486) to work on /home/airflow/.local/lib/python3.12/site-packages/airflow/example_dags/example_task_group.py
[2025-03-25T15:12:13.266+0000] {processor.py:914} INFO - Processing file /home/airflow/.local/lib/python3.12/site-packages/airflow/example_dags/example_task_group.py for tasks to queue
[2025-03-25T15:12:13.268+0000] {logging_mixin.py:190} INFO - [2025-03-25T15:12:13.268+0000] {dagbag.py:588} INFO - Filling up the DagBag from /home/airflow/.local/lib/python3.12/site-packages/airflow/example_dags/example_task_group.py
[2025-03-25T15:12:13.281+0000] {processor.py:925} INFO - DAG(s) 'example_task_group' retrieved from /home/airflow/.local/lib/python3.12/site-packages/airflow/example_dags/example_task_group.py
[2025-03-25T15:12:13.307+0000] {logging_mixin.py:190} INFO - [2025-03-25T15:12:13.306+0000] {dag.py:3239} INFO - Sync 1 DAGs
[2025-03-25T15:12:13.326+0000] {logging_mixin.py:190} INFO - [2025-03-25T15:12:13.326+0000] {dag.py:4180} INFO - Setting next_dagrun for example_task_group to None, run_after=None
[2025-03-25T15:12:13.350+0000] {processor.py:208} INFO - Processing /home/airflow/.local/lib/python3.12/site-packages/airflow/example_dags/example_task_group.py took 0.092 seconds
[2025-03-25T15:12:43.546+0000] {processor.py:186} INFO - Started process (PID=550) to work on /home/airflow/.local/lib/python3.12/site-packages/airflow/example_dags/example_task_group.py
[2025-03-25T15:12:43.548+0000] {processor.py:914} INFO - Processing file /home/airflow/.local/lib/python3.12/site-packages/airflow/example_dags/example_task_group.py for tasks to queue
[2025-03-25T15:12:43.550+0000] {logging_mixin.py:190} INFO - [2025-03-25T15:12:43.549+0000] {dagbag.py:588} INFO - Filling up the DagBag from /home/airflow/.local/lib/python3.12/site-packages/airflow/example_dags/example_task_group.py
[2025-03-25T15:12:43.560+0000] {processor.py:925} INFO - DAG(s) 'example_task_group' retrieved from /home/airflow/.local/lib/python3.12/site-packages/airflow/example_dags/example_task_group.py
[2025-03-25T15:12:43.584+0000] {logging_mixin.py:190} INFO - [2025-03-25T15:12:43.584+0000] {dag.py:3239} INFO - Sync 1 DAGs
[2025-03-25T15:12:43.600+0000] {logging_mixin.py:190} INFO - [2025-03-25T15:12:43.600+0000] {dag.py:4180} INFO - Setting next_dagrun for example_task_group to None, run_after=None
[2025-03-25T15:12:43.622+0000] {processor.py:208} INFO - Processing /home/airflow/.local/lib/python3.12/site-packages/airflow/example_dags/example_task_group.py took 0.083 seconds
[2025-03-25T15:13:14.032+0000] {processor.py:186} INFO - Started process (PID=612) to work on /home/airflow/.local/lib/python3.12/site-packages/airflow/example_dags/example_task_group.py
[2025-03-25T15:13:14.033+0000] {processor.py:914} INFO - Processing file /home/airflow/.local/lib/python3.12/site-packages/airflow/example_dags/example_task_group.py for tasks to queue
[2025-03-25T15:13:14.036+0000] {logging_mixin.py:190} INFO - [2025-03-25T15:13:14.035+0000] {dagbag.py:588} INFO - Filling up the DagBag from /home/airflow/.local/lib/python3.12/site-packages/airflow/example_dags/example_task_group.py
[2025-03-25T15:13:14.047+0000] {processor.py:925} INFO - DAG(s) 'example_task_group' retrieved from /home/airflow/.local/lib/python3.12/site-packages/airflow/example_dags/example_task_group.py
[2025-03-25T15:13:14.075+0000] {logging_mixin.py:190} INFO - [2025-03-25T15:13:14.075+0000] {dag.py:3239} INFO - Sync 1 DAGs
[2025-03-25T15:13:14.094+0000] {logging_mixin.py:190} INFO - [2025-03-25T15:13:14.094+0000] {dag.py:4180} INFO - Setting next_dagrun for example_task_group to None, run_after=None
[2025-03-25T15:13:14.117+0000] {processor.py:208} INFO - Processing /home/airflow/.local/lib/python3.12/site-packages/airflow/example_dags/example_task_group.py took 0.092 seconds
[2025-03-25T15:13:44.512+0000] {processor.py:186} INFO - Started process (PID=675) to work on /home/airflow/.local/lib/python3.12/site-packages/airflow/example_dags/example_task_group.py
[2025-03-25T15:13:44.513+0000] {processor.py:914} INFO - Processing file /home/airflow/.local/lib/python3.12/site-packages/airflow/example_dags/example_task_group.py for tasks to queue
[2025-03-25T15:13:44.515+0000] {logging_mixin.py:190} INFO - [2025-03-25T15:13:44.515+0000] {dagbag.py:588} INFO - Filling up the DagBag from /home/airflow/.local/lib/python3.12/site-packages/airflow/example_dags/example_task_group.py
[2025-03-25T15:13:44.524+0000] {processor.py:925} INFO - DAG(s) 'example_task_group' retrieved from /home/airflow/.local/lib/python3.12/site-packages/airflow/example_dags/example_task_group.py
[2025-03-25T15:13:44.548+0000] {logging_mixin.py:190} INFO - [2025-03-25T15:13:44.547+0000] {dag.py:3239} INFO - Sync 1 DAGs
[2025-03-25T15:13:44.562+0000] {logging_mixin.py:190} INFO - [2025-03-25T15:13:44.562+0000] {dag.py:4180} INFO - Setting next_dagrun for example_task_group to None, run_after=None
[2025-03-25T15:13:44.580+0000] {processor.py:208} INFO - Processing /home/airflow/.local/lib/python3.12/site-packages/airflow/example_dags/example_task_group.py took 0.074 seconds
[2025-03-25T15:15:04.079+0000] {processor.py:186} INFO - Started process (PID=89) to work on /home/airflow/.local/lib/python3.12/site-packages/airflow/example_dags/example_task_group.py
[2025-03-25T15:15:04.085+0000] {processor.py:914} INFO - Processing file /home/airflow/.local/lib/python3.12/site-packages/airflow/example_dags/example_task_group.py for tasks to queue
[2025-03-25T15:15:04.093+0000] {logging_mixin.py:190} INFO - [2025-03-25T15:15:04.091+0000] {dagbag.py:588} INFO - Filling up the DagBag from /home/airflow/.local/lib/python3.12/site-packages/airflow/example_dags/example_task_group.py
[2025-03-25T15:15:04.133+0000] {processor.py:925} INFO - DAG(s) 'example_task_group' retrieved from /home/airflow/.local/lib/python3.12/site-packages/airflow/example_dags/example_task_group.py
[2025-03-25T15:15:04.229+0000] {logging_mixin.py:190} INFO - [2025-03-25T15:15:04.229+0000] {dag.py:3239} INFO - Sync 1 DAGs
[2025-03-25T15:15:04.285+0000] {logging_mixin.py:190} INFO - [2025-03-25T15:15:04.285+0000] {dag.py:4180} INFO - Setting next_dagrun for example_task_group to None, run_after=None
[2025-03-25T15:15:04.334+0000] {processor.py:208} INFO - Processing /home/airflow/.local/lib/python3.12/site-packages/airflow/example_dags/example_task_group.py took 0.274 seconds
[2025-03-25T15:15:34.703+0000] {processor.py:186} INFO - Started process (PID=152) to work on /home/airflow/.local/lib/python3.12/site-packages/airflow/example_dags/example_task_group.py
[2025-03-25T15:15:34.704+0000] {processor.py:914} INFO - Processing file /home/airflow/.local/lib/python3.12/site-packages/airflow/example_dags/example_task_group.py for tasks to queue
[2025-03-25T15:15:34.707+0000] {logging_mixin.py:190} INFO - [2025-03-25T15:15:34.707+0000] {dagbag.py:588} INFO - Filling up the DagBag from /home/airflow/.local/lib/python3.12/site-packages/airflow/example_dags/example_task_group.py
[2025-03-25T15:15:34.719+0000] {processor.py:925} INFO - DAG(s) 'example_task_group' retrieved from /home/airflow/.local/lib/python3.12/site-packages/airflow/example_dags/example_task_group.py
[2025-03-25T15:15:34.752+0000] {logging_mixin.py:190} INFO - [2025-03-25T15:15:34.751+0000] {dag.py:3239} INFO - Sync 1 DAGs
[2025-03-25T15:15:34.781+0000] {logging_mixin.py:190} INFO - [2025-03-25T15:15:34.780+0000] {dag.py:4180} INFO - Setting next_dagrun for example_task_group to None, run_after=None
[2025-03-25T15:15:34.814+0000] {processor.py:208} INFO - Processing /home/airflow/.local/lib/python3.12/site-packages/airflow/example_dags/example_task_group.py took 0.119 seconds
[2025-03-25T15:20:21.567+0000] {processor.py:186} INFO - Started process (PID=96) to work on /home/airflow/.local/lib/python3.12/site-packages/airflow/example_dags/example_task_group.py
[2025-03-25T15:20:21.569+0000] {processor.py:914} INFO - Processing file /home/airflow/.local/lib/python3.12/site-packages/airflow/example_dags/example_task_group.py for tasks to queue
[2025-03-25T15:20:21.579+0000] {logging_mixin.py:190} INFO - [2025-03-25T15:20:21.578+0000] {dagbag.py:588} INFO - Filling up the DagBag from /home/airflow/.local/lib/python3.12/site-packages/airflow/example_dags/example_task_group.py
[2025-03-25T15:20:21.617+0000] {processor.py:925} INFO - DAG(s) 'example_task_group' retrieved from /home/airflow/.local/lib/python3.12/site-packages/airflow/example_dags/example_task_group.py
[2025-03-25T15:20:21.708+0000] {logging_mixin.py:190} INFO - [2025-03-25T15:20:21.708+0000] {dag.py:3239} INFO - Sync 1 DAGs
[2025-03-25T15:20:21.766+0000] {logging_mixin.py:190} INFO - [2025-03-25T15:20:21.766+0000] {dag.py:4180} INFO - Setting next_dagrun for example_task_group to None, run_after=None
[2025-03-25T15:20:21.808+0000] {processor.py:208} INFO - Processing /home/airflow/.local/lib/python3.12/site-packages/airflow/example_dags/example_task_group.py took 0.282 seconds
[2025-03-25T15:20:52.665+0000] {processor.py:186} INFO - Started process (PID=159) to work on /home/airflow/.local/lib/python3.12/site-packages/airflow/example_dags/example_task_group.py
[2025-03-25T15:20:52.668+0000] {processor.py:914} INFO - Processing file /home/airflow/.local/lib/python3.12/site-packages/airflow/example_dags/example_task_group.py for tasks to queue
[2025-03-25T15:20:52.672+0000] {logging_mixin.py:190} INFO - [2025-03-25T15:20:52.672+0000] {dagbag.py:588} INFO - Filling up the DagBag from /home/airflow/.local/lib/python3.12/site-packages/airflow/example_dags/example_task_group.py
[2025-03-25T15:20:52.698+0000] {processor.py:925} INFO - DAG(s) 'example_task_group' retrieved from /home/airflow/.local/lib/python3.12/site-packages/airflow/example_dags/example_task_group.py
[2025-03-25T15:20:52.732+0000] {logging_mixin.py:190} INFO - [2025-03-25T15:20:52.732+0000] {dag.py:3239} INFO - Sync 1 DAGs
[2025-03-25T15:20:52.807+0000] {logging_mixin.py:190} INFO - [2025-03-25T15:20:52.807+0000] {dag.py:4180} INFO - Setting next_dagrun for example_task_group to None, run_after=None
[2025-03-25T15:20:52.833+0000] {processor.py:208} INFO - Processing /home/airflow/.local/lib/python3.12/site-packages/airflow/example_dags/example_task_group.py took 0.180 seconds
[2025-03-25T15:21:22.916+0000] {processor.py:186} INFO - Started process (PID=222) to work on /home/airflow/.local/lib/python3.12/site-packages/airflow/example_dags/example_task_group.py
[2025-03-25T15:21:22.917+0000] {processor.py:914} INFO - Processing file /home/airflow/.local/lib/python3.12/site-packages/airflow/example_dags/example_task_group.py for tasks to queue
[2025-03-25T15:21:22.920+0000] {logging_mixin.py:190} INFO - [2025-03-25T15:21:22.919+0000] {dagbag.py:588} INFO - Filling up the DagBag from /home/airflow/.local/lib/python3.12/site-packages/airflow/example_dags/example_task_group.py
[2025-03-25T15:21:22.932+0000] {processor.py:925} INFO - DAG(s) 'example_task_group' retrieved from /home/airflow/.local/lib/python3.12/site-packages/airflow/example_dags/example_task_group.py
[2025-03-25T15:21:22.969+0000] {logging_mixin.py:190} INFO - [2025-03-25T15:21:22.968+0000] {dag.py:3239} INFO - Sync 1 DAGs
[2025-03-25T15:21:22.998+0000] {logging_mixin.py:190} INFO - [2025-03-25T15:21:22.997+0000] {dag.py:4180} INFO - Setting next_dagrun for example_task_group to None, run_after=None
[2025-03-25T15:21:23.026+0000] {processor.py:208} INFO - Processing /home/airflow/.local/lib/python3.12/site-packages/airflow/example_dags/example_task_group.py took 0.118 seconds
[2025-03-25T15:21:53.430+0000] {processor.py:186} INFO - Started process (PID=285) to work on /home/airflow/.local/lib/python3.12/site-packages/airflow/example_dags/example_task_group.py
[2025-03-25T15:21:53.431+0000] {processor.py:914} INFO - Processing file /home/airflow/.local/lib/python3.12/site-packages/airflow/example_dags/example_task_group.py for tasks to queue
[2025-03-25T15:21:53.433+0000] {logging_mixin.py:190} INFO - [2025-03-25T15:21:53.433+0000] {dagbag.py:588} INFO - Filling up the DagBag from /home/airflow/.local/lib/python3.12/site-packages/airflow/example_dags/example_task_group.py
[2025-03-25T15:21:53.443+0000] {processor.py:925} INFO - DAG(s) 'example_task_group' retrieved from /home/airflow/.local/lib/python3.12/site-packages/airflow/example_dags/example_task_group.py
[2025-03-25T15:21:53.470+0000] {logging_mixin.py:190} INFO - [2025-03-25T15:21:53.470+0000] {dag.py:3239} INFO - Sync 1 DAGs
[2025-03-25T15:21:53.485+0000] {logging_mixin.py:190} INFO - [2025-03-25T15:21:53.485+0000] {dag.py:4180} INFO - Setting next_dagrun for example_task_group to None, run_after=None
[2025-03-25T15:21:53.506+0000] {processor.py:208} INFO - Processing /home/airflow/.local/lib/python3.12/site-packages/airflow/example_dags/example_task_group.py took 0.082 seconds
