[2025-03-25T15:09:05.196+0000] {processor.py:186} INFO - Started process (PID=86) to work on /home/airflow/.local/lib/python3.12/site-packages/airflow/example_dags/example_branch_datetime_operator.py
[2025-03-25T15:09:05.208+0000] {processor.py:914} INFO - Processing file /home/airflow/.local/lib/python3.12/site-packages/airflow/example_dags/example_branch_datetime_operator.py for tasks to queue
[2025-03-25T15:09:05.241+0000] {logging_mixin.py:190} INFO - [2025-03-25T15:09:05.240+0000] {dagbag.py:588} INFO - Filling up the DagBag from /home/airflow/.local/lib/python3.12/site-packages/airflow/example_dags/example_branch_datetime_operator.py
[2025-03-25T15:09:05.329+0000] {processor.py:925} INFO - DAG(s) 'example_branch_datetime_operator_2', 'example_branch_datetime_operator', 'example_branch_datetime_operator_3' retrieved from /home/airflow/.local/lib/python3.12/site-packages/airflow/example_dags/example_branch_datetime_operator.py
[2025-03-25T15:09:06.083+0000] {logging_mixin.py:190} INFO - [2025-03-25T15:09:06.082+0000] {override.py:1912} INFO - Created Permission View: can read on DAG:example_branch_datetime_operator_2
[2025-03-25T15:09:06.531+0000] {logging_mixin.py:190} INFO - [2025-03-25T15:09:06.530+0000] {override.py:1912} INFO - Created Permission View: can delete on DAG:example_branch_datetime_operator_2
[2025-03-25T15:09:06.545+0000] {logging_mixin.py:190} INFO - [2025-03-25T15:09:06.545+0000] {override.py:1912} INFO - Created Permission View: can edit on DAG:example_branch_datetime_operator_2
[2025-03-25T15:09:06.557+0000] {logging_mixin.py:190} INFO - [2025-03-25T15:09:06.556+0000] {override.py:1912} INFO - Created Permission View: can create on DAG Run:example_branch_datetime_operator_2
[2025-03-25T15:09:06.565+0000] {logging_mixin.py:190} INFO - [2025-03-25T15:09:06.565+0000] {override.py:1912} INFO - Created Permission View: can read on DAG Run:example_branch_datetime_operator_2
[2025-03-25T15:09:06.574+0000] {logging_mixin.py:190} INFO - [2025-03-25T15:09:06.574+0000] {override.py:1912} INFO - Created Permission View: can delete on DAG Run:example_branch_datetime_operator_2
[2025-03-25T15:09:06.583+0000] {logging_mixin.py:190} INFO - [2025-03-25T15:09:06.582+0000] {override.py:1912} INFO - Created Permission View: menu access on DAG Run:example_branch_datetime_operator_2
[2025-03-25T15:09:06.604+0000] {logging_mixin.py:190} INFO - [2025-03-25T15:09:06.603+0000] {override.py:1912} INFO - Created Permission View: can read on DAG:example_branch_datetime_operator
[2025-03-25T15:09:06.612+0000] {logging_mixin.py:190} INFO - [2025-03-25T15:09:06.612+0000] {override.py:1912} INFO - Created Permission View: can delete on DAG:example_branch_datetime_operator
[2025-03-25T15:09:06.621+0000] {logging_mixin.py:190} INFO - [2025-03-25T15:09:06.621+0000] {override.py:1912} INFO - Created Permission View: can edit on DAG:example_branch_datetime_operator
[2025-03-25T15:09:06.631+0000] {logging_mixin.py:190} INFO - [2025-03-25T15:09:06.630+0000] {override.py:1912} INFO - Created Permission View: can create on DAG Run:example_branch_datetime_operator
[2025-03-25T15:09:06.639+0000] {logging_mixin.py:190} INFO - [2025-03-25T15:09:06.638+0000] {override.py:1912} INFO - Created Permission View: can read on DAG Run:example_branch_datetime_operator
[2025-03-25T15:09:06.647+0000] {logging_mixin.py:190} INFO - [2025-03-25T15:09:06.646+0000] {override.py:1912} INFO - Created Permission View: can delete on DAG Run:example_branch_datetime_operator
[2025-03-25T15:09:06.654+0000] {logging_mixin.py:190} INFO - [2025-03-25T15:09:06.654+0000] {override.py:1912} INFO - Created Permission View: menu access on DAG Run:example_branch_datetime_operator
[2025-03-25T15:09:06.672+0000] {logging_mixin.py:190} INFO - [2025-03-25T15:09:06.672+0000] {override.py:1912} INFO - Created Permission View: can read on DAG:example_branch_datetime_operator_3
[2025-03-25T15:09:06.681+0000] {logging_mixin.py:190} INFO - [2025-03-25T15:09:06.680+0000] {override.py:1912} INFO - Created Permission View: can delete on DAG:example_branch_datetime_operator_3
[2025-03-25T15:09:06.690+0000] {logging_mixin.py:190} INFO - [2025-03-25T15:09:06.690+0000] {override.py:1912} INFO - Created Permission View: can edit on DAG:example_branch_datetime_operator_3
[2025-03-25T15:09:06.701+0000] {logging_mixin.py:190} INFO - [2025-03-25T15:09:06.701+0000] {override.py:1912} INFO - Created Permission View: can create on DAG Run:example_branch_datetime_operator_3
[2025-03-25T15:09:06.709+0000] {logging_mixin.py:190} INFO - [2025-03-25T15:09:06.709+0000] {override.py:1912} INFO - Created Permission View: can read on DAG Run:example_branch_datetime_operator_3
[2025-03-25T15:09:06.717+0000] {logging_mixin.py:190} INFO - [2025-03-25T15:09:06.717+0000] {override.py:1912} INFO - Created Permission View: can delete on DAG Run:example_branch_datetime_operator_3
[2025-03-25T15:09:06.726+0000] {logging_mixin.py:190} INFO - [2025-03-25T15:09:06.726+0000] {override.py:1912} INFO - Created Permission View: menu access on DAG Run:example_branch_datetime_operator_3
[2025-03-25T15:09:06.727+0000] {logging_mixin.py:190} INFO - [2025-03-25T15:09:06.727+0000] {dag.py:3239} INFO - Sync 3 DAGs
[2025-03-25T15:09:06.762+0000] {logging_mixin.py:190} INFO - [2025-03-25T15:09:06.762+0000] {dag.py:3262} INFO - Creating ORM DAG for example_branch_datetime_operator
[2025-03-25T15:09:06.763+0000] {logging_mixin.py:190} INFO - [2025-03-25T15:09:06.763+0000] {dag.py:3262} INFO - Creating ORM DAG for example_branch_datetime_operator_2
[2025-03-25T15:09:06.763+0000] {logging_mixin.py:190} INFO - [2025-03-25T15:09:06.763+0000] {dag.py:3262} INFO - Creating ORM DAG for example_branch_datetime_operator_3
[2025-03-25T15:09:06.795+0000] {logging_mixin.py:190} INFO - [2025-03-25T15:09:06.795+0000] {dag.py:4180} INFO - Setting next_dagrun for example_branch_datetime_operator to 2025-03-24 00:00:00+00:00, run_after=2025-03-25 00:00:00+00:00
[2025-03-25T15:09:06.798+0000] {logging_mixin.py:190} INFO - [2025-03-25T15:09:06.798+0000] {dag.py:4180} INFO - Setting next_dagrun for example_branch_datetime_operator_2 to 2025-03-24 00:00:00+00:00, run_after=2025-03-25 00:00:00+00:00
[2025-03-25T15:09:06.800+0000] {logging_mixin.py:190} INFO - [2025-03-25T15:09:06.800+0000] {dag.py:4180} INFO - Setting next_dagrun for example_branch_datetime_operator_3 to 2025-03-24 00:00:00+00:00, run_after=2025-03-25 00:00:00+00:00
[2025-03-25T15:09:06.831+0000] {processor.py:208} INFO - Processing /home/airflow/.local/lib/python3.12/site-packages/airflow/example_dags/example_branch_datetime_operator.py took 1.665 seconds
[2025-03-25T15:09:37.144+0000] {processor.py:186} INFO - Started process (PID=149) to work on /home/airflow/.local/lib/python3.12/site-packages/airflow/example_dags/example_branch_datetime_operator.py
[2025-03-25T15:09:37.146+0000] {processor.py:914} INFO - Processing file /home/airflow/.local/lib/python3.12/site-packages/airflow/example_dags/example_branch_datetime_operator.py for tasks to queue
[2025-03-25T15:09:37.148+0000] {logging_mixin.py:190} INFO - [2025-03-25T15:09:37.147+0000] {dagbag.py:588} INFO - Filling up the DagBag from /home/airflow/.local/lib/python3.12/site-packages/airflow/example_dags/example_branch_datetime_operator.py
[2025-03-25T15:09:37.164+0000] {processor.py:925} INFO - DAG(s) 'example_branch_datetime_operator', 'example_branch_datetime_operator_3', 'example_branch_datetime_operator_2' retrieved from /home/airflow/.local/lib/python3.12/site-packages/airflow/example_dags/example_branch_datetime_operator.py
[2025-03-25T15:09:37.195+0000] {logging_mixin.py:190} INFO - [2025-03-25T15:09:37.194+0000] {dag.py:3239} INFO - Sync 3 DAGs
[2025-03-25T15:09:37.222+0000] {logging_mixin.py:190} INFO - [2025-03-25T15:09:37.222+0000] {dag.py:4180} INFO - Setting next_dagrun for example_branch_datetime_operator to 2025-03-24 00:00:00+00:00, run_after=2025-03-25 00:00:00+00:00
[2025-03-25T15:09:37.227+0000] {logging_mixin.py:190} INFO - [2025-03-25T15:09:37.227+0000] {dag.py:4180} INFO - Setting next_dagrun for example_branch_datetime_operator_2 to 2025-03-24 00:00:00+00:00, run_after=2025-03-25 00:00:00+00:00
[2025-03-25T15:09:37.230+0000] {logging_mixin.py:190} INFO - [2025-03-25T15:09:37.230+0000] {dag.py:4180} INFO - Setting next_dagrun for example_branch_datetime_operator_3 to 2025-03-24 00:00:00+00:00, run_after=2025-03-25 00:00:00+00:00
[2025-03-25T15:09:37.248+0000] {processor.py:208} INFO - Processing /home/airflow/.local/lib/python3.12/site-packages/airflow/example_dags/example_branch_datetime_operator.py took 0.110 seconds
[2025-03-25T15:10:07.604+0000] {processor.py:186} INFO - Started process (PID=212) to work on /home/airflow/.local/lib/python3.12/site-packages/airflow/example_dags/example_branch_datetime_operator.py
[2025-03-25T15:10:07.606+0000] {processor.py:914} INFO - Processing file /home/airflow/.local/lib/python3.12/site-packages/airflow/example_dags/example_branch_datetime_operator.py for tasks to queue
[2025-03-25T15:10:07.609+0000] {logging_mixin.py:190} INFO - [2025-03-25T15:10:07.608+0000] {dagbag.py:588} INFO - Filling up the DagBag from /home/airflow/.local/lib/python3.12/site-packages/airflow/example_dags/example_branch_datetime_operator.py
[2025-03-25T15:10:07.623+0000] {processor.py:925} INFO - DAG(s) 'example_branch_datetime_operator_3', 'example_branch_datetime_operator', 'example_branch_datetime_operator_2' retrieved from /home/airflow/.local/lib/python3.12/site-packages/airflow/example_dags/example_branch_datetime_operator.py
[2025-03-25T15:10:07.654+0000] {logging_mixin.py:190} INFO - [2025-03-25T15:10:07.654+0000] {dag.py:3239} INFO - Sync 3 DAGs
[2025-03-25T15:10:07.682+0000] {logging_mixin.py:190} INFO - [2025-03-25T15:10:07.682+0000] {dag.py:4180} INFO - Setting next_dagrun for example_branch_datetime_operator to 2025-03-24 00:00:00+00:00, run_after=2025-03-25 00:00:00+00:00
[2025-03-25T15:10:07.687+0000] {logging_mixin.py:190} INFO - [2025-03-25T15:10:07.687+0000] {dag.py:4180} INFO - Setting next_dagrun for example_branch_datetime_operator_2 to 2025-03-24 00:00:00+00:00, run_after=2025-03-25 00:00:00+00:00
[2025-03-25T15:10:07.690+0000] {logging_mixin.py:190} INFO - [2025-03-25T15:10:07.690+0000] {dag.py:4180} INFO - Setting next_dagrun for example_branch_datetime_operator_3 to 2025-03-24 00:00:00+00:00, run_after=2025-03-25 00:00:00+00:00
[2025-03-25T15:10:07.709+0000] {processor.py:208} INFO - Processing /home/airflow/.local/lib/python3.12/site-packages/airflow/example_dags/example_branch_datetime_operator.py took 0.111 seconds
[2025-03-25T15:10:37.769+0000] {processor.py:186} INFO - Started process (PID=275) to work on /home/airflow/.local/lib/python3.12/site-packages/airflow/example_dags/example_branch_datetime_operator.py
[2025-03-25T15:10:37.771+0000] {processor.py:914} INFO - Processing file /home/airflow/.local/lib/python3.12/site-packages/airflow/example_dags/example_branch_datetime_operator.py for tasks to queue
[2025-03-25T15:10:37.773+0000] {logging_mixin.py:190} INFO - [2025-03-25T15:10:37.773+0000] {dagbag.py:588} INFO - Filling up the DagBag from /home/airflow/.local/lib/python3.12/site-packages/airflow/example_dags/example_branch_datetime_operator.py
[2025-03-25T15:10:37.787+0000] {processor.py:925} INFO - DAG(s) 'example_branch_datetime_operator', 'example_branch_datetime_operator_3', 'example_branch_datetime_operator_2' retrieved from /home/airflow/.local/lib/python3.12/site-packages/airflow/example_dags/example_branch_datetime_operator.py
[2025-03-25T15:10:37.816+0000] {logging_mixin.py:190} INFO - [2025-03-25T15:10:37.816+0000] {dag.py:3239} INFO - Sync 3 DAGs
[2025-03-25T15:10:37.842+0000] {logging_mixin.py:190} INFO - [2025-03-25T15:10:37.842+0000] {dag.py:4180} INFO - Setting next_dagrun for example_branch_datetime_operator to 2025-03-24 00:00:00+00:00, run_after=2025-03-25 00:00:00+00:00
[2025-03-25T15:10:37.847+0000] {logging_mixin.py:190} INFO - [2025-03-25T15:10:37.847+0000] {dag.py:4180} INFO - Setting next_dagrun for example_branch_datetime_operator_2 to 2025-03-24 00:00:00+00:00, run_after=2025-03-25 00:00:00+00:00
[2025-03-25T15:10:37.850+0000] {logging_mixin.py:190} INFO - [2025-03-25T15:10:37.849+0000] {dag.py:4180} INFO - Setting next_dagrun for example_branch_datetime_operator_3 to 2025-03-24 00:00:00+00:00, run_after=2025-03-25 00:00:00+00:00
[2025-03-25T15:10:37.867+0000] {processor.py:208} INFO - Processing /home/airflow/.local/lib/python3.12/site-packages/airflow/example_dags/example_branch_datetime_operator.py took 0.104 seconds
[2025-03-25T15:11:08.431+0000] {processor.py:186} INFO - Started process (PID=338) to work on /home/airflow/.local/lib/python3.12/site-packages/airflow/example_dags/example_branch_datetime_operator.py
[2025-03-25T15:11:08.433+0000] {processor.py:914} INFO - Processing file /home/airflow/.local/lib/python3.12/site-packages/airflow/example_dags/example_branch_datetime_operator.py for tasks to queue
[2025-03-25T15:11:08.435+0000] {logging_mixin.py:190} INFO - [2025-03-25T15:11:08.435+0000] {dagbag.py:588} INFO - Filling up the DagBag from /home/airflow/.local/lib/python3.12/site-packages/airflow/example_dags/example_branch_datetime_operator.py
[2025-03-25T15:11:08.448+0000] {processor.py:925} INFO - DAG(s) 'example_branch_datetime_operator', 'example_branch_datetime_operator_2', 'example_branch_datetime_operator_3' retrieved from /home/airflow/.local/lib/python3.12/site-packages/airflow/example_dags/example_branch_datetime_operator.py
[2025-03-25T15:11:08.479+0000] {logging_mixin.py:190} INFO - [2025-03-25T15:11:08.479+0000] {dag.py:3239} INFO - Sync 3 DAGs
[2025-03-25T15:11:08.517+0000] {logging_mixin.py:190} INFO - [2025-03-25T15:11:08.516+0000] {dag.py:4180} INFO - Setting next_dagrun for example_branch_datetime_operator to 2025-03-24 00:00:00+00:00, run_after=2025-03-25 00:00:00+00:00
[2025-03-25T15:11:08.523+0000] {logging_mixin.py:190} INFO - [2025-03-25T15:11:08.523+0000] {dag.py:4180} INFO - Setting next_dagrun for example_branch_datetime_operator_2 to 2025-03-24 00:00:00+00:00, run_after=2025-03-25 00:00:00+00:00
[2025-03-25T15:11:08.526+0000] {logging_mixin.py:190} INFO - [2025-03-25T15:11:08.525+0000] {dag.py:4180} INFO - Setting next_dagrun for example_branch_datetime_operator_3 to 2025-03-24 00:00:00+00:00, run_after=2025-03-25 00:00:00+00:00
[2025-03-25T15:11:08.546+0000] {processor.py:208} INFO - Processing /home/airflow/.local/lib/python3.12/site-packages/airflow/example_dags/example_branch_datetime_operator.py took 0.121 seconds
[2025-03-25T15:11:38.624+0000] {processor.py:186} INFO - Started process (PID=401) to work on /home/airflow/.local/lib/python3.12/site-packages/airflow/example_dags/example_branch_datetime_operator.py
[2025-03-25T15:11:38.625+0000] {processor.py:914} INFO - Processing file /home/airflow/.local/lib/python3.12/site-packages/airflow/example_dags/example_branch_datetime_operator.py for tasks to queue
[2025-03-25T15:11:38.627+0000] {logging_mixin.py:190} INFO - [2025-03-25T15:11:38.627+0000] {dagbag.py:588} INFO - Filling up the DagBag from /home/airflow/.local/lib/python3.12/site-packages/airflow/example_dags/example_branch_datetime_operator.py
[2025-03-25T15:11:38.641+0000] {processor.py:925} INFO - DAG(s) 'example_branch_datetime_operator_3', 'example_branch_datetime_operator', 'example_branch_datetime_operator_2' retrieved from /home/airflow/.local/lib/python3.12/site-packages/airflow/example_dags/example_branch_datetime_operator.py
[2025-03-25T15:11:38.672+0000] {logging_mixin.py:190} INFO - [2025-03-25T15:11:38.672+0000] {dag.py:3239} INFO - Sync 3 DAGs
[2025-03-25T15:11:38.710+0000] {logging_mixin.py:190} INFO - [2025-03-25T15:11:38.710+0000] {dag.py:4180} INFO - Setting next_dagrun for example_branch_datetime_operator to 2025-03-24 00:00:00+00:00, run_after=2025-03-25 00:00:00+00:00
[2025-03-25T15:11:38.716+0000] {logging_mixin.py:190} INFO - [2025-03-25T15:11:38.716+0000] {dag.py:4180} INFO - Setting next_dagrun for example_branch_datetime_operator_2 to 2025-03-24 00:00:00+00:00, run_after=2025-03-25 00:00:00+00:00
[2025-03-25T15:11:38.720+0000] {logging_mixin.py:190} INFO - [2025-03-25T15:11:38.720+0000] {dag.py:4180} INFO - Setting next_dagrun for example_branch_datetime_operator_3 to 2025-03-24 00:00:00+00:00, run_after=2025-03-25 00:00:00+00:00
[2025-03-25T15:11:38.740+0000] {processor.py:208} INFO - Processing /home/airflow/.local/lib/python3.12/site-packages/airflow/example_dags/example_branch_datetime_operator.py took 0.123 seconds
[2025-03-25T15:12:08.921+0000] {processor.py:186} INFO - Started process (PID=464) to work on /home/airflow/.local/lib/python3.12/site-packages/airflow/example_dags/example_branch_datetime_operator.py
[2025-03-25T15:12:08.923+0000] {processor.py:914} INFO - Processing file /home/airflow/.local/lib/python3.12/site-packages/airflow/example_dags/example_branch_datetime_operator.py for tasks to queue
[2025-03-25T15:12:08.927+0000] {logging_mixin.py:190} INFO - [2025-03-25T15:12:08.927+0000] {dagbag.py:588} INFO - Filling up the DagBag from /home/airflow/.local/lib/python3.12/site-packages/airflow/example_dags/example_branch_datetime_operator.py
[2025-03-25T15:12:08.961+0000] {processor.py:925} INFO - DAG(s) 'example_branch_datetime_operator', 'example_branch_datetime_operator_3', 'example_branch_datetime_operator_2' retrieved from /home/airflow/.local/lib/python3.12/site-packages/airflow/example_dags/example_branch_datetime_operator.py
[2025-03-25T15:12:09.024+0000] {logging_mixin.py:190} INFO - [2025-03-25T15:12:09.023+0000] {dag.py:3239} INFO - Sync 3 DAGs
[2025-03-25T15:12:09.064+0000] {logging_mixin.py:190} INFO - [2025-03-25T15:12:09.063+0000] {dag.py:4180} INFO - Setting next_dagrun for example_branch_datetime_operator to 2025-03-24 00:00:00+00:00, run_after=2025-03-25 00:00:00+00:00
[2025-03-25T15:12:09.071+0000] {logging_mixin.py:190} INFO - [2025-03-25T15:12:09.071+0000] {dag.py:4180} INFO - Setting next_dagrun for example_branch_datetime_operator_2 to 2025-03-24 00:00:00+00:00, run_after=2025-03-25 00:00:00+00:00
[2025-03-25T15:12:09.076+0000] {logging_mixin.py:190} INFO - [2025-03-25T15:12:09.075+0000] {dag.py:4180} INFO - Setting next_dagrun for example_branch_datetime_operator_3 to 2025-03-24 00:00:00+00:00, run_after=2025-03-25 00:00:00+00:00
[2025-03-25T15:12:09.099+0000] {processor.py:208} INFO - Processing /home/airflow/.local/lib/python3.12/site-packages/airflow/example_dags/example_branch_datetime_operator.py took 0.190 seconds
[2025-03-25T15:12:39.606+0000] {processor.py:186} INFO - Started process (PID=533) to work on /home/airflow/.local/lib/python3.12/site-packages/airflow/example_dags/example_branch_datetime_operator.py
[2025-03-25T15:12:39.608+0000] {processor.py:914} INFO - Processing file /home/airflow/.local/lib/python3.12/site-packages/airflow/example_dags/example_branch_datetime_operator.py for tasks to queue
[2025-03-25T15:12:39.610+0000] {logging_mixin.py:190} INFO - [2025-03-25T15:12:39.610+0000] {dagbag.py:588} INFO - Filling up the DagBag from /home/airflow/.local/lib/python3.12/site-packages/airflow/example_dags/example_branch_datetime_operator.py
[2025-03-25T15:12:39.625+0000] {processor.py:925} INFO - DAG(s) 'example_branch_datetime_operator_2', 'example_branch_datetime_operator_3', 'example_branch_datetime_operator' retrieved from /home/airflow/.local/lib/python3.12/site-packages/airflow/example_dags/example_branch_datetime_operator.py
[2025-03-25T15:12:39.671+0000] {logging_mixin.py:190} INFO - [2025-03-25T15:12:39.671+0000] {dag.py:3239} INFO - Sync 3 DAGs
[2025-03-25T15:12:39.699+0000] {logging_mixin.py:190} INFO - [2025-03-25T15:12:39.699+0000] {dag.py:4180} INFO - Setting next_dagrun for example_branch_datetime_operator to 2025-03-24 00:00:00+00:00, run_after=2025-03-25 00:00:00+00:00
[2025-03-25T15:12:39.704+0000] {logging_mixin.py:190} INFO - [2025-03-25T15:12:39.704+0000] {dag.py:4180} INFO - Setting next_dagrun for example_branch_datetime_operator_2 to 2025-03-24 00:00:00+00:00, run_after=2025-03-25 00:00:00+00:00
[2025-03-25T15:12:39.707+0000] {logging_mixin.py:190} INFO - [2025-03-25T15:12:39.707+0000] {dag.py:4180} INFO - Setting next_dagrun for example_branch_datetime_operator_3 to 2025-03-24 00:00:00+00:00, run_after=2025-03-25 00:00:00+00:00
[2025-03-25T15:12:39.727+0000] {processor.py:208} INFO - Processing /home/airflow/.local/lib/python3.12/site-packages/airflow/example_dags/example_branch_datetime_operator.py took 0.128 seconds
[2025-03-25T15:13:10.457+0000] {processor.py:186} INFO - Started process (PID=596) to work on /home/airflow/.local/lib/python3.12/site-packages/airflow/example_dags/example_branch_datetime_operator.py
[2025-03-25T15:13:10.459+0000] {processor.py:914} INFO - Processing file /home/airflow/.local/lib/python3.12/site-packages/airflow/example_dags/example_branch_datetime_operator.py for tasks to queue
[2025-03-25T15:13:10.465+0000] {logging_mixin.py:190} INFO - [2025-03-25T15:13:10.464+0000] {dagbag.py:588} INFO - Filling up the DagBag from /home/airflow/.local/lib/python3.12/site-packages/airflow/example_dags/example_branch_datetime_operator.py
[2025-03-25T15:13:10.483+0000] {processor.py:925} INFO - DAG(s) 'example_branch_datetime_operator_3', 'example_branch_datetime_operator_2', 'example_branch_datetime_operator' retrieved from /home/airflow/.local/lib/python3.12/site-packages/airflow/example_dags/example_branch_datetime_operator.py
[2025-03-25T15:13:10.518+0000] {logging_mixin.py:190} INFO - [2025-03-25T15:13:10.517+0000] {dag.py:3239} INFO - Sync 3 DAGs
[2025-03-25T15:13:10.548+0000] {logging_mixin.py:190} INFO - [2025-03-25T15:13:10.548+0000] {dag.py:4180} INFO - Setting next_dagrun for example_branch_datetime_operator to 2025-03-24 00:00:00+00:00, run_after=2025-03-25 00:00:00+00:00
[2025-03-25T15:13:10.554+0000] {logging_mixin.py:190} INFO - [2025-03-25T15:13:10.554+0000] {dag.py:4180} INFO - Setting next_dagrun for example_branch_datetime_operator_2 to 2025-03-24 00:00:00+00:00, run_after=2025-03-25 00:00:00+00:00
[2025-03-25T15:13:10.557+0000] {logging_mixin.py:190} INFO - [2025-03-25T15:13:10.557+0000] {dag.py:4180} INFO - Setting next_dagrun for example_branch_datetime_operator_3 to 2025-03-24 00:00:00+00:00, run_after=2025-03-25 00:00:00+00:00
[2025-03-25T15:13:10.582+0000] {processor.py:208} INFO - Processing /home/airflow/.local/lib/python3.12/site-packages/airflow/example_dags/example_branch_datetime_operator.py took 0.131 seconds
[2025-03-25T15:13:40.927+0000] {processor.py:186} INFO - Started process (PID=659) to work on /home/airflow/.local/lib/python3.12/site-packages/airflow/example_dags/example_branch_datetime_operator.py
[2025-03-25T15:13:40.928+0000] {processor.py:914} INFO - Processing file /home/airflow/.local/lib/python3.12/site-packages/airflow/example_dags/example_branch_datetime_operator.py for tasks to queue
[2025-03-25T15:13:40.931+0000] {logging_mixin.py:190} INFO - [2025-03-25T15:13:40.930+0000] {dagbag.py:588} INFO - Filling up the DagBag from /home/airflow/.local/lib/python3.12/site-packages/airflow/example_dags/example_branch_datetime_operator.py
[2025-03-25T15:13:40.945+0000] {processor.py:925} INFO - DAG(s) 'example_branch_datetime_operator', 'example_branch_datetime_operator_2', 'example_branch_datetime_operator_3' retrieved from /home/airflow/.local/lib/python3.12/site-packages/airflow/example_dags/example_branch_datetime_operator.py
[2025-03-25T15:13:40.977+0000] {logging_mixin.py:190} INFO - [2025-03-25T15:13:40.977+0000] {dag.py:3239} INFO - Sync 3 DAGs
[2025-03-25T15:13:41.009+0000] {logging_mixin.py:190} INFO - [2025-03-25T15:13:41.009+0000] {dag.py:4180} INFO - Setting next_dagrun for example_branch_datetime_operator to 2025-03-24 00:00:00+00:00, run_after=2025-03-25 00:00:00+00:00
[2025-03-25T15:13:41.015+0000] {logging_mixin.py:190} INFO - [2025-03-25T15:13:41.015+0000] {dag.py:4180} INFO - Setting next_dagrun for example_branch_datetime_operator_2 to 2025-03-24 00:00:00+00:00, run_after=2025-03-25 00:00:00+00:00
[2025-03-25T15:13:41.018+0000] {logging_mixin.py:190} INFO - [2025-03-25T15:13:41.018+0000] {dag.py:4180} INFO - Setting next_dagrun for example_branch_datetime_operator_3 to 2025-03-24 00:00:00+00:00, run_after=2025-03-25 00:00:00+00:00
[2025-03-25T15:13:41.039+0000] {processor.py:208} INFO - Processing /home/airflow/.local/lib/python3.12/site-packages/airflow/example_dags/example_branch_datetime_operator.py took 0.119 seconds
[2025-03-25T15:15:02.608+0000] {processor.py:186} INFO - Started process (PID=80) to work on /home/airflow/.local/lib/python3.12/site-packages/airflow/example_dags/example_branch_datetime_operator.py
[2025-03-25T15:15:02.615+0000] {processor.py:914} INFO - Processing file /home/airflow/.local/lib/python3.12/site-packages/airflow/example_dags/example_branch_datetime_operator.py for tasks to queue
[2025-03-25T15:15:02.620+0000] {logging_mixin.py:190} INFO - [2025-03-25T15:15:02.618+0000] {dagbag.py:588} INFO - Filling up the DagBag from /home/airflow/.local/lib/python3.12/site-packages/airflow/example_dags/example_branch_datetime_operator.py
[2025-03-25T15:15:02.685+0000] {processor.py:925} INFO - DAG(s) 'example_branch_datetime_operator_3', 'example_branch_datetime_operator', 'example_branch_datetime_operator_2' retrieved from /home/airflow/.local/lib/python3.12/site-packages/airflow/example_dags/example_branch_datetime_operator.py
[2025-03-25T15:15:02.781+0000] {logging_mixin.py:190} INFO - [2025-03-25T15:15:02.781+0000] {dag.py:3239} INFO - Sync 3 DAGs
[2025-03-25T15:15:02.890+0000] {logging_mixin.py:190} INFO - [2025-03-25T15:15:02.889+0000] {dag.py:4180} INFO - Setting next_dagrun for example_branch_datetime_operator to 2025-03-24 00:00:00+00:00, run_after=2025-03-25 00:00:00+00:00
[2025-03-25T15:15:02.908+0000] {logging_mixin.py:190} INFO - [2025-03-25T15:15:02.908+0000] {dag.py:4180} INFO - Setting next_dagrun for example_branch_datetime_operator_2 to 2025-03-24 00:00:00+00:00, run_after=2025-03-25 00:00:00+00:00
[2025-03-25T15:15:02.914+0000] {logging_mixin.py:190} INFO - [2025-03-25T15:15:02.913+0000] {dag.py:4180} INFO - Setting next_dagrun for example_branch_datetime_operator_3 to 2025-03-24 00:00:00+00:00, run_after=2025-03-25 00:00:00+00:00
[2025-03-25T15:15:02.962+0000] {processor.py:208} INFO - Processing /home/airflow/.local/lib/python3.12/site-packages/airflow/example_dags/example_branch_datetime_operator.py took 0.385 seconds
[2025-03-25T15:15:33.534+0000] {processor.py:186} INFO - Started process (PID=143) to work on /home/airflow/.local/lib/python3.12/site-packages/airflow/example_dags/example_branch_datetime_operator.py
[2025-03-25T15:15:33.538+0000] {processor.py:914} INFO - Processing file /home/airflow/.local/lib/python3.12/site-packages/airflow/example_dags/example_branch_datetime_operator.py for tasks to queue
[2025-03-25T15:15:33.546+0000] {logging_mixin.py:190} INFO - [2025-03-25T15:15:33.545+0000] {dagbag.py:588} INFO - Filling up the DagBag from /home/airflow/.local/lib/python3.12/site-packages/airflow/example_dags/example_branch_datetime_operator.py
[2025-03-25T15:15:33.598+0000] {processor.py:925} INFO - DAG(s) 'example_branch_datetime_operator', 'example_branch_datetime_operator_3', 'example_branch_datetime_operator_2' retrieved from /home/airflow/.local/lib/python3.12/site-packages/airflow/example_dags/example_branch_datetime_operator.py
[2025-03-25T15:15:33.705+0000] {logging_mixin.py:190} INFO - [2025-03-25T15:15:33.704+0000] {dag.py:3239} INFO - Sync 3 DAGs
[2025-03-25T15:15:33.798+0000] {logging_mixin.py:190} INFO - [2025-03-25T15:15:33.797+0000] {dag.py:4180} INFO - Setting next_dagrun for example_branch_datetime_operator to 2025-03-24 00:00:00+00:00, run_after=2025-03-25 00:00:00+00:00
[2025-03-25T15:15:33.810+0000] {logging_mixin.py:190} INFO - [2025-03-25T15:15:33.809+0000] {dag.py:4180} INFO - Setting next_dagrun for example_branch_datetime_operator_2 to 2025-03-24 00:00:00+00:00, run_after=2025-03-25 00:00:00+00:00
[2025-03-25T15:15:33.817+0000] {logging_mixin.py:190} INFO - [2025-03-25T15:15:33.817+0000] {dag.py:4180} INFO - Setting next_dagrun for example_branch_datetime_operator_3 to 2025-03-24 00:00:00+00:00, run_after=2025-03-25 00:00:00+00:00
[2025-03-25T15:15:33.867+0000] {processor.py:208} INFO - Processing /home/airflow/.local/lib/python3.12/site-packages/airflow/example_dags/example_branch_datetime_operator.py took 0.357 seconds
[2025-03-25T15:20:19.048+0000] {processor.py:186} INFO - Started process (PID=87) to work on /home/airflow/.local/lib/python3.12/site-packages/airflow/example_dags/example_branch_datetime_operator.py
[2025-03-25T15:20:19.052+0000] {processor.py:914} INFO - Processing file /home/airflow/.local/lib/python3.12/site-packages/airflow/example_dags/example_branch_datetime_operator.py for tasks to queue
[2025-03-25T15:20:19.066+0000] {logging_mixin.py:190} INFO - [2025-03-25T15:20:19.064+0000] {dagbag.py:588} INFO - Filling up the DagBag from /home/airflow/.local/lib/python3.12/site-packages/airflow/example_dags/example_branch_datetime_operator.py
[2025-03-25T15:20:19.136+0000] {processor.py:925} INFO - DAG(s) 'example_branch_datetime_operator_3', 'example_branch_datetime_operator_2', 'example_branch_datetime_operator' retrieved from /home/airflow/.local/lib/python3.12/site-packages/airflow/example_dags/example_branch_datetime_operator.py
[2025-03-25T15:20:19.238+0000] {logging_mixin.py:190} INFO - [2025-03-25T15:20:19.237+0000] {dag.py:3239} INFO - Sync 3 DAGs
[2025-03-25T15:20:19.354+0000] {logging_mixin.py:190} INFO - [2025-03-25T15:20:19.353+0000] {dag.py:4180} INFO - Setting next_dagrun for example_branch_datetime_operator to 2025-03-24 00:00:00+00:00, run_after=2025-03-25 00:00:00+00:00
[2025-03-25T15:20:19.369+0000] {logging_mixin.py:190} INFO - [2025-03-25T15:20:19.369+0000] {dag.py:4180} INFO - Setting next_dagrun for example_branch_datetime_operator_2 to 2025-03-24 00:00:00+00:00, run_after=2025-03-25 00:00:00+00:00
[2025-03-25T15:20:19.382+0000] {logging_mixin.py:190} INFO - [2025-03-25T15:20:19.382+0000] {dag.py:4180} INFO - Setting next_dagrun for example_branch_datetime_operator_3 to 2025-03-24 00:00:00+00:00, run_after=2025-03-25 00:00:00+00:00
[2025-03-25T15:20:19.434+0000] {processor.py:208} INFO - Processing /home/airflow/.local/lib/python3.12/site-packages/airflow/example_dags/example_branch_datetime_operator.py took 0.400 seconds
[2025-03-25T15:20:49.954+0000] {processor.py:186} INFO - Started process (PID=150) to work on /home/airflow/.local/lib/python3.12/site-packages/airflow/example_dags/example_branch_datetime_operator.py
[2025-03-25T15:20:49.955+0000] {processor.py:914} INFO - Processing file /home/airflow/.local/lib/python3.12/site-packages/airflow/example_dags/example_branch_datetime_operator.py for tasks to queue
[2025-03-25T15:20:49.958+0000] {logging_mixin.py:190} INFO - [2025-03-25T15:20:49.957+0000] {dagbag.py:588} INFO - Filling up the DagBag from /home/airflow/.local/lib/python3.12/site-packages/airflow/example_dags/example_branch_datetime_operator.py
[2025-03-25T15:20:49.973+0000] {processor.py:925} INFO - DAG(s) 'example_branch_datetime_operator', 'example_branch_datetime_operator_3', 'example_branch_datetime_operator_2' retrieved from /home/airflow/.local/lib/python3.12/site-packages/airflow/example_dags/example_branch_datetime_operator.py
[2025-03-25T15:20:50.017+0000] {logging_mixin.py:190} INFO - [2025-03-25T15:20:50.007+0000] {dag.py:3239} INFO - Sync 3 DAGs
[2025-03-25T15:20:50.053+0000] {logging_mixin.py:190} INFO - [2025-03-25T15:20:50.053+0000] {dag.py:4180} INFO - Setting next_dagrun for example_branch_datetime_operator to 2025-03-24 00:00:00+00:00, run_after=2025-03-25 00:00:00+00:00
[2025-03-25T15:20:50.059+0000] {logging_mixin.py:190} INFO - [2025-03-25T15:20:50.059+0000] {dag.py:4180} INFO - Setting next_dagrun for example_branch_datetime_operator_2 to 2025-03-24 00:00:00+00:00, run_after=2025-03-25 00:00:00+00:00
[2025-03-25T15:20:50.062+0000] {logging_mixin.py:190} INFO - [2025-03-25T15:20:50.061+0000] {dag.py:4180} INFO - Setting next_dagrun for example_branch_datetime_operator_3 to 2025-03-24 00:00:00+00:00, run_after=2025-03-25 00:00:00+00:00
[2025-03-25T15:20:50.082+0000] {processor.py:208} INFO - Processing /home/airflow/.local/lib/python3.12/site-packages/airflow/example_dags/example_branch_datetime_operator.py took 0.135 seconds
[2025-03-25T15:21:20.415+0000] {processor.py:186} INFO - Started process (PID=213) to work on /home/airflow/.local/lib/python3.12/site-packages/airflow/example_dags/example_branch_datetime_operator.py
[2025-03-25T15:21:20.416+0000] {processor.py:914} INFO - Processing file /home/airflow/.local/lib/python3.12/site-packages/airflow/example_dags/example_branch_datetime_operator.py for tasks to queue
[2025-03-25T15:21:20.419+0000] {logging_mixin.py:190} INFO - [2025-03-25T15:21:20.418+0000] {dagbag.py:588} INFO - Filling up the DagBag from /home/airflow/.local/lib/python3.12/site-packages/airflow/example_dags/example_branch_datetime_operator.py
[2025-03-25T15:21:20.432+0000] {processor.py:925} INFO - DAG(s) 'example_branch_datetime_operator_2', 'example_branch_datetime_operator', 'example_branch_datetime_operator_3' retrieved from /home/airflow/.local/lib/python3.12/site-packages/airflow/example_dags/example_branch_datetime_operator.py
[2025-03-25T15:21:20.461+0000] {logging_mixin.py:190} INFO - [2025-03-25T15:21:20.461+0000] {dag.py:3239} INFO - Sync 3 DAGs
[2025-03-25T15:21:20.487+0000] {logging_mixin.py:190} INFO - [2025-03-25T15:21:20.487+0000] {dag.py:4180} INFO - Setting next_dagrun for example_branch_datetime_operator to 2025-03-24 00:00:00+00:00, run_after=2025-03-25 00:00:00+00:00
[2025-03-25T15:21:20.492+0000] {logging_mixin.py:190} INFO - [2025-03-25T15:21:20.492+0000] {dag.py:4180} INFO - Setting next_dagrun for example_branch_datetime_operator_2 to 2025-03-24 00:00:00+00:00, run_after=2025-03-25 00:00:00+00:00
[2025-03-25T15:21:20.494+0000] {logging_mixin.py:190} INFO - [2025-03-25T15:21:20.494+0000] {dag.py:4180} INFO - Setting next_dagrun for example_branch_datetime_operator_3 to 2025-03-24 00:00:00+00:00, run_after=2025-03-25 00:00:00+00:00
[2025-03-25T15:21:20.512+0000] {processor.py:208} INFO - Processing /home/airflow/.local/lib/python3.12/site-packages/airflow/example_dags/example_branch_datetime_operator.py took 0.104 seconds
[2025-03-25T15:21:50.958+0000] {processor.py:186} INFO - Started process (PID=276) to work on /home/airflow/.local/lib/python3.12/site-packages/airflow/example_dags/example_branch_datetime_operator.py
[2025-03-25T15:21:50.959+0000] {processor.py:914} INFO - Processing file /home/airflow/.local/lib/python3.12/site-packages/airflow/example_dags/example_branch_datetime_operator.py for tasks to queue
[2025-03-25T15:21:50.961+0000] {logging_mixin.py:190} INFO - [2025-03-25T15:21:50.961+0000] {dagbag.py:588} INFO - Filling up the DagBag from /home/airflow/.local/lib/python3.12/site-packages/airflow/example_dags/example_branch_datetime_operator.py
[2025-03-25T15:21:50.989+0000] {processor.py:925} INFO - DAG(s) 'example_branch_datetime_operator', 'example_branch_datetime_operator_3', 'example_branch_datetime_operator_2' retrieved from /home/airflow/.local/lib/python3.12/site-packages/airflow/example_dags/example_branch_datetime_operator.py
[2025-03-25T15:21:51.025+0000] {logging_mixin.py:190} INFO - [2025-03-25T15:21:51.025+0000] {dag.py:3239} INFO - Sync 3 DAGs
[2025-03-25T15:21:51.057+0000] {logging_mixin.py:190} INFO - [2025-03-25T15:21:51.057+0000] {dag.py:4180} INFO - Setting next_dagrun for example_branch_datetime_operator to 2025-03-24 00:00:00+00:00, run_after=2025-03-25 00:00:00+00:00
[2025-03-25T15:21:51.062+0000] {logging_mixin.py:190} INFO - [2025-03-25T15:21:51.062+0000] {dag.py:4180} INFO - Setting next_dagrun for example_branch_datetime_operator_2 to 2025-03-24 00:00:00+00:00, run_after=2025-03-25 00:00:00+00:00
[2025-03-25T15:21:51.065+0000] {logging_mixin.py:190} INFO - [2025-03-25T15:21:51.065+0000] {dag.py:4180} INFO - Setting next_dagrun for example_branch_datetime_operator_3 to 2025-03-24 00:00:00+00:00, run_after=2025-03-25 00:00:00+00:00
[2025-03-25T15:21:51.083+0000] {processor.py:208} INFO - Processing /home/airflow/.local/lib/python3.12/site-packages/airflow/example_dags/example_branch_datetime_operator.py took 0.131 seconds
