[2025-03-25T15:09:17.887+0000] {processor.py:186} INFO - Started process (PID=123) to work on /home/airflow/.local/lib/python3.12/site-packages/airflow/example_dags/example_xcom.py
[2025-03-25T15:09:17.888+0000] {processor.py:914} INFO - Processing file /home/airflow/.local/lib/python3.12/site-packages/airflow/example_dags/example_xcom.py for tasks to queue
[2025-03-25T15:09:17.892+0000] {logging_mixin.py:190} INFO - [2025-03-25T15:09:17.891+0000] {dagbag.py:588} INFO - Filling up the DagBag from /home/airflow/.local/lib/python3.12/site-packages/airflow/example_dags/example_xcom.py
[2025-03-25T15:09:17.905+0000] {processor.py:925} INFO - DAG(s) 'example_xcom' retrieved from /home/airflow/.local/lib/python3.12/site-packages/airflow/example_dags/example_xcom.py
[2025-03-25T15:09:18.044+0000] {logging_mixin.py:190} INFO - [2025-03-25T15:09:18.043+0000] {override.py:1912} INFO - Created Permission View: can read on DAG:example_xcom
[2025-03-25T15:09:18.056+0000] {logging_mixin.py:190} INFO - [2025-03-25T15:09:18.056+0000] {override.py:1912} INFO - Created Permission View: can delete on DAG:example_xcom
[2025-03-25T15:09:18.065+0000] {logging_mixin.py:190} INFO - [2025-03-25T15:09:18.064+0000] {override.py:1912} INFO - Created Permission View: can edit on DAG:example_xcom
[2025-03-25T15:09:18.076+0000] {logging_mixin.py:190} INFO - [2025-03-25T15:09:18.075+0000] {override.py:1912} INFO - Created Permission View: can create on DAG Run:example_xcom
[2025-03-25T15:09:18.086+0000] {logging_mixin.py:190} INFO - [2025-03-25T15:09:18.086+0000] {override.py:1912} INFO - Created Permission View: can read on DAG Run:example_xcom
[2025-03-25T15:09:18.097+0000] {logging_mixin.py:190} INFO - [2025-03-25T15:09:18.096+0000] {override.py:1912} INFO - Created Permission View: can delete on DAG Run:example_xcom
[2025-03-25T15:09:18.107+0000] {logging_mixin.py:190} INFO - [2025-03-25T15:09:18.107+0000] {override.py:1912} INFO - Created Permission View: menu access on DAG Run:example_xcom
[2025-03-25T15:09:18.108+0000] {logging_mixin.py:190} INFO - [2025-03-25T15:09:18.108+0000] {dag.py:3239} INFO - Sync 1 DAGs
[2025-03-25T15:09:18.123+0000] {logging_mixin.py:190} INFO - [2025-03-25T15:09:18.123+0000] {dag.py:3262} INFO - Creating ORM DAG for example_xcom
[2025-03-25T15:09:18.137+0000] {logging_mixin.py:190} INFO - [2025-03-25T15:09:18.137+0000] {dag.py:4180} INFO - Setting next_dagrun for example_xcom to 2021-01-01 00:00:00+00:00, run_after=2021-01-01 00:00:00+00:00
[2025-03-25T15:09:18.162+0000] {processor.py:208} INFO - Processing /home/airflow/.local/lib/python3.12/site-packages/airflow/example_dags/example_xcom.py took 0.283 seconds
[2025-03-25T15:09:48.802+0000] {processor.py:186} INFO - Started process (PID=186) to work on /home/airflow/.local/lib/python3.12/site-packages/airflow/example_dags/example_xcom.py
[2025-03-25T15:09:48.804+0000] {processor.py:914} INFO - Processing file /home/airflow/.local/lib/python3.12/site-packages/airflow/example_dags/example_xcom.py for tasks to queue
[2025-03-25T15:09:48.808+0000] {logging_mixin.py:190} INFO - [2025-03-25T15:09:48.807+0000] {dagbag.py:588} INFO - Filling up the DagBag from /home/airflow/.local/lib/python3.12/site-packages/airflow/example_dags/example_xcom.py
[2025-03-25T15:09:48.820+0000] {processor.py:925} INFO - DAG(s) 'example_xcom' retrieved from /home/airflow/.local/lib/python3.12/site-packages/airflow/example_dags/example_xcom.py
[2025-03-25T15:09:48.847+0000] {logging_mixin.py:190} INFO - [2025-03-25T15:09:48.847+0000] {dag.py:3239} INFO - Sync 1 DAGs
[2025-03-25T15:09:48.877+0000] {logging_mixin.py:190} INFO - [2025-03-25T15:09:48.876+0000] {dag.py:4180} INFO - Setting next_dagrun for example_xcom to 2021-01-01 00:00:00+00:00, run_after=2021-01-01 00:00:00+00:00
[2025-03-25T15:09:48.897+0000] {processor.py:208} INFO - Processing /home/airflow/.local/lib/python3.12/site-packages/airflow/example_dags/example_xcom.py took 0.104 seconds
[2025-03-25T15:10:20.099+0000] {processor.py:186} INFO - Started process (PID=255) to work on /home/airflow/.local/lib/python3.12/site-packages/airflow/example_dags/example_xcom.py
[2025-03-25T15:10:20.100+0000] {processor.py:914} INFO - Processing file /home/airflow/.local/lib/python3.12/site-packages/airflow/example_dags/example_xcom.py for tasks to queue
[2025-03-25T15:10:20.102+0000] {logging_mixin.py:190} INFO - [2025-03-25T15:10:20.102+0000] {dagbag.py:588} INFO - Filling up the DagBag from /home/airflow/.local/lib/python3.12/site-packages/airflow/example_dags/example_xcom.py
[2025-03-25T15:10:20.112+0000] {processor.py:925} INFO - DAG(s) 'example_xcom' retrieved from /home/airflow/.local/lib/python3.12/site-packages/airflow/example_dags/example_xcom.py
[2025-03-25T15:10:20.135+0000] {logging_mixin.py:190} INFO - [2025-03-25T15:10:20.135+0000] {dag.py:3239} INFO - Sync 1 DAGs
[2025-03-25T15:10:20.160+0000] {logging_mixin.py:190} INFO - [2025-03-25T15:10:20.159+0000] {dag.py:4180} INFO - Setting next_dagrun for example_xcom to 2021-01-01 00:00:00+00:00, run_after=2021-01-01 00:00:00+00:00
[2025-03-25T15:10:20.180+0000] {processor.py:208} INFO - Processing /home/airflow/.local/lib/python3.12/site-packages/airflow/example_dags/example_xcom.py took 0.087 seconds
[2025-03-25T15:10:51.035+0000] {processor.py:186} INFO - Started process (PID=318) to work on /home/airflow/.local/lib/python3.12/site-packages/airflow/example_dags/example_xcom.py
[2025-03-25T15:10:51.037+0000] {processor.py:914} INFO - Processing file /home/airflow/.local/lib/python3.12/site-packages/airflow/example_dags/example_xcom.py for tasks to queue
[2025-03-25T15:10:51.039+0000] {logging_mixin.py:190} INFO - [2025-03-25T15:10:51.039+0000] {dagbag.py:588} INFO - Filling up the DagBag from /home/airflow/.local/lib/python3.12/site-packages/airflow/example_dags/example_xcom.py
[2025-03-25T15:10:51.050+0000] {processor.py:925} INFO - DAG(s) 'example_xcom' retrieved from /home/airflow/.local/lib/python3.12/site-packages/airflow/example_dags/example_xcom.py
[2025-03-25T15:10:51.073+0000] {logging_mixin.py:190} INFO - [2025-03-25T15:10:51.073+0000] {dag.py:3239} INFO - Sync 1 DAGs
[2025-03-25T15:10:51.098+0000] {logging_mixin.py:190} INFO - [2025-03-25T15:10:51.098+0000] {dag.py:4180} INFO - Setting next_dagrun for example_xcom to 2021-01-01 00:00:00+00:00, run_after=2021-01-01 00:00:00+00:00
[2025-03-25T15:10:51.117+0000] {processor.py:208} INFO - Processing /home/airflow/.local/lib/python3.12/site-packages/airflow/example_dags/example_xcom.py took 0.089 seconds
[2025-03-25T15:11:22.710+0000] {processor.py:186} INFO - Started process (PID=381) to work on /home/airflow/.local/lib/python3.12/site-packages/airflow/example_dags/example_xcom.py
[2025-03-25T15:11:22.711+0000] {processor.py:914} INFO - Processing file /home/airflow/.local/lib/python3.12/site-packages/airflow/example_dags/example_xcom.py for tasks to queue
[2025-03-25T15:11:22.714+0000] {logging_mixin.py:190} INFO - [2025-03-25T15:11:22.713+0000] {dagbag.py:588} INFO - Filling up the DagBag from /home/airflow/.local/lib/python3.12/site-packages/airflow/example_dags/example_xcom.py
[2025-03-25T15:11:22.725+0000] {processor.py:925} INFO - DAG(s) 'example_xcom' retrieved from /home/airflow/.local/lib/python3.12/site-packages/airflow/example_dags/example_xcom.py
[2025-03-25T15:11:22.749+0000] {logging_mixin.py:190} INFO - [2025-03-25T15:11:22.749+0000] {dag.py:3239} INFO - Sync 1 DAGs
[2025-03-25T15:11:22.776+0000] {logging_mixin.py:190} INFO - [2025-03-25T15:11:22.776+0000] {dag.py:4180} INFO - Setting next_dagrun for example_xcom to 2021-01-01 00:00:00+00:00, run_after=2021-01-01 00:00:00+00:00
[2025-03-25T15:11:22.797+0000] {processor.py:208} INFO - Processing /home/airflow/.local/lib/python3.12/site-packages/airflow/example_dags/example_xcom.py took 0.094 seconds
[2025-03-25T15:11:53.774+0000] {processor.py:186} INFO - Started process (PID=444) to work on /home/airflow/.local/lib/python3.12/site-packages/airflow/example_dags/example_xcom.py
[2025-03-25T15:11:53.776+0000] {processor.py:914} INFO - Processing file /home/airflow/.local/lib/python3.12/site-packages/airflow/example_dags/example_xcom.py for tasks to queue
[2025-03-25T15:11:53.780+0000] {logging_mixin.py:190} INFO - [2025-03-25T15:11:53.779+0000] {dagbag.py:588} INFO - Filling up the DagBag from /home/airflow/.local/lib/python3.12/site-packages/airflow/example_dags/example_xcom.py
[2025-03-25T15:11:53.797+0000] {processor.py:925} INFO - DAG(s) 'example_xcom' retrieved from /home/airflow/.local/lib/python3.12/site-packages/airflow/example_dags/example_xcom.py
[2025-03-25T15:11:53.825+0000] {logging_mixin.py:190} INFO - [2025-03-25T15:11:53.825+0000] {dag.py:3239} INFO - Sync 1 DAGs
[2025-03-25T15:11:53.857+0000] {logging_mixin.py:190} INFO - [2025-03-25T15:11:53.856+0000] {dag.py:4180} INFO - Setting next_dagrun for example_xcom to 2021-01-01 00:00:00+00:00, run_after=2021-01-01 00:00:00+00:00
[2025-03-25T15:11:53.880+0000] {processor.py:208} INFO - Processing /home/airflow/.local/lib/python3.12/site-packages/airflow/example_dags/example_xcom.py took 0.116 seconds
[2025-03-25T15:12:25.463+0000] {processor.py:186} INFO - Started process (PID=507) to work on /home/airflow/.local/lib/python3.12/site-packages/airflow/example_dags/example_xcom.py
[2025-03-25T15:12:25.464+0000] {processor.py:914} INFO - Processing file /home/airflow/.local/lib/python3.12/site-packages/airflow/example_dags/example_xcom.py for tasks to queue
[2025-03-25T15:12:25.467+0000] {logging_mixin.py:190} INFO - [2025-03-25T15:12:25.466+0000] {dagbag.py:588} INFO - Filling up the DagBag from /home/airflow/.local/lib/python3.12/site-packages/airflow/example_dags/example_xcom.py
[2025-03-25T15:12:25.480+0000] {processor.py:925} INFO - DAG(s) 'example_xcom' retrieved from /home/airflow/.local/lib/python3.12/site-packages/airflow/example_dags/example_xcom.py
[2025-03-25T15:12:25.508+0000] {logging_mixin.py:190} INFO - [2025-03-25T15:12:25.508+0000] {dag.py:3239} INFO - Sync 1 DAGs
[2025-03-25T15:12:25.538+0000] {logging_mixin.py:190} INFO - [2025-03-25T15:12:25.538+0000] {dag.py:4180} INFO - Setting next_dagrun for example_xcom to 2021-01-01 00:00:00+00:00, run_after=2021-01-01 00:00:00+00:00
[2025-03-25T15:12:25.564+0000] {processor.py:208} INFO - Processing /home/airflow/.local/lib/python3.12/site-packages/airflow/example_dags/example_xcom.py took 0.109 seconds
[2025-03-25T15:12:56.342+0000] {processor.py:186} INFO - Started process (PID=570) to work on /home/airflow/.local/lib/python3.12/site-packages/airflow/example_dags/example_xcom.py
[2025-03-25T15:12:56.344+0000] {processor.py:914} INFO - Processing file /home/airflow/.local/lib/python3.12/site-packages/airflow/example_dags/example_xcom.py for tasks to queue
[2025-03-25T15:12:56.347+0000] {logging_mixin.py:190} INFO - [2025-03-25T15:12:56.346+0000] {dagbag.py:588} INFO - Filling up the DagBag from /home/airflow/.local/lib/python3.12/site-packages/airflow/example_dags/example_xcom.py
[2025-03-25T15:12:56.356+0000] {processor.py:925} INFO - DAG(s) 'example_xcom' retrieved from /home/airflow/.local/lib/python3.12/site-packages/airflow/example_dags/example_xcom.py
[2025-03-25T15:12:56.381+0000] {logging_mixin.py:190} INFO - [2025-03-25T15:12:56.380+0000] {dag.py:3239} INFO - Sync 1 DAGs
[2025-03-25T15:12:56.408+0000] {logging_mixin.py:190} INFO - [2025-03-25T15:12:56.407+0000] {dag.py:4180} INFO - Setting next_dagrun for example_xcom to 2021-01-01 00:00:00+00:00, run_after=2021-01-01 00:00:00+00:00
[2025-03-25T15:12:56.428+0000] {processor.py:208} INFO - Processing /home/airflow/.local/lib/python3.12/site-packages/airflow/example_dags/example_xcom.py took 0.092 seconds
[2025-03-25T15:13:28.863+0000] {processor.py:186} INFO - Started process (PID=633) to work on /home/airflow/.local/lib/python3.12/site-packages/airflow/example_dags/example_xcom.py
[2025-03-25T15:13:28.864+0000] {processor.py:914} INFO - Processing file /home/airflow/.local/lib/python3.12/site-packages/airflow/example_dags/example_xcom.py for tasks to queue
[2025-03-25T15:13:28.867+0000] {logging_mixin.py:190} INFO - [2025-03-25T15:13:28.866+0000] {dagbag.py:588} INFO - Filling up the DagBag from /home/airflow/.local/lib/python3.12/site-packages/airflow/example_dags/example_xcom.py
[2025-03-25T15:13:28.880+0000] {processor.py:925} INFO - DAG(s) 'example_xcom' retrieved from /home/airflow/.local/lib/python3.12/site-packages/airflow/example_dags/example_xcom.py
[2025-03-25T15:13:28.906+0000] {logging_mixin.py:190} INFO - [2025-03-25T15:13:28.906+0000] {dag.py:3239} INFO - Sync 1 DAGs
[2025-03-25T15:13:28.937+0000] {logging_mixin.py:190} INFO - [2025-03-25T15:13:28.936+0000] {dag.py:4180} INFO - Setting next_dagrun for example_xcom to 2021-01-01 00:00:00+00:00, run_after=2021-01-01 00:00:00+00:00
[2025-03-25T15:13:28.960+0000] {processor.py:208} INFO - Processing /home/airflow/.local/lib/python3.12/site-packages/airflow/example_dags/example_xcom.py took 0.105 seconds
[2025-03-25T15:15:14.085+0000] {processor.py:186} INFO - Started process (PID=117) to work on /home/airflow/.local/lib/python3.12/site-packages/airflow/example_dags/example_xcom.py
[2025-03-25T15:15:14.086+0000] {processor.py:914} INFO - Processing file /home/airflow/.local/lib/python3.12/site-packages/airflow/example_dags/example_xcom.py for tasks to queue
[2025-03-25T15:15:14.089+0000] {logging_mixin.py:190} INFO - [2025-03-25T15:15:14.088+0000] {dagbag.py:588} INFO - Filling up the DagBag from /home/airflow/.local/lib/python3.12/site-packages/airflow/example_dags/example_xcom.py
[2025-03-25T15:15:14.098+0000] {processor.py:925} INFO - DAG(s) 'example_xcom' retrieved from /home/airflow/.local/lib/python3.12/site-packages/airflow/example_dags/example_xcom.py
[2025-03-25T15:15:14.123+0000] {logging_mixin.py:190} INFO - [2025-03-25T15:15:14.123+0000] {dag.py:3239} INFO - Sync 1 DAGs
[2025-03-25T15:15:14.152+0000] {logging_mixin.py:190} INFO - [2025-03-25T15:15:14.152+0000] {dag.py:4180} INFO - Setting next_dagrun for example_xcom to 2021-01-01 00:00:00+00:00, run_after=2021-01-01 00:00:00+00:00
[2025-03-25T15:15:14.179+0000] {processor.py:208} INFO - Processing /home/airflow/.local/lib/python3.12/site-packages/airflow/example_dags/example_xcom.py took 0.100 seconds
[2025-03-25T15:20:28.043+0000] {processor.py:186} INFO - Started process (PID=124) to work on /home/airflow/.local/lib/python3.12/site-packages/airflow/example_dags/example_xcom.py
[2025-03-25T15:20:28.044+0000] {processor.py:914} INFO - Processing file /home/airflow/.local/lib/python3.12/site-packages/airflow/example_dags/example_xcom.py for tasks to queue
[2025-03-25T15:20:28.051+0000] {logging_mixin.py:190} INFO - [2025-03-25T15:20:28.050+0000] {dagbag.py:588} INFO - Filling up the DagBag from /home/airflow/.local/lib/python3.12/site-packages/airflow/example_dags/example_xcom.py
[2025-03-25T15:20:28.065+0000] {processor.py:925} INFO - DAG(s) 'example_xcom' retrieved from /home/airflow/.local/lib/python3.12/site-packages/airflow/example_dags/example_xcom.py
[2025-03-25T15:20:28.091+0000] {logging_mixin.py:190} INFO - [2025-03-25T15:20:28.091+0000] {dag.py:3239} INFO - Sync 1 DAGs
[2025-03-25T15:20:28.122+0000] {logging_mixin.py:190} INFO - [2025-03-25T15:20:28.122+0000] {dag.py:4180} INFO - Setting next_dagrun for example_xcom to 2021-01-01 00:00:00+00:00, run_after=2021-01-01 00:00:00+00:00
[2025-03-25T15:20:28.145+0000] {processor.py:208} INFO - Processing /home/airflow/.local/lib/python3.12/site-packages/airflow/example_dags/example_xcom.py took 0.110 seconds
[2025-03-25T15:20:59.143+0000] {processor.py:186} INFO - Started process (PID=187) to work on /home/airflow/.local/lib/python3.12/site-packages/airflow/example_dags/example_xcom.py
[2025-03-25T15:20:59.145+0000] {processor.py:914} INFO - Processing file /home/airflow/.local/lib/python3.12/site-packages/airflow/example_dags/example_xcom.py for tasks to queue
[2025-03-25T15:20:59.148+0000] {logging_mixin.py:190} INFO - [2025-03-25T15:20:59.147+0000] {dagbag.py:588} INFO - Filling up the DagBag from /home/airflow/.local/lib/python3.12/site-packages/airflow/example_dags/example_xcom.py
[2025-03-25T15:20:59.163+0000] {processor.py:925} INFO - DAG(s) 'example_xcom' retrieved from /home/airflow/.local/lib/python3.12/site-packages/airflow/example_dags/example_xcom.py
[2025-03-25T15:20:59.195+0000] {logging_mixin.py:190} INFO - [2025-03-25T15:20:59.194+0000] {dag.py:3239} INFO - Sync 1 DAGs
[2025-03-25T15:20:59.231+0000] {logging_mixin.py:190} INFO - [2025-03-25T15:20:59.231+0000] {dag.py:4180} INFO - Setting next_dagrun for example_xcom to 2021-01-01 00:00:00+00:00, run_after=2021-01-01 00:00:00+00:00
[2025-03-25T15:20:59.261+0000] {processor.py:208} INFO - Processing /home/airflow/.local/lib/python3.12/site-packages/airflow/example_dags/example_xcom.py took 0.126 seconds
[2025-03-25T15:21:29.763+0000] {processor.py:186} INFO - Started process (PID=248) to work on /home/airflow/.local/lib/python3.12/site-packages/airflow/example_dags/example_xcom.py
[2025-03-25T15:21:29.766+0000] {processor.py:914} INFO - Processing file /home/airflow/.local/lib/python3.12/site-packages/airflow/example_dags/example_xcom.py for tasks to queue
[2025-03-25T15:21:29.771+0000] {logging_mixin.py:190} INFO - [2025-03-25T15:21:29.770+0000] {dagbag.py:588} INFO - Filling up the DagBag from /home/airflow/.local/lib/python3.12/site-packages/airflow/example_dags/example_xcom.py
[2025-03-25T15:21:29.799+0000] {processor.py:925} INFO - DAG(s) 'example_xcom' retrieved from /home/airflow/.local/lib/python3.12/site-packages/airflow/example_dags/example_xcom.py
[2025-03-25T15:21:29.845+0000] {logging_mixin.py:190} INFO - [2025-03-25T15:21:29.844+0000] {dag.py:3239} INFO - Sync 1 DAGs
[2025-03-25T15:21:29.885+0000] {logging_mixin.py:190} INFO - [2025-03-25T15:21:29.884+0000] {dag.py:4180} INFO - Setting next_dagrun for example_xcom to 2021-01-01 00:00:00+00:00, run_after=2021-01-01 00:00:00+00:00
[2025-03-25T15:21:29.916+0000] {processor.py:208} INFO - Processing /home/airflow/.local/lib/python3.12/site-packages/airflow/example_dags/example_xcom.py took 0.165 seconds
[2025-03-25T15:22:00.870+0000] {processor.py:186} INFO - Started process (PID=311) to work on /home/airflow/.local/lib/python3.12/site-packages/airflow/example_dags/example_xcom.py
[2025-03-25T15:22:00.871+0000] {processor.py:914} INFO - Processing file /home/airflow/.local/lib/python3.12/site-packages/airflow/example_dags/example_xcom.py for tasks to queue
[2025-03-25T15:22:00.874+0000] {logging_mixin.py:190} INFO - [2025-03-25T15:22:00.873+0000] {dagbag.py:588} INFO - Filling up the DagBag from /home/airflow/.local/lib/python3.12/site-packages/airflow/example_dags/example_xcom.py
[2025-03-25T15:22:00.885+0000] {processor.py:925} INFO - DAG(s) 'example_xcom' retrieved from /home/airflow/.local/lib/python3.12/site-packages/airflow/example_dags/example_xcom.py
[2025-03-25T15:22:00.918+0000] {logging_mixin.py:190} INFO - [2025-03-25T15:22:00.918+0000] {dag.py:3239} INFO - Sync 1 DAGs
[2025-03-25T15:22:00.945+0000] {logging_mixin.py:190} INFO - [2025-03-25T15:22:00.944+0000] {dag.py:4180} INFO - Setting next_dagrun for example_xcom to 2021-01-01 00:00:00+00:00, run_after=2021-01-01 00:00:00+00:00
[2025-03-25T15:22:00.965+0000] {processor.py:208} INFO - Processing /home/airflow/.local/lib/python3.12/site-packages/airflow/example_dags/example_xcom.py took 0.102 seconds
