[2025-03-25T15:09:03.226+0000] {processor.py:186} INFO - Started process (PID=82) to work on /home/airflow/.local/lib/python3.12/site-packages/airflow/example_dags/example_short_circuit_operator.py
[2025-03-25T15:09:03.228+0000] {processor.py:914} INFO - Processing file /home/airflow/.local/lib/python3.12/site-packages/airflow/example_dags/example_short_circuit_operator.py for tasks to queue
[2025-03-25T15:09:03.232+0000] {logging_mixin.py:190} INFO - [2025-03-25T15:09:03.231+0000] {dagbag.py:588} INFO - Filling up the DagBag from /home/airflow/.local/lib/python3.12/site-packages/airflow/example_dags/example_short_circuit_operator.py
[2025-03-25T15:09:03.253+0000] {processor.py:925} INFO - DAG(s) 'example_short_circuit_operator' retrieved from /home/airflow/.local/lib/python3.12/site-packages/airflow/example_dags/example_short_circuit_operator.py
[2025-03-25T15:09:03.859+0000] {logging_mixin.py:190} INFO - [2025-03-25T15:09:03.857+0000] {override.py:1912} INFO - Created Permission View: can read on DAG:example_short_circuit_operator
[2025-03-25T15:09:03.883+0000] {logging_mixin.py:190} INFO - [2025-03-25T15:09:03.882+0000] {override.py:1912} INFO - Created Permission View: can delete on DAG:example_short_circuit_operator
[2025-03-25T15:09:03.901+0000] {logging_mixin.py:190} INFO - [2025-03-25T15:09:03.900+0000] {override.py:1912} INFO - Created Permission View: can edit on DAG:example_short_circuit_operator
[2025-03-25T15:09:03.919+0000] {logging_mixin.py:190} INFO - [2025-03-25T15:09:03.918+0000] {override.py:1912} INFO - Created Permission View: can create on DAG Run:example_short_circuit_operator
[2025-03-25T15:09:03.936+0000] {logging_mixin.py:190} INFO - [2025-03-25T15:09:03.935+0000] {override.py:1912} INFO - Created Permission View: can read on DAG Run:example_short_circuit_operator
[2025-03-25T15:09:03.953+0000] {logging_mixin.py:190} INFO - [2025-03-25T15:09:03.952+0000] {override.py:1912} INFO - Created Permission View: can delete on DAG Run:example_short_circuit_operator
[2025-03-25T15:09:03.972+0000] {logging_mixin.py:190} INFO - [2025-03-25T15:09:03.971+0000] {override.py:1912} INFO - Created Permission View: menu access on DAG Run:example_short_circuit_operator
[2025-03-25T15:09:03.973+0000] {logging_mixin.py:190} INFO - [2025-03-25T15:09:03.973+0000] {dag.py:3239} INFO - Sync 1 DAGs
[2025-03-25T15:09:04.027+0000] {logging_mixin.py:190} INFO - [2025-03-25T15:09:04.026+0000] {dag.py:3262} INFO - Creating ORM DAG for example_short_circuit_operator
[2025-03-25T15:09:04.029+0000] {logging_mixin.py:190} INFO - [2025-03-25T15:09:04.029+0000] {dag.py:4180} INFO - Setting next_dagrun for example_short_circuit_operator to None, run_after=None
[2025-03-25T15:09:04.094+0000] {processor.py:208} INFO - Processing /home/airflow/.local/lib/python3.12/site-packages/airflow/example_dags/example_short_circuit_operator.py took 0.882 seconds
[2025-03-25T15:09:34.985+0000] {processor.py:186} INFO - Started process (PID=145) to work on /home/airflow/.local/lib/python3.12/site-packages/airflow/example_dags/example_short_circuit_operator.py
[2025-03-25T15:09:34.986+0000] {processor.py:914} INFO - Processing file /home/airflow/.local/lib/python3.12/site-packages/airflow/example_dags/example_short_circuit_operator.py for tasks to queue
[2025-03-25T15:09:34.991+0000] {logging_mixin.py:190} INFO - [2025-03-25T15:09:34.991+0000] {dagbag.py:588} INFO - Filling up the DagBag from /home/airflow/.local/lib/python3.12/site-packages/airflow/example_dags/example_short_circuit_operator.py
[2025-03-25T15:09:35.004+0000] {processor.py:925} INFO - DAG(s) 'example_short_circuit_operator' retrieved from /home/airflow/.local/lib/python3.12/site-packages/airflow/example_dags/example_short_circuit_operator.py
[2025-03-25T15:09:35.039+0000] {logging_mixin.py:190} INFO - [2025-03-25T15:09:35.038+0000] {dag.py:3239} INFO - Sync 1 DAGs
[2025-03-25T15:09:35.072+0000] {logging_mixin.py:190} INFO - [2025-03-25T15:09:35.071+0000] {dag.py:4180} INFO - Setting next_dagrun for example_short_circuit_operator to None, run_after=None
[2025-03-25T15:09:35.093+0000] {processor.py:208} INFO - Processing /home/airflow/.local/lib/python3.12/site-packages/airflow/example_dags/example_short_circuit_operator.py took 0.114 seconds
[2025-03-25T15:10:05.386+0000] {processor.py:186} INFO - Started process (PID=208) to work on /home/airflow/.local/lib/python3.12/site-packages/airflow/example_dags/example_short_circuit_operator.py
[2025-03-25T15:10:05.388+0000] {processor.py:914} INFO - Processing file /home/airflow/.local/lib/python3.12/site-packages/airflow/example_dags/example_short_circuit_operator.py for tasks to queue
[2025-03-25T15:10:05.392+0000] {logging_mixin.py:190} INFO - [2025-03-25T15:10:05.391+0000] {dagbag.py:588} INFO - Filling up the DagBag from /home/airflow/.local/lib/python3.12/site-packages/airflow/example_dags/example_short_circuit_operator.py
[2025-03-25T15:10:05.406+0000] {processor.py:925} INFO - DAG(s) 'example_short_circuit_operator' retrieved from /home/airflow/.local/lib/python3.12/site-packages/airflow/example_dags/example_short_circuit_operator.py
[2025-03-25T15:10:05.451+0000] {logging_mixin.py:190} INFO - [2025-03-25T15:10:05.451+0000] {dag.py:3239} INFO - Sync 1 DAGs
[2025-03-25T15:10:05.477+0000] {logging_mixin.py:190} INFO - [2025-03-25T15:10:05.476+0000] {dag.py:4180} INFO - Setting next_dagrun for example_short_circuit_operator to None, run_after=None
[2025-03-25T15:10:05.510+0000] {processor.py:208} INFO - Processing /home/airflow/.local/lib/python3.12/site-packages/airflow/example_dags/example_short_circuit_operator.py took 0.134 seconds
[2025-03-25T15:10:35.611+0000] {processor.py:186} INFO - Started process (PID=271) to work on /home/airflow/.local/lib/python3.12/site-packages/airflow/example_dags/example_short_circuit_operator.py
[2025-03-25T15:10:35.612+0000] {processor.py:914} INFO - Processing file /home/airflow/.local/lib/python3.12/site-packages/airflow/example_dags/example_short_circuit_operator.py for tasks to queue
[2025-03-25T15:10:35.615+0000] {logging_mixin.py:190} INFO - [2025-03-25T15:10:35.615+0000] {dagbag.py:588} INFO - Filling up the DagBag from /home/airflow/.local/lib/python3.12/site-packages/airflow/example_dags/example_short_circuit_operator.py
[2025-03-25T15:10:35.628+0000] {processor.py:925} INFO - DAG(s) 'example_short_circuit_operator' retrieved from /home/airflow/.local/lib/python3.12/site-packages/airflow/example_dags/example_short_circuit_operator.py
[2025-03-25T15:10:35.659+0000] {logging_mixin.py:190} INFO - [2025-03-25T15:10:35.659+0000] {dag.py:3239} INFO - Sync 1 DAGs
[2025-03-25T15:10:35.678+0000] {logging_mixin.py:190} INFO - [2025-03-25T15:10:35.678+0000] {dag.py:4180} INFO - Setting next_dagrun for example_short_circuit_operator to None, run_after=None
[2025-03-25T15:10:35.702+0000] {processor.py:208} INFO - Processing /home/airflow/.local/lib/python3.12/site-packages/airflow/example_dags/example_short_circuit_operator.py took 0.100 seconds
[2025-03-25T15:11:06.286+0000] {processor.py:186} INFO - Started process (PID=334) to work on /home/airflow/.local/lib/python3.12/site-packages/airflow/example_dags/example_short_circuit_operator.py
[2025-03-25T15:11:06.288+0000] {processor.py:914} INFO - Processing file /home/airflow/.local/lib/python3.12/site-packages/airflow/example_dags/example_short_circuit_operator.py for tasks to queue
[2025-03-25T15:11:06.291+0000] {logging_mixin.py:190} INFO - [2025-03-25T15:11:06.290+0000] {dagbag.py:588} INFO - Filling up the DagBag from /home/airflow/.local/lib/python3.12/site-packages/airflow/example_dags/example_short_circuit_operator.py
[2025-03-25T15:11:06.300+0000] {processor.py:925} INFO - DAG(s) 'example_short_circuit_operator' retrieved from /home/airflow/.local/lib/python3.12/site-packages/airflow/example_dags/example_short_circuit_operator.py
[2025-03-25T15:11:06.327+0000] {logging_mixin.py:190} INFO - [2025-03-25T15:11:06.326+0000] {dag.py:3239} INFO - Sync 1 DAGs
[2025-03-25T15:11:06.344+0000] {logging_mixin.py:190} INFO - [2025-03-25T15:11:06.343+0000] {dag.py:4180} INFO - Setting next_dagrun for example_short_circuit_operator to None, run_after=None
[2025-03-25T15:11:06.365+0000] {processor.py:208} INFO - Processing /home/airflow/.local/lib/python3.12/site-packages/airflow/example_dags/example_short_circuit_operator.py took 0.085 seconds
[2025-03-25T15:11:36.478+0000] {processor.py:186} INFO - Started process (PID=397) to work on /home/airflow/.local/lib/python3.12/site-packages/airflow/example_dags/example_short_circuit_operator.py
[2025-03-25T15:11:36.479+0000] {processor.py:914} INFO - Processing file /home/airflow/.local/lib/python3.12/site-packages/airflow/example_dags/example_short_circuit_operator.py for tasks to queue
[2025-03-25T15:11:36.481+0000] {logging_mixin.py:190} INFO - [2025-03-25T15:11:36.481+0000] {dagbag.py:588} INFO - Filling up the DagBag from /home/airflow/.local/lib/python3.12/site-packages/airflow/example_dags/example_short_circuit_operator.py
[2025-03-25T15:11:36.490+0000] {processor.py:925} INFO - DAG(s) 'example_short_circuit_operator' retrieved from /home/airflow/.local/lib/python3.12/site-packages/airflow/example_dags/example_short_circuit_operator.py
[2025-03-25T15:11:36.517+0000] {logging_mixin.py:190} INFO - [2025-03-25T15:11:36.517+0000] {dag.py:3239} INFO - Sync 1 DAGs
[2025-03-25T15:11:36.533+0000] {logging_mixin.py:190} INFO - [2025-03-25T15:11:36.533+0000] {dag.py:4180} INFO - Setting next_dagrun for example_short_circuit_operator to None, run_after=None
[2025-03-25T15:11:36.555+0000] {processor.py:208} INFO - Processing /home/airflow/.local/lib/python3.12/site-packages/airflow/example_dags/example_short_circuit_operator.py took 0.084 seconds
[2025-03-25T15:12:06.737+0000] {processor.py:186} INFO - Started process (PID=460) to work on /home/airflow/.local/lib/python3.12/site-packages/airflow/example_dags/example_short_circuit_operator.py
[2025-03-25T15:12:06.738+0000] {processor.py:914} INFO - Processing file /home/airflow/.local/lib/python3.12/site-packages/airflow/example_dags/example_short_circuit_operator.py for tasks to queue
[2025-03-25T15:12:06.741+0000] {logging_mixin.py:190} INFO - [2025-03-25T15:12:06.741+0000] {dagbag.py:588} INFO - Filling up the DagBag from /home/airflow/.local/lib/python3.12/site-packages/airflow/example_dags/example_short_circuit_operator.py
[2025-03-25T15:12:06.753+0000] {processor.py:925} INFO - DAG(s) 'example_short_circuit_operator' retrieved from /home/airflow/.local/lib/python3.12/site-packages/airflow/example_dags/example_short_circuit_operator.py
[2025-03-25T15:12:06.789+0000] {logging_mixin.py:190} INFO - [2025-03-25T15:12:06.788+0000] {dag.py:3239} INFO - Sync 1 DAGs
[2025-03-25T15:12:06.809+0000] {logging_mixin.py:190} INFO - [2025-03-25T15:12:06.809+0000] {dag.py:4180} INFO - Setting next_dagrun for example_short_circuit_operator to None, run_after=None
[2025-03-25T15:12:06.833+0000] {processor.py:208} INFO - Processing /home/airflow/.local/lib/python3.12/site-packages/airflow/example_dags/example_short_circuit_operator.py took 0.105 seconds
[2025-03-25T15:12:37.366+0000] {processor.py:186} INFO - Started process (PID=529) to work on /home/airflow/.local/lib/python3.12/site-packages/airflow/example_dags/example_short_circuit_operator.py
[2025-03-25T15:12:37.368+0000] {processor.py:914} INFO - Processing file /home/airflow/.local/lib/python3.12/site-packages/airflow/example_dags/example_short_circuit_operator.py for tasks to queue
[2025-03-25T15:12:37.370+0000] {logging_mixin.py:190} INFO - [2025-03-25T15:12:37.370+0000] {dagbag.py:588} INFO - Filling up the DagBag from /home/airflow/.local/lib/python3.12/site-packages/airflow/example_dags/example_short_circuit_operator.py
[2025-03-25T15:12:37.381+0000] {processor.py:925} INFO - DAG(s) 'example_short_circuit_operator' retrieved from /home/airflow/.local/lib/python3.12/site-packages/airflow/example_dags/example_short_circuit_operator.py
[2025-03-25T15:12:37.409+0000] {logging_mixin.py:190} INFO - [2025-03-25T15:12:37.409+0000] {dag.py:3239} INFO - Sync 1 DAGs
[2025-03-25T15:12:37.426+0000] {logging_mixin.py:190} INFO - [2025-03-25T15:12:37.426+0000] {dag.py:4180} INFO - Setting next_dagrun for example_short_circuit_operator to None, run_after=None
[2025-03-25T15:12:37.448+0000] {processor.py:208} INFO - Processing /home/airflow/.local/lib/python3.12/site-packages/airflow/example_dags/example_short_circuit_operator.py took 0.089 seconds
[2025-03-25T15:13:08.205+0000] {processor.py:186} INFO - Started process (PID=592) to work on /home/airflow/.local/lib/python3.12/site-packages/airflow/example_dags/example_short_circuit_operator.py
[2025-03-25T15:13:08.207+0000] {processor.py:914} INFO - Processing file /home/airflow/.local/lib/python3.12/site-packages/airflow/example_dags/example_short_circuit_operator.py for tasks to queue
[2025-03-25T15:13:08.210+0000] {logging_mixin.py:190} INFO - [2025-03-25T15:13:08.209+0000] {dagbag.py:588} INFO - Filling up the DagBag from /home/airflow/.local/lib/python3.12/site-packages/airflow/example_dags/example_short_circuit_operator.py
[2025-03-25T15:13:08.219+0000] {processor.py:925} INFO - DAG(s) 'example_short_circuit_operator' retrieved from /home/airflow/.local/lib/python3.12/site-packages/airflow/example_dags/example_short_circuit_operator.py
[2025-03-25T15:13:08.250+0000] {logging_mixin.py:190} INFO - [2025-03-25T15:13:08.249+0000] {dag.py:3239} INFO - Sync 1 DAGs
[2025-03-25T15:13:08.268+0000] {logging_mixin.py:190} INFO - [2025-03-25T15:13:08.268+0000] {dag.py:4180} INFO - Setting next_dagrun for example_short_circuit_operator to None, run_after=None
[2025-03-25T15:13:08.289+0000] {processor.py:208} INFO - Processing /home/airflow/.local/lib/python3.12/site-packages/airflow/example_dags/example_short_circuit_operator.py took 0.091 seconds
[2025-03-25T15:13:38.737+0000] {processor.py:186} INFO - Started process (PID=655) to work on /home/airflow/.local/lib/python3.12/site-packages/airflow/example_dags/example_short_circuit_operator.py
[2025-03-25T15:13:38.739+0000] {processor.py:914} INFO - Processing file /home/airflow/.local/lib/python3.12/site-packages/airflow/example_dags/example_short_circuit_operator.py for tasks to queue
[2025-03-25T15:13:38.742+0000] {logging_mixin.py:190} INFO - [2025-03-25T15:13:38.742+0000] {dagbag.py:588} INFO - Filling up the DagBag from /home/airflow/.local/lib/python3.12/site-packages/airflow/example_dags/example_short_circuit_operator.py
[2025-03-25T15:13:38.753+0000] {processor.py:925} INFO - DAG(s) 'example_short_circuit_operator' retrieved from /home/airflow/.local/lib/python3.12/site-packages/airflow/example_dags/example_short_circuit_operator.py
[2025-03-25T15:13:38.786+0000] {logging_mixin.py:190} INFO - [2025-03-25T15:13:38.785+0000] {dag.py:3239} INFO - Sync 1 DAGs
[2025-03-25T15:13:38.806+0000] {logging_mixin.py:190} INFO - [2025-03-25T15:13:38.805+0000] {dag.py:4180} INFO - Setting next_dagrun for example_short_circuit_operator to None, run_after=None
[2025-03-25T15:13:38.836+0000] {processor.py:208} INFO - Processing /home/airflow/.local/lib/python3.12/site-packages/airflow/example_dags/example_short_circuit_operator.py took 0.107 seconds
[2025-03-25T15:15:01.905+0000] {processor.py:186} INFO - Started process (PID=76) to work on /home/airflow/.local/lib/python3.12/site-packages/airflow/example_dags/example_short_circuit_operator.py
[2025-03-25T15:15:01.913+0000] {processor.py:914} INFO - Processing file /home/airflow/.local/lib/python3.12/site-packages/airflow/example_dags/example_short_circuit_operator.py for tasks to queue
[2025-03-25T15:15:01.925+0000] {logging_mixin.py:190} INFO - [2025-03-25T15:15:01.923+0000] {dagbag.py:588} INFO - Filling up the DagBag from /home/airflow/.local/lib/python3.12/site-packages/airflow/example_dags/example_short_circuit_operator.py
[2025-03-25T15:15:01.972+0000] {processor.py:925} INFO - DAG(s) 'example_short_circuit_operator' retrieved from /home/airflow/.local/lib/python3.12/site-packages/airflow/example_dags/example_short_circuit_operator.py
[2025-03-25T15:15:02.147+0000] {logging_mixin.py:190} INFO - [2025-03-25T15:15:02.147+0000] {dag.py:3239} INFO - Sync 1 DAGs
[2025-03-25T15:15:02.214+0000] {logging_mixin.py:190} INFO - [2025-03-25T15:15:02.213+0000] {dag.py:4180} INFO - Setting next_dagrun for example_short_circuit_operator to None, run_after=None
[2025-03-25T15:15:02.264+0000] {processor.py:208} INFO - Processing /home/airflow/.local/lib/python3.12/site-packages/airflow/example_dags/example_short_circuit_operator.py took 0.401 seconds
[2025-03-25T15:15:32.898+0000] {processor.py:186} INFO - Started process (PID=139) to work on /home/airflow/.local/lib/python3.12/site-packages/airflow/example_dags/example_short_circuit_operator.py
[2025-03-25T15:15:32.902+0000] {processor.py:914} INFO - Processing file /home/airflow/.local/lib/python3.12/site-packages/airflow/example_dags/example_short_circuit_operator.py for tasks to queue
[2025-03-25T15:15:32.908+0000] {logging_mixin.py:190} INFO - [2025-03-25T15:15:32.907+0000] {dagbag.py:588} INFO - Filling up the DagBag from /home/airflow/.local/lib/python3.12/site-packages/airflow/example_dags/example_short_circuit_operator.py
[2025-03-25T15:15:32.929+0000] {processor.py:925} INFO - DAG(s) 'example_short_circuit_operator' retrieved from /home/airflow/.local/lib/python3.12/site-packages/airflow/example_dags/example_short_circuit_operator.py
[2025-03-25T15:15:32.985+0000] {logging_mixin.py:190} INFO - [2025-03-25T15:15:32.985+0000] {dag.py:3239} INFO - Sync 1 DAGs
[2025-03-25T15:15:33.018+0000] {logging_mixin.py:190} INFO - [2025-03-25T15:15:33.018+0000] {dag.py:4180} INFO - Setting next_dagrun for example_short_circuit_operator to None, run_after=None
[2025-03-25T15:15:33.055+0000] {processor.py:208} INFO - Processing /home/airflow/.local/lib/python3.12/site-packages/airflow/example_dags/example_short_circuit_operator.py took 0.173 seconds
[2025-03-25T15:20:17.994+0000] {processor.py:186} INFO - Started process (PID=83) to work on /home/airflow/.local/lib/python3.12/site-packages/airflow/example_dags/example_short_circuit_operator.py
[2025-03-25T15:20:18.004+0000] {processor.py:914} INFO - Processing file /home/airflow/.local/lib/python3.12/site-packages/airflow/example_dags/example_short_circuit_operator.py for tasks to queue
[2025-03-25T15:20:18.032+0000] {logging_mixin.py:190} INFO - [2025-03-25T15:20:18.029+0000] {dagbag.py:588} INFO - Filling up the DagBag from /home/airflow/.local/lib/python3.12/site-packages/airflow/example_dags/example_short_circuit_operator.py
[2025-03-25T15:20:18.134+0000] {processor.py:925} INFO - DAG(s) 'example_short_circuit_operator' retrieved from /home/airflow/.local/lib/python3.12/site-packages/airflow/example_dags/example_short_circuit_operator.py
[2025-03-25T15:20:18.376+0000] {logging_mixin.py:190} INFO - [2025-03-25T15:20:18.376+0000] {dag.py:3239} INFO - Sync 1 DAGs
[2025-03-25T15:20:18.486+0000] {logging_mixin.py:190} INFO - [2025-03-25T15:20:18.486+0000] {dag.py:4180} INFO - Setting next_dagrun for example_short_circuit_operator to None, run_after=None
[2025-03-25T15:20:18.563+0000] {processor.py:208} INFO - Processing /home/airflow/.local/lib/python3.12/site-packages/airflow/example_dags/example_short_circuit_operator.py took 0.591 seconds
[2025-03-25T15:20:49.621+0000] {processor.py:186} INFO - Started process (PID=146) to work on /home/airflow/.local/lib/python3.12/site-packages/airflow/example_dags/example_short_circuit_operator.py
[2025-03-25T15:20:49.623+0000] {processor.py:914} INFO - Processing file /home/airflow/.local/lib/python3.12/site-packages/airflow/example_dags/example_short_circuit_operator.py for tasks to queue
[2025-03-25T15:20:49.633+0000] {logging_mixin.py:190} INFO - [2025-03-25T15:20:49.627+0000] {dagbag.py:588} INFO - Filling up the DagBag from /home/airflow/.local/lib/python3.12/site-packages/airflow/example_dags/example_short_circuit_operator.py
[2025-03-25T15:20:49.659+0000] {processor.py:925} INFO - DAG(s) 'example_short_circuit_operator' retrieved from /home/airflow/.local/lib/python3.12/site-packages/airflow/example_dags/example_short_circuit_operator.py
[2025-03-25T15:20:49.706+0000] {logging_mixin.py:190} INFO - [2025-03-25T15:20:49.706+0000] {dag.py:3239} INFO - Sync 1 DAGs
[2025-03-25T15:20:49.735+0000] {logging_mixin.py:190} INFO - [2025-03-25T15:20:49.735+0000] {dag.py:4180} INFO - Setting next_dagrun for example_short_circuit_operator to None, run_after=None
[2025-03-25T15:20:49.781+0000] {processor.py:208} INFO - Processing /home/airflow/.local/lib/python3.12/site-packages/airflow/example_dags/example_short_circuit_operator.py took 0.171 seconds
[2025-03-25T15:21:20.073+0000] {processor.py:186} INFO - Started process (PID=209) to work on /home/airflow/.local/lib/python3.12/site-packages/airflow/example_dags/example_short_circuit_operator.py
[2025-03-25T15:21:20.075+0000] {processor.py:914} INFO - Processing file /home/airflow/.local/lib/python3.12/site-packages/airflow/example_dags/example_short_circuit_operator.py for tasks to queue
[2025-03-25T15:21:20.078+0000] {logging_mixin.py:190} INFO - [2025-03-25T15:21:20.077+0000] {dagbag.py:588} INFO - Filling up the DagBag from /home/airflow/.local/lib/python3.12/site-packages/airflow/example_dags/example_short_circuit_operator.py
[2025-03-25T15:21:20.093+0000] {processor.py:925} INFO - DAG(s) 'example_short_circuit_operator' retrieved from /home/airflow/.local/lib/python3.12/site-packages/airflow/example_dags/example_short_circuit_operator.py
[2025-03-25T15:21:20.132+0000] {logging_mixin.py:190} INFO - [2025-03-25T15:21:20.132+0000] {dag.py:3239} INFO - Sync 1 DAGs
[2025-03-25T15:21:20.153+0000] {logging_mixin.py:190} INFO - [2025-03-25T15:21:20.153+0000] {dag.py:4180} INFO - Setting next_dagrun for example_short_circuit_operator to None, run_after=None
[2025-03-25T15:21:20.176+0000] {processor.py:208} INFO - Processing /home/airflow/.local/lib/python3.12/site-packages/airflow/example_dags/example_short_circuit_operator.py took 0.109 seconds
[2025-03-25T15:21:50.731+0000] {processor.py:186} INFO - Started process (PID=272) to work on /home/airflow/.local/lib/python3.12/site-packages/airflow/example_dags/example_short_circuit_operator.py
[2025-03-25T15:21:50.732+0000] {processor.py:914} INFO - Processing file /home/airflow/.local/lib/python3.12/site-packages/airflow/example_dags/example_short_circuit_operator.py for tasks to queue
[2025-03-25T15:21:50.735+0000] {logging_mixin.py:190} INFO - [2025-03-25T15:21:50.734+0000] {dagbag.py:588} INFO - Filling up the DagBag from /home/airflow/.local/lib/python3.12/site-packages/airflow/example_dags/example_short_circuit_operator.py
[2025-03-25T15:21:50.745+0000] {processor.py:925} INFO - DAG(s) 'example_short_circuit_operator' retrieved from /home/airflow/.local/lib/python3.12/site-packages/airflow/example_dags/example_short_circuit_operator.py
[2025-03-25T15:21:50.776+0000] {logging_mixin.py:190} INFO - [2025-03-25T15:21:50.776+0000] {dag.py:3239} INFO - Sync 1 DAGs
[2025-03-25T15:21:50.793+0000] {logging_mixin.py:190} INFO - [2025-03-25T15:21:50.793+0000] {dag.py:4180} INFO - Setting next_dagrun for example_short_circuit_operator to None, run_after=None
[2025-03-25T15:21:50.816+0000] {processor.py:208} INFO - Processing /home/airflow/.local/lib/python3.12/site-packages/airflow/example_dags/example_short_circuit_operator.py took 0.093 seconds
