[2025-03-25T15:09:09.847+0000] {processor.py:186} INFO - Started process (PID=98) to work on /home/airflow/.local/lib/python3.12/site-packages/airflow/example_dags/example_latest_only_with_trigger.py
[2025-03-25T15:09:09.848+0000] {processor.py:914} INFO - Processing file /home/airflow/.local/lib/python3.12/site-packages/airflow/example_dags/example_latest_only_with_trigger.py for tasks to queue
[2025-03-25T15:09:09.851+0000] {logging_mixin.py:190} INFO - [2025-03-25T15:09:09.850+0000] {dagbag.py:588} INFO - Filling up the DagBag from /home/airflow/.local/lib/python3.12/site-packages/airflow/example_dags/example_latest_only_with_trigger.py
[2025-03-25T15:09:09.864+0000] {processor.py:925} INFO - DAG(s) 'latest_only_with_trigger' retrieved from /home/airflow/.local/lib/python3.12/site-packages/airflow/example_dags/example_latest_only_with_trigger.py
[2025-03-25T15:09:10.051+0000] {logging_mixin.py:190} INFO - [2025-03-25T15:09:10.049+0000] {override.py:1912} INFO - Created Permission View: can read on DAG:latest_only_with_trigger
[2025-03-25T15:09:10.081+0000] {logging_mixin.py:190} INFO - [2025-03-25T15:09:10.081+0000] {override.py:1912} INFO - Created Permission View: can delete on DAG:latest_only_with_trigger
[2025-03-25T15:09:10.098+0000] {logging_mixin.py:190} INFO - [2025-03-25T15:09:10.097+0000] {override.py:1912} INFO - Created Permission View: can edit on DAG:latest_only_with_trigger
[2025-03-25T15:09:10.117+0000] {logging_mixin.py:190} INFO - [2025-03-25T15:09:10.116+0000] {override.py:1912} INFO - Created Permission View: can create on DAG Run:latest_only_with_trigger
[2025-03-25T15:09:10.131+0000] {logging_mixin.py:190} INFO - [2025-03-25T15:09:10.130+0000] {override.py:1912} INFO - Created Permission View: can read on DAG Run:latest_only_with_trigger
[2025-03-25T15:09:10.144+0000] {logging_mixin.py:190} INFO - [2025-03-25T15:09:10.143+0000] {override.py:1912} INFO - Created Permission View: can delete on DAG Run:latest_only_with_trigger
[2025-03-25T15:09:10.158+0000] {logging_mixin.py:190} INFO - [2025-03-25T15:09:10.157+0000] {override.py:1912} INFO - Created Permission View: menu access on DAG Run:latest_only_with_trigger
[2025-03-25T15:09:10.159+0000] {logging_mixin.py:190} INFO - [2025-03-25T15:09:10.158+0000] {dag.py:3239} INFO - Sync 1 DAGs
[2025-03-25T15:09:10.206+0000] {logging_mixin.py:190} INFO - [2025-03-25T15:09:10.205+0000] {dag.py:3262} INFO - Creating ORM DAG for latest_only_with_trigger
[2025-03-25T15:09:10.238+0000] {logging_mixin.py:190} INFO - [2025-03-25T15:09:10.237+0000] {dag.py:4180} INFO - Setting next_dagrun for latest_only_with_trigger to 2025-03-25 08:00:00+00:00, run_after=2025-03-25 12:00:00+00:00
[2025-03-25T15:09:10.283+0000] {processor.py:208} INFO - Processing /home/airflow/.local/lib/python3.12/site-packages/airflow/example_dags/example_latest_only_with_trigger.py took 0.446 seconds
[2025-03-25T15:09:40.832+0000] {processor.py:186} INFO - Started process (PID=161) to work on /home/airflow/.local/lib/python3.12/site-packages/airflow/example_dags/example_latest_only_with_trigger.py
[2025-03-25T15:09:40.833+0000] {processor.py:914} INFO - Processing file /home/airflow/.local/lib/python3.12/site-packages/airflow/example_dags/example_latest_only_with_trigger.py for tasks to queue
[2025-03-25T15:09:40.835+0000] {logging_mixin.py:190} INFO - [2025-03-25T15:09:40.835+0000] {dagbag.py:588} INFO - Filling up the DagBag from /home/airflow/.local/lib/python3.12/site-packages/airflow/example_dags/example_latest_only_with_trigger.py
[2025-03-25T15:09:40.843+0000] {processor.py:925} INFO - DAG(s) 'latest_only_with_trigger' retrieved from /home/airflow/.local/lib/python3.12/site-packages/airflow/example_dags/example_latest_only_with_trigger.py
[2025-03-25T15:09:40.865+0000] {logging_mixin.py:190} INFO - [2025-03-25T15:09:40.865+0000] {dag.py:3239} INFO - Sync 1 DAGs
[2025-03-25T15:09:40.887+0000] {logging_mixin.py:190} INFO - [2025-03-25T15:09:40.887+0000] {dag.py:4180} INFO - Setting next_dagrun for latest_only_with_trigger to 2025-03-25 08:00:00+00:00, run_after=2025-03-25 12:00:00+00:00
[2025-03-25T15:09:40.905+0000] {processor.py:208} INFO - Processing /home/airflow/.local/lib/python3.12/site-packages/airflow/example_dags/example_latest_only_with_trigger.py took 0.080 seconds
[2025-03-25T15:10:11.472+0000] {processor.py:186} INFO - Started process (PID=224) to work on /home/airflow/.local/lib/python3.12/site-packages/airflow/example_dags/example_latest_only_with_trigger.py
[2025-03-25T15:10:11.473+0000] {processor.py:914} INFO - Processing file /home/airflow/.local/lib/python3.12/site-packages/airflow/example_dags/example_latest_only_with_trigger.py for tasks to queue
[2025-03-25T15:10:11.476+0000] {logging_mixin.py:190} INFO - [2025-03-25T15:10:11.475+0000] {dagbag.py:588} INFO - Filling up the DagBag from /home/airflow/.local/lib/python3.12/site-packages/airflow/example_dags/example_latest_only_with_trigger.py
[2025-03-25T15:10:11.484+0000] {processor.py:925} INFO - DAG(s) 'latest_only_with_trigger' retrieved from /home/airflow/.local/lib/python3.12/site-packages/airflow/example_dags/example_latest_only_with_trigger.py
[2025-03-25T15:10:11.509+0000] {logging_mixin.py:190} INFO - [2025-03-25T15:10:11.509+0000] {dag.py:3239} INFO - Sync 1 DAGs
[2025-03-25T15:10:11.536+0000] {logging_mixin.py:190} INFO - [2025-03-25T15:10:11.536+0000] {dag.py:4180} INFO - Setting next_dagrun for latest_only_with_trigger to 2025-03-25 08:00:00+00:00, run_after=2025-03-25 12:00:00+00:00
[2025-03-25T15:10:11.557+0000] {processor.py:208} INFO - Processing /home/airflow/.local/lib/python3.12/site-packages/airflow/example_dags/example_latest_only_with_trigger.py took 0.093 seconds
[2025-03-25T15:10:42.152+0000] {processor.py:186} INFO - Started process (PID=288) to work on /home/airflow/.local/lib/python3.12/site-packages/airflow/example_dags/example_latest_only_with_trigger.py
[2025-03-25T15:10:42.153+0000] {processor.py:914} INFO - Processing file /home/airflow/.local/lib/python3.12/site-packages/airflow/example_dags/example_latest_only_with_trigger.py for tasks to queue
[2025-03-25T15:10:42.155+0000] {logging_mixin.py:190} INFO - [2025-03-25T15:10:42.155+0000] {dagbag.py:588} INFO - Filling up the DagBag from /home/airflow/.local/lib/python3.12/site-packages/airflow/example_dags/example_latest_only_with_trigger.py
[2025-03-25T15:10:42.163+0000] {processor.py:925} INFO - DAG(s) 'latest_only_with_trigger' retrieved from /home/airflow/.local/lib/python3.12/site-packages/airflow/example_dags/example_latest_only_with_trigger.py
[2025-03-25T15:10:42.185+0000] {logging_mixin.py:190} INFO - [2025-03-25T15:10:42.184+0000] {dag.py:3239} INFO - Sync 1 DAGs
[2025-03-25T15:10:42.208+0000] {logging_mixin.py:190} INFO - [2025-03-25T15:10:42.208+0000] {dag.py:4180} INFO - Setting next_dagrun for latest_only_with_trigger to 2025-03-25 08:00:00+00:00, run_after=2025-03-25 12:00:00+00:00
[2025-03-25T15:10:42.226+0000] {processor.py:208} INFO - Processing /home/airflow/.local/lib/python3.12/site-packages/airflow/example_dags/example_latest_only_with_trigger.py took 0.081 seconds
[2025-03-25T15:11:12.948+0000] {processor.py:186} INFO - Started process (PID=351) to work on /home/airflow/.local/lib/python3.12/site-packages/airflow/example_dags/example_latest_only_with_trigger.py
[2025-03-25T15:11:12.950+0000] {processor.py:914} INFO - Processing file /home/airflow/.local/lib/python3.12/site-packages/airflow/example_dags/example_latest_only_with_trigger.py for tasks to queue
[2025-03-25T15:11:12.953+0000] {logging_mixin.py:190} INFO - [2025-03-25T15:11:12.953+0000] {dagbag.py:588} INFO - Filling up the DagBag from /home/airflow/.local/lib/python3.12/site-packages/airflow/example_dags/example_latest_only_with_trigger.py
[2025-03-25T15:11:12.963+0000] {processor.py:925} INFO - DAG(s) 'latest_only_with_trigger' retrieved from /home/airflow/.local/lib/python3.12/site-packages/airflow/example_dags/example_latest_only_with_trigger.py
[2025-03-25T15:11:12.993+0000] {logging_mixin.py:190} INFO - [2025-03-25T15:11:12.993+0000] {dag.py:3239} INFO - Sync 1 DAGs
[2025-03-25T15:11:13.021+0000] {logging_mixin.py:190} INFO - [2025-03-25T15:11:13.020+0000] {dag.py:4180} INFO - Setting next_dagrun for latest_only_with_trigger to 2025-03-25 08:00:00+00:00, run_after=2025-03-25 12:00:00+00:00
[2025-03-25T15:11:13.043+0000] {processor.py:208} INFO - Processing /home/airflow/.local/lib/python3.12/site-packages/airflow/example_dags/example_latest_only_with_trigger.py took 0.102 seconds
[2025-03-25T15:11:40.945+0000] {processor.py:186} INFO - Started process (PID=419) to work on /home/airflow/.local/lib/python3.12/site-packages/airflow/example_dags/example_latest_only_with_trigger.py
[2025-03-25T15:11:40.946+0000] {processor.py:914} INFO - Processing file /home/airflow/.local/lib/python3.12/site-packages/airflow/example_dags/example_latest_only_with_trigger.py for tasks to queue
[2025-03-25T15:11:40.949+0000] {logging_mixin.py:190} INFO - [2025-03-25T15:11:40.949+0000] {dagbag.py:588} INFO - Filling up the DagBag from /home/airflow/.local/lib/python3.12/site-packages/airflow/example_dags/example_latest_only_with_trigger.py
[2025-03-25T15:11:40.959+0000] {processor.py:925} INFO - DAG(s) 'latest_only_with_trigger' retrieved from /home/airflow/.local/lib/python3.12/site-packages/airflow/example_dags/example_latest_only_with_trigger.py
[2025-03-25T15:11:40.984+0000] {logging_mixin.py:190} INFO - [2025-03-25T15:11:40.984+0000] {dag.py:3239} INFO - Sync 1 DAGs
[2025-03-25T15:11:41.013+0000] {logging_mixin.py:190} INFO - [2025-03-25T15:11:41.013+0000] {dag.py:4180} INFO - Setting next_dagrun for latest_only_with_trigger to 2025-03-25 08:00:00+00:00, run_after=2025-03-25 12:00:00+00:00
[2025-03-25T15:11:41.034+0000] {processor.py:208} INFO - Processing /home/airflow/.local/lib/python3.12/site-packages/airflow/example_dags/example_latest_only_with_trigger.py took 0.097 seconds
[2025-03-25T15:12:11.623+0000] {processor.py:186} INFO - Started process (PID=478) to work on /home/airflow/.local/lib/python3.12/site-packages/airflow/example_dags/example_latest_only_with_trigger.py
[2025-03-25T15:12:11.625+0000] {processor.py:914} INFO - Processing file /home/airflow/.local/lib/python3.12/site-packages/airflow/example_dags/example_latest_only_with_trigger.py for tasks to queue
[2025-03-25T15:12:11.628+0000] {logging_mixin.py:190} INFO - [2025-03-25T15:12:11.627+0000] {dagbag.py:588} INFO - Filling up the DagBag from /home/airflow/.local/lib/python3.12/site-packages/airflow/example_dags/example_latest_only_with_trigger.py
[2025-03-25T15:12:11.640+0000] {processor.py:925} INFO - DAG(s) 'latest_only_with_trigger' retrieved from /home/airflow/.local/lib/python3.12/site-packages/airflow/example_dags/example_latest_only_with_trigger.py
[2025-03-25T15:12:11.674+0000] {logging_mixin.py:190} INFO - [2025-03-25T15:12:11.673+0000] {dag.py:3239} INFO - Sync 1 DAGs
[2025-03-25T15:12:11.706+0000] {logging_mixin.py:190} INFO - [2025-03-25T15:12:11.705+0000] {dag.py:4180} INFO - Setting next_dagrun for latest_only_with_trigger to 2025-03-25 08:00:00+00:00, run_after=2025-03-25 12:00:00+00:00
[2025-03-25T15:12:11.736+0000] {processor.py:208} INFO - Processing /home/airflow/.local/lib/python3.12/site-packages/airflow/example_dags/example_latest_only_with_trigger.py took 0.123 seconds
[2025-03-25T15:12:42.145+0000] {processor.py:186} INFO - Started process (PID=542) to work on /home/airflow/.local/lib/python3.12/site-packages/airflow/example_dags/example_latest_only_with_trigger.py
[2025-03-25T15:12:42.146+0000] {processor.py:914} INFO - Processing file /home/airflow/.local/lib/python3.12/site-packages/airflow/example_dags/example_latest_only_with_trigger.py for tasks to queue
[2025-03-25T15:12:42.150+0000] {logging_mixin.py:190} INFO - [2025-03-25T15:12:42.149+0000] {dagbag.py:588} INFO - Filling up the DagBag from /home/airflow/.local/lib/python3.12/site-packages/airflow/example_dags/example_latest_only_with_trigger.py
[2025-03-25T15:12:42.158+0000] {processor.py:925} INFO - DAG(s) 'latest_only_with_trigger' retrieved from /home/airflow/.local/lib/python3.12/site-packages/airflow/example_dags/example_latest_only_with_trigger.py
[2025-03-25T15:12:42.184+0000] {logging_mixin.py:190} INFO - [2025-03-25T15:12:42.184+0000] {dag.py:3239} INFO - Sync 1 DAGs
[2025-03-25T15:12:42.212+0000] {logging_mixin.py:190} INFO - [2025-03-25T15:12:42.212+0000] {dag.py:4180} INFO - Setting next_dagrun for latest_only_with_trigger to 2025-03-25 08:00:00+00:00, run_after=2025-03-25 12:00:00+00:00
[2025-03-25T15:12:42.233+0000] {processor.py:208} INFO - Processing /home/airflow/.local/lib/python3.12/site-packages/airflow/example_dags/example_latest_only_with_trigger.py took 0.095 seconds
[2025-03-25T15:13:12.945+0000] {processor.py:186} INFO - Started process (PID=604) to work on /home/airflow/.local/lib/python3.12/site-packages/airflow/example_dags/example_latest_only_with_trigger.py
[2025-03-25T15:13:12.947+0000] {processor.py:914} INFO - Processing file /home/airflow/.local/lib/python3.12/site-packages/airflow/example_dags/example_latest_only_with_trigger.py for tasks to queue
[2025-03-25T15:13:12.949+0000] {logging_mixin.py:190} INFO - [2025-03-25T15:13:12.949+0000] {dagbag.py:588} INFO - Filling up the DagBag from /home/airflow/.local/lib/python3.12/site-packages/airflow/example_dags/example_latest_only_with_trigger.py
[2025-03-25T15:13:12.957+0000] {processor.py:925} INFO - DAG(s) 'latest_only_with_trigger' retrieved from /home/airflow/.local/lib/python3.12/site-packages/airflow/example_dags/example_latest_only_with_trigger.py
[2025-03-25T15:13:12.982+0000] {logging_mixin.py:190} INFO - [2025-03-25T15:13:12.982+0000] {dag.py:3239} INFO - Sync 1 DAGs
[2025-03-25T15:13:13.009+0000] {logging_mixin.py:190} INFO - [2025-03-25T15:13:13.008+0000] {dag.py:4180} INFO - Setting next_dagrun for latest_only_with_trigger to 2025-03-25 08:00:00+00:00, run_after=2025-03-25 12:00:00+00:00
[2025-03-25T15:13:13.029+0000] {processor.py:208} INFO - Processing /home/airflow/.local/lib/python3.12/site-packages/airflow/example_dags/example_latest_only_with_trigger.py took 0.090 seconds
[2025-03-25T15:13:43.234+0000] {processor.py:186} INFO - Started process (PID=671) to work on /home/airflow/.local/lib/python3.12/site-packages/airflow/example_dags/example_latest_only_with_trigger.py
[2025-03-25T15:13:43.235+0000] {processor.py:914} INFO - Processing file /home/airflow/.local/lib/python3.12/site-packages/airflow/example_dags/example_latest_only_with_trigger.py for tasks to queue
[2025-03-25T15:13:43.237+0000] {logging_mixin.py:190} INFO - [2025-03-25T15:13:43.237+0000] {dagbag.py:588} INFO - Filling up the DagBag from /home/airflow/.local/lib/python3.12/site-packages/airflow/example_dags/example_latest_only_with_trigger.py
[2025-03-25T15:13:43.246+0000] {processor.py:925} INFO - DAG(s) 'latest_only_with_trigger' retrieved from /home/airflow/.local/lib/python3.12/site-packages/airflow/example_dags/example_latest_only_with_trigger.py
[2025-03-25T15:13:43.266+0000] {logging_mixin.py:190} INFO - [2025-03-25T15:13:43.266+0000] {dag.py:3239} INFO - Sync 1 DAGs
[2025-03-25T15:13:43.292+0000] {logging_mixin.py:190} INFO - [2025-03-25T15:13:43.291+0000] {dag.py:4180} INFO - Setting next_dagrun for latest_only_with_trigger to 2025-03-25 08:00:00+00:00, run_after=2025-03-25 12:00:00+00:00
[2025-03-25T15:13:43.312+0000] {processor.py:208} INFO - Processing /home/airflow/.local/lib/python3.12/site-packages/airflow/example_dags/example_latest_only_with_trigger.py took 0.084 seconds
[2025-03-25T15:15:04.703+0000] {processor.py:186} INFO - Started process (PID=92) to work on /home/airflow/.local/lib/python3.12/site-packages/airflow/example_dags/example_latest_only_with_trigger.py
[2025-03-25T15:15:04.708+0000] {processor.py:914} INFO - Processing file /home/airflow/.local/lib/python3.12/site-packages/airflow/example_dags/example_latest_only_with_trigger.py for tasks to queue
[2025-03-25T15:15:04.727+0000] {logging_mixin.py:190} INFO - [2025-03-25T15:15:04.725+0000] {dagbag.py:588} INFO - Filling up the DagBag from /home/airflow/.local/lib/python3.12/site-packages/airflow/example_dags/example_latest_only_with_trigger.py
[2025-03-25T15:15:04.772+0000] {processor.py:925} INFO - DAG(s) 'latest_only_with_trigger' retrieved from /home/airflow/.local/lib/python3.12/site-packages/airflow/example_dags/example_latest_only_with_trigger.py
[2025-03-25T15:15:04.916+0000] {logging_mixin.py:190} INFO - [2025-03-25T15:15:04.916+0000] {dag.py:3239} INFO - Sync 1 DAGs
[2025-03-25T15:15:05.078+0000] {logging_mixin.py:190} INFO - [2025-03-25T15:15:05.077+0000] {dag.py:4180} INFO - Setting next_dagrun for latest_only_with_trigger to 2025-03-25 08:00:00+00:00, run_after=2025-03-25 12:00:00+00:00
[2025-03-25T15:15:05.141+0000] {processor.py:208} INFO - Processing /home/airflow/.local/lib/python3.12/site-packages/airflow/example_dags/example_latest_only_with_trigger.py took 0.462 seconds
[2025-03-25T15:15:35.884+0000] {processor.py:186} INFO - Started process (PID=155) to work on /home/airflow/.local/lib/python3.12/site-packages/airflow/example_dags/example_latest_only_with_trigger.py
[2025-03-25T15:15:35.886+0000] {processor.py:914} INFO - Processing file /home/airflow/.local/lib/python3.12/site-packages/airflow/example_dags/example_latest_only_with_trigger.py for tasks to queue
[2025-03-25T15:15:35.889+0000] {logging_mixin.py:190} INFO - [2025-03-25T15:15:35.888+0000] {dagbag.py:588} INFO - Filling up the DagBag from /home/airflow/.local/lib/python3.12/site-packages/airflow/example_dags/example_latest_only_with_trigger.py
[2025-03-25T15:15:35.898+0000] {processor.py:925} INFO - DAG(s) 'latest_only_with_trigger' retrieved from /home/airflow/.local/lib/python3.12/site-packages/airflow/example_dags/example_latest_only_with_trigger.py
[2025-03-25T15:15:35.933+0000] {logging_mixin.py:190} INFO - [2025-03-25T15:15:35.932+0000] {dag.py:3239} INFO - Sync 1 DAGs
[2025-03-25T15:15:35.971+0000] {logging_mixin.py:190} INFO - [2025-03-25T15:15:35.971+0000] {dag.py:4180} INFO - Setting next_dagrun for latest_only_with_trigger to 2025-03-25 08:00:00+00:00, run_after=2025-03-25 12:00:00+00:00
[2025-03-25T15:15:35.994+0000] {processor.py:208} INFO - Processing /home/airflow/.local/lib/python3.12/site-packages/airflow/example_dags/example_latest_only_with_trigger.py took 0.120 seconds
[2025-03-25T15:20:22.001+0000] {processor.py:186} INFO - Started process (PID=99) to work on /home/airflow/.local/lib/python3.12/site-packages/airflow/example_dags/example_latest_only_with_trigger.py
[2025-03-25T15:20:22.003+0000] {processor.py:914} INFO - Processing file /home/airflow/.local/lib/python3.12/site-packages/airflow/example_dags/example_latest_only_with_trigger.py for tasks to queue
[2025-03-25T15:20:22.006+0000] {logging_mixin.py:190} INFO - [2025-03-25T15:20:22.005+0000] {dagbag.py:588} INFO - Filling up the DagBag from /home/airflow/.local/lib/python3.12/site-packages/airflow/example_dags/example_latest_only_with_trigger.py
[2025-03-25T15:20:22.016+0000] {processor.py:925} INFO - DAG(s) 'latest_only_with_trigger' retrieved from /home/airflow/.local/lib/python3.12/site-packages/airflow/example_dags/example_latest_only_with_trigger.py
[2025-03-25T15:20:22.049+0000] {logging_mixin.py:190} INFO - [2025-03-25T15:20:22.049+0000] {dag.py:3239} INFO - Sync 1 DAGs
[2025-03-25T15:20:22.084+0000] {logging_mixin.py:190} INFO - [2025-03-25T15:20:22.084+0000] {dag.py:4180} INFO - Setting next_dagrun for latest_only_with_trigger to 2025-03-25 08:00:00+00:00, run_after=2025-03-25 12:00:00+00:00
[2025-03-25T15:20:22.118+0000] {processor.py:208} INFO - Processing /home/airflow/.local/lib/python3.12/site-packages/airflow/example_dags/example_latest_only_with_trigger.py took 0.124 seconds
[2025-03-25T15:20:52.992+0000] {processor.py:186} INFO - Started process (PID=162) to work on /home/airflow/.local/lib/python3.12/site-packages/airflow/example_dags/example_latest_only_with_trigger.py
[2025-03-25T15:20:52.993+0000] {processor.py:914} INFO - Processing file /home/airflow/.local/lib/python3.12/site-packages/airflow/example_dags/example_latest_only_with_trigger.py for tasks to queue
[2025-03-25T15:20:52.996+0000] {logging_mixin.py:190} INFO - [2025-03-25T15:20:52.995+0000] {dagbag.py:588} INFO - Filling up the DagBag from /home/airflow/.local/lib/python3.12/site-packages/airflow/example_dags/example_latest_only_with_trigger.py
[2025-03-25T15:20:53.006+0000] {processor.py:925} INFO - DAG(s) 'latest_only_with_trigger' retrieved from /home/airflow/.local/lib/python3.12/site-packages/airflow/example_dags/example_latest_only_with_trigger.py
[2025-03-25T15:20:53.036+0000] {logging_mixin.py:190} INFO - [2025-03-25T15:20:53.035+0000] {dag.py:3239} INFO - Sync 1 DAGs
[2025-03-25T15:20:53.081+0000] {logging_mixin.py:190} INFO - [2025-03-25T15:20:53.080+0000] {dag.py:4180} INFO - Setting next_dagrun for latest_only_with_trigger to 2025-03-25 08:00:00+00:00, run_after=2025-03-25 12:00:00+00:00
[2025-03-25T15:20:53.105+0000] {processor.py:208} INFO - Processing /home/airflow/.local/lib/python3.12/site-packages/airflow/example_dags/example_latest_only_with_trigger.py took 0.122 seconds
[2025-03-25T15:21:23.170+0000] {processor.py:186} INFO - Started process (PID=225) to work on /home/airflow/.local/lib/python3.12/site-packages/airflow/example_dags/example_latest_only_with_trigger.py
[2025-03-25T15:21:23.171+0000] {processor.py:914} INFO - Processing file /home/airflow/.local/lib/python3.12/site-packages/airflow/example_dags/example_latest_only_with_trigger.py for tasks to queue
[2025-03-25T15:21:23.174+0000] {logging_mixin.py:190} INFO - [2025-03-25T15:21:23.173+0000] {dagbag.py:588} INFO - Filling up the DagBag from /home/airflow/.local/lib/python3.12/site-packages/airflow/example_dags/example_latest_only_with_trigger.py
[2025-03-25T15:21:23.184+0000] {processor.py:925} INFO - DAG(s) 'latest_only_with_trigger' retrieved from /home/airflow/.local/lib/python3.12/site-packages/airflow/example_dags/example_latest_only_with_trigger.py
[2025-03-25T15:21:23.215+0000] {logging_mixin.py:190} INFO - [2025-03-25T15:21:23.214+0000] {dag.py:3239} INFO - Sync 1 DAGs
[2025-03-25T15:21:23.242+0000] {logging_mixin.py:190} INFO - [2025-03-25T15:21:23.242+0000] {dag.py:4180} INFO - Setting next_dagrun for latest_only_with_trigger to 2025-03-25 08:00:00+00:00, run_after=2025-03-25 12:00:00+00:00
[2025-03-25T15:21:23.265+0000] {processor.py:208} INFO - Processing /home/airflow/.local/lib/python3.12/site-packages/airflow/example_dags/example_latest_only_with_trigger.py took 0.102 seconds
[2025-03-25T15:21:53.642+0000] {processor.py:186} INFO - Started process (PID=288) to work on /home/airflow/.local/lib/python3.12/site-packages/airflow/example_dags/example_latest_only_with_trigger.py
[2025-03-25T15:21:53.643+0000] {processor.py:914} INFO - Processing file /home/airflow/.local/lib/python3.12/site-packages/airflow/example_dags/example_latest_only_with_trigger.py for tasks to queue
[2025-03-25T15:21:53.647+0000] {logging_mixin.py:190} INFO - [2025-03-25T15:21:53.646+0000] {dagbag.py:588} INFO - Filling up the DagBag from /home/airflow/.local/lib/python3.12/site-packages/airflow/example_dags/example_latest_only_with_trigger.py
[2025-03-25T15:21:53.657+0000] {processor.py:925} INFO - DAG(s) 'latest_only_with_trigger' retrieved from /home/airflow/.local/lib/python3.12/site-packages/airflow/example_dags/example_latest_only_with_trigger.py
[2025-03-25T15:21:53.684+0000] {logging_mixin.py:190} INFO - [2025-03-25T15:21:53.683+0000] {dag.py:3239} INFO - Sync 1 DAGs
[2025-03-25T15:21:53.717+0000] {logging_mixin.py:190} INFO - [2025-03-25T15:21:53.717+0000] {dag.py:4180} INFO - Setting next_dagrun for latest_only_with_trigger to 2025-03-25 08:00:00+00:00, run_after=2025-03-25 12:00:00+00:00
[2025-03-25T15:21:53.739+0000] {processor.py:208} INFO - Processing /home/airflow/.local/lib/python3.12/site-packages/airflow/example_dags/example_latest_only_with_trigger.py took 0.106 seconds
