[2025-03-25T15:09:16.423+0000] {processor.py:186} INFO - Started process (PID=115) to work on /home/airflow/.local/lib/python3.12/site-packages/airflow/example_dags/example_python_decorator.py
[2025-03-25T15:09:16.425+0000] {processor.py:914} INFO - Processing file /home/airflow/.local/lib/python3.12/site-packages/airflow/example_dags/example_python_decorator.py for tasks to queue
[2025-03-25T15:09:16.428+0000] {logging_mixin.py:190} INFO - [2025-03-25T15:09:16.428+0000] {dagbag.py:588} INFO - Filling up the DagBag from /home/airflow/.local/lib/python3.12/site-packages/airflow/example_dags/example_python_decorator.py
[2025-03-25T15:09:16.451+0000] {processor.py:925} INFO - DAG(s) 'example_python_decorator' retrieved from /home/airflow/.local/lib/python3.12/site-packages/airflow/example_dags/example_python_decorator.py
[2025-03-25T15:09:16.600+0000] {logging_mixin.py:190} INFO - [2025-03-25T15:09:16.599+0000] {override.py:1912} INFO - Created Permission View: can read on DAG:example_python_decorator
[2025-03-25T15:09:16.614+0000] {logging_mixin.py:190} INFO - [2025-03-25T15:09:16.613+0000] {override.py:1912} INFO - Created Permission View: can delete on DAG:example_python_decorator
[2025-03-25T15:09:16.623+0000] {logging_mixin.py:190} INFO - [2025-03-25T15:09:16.622+0000] {override.py:1912} INFO - Created Permission View: can edit on DAG:example_python_decorator
[2025-03-25T15:09:16.634+0000] {logging_mixin.py:190} INFO - [2025-03-25T15:09:16.634+0000] {override.py:1912} INFO - Created Permission View: can create on DAG Run:example_python_decorator
[2025-03-25T15:09:16.643+0000] {logging_mixin.py:190} INFO - [2025-03-25T15:09:16.643+0000] {override.py:1912} INFO - Created Permission View: can read on DAG Run:example_python_decorator
[2025-03-25T15:09:16.652+0000] {logging_mixin.py:190} INFO - [2025-03-25T15:09:16.652+0000] {override.py:1912} INFO - Created Permission View: can delete on DAG Run:example_python_decorator
[2025-03-25T15:09:16.661+0000] {logging_mixin.py:190} INFO - [2025-03-25T15:09:16.661+0000] {override.py:1912} INFO - Created Permission View: menu access on DAG Run:example_python_decorator
[2025-03-25T15:09:16.662+0000] {logging_mixin.py:190} INFO - [2025-03-25T15:09:16.662+0000] {dag.py:3239} INFO - Sync 1 DAGs
[2025-03-25T15:09:16.677+0000] {logging_mixin.py:190} INFO - [2025-03-25T15:09:16.677+0000] {dag.py:3262} INFO - Creating ORM DAG for example_python_decorator
[2025-03-25T15:09:16.678+0000] {logging_mixin.py:190} INFO - [2025-03-25T15:09:16.678+0000] {dag.py:4180} INFO - Setting next_dagrun for example_python_decorator to None, run_after=None
[2025-03-25T15:09:16.699+0000] {processor.py:208} INFO - Processing /home/airflow/.local/lib/python3.12/site-packages/airflow/example_dags/example_python_decorator.py took 0.286 seconds
[2025-03-25T15:09:47.255+0000] {processor.py:186} INFO - Started process (PID=178) to work on /home/airflow/.local/lib/python3.12/site-packages/airflow/example_dags/example_python_decorator.py
[2025-03-25T15:09:47.256+0000] {processor.py:914} INFO - Processing file /home/airflow/.local/lib/python3.12/site-packages/airflow/example_dags/example_python_decorator.py for tasks to queue
[2025-03-25T15:09:47.259+0000] {logging_mixin.py:190} INFO - [2025-03-25T15:09:47.258+0000] {dagbag.py:588} INFO - Filling up the DagBag from /home/airflow/.local/lib/python3.12/site-packages/airflow/example_dags/example_python_decorator.py
[2025-03-25T15:09:47.278+0000] {processor.py:925} INFO - DAG(s) 'example_python_decorator' retrieved from /home/airflow/.local/lib/python3.12/site-packages/airflow/example_dags/example_python_decorator.py
[2025-03-25T15:09:47.307+0000] {logging_mixin.py:190} INFO - [2025-03-25T15:09:47.306+0000] {dag.py:3239} INFO - Sync 1 DAGs
[2025-03-25T15:09:47.326+0000] {logging_mixin.py:190} INFO - [2025-03-25T15:09:47.326+0000] {dag.py:4180} INFO - Setting next_dagrun for example_python_decorator to None, run_after=None
[2025-03-25T15:09:47.349+0000] {processor.py:208} INFO - Processing /home/airflow/.local/lib/python3.12/site-packages/airflow/example_dags/example_python_decorator.py took 0.103 seconds
[2025-03-25T15:10:19.410+0000] {processor.py:186} INFO - Started process (PID=247) to work on /home/airflow/.local/lib/python3.12/site-packages/airflow/example_dags/example_python_decorator.py
[2025-03-25T15:10:19.412+0000] {processor.py:914} INFO - Processing file /home/airflow/.local/lib/python3.12/site-packages/airflow/example_dags/example_python_decorator.py for tasks to queue
[2025-03-25T15:10:19.415+0000] {logging_mixin.py:190} INFO - [2025-03-25T15:10:19.415+0000] {dagbag.py:588} INFO - Filling up the DagBag from /home/airflow/.local/lib/python3.12/site-packages/airflow/example_dags/example_python_decorator.py
[2025-03-25T15:10:19.443+0000] {processor.py:925} INFO - DAG(s) 'example_python_decorator' retrieved from /home/airflow/.local/lib/python3.12/site-packages/airflow/example_dags/example_python_decorator.py
[2025-03-25T15:10:19.483+0000] {logging_mixin.py:190} INFO - [2025-03-25T15:10:19.483+0000] {dag.py:3239} INFO - Sync 1 DAGs
[2025-03-25T15:10:19.507+0000] {logging_mixin.py:190} INFO - [2025-03-25T15:10:19.507+0000] {dag.py:4180} INFO - Setting next_dagrun for example_python_decorator to None, run_after=None
[2025-03-25T15:10:19.538+0000] {processor.py:208} INFO - Processing /home/airflow/.local/lib/python3.12/site-packages/airflow/example_dags/example_python_decorator.py took 0.136 seconds
[2025-03-25T15:10:50.538+0000] {processor.py:186} INFO - Started process (PID=310) to work on /home/airflow/.local/lib/python3.12/site-packages/airflow/example_dags/example_python_decorator.py
[2025-03-25T15:10:50.539+0000] {processor.py:914} INFO - Processing file /home/airflow/.local/lib/python3.12/site-packages/airflow/example_dags/example_python_decorator.py for tasks to queue
[2025-03-25T15:10:50.541+0000] {logging_mixin.py:190} INFO - [2025-03-25T15:10:50.541+0000] {dagbag.py:588} INFO - Filling up the DagBag from /home/airflow/.local/lib/python3.12/site-packages/airflow/example_dags/example_python_decorator.py
[2025-03-25T15:10:50.560+0000] {processor.py:925} INFO - DAG(s) 'example_python_decorator' retrieved from /home/airflow/.local/lib/python3.12/site-packages/airflow/example_dags/example_python_decorator.py
[2025-03-25T15:10:50.585+0000] {logging_mixin.py:190} INFO - [2025-03-25T15:10:50.584+0000] {dag.py:3239} INFO - Sync 1 DAGs
[2025-03-25T15:10:50.599+0000] {logging_mixin.py:190} INFO - [2025-03-25T15:10:50.599+0000] {dag.py:4180} INFO - Setting next_dagrun for example_python_decorator to None, run_after=None
[2025-03-25T15:10:50.621+0000] {processor.py:208} INFO - Processing /home/airflow/.local/lib/python3.12/site-packages/airflow/example_dags/example_python_decorator.py took 0.090 seconds
[2025-03-25T15:11:22.119+0000] {processor.py:186} INFO - Started process (PID=373) to work on /home/airflow/.local/lib/python3.12/site-packages/airflow/example_dags/example_python_decorator.py
[2025-03-25T15:11:22.120+0000] {processor.py:914} INFO - Processing file /home/airflow/.local/lib/python3.12/site-packages/airflow/example_dags/example_python_decorator.py for tasks to queue
[2025-03-25T15:11:22.122+0000] {logging_mixin.py:190} INFO - [2025-03-25T15:11:22.122+0000] {dagbag.py:588} INFO - Filling up the DagBag from /home/airflow/.local/lib/python3.12/site-packages/airflow/example_dags/example_python_decorator.py
[2025-03-25T15:11:22.145+0000] {processor.py:925} INFO - DAG(s) 'example_python_decorator' retrieved from /home/airflow/.local/lib/python3.12/site-packages/airflow/example_dags/example_python_decorator.py
[2025-03-25T15:11:22.170+0000] {logging_mixin.py:190} INFO - [2025-03-25T15:11:22.169+0000] {dag.py:3239} INFO - Sync 1 DAGs
[2025-03-25T15:11:22.186+0000] {logging_mixin.py:190} INFO - [2025-03-25T15:11:22.186+0000] {dag.py:4180} INFO - Setting next_dagrun for example_python_decorator to None, run_after=None
[2025-03-25T15:11:22.209+0000] {processor.py:208} INFO - Processing /home/airflow/.local/lib/python3.12/site-packages/airflow/example_dags/example_python_decorator.py took 0.097 seconds
[2025-03-25T15:11:53.225+0000] {processor.py:186} INFO - Started process (PID=436) to work on /home/airflow/.local/lib/python3.12/site-packages/airflow/example_dags/example_python_decorator.py
[2025-03-25T15:11:53.226+0000] {processor.py:914} INFO - Processing file /home/airflow/.local/lib/python3.12/site-packages/airflow/example_dags/example_python_decorator.py for tasks to queue
[2025-03-25T15:11:53.228+0000] {logging_mixin.py:190} INFO - [2025-03-25T15:11:53.228+0000] {dagbag.py:588} INFO - Filling up the DagBag from /home/airflow/.local/lib/python3.12/site-packages/airflow/example_dags/example_python_decorator.py
[2025-03-25T15:11:53.243+0000] {processor.py:925} INFO - DAG(s) 'example_python_decorator' retrieved from /home/airflow/.local/lib/python3.12/site-packages/airflow/example_dags/example_python_decorator.py
[2025-03-25T15:11:53.273+0000] {logging_mixin.py:190} INFO - [2025-03-25T15:11:53.273+0000] {dag.py:3239} INFO - Sync 1 DAGs
[2025-03-25T15:11:53.290+0000] {logging_mixin.py:190} INFO - [2025-03-25T15:11:53.289+0000] {dag.py:4180} INFO - Setting next_dagrun for example_python_decorator to None, run_after=None
[2025-03-25T15:11:53.311+0000] {processor.py:208} INFO - Processing /home/airflow/.local/lib/python3.12/site-packages/airflow/example_dags/example_python_decorator.py took 0.092 seconds
[2025-03-25T15:12:24.915+0000] {processor.py:186} INFO - Started process (PID=499) to work on /home/airflow/.local/lib/python3.12/site-packages/airflow/example_dags/example_python_decorator.py
[2025-03-25T15:12:24.917+0000] {processor.py:914} INFO - Processing file /home/airflow/.local/lib/python3.12/site-packages/airflow/example_dags/example_python_decorator.py for tasks to queue
[2025-03-25T15:12:24.919+0000] {logging_mixin.py:190} INFO - [2025-03-25T15:12:24.919+0000] {dagbag.py:588} INFO - Filling up the DagBag from /home/airflow/.local/lib/python3.12/site-packages/airflow/example_dags/example_python_decorator.py
[2025-03-25T15:12:24.938+0000] {processor.py:925} INFO - DAG(s) 'example_python_decorator' retrieved from /home/airflow/.local/lib/python3.12/site-packages/airflow/example_dags/example_python_decorator.py
[2025-03-25T15:12:24.969+0000] {logging_mixin.py:190} INFO - [2025-03-25T15:12:24.968+0000] {dag.py:3239} INFO - Sync 1 DAGs
[2025-03-25T15:12:24.990+0000] {logging_mixin.py:190} INFO - [2025-03-25T15:12:24.989+0000] {dag.py:4180} INFO - Setting next_dagrun for example_python_decorator to None, run_after=None
[2025-03-25T15:12:25.015+0000] {processor.py:208} INFO - Processing /home/airflow/.local/lib/python3.12/site-packages/airflow/example_dags/example_python_decorator.py took 0.108 seconds
[2025-03-25T15:12:55.862+0000] {processor.py:186} INFO - Started process (PID=562) to work on /home/airflow/.local/lib/python3.12/site-packages/airflow/example_dags/example_python_decorator.py
[2025-03-25T15:12:55.863+0000] {processor.py:914} INFO - Processing file /home/airflow/.local/lib/python3.12/site-packages/airflow/example_dags/example_python_decorator.py for tasks to queue
[2025-03-25T15:12:55.866+0000] {logging_mixin.py:190} INFO - [2025-03-25T15:12:55.865+0000] {dagbag.py:588} INFO - Filling up the DagBag from /home/airflow/.local/lib/python3.12/site-packages/airflow/example_dags/example_python_decorator.py
[2025-03-25T15:12:55.882+0000] {processor.py:925} INFO - DAG(s) 'example_python_decorator' retrieved from /home/airflow/.local/lib/python3.12/site-packages/airflow/example_dags/example_python_decorator.py
[2025-03-25T15:12:55.908+0000] {logging_mixin.py:190} INFO - [2025-03-25T15:12:55.908+0000] {dag.py:3239} INFO - Sync 1 DAGs
[2025-03-25T15:12:55.928+0000] {logging_mixin.py:190} INFO - [2025-03-25T15:12:55.928+0000] {dag.py:4180} INFO - Setting next_dagrun for example_python_decorator to None, run_after=None
[2025-03-25T15:12:55.949+0000] {processor.py:208} INFO - Processing /home/airflow/.local/lib/python3.12/site-packages/airflow/example_dags/example_python_decorator.py took 0.094 seconds
[2025-03-25T15:13:28.233+0000] {processor.py:186} INFO - Started process (PID=625) to work on /home/airflow/.local/lib/python3.12/site-packages/airflow/example_dags/example_python_decorator.py
[2025-03-25T15:13:28.235+0000] {processor.py:914} INFO - Processing file /home/airflow/.local/lib/python3.12/site-packages/airflow/example_dags/example_python_decorator.py for tasks to queue
[2025-03-25T15:13:28.240+0000] {logging_mixin.py:190} INFO - [2025-03-25T15:13:28.239+0000] {dagbag.py:588} INFO - Filling up the DagBag from /home/airflow/.local/lib/python3.12/site-packages/airflow/example_dags/example_python_decorator.py
[2025-03-25T15:13:28.272+0000] {processor.py:925} INFO - DAG(s) 'example_python_decorator' retrieved from /home/airflow/.local/lib/python3.12/site-packages/airflow/example_dags/example_python_decorator.py
[2025-03-25T15:13:28.322+0000] {logging_mixin.py:190} INFO - [2025-03-25T15:13:28.321+0000] {dag.py:3239} INFO - Sync 1 DAGs
[2025-03-25T15:13:28.353+0000] {logging_mixin.py:190} INFO - [2025-03-25T15:13:28.352+0000] {dag.py:4180} INFO - Setting next_dagrun for example_python_decorator to None, run_after=None
[2025-03-25T15:13:28.383+0000] {processor.py:208} INFO - Processing /home/airflow/.local/lib/python3.12/site-packages/airflow/example_dags/example_python_decorator.py took 0.163 seconds
[2025-03-25T15:15:13.218+0000] {processor.py:186} INFO - Started process (PID=109) to work on /home/airflow/.local/lib/python3.12/site-packages/airflow/example_dags/example_python_decorator.py
[2025-03-25T15:15:13.220+0000] {processor.py:914} INFO - Processing file /home/airflow/.local/lib/python3.12/site-packages/airflow/example_dags/example_python_decorator.py for tasks to queue
[2025-03-25T15:15:13.223+0000] {logging_mixin.py:190} INFO - [2025-03-25T15:15:13.223+0000] {dagbag.py:588} INFO - Filling up the DagBag from /home/airflow/.local/lib/python3.12/site-packages/airflow/example_dags/example_python_decorator.py
[2025-03-25T15:15:13.249+0000] {processor.py:925} INFO - DAG(s) 'example_python_decorator' retrieved from /home/airflow/.local/lib/python3.12/site-packages/airflow/example_dags/example_python_decorator.py
[2025-03-25T15:15:13.433+0000] {logging_mixin.py:190} INFO - [2025-03-25T15:15:13.433+0000] {dag.py:3239} INFO - Sync 1 DAGs
[2025-03-25T15:15:13.456+0000] {logging_mixin.py:190} INFO - [2025-03-25T15:15:13.455+0000] {dag.py:4180} INFO - Setting next_dagrun for example_python_decorator to None, run_after=None
[2025-03-25T15:15:13.490+0000] {processor.py:208} INFO - Processing /home/airflow/.local/lib/python3.12/site-packages/airflow/example_dags/example_python_decorator.py took 0.280 seconds
[2025-03-25T15:20:27.378+0000] {processor.py:186} INFO - Started process (PID=116) to work on /home/airflow/.local/lib/python3.12/site-packages/airflow/example_dags/example_python_decorator.py
[2025-03-25T15:20:27.380+0000] {processor.py:914} INFO - Processing file /home/airflow/.local/lib/python3.12/site-packages/airflow/example_dags/example_python_decorator.py for tasks to queue
[2025-03-25T15:20:27.382+0000] {logging_mixin.py:190} INFO - [2025-03-25T15:20:27.382+0000] {dagbag.py:588} INFO - Filling up the DagBag from /home/airflow/.local/lib/python3.12/site-packages/airflow/example_dags/example_python_decorator.py
[2025-03-25T15:20:27.402+0000] {processor.py:925} INFO - DAG(s) 'example_python_decorator' retrieved from /home/airflow/.local/lib/python3.12/site-packages/airflow/example_dags/example_python_decorator.py
[2025-03-25T15:20:27.557+0000] {logging_mixin.py:190} INFO - [2025-03-25T15:20:27.557+0000] {dag.py:3239} INFO - Sync 1 DAGs
[2025-03-25T15:20:27.574+0000] {logging_mixin.py:190} INFO - [2025-03-25T15:20:27.574+0000] {dag.py:4180} INFO - Setting next_dagrun for example_python_decorator to None, run_after=None
[2025-03-25T15:20:27.600+0000] {processor.py:208} INFO - Processing /home/airflow/.local/lib/python3.12/site-packages/airflow/example_dags/example_python_decorator.py took 0.230 seconds
[2025-03-25T15:20:57.484+0000] {processor.py:186} INFO - Started process (PID=179) to work on /home/airflow/.local/lib/python3.12/site-packages/airflow/example_dags/example_python_decorator.py
[2025-03-25T15:20:57.486+0000] {processor.py:914} INFO - Processing file /home/airflow/.local/lib/python3.12/site-packages/airflow/example_dags/example_python_decorator.py for tasks to queue
[2025-03-25T15:20:57.491+0000] {logging_mixin.py:190} INFO - [2025-03-25T15:20:57.490+0000] {dagbag.py:588} INFO - Filling up the DagBag from /home/airflow/.local/lib/python3.12/site-packages/airflow/example_dags/example_python_decorator.py
[2025-03-25T15:20:57.528+0000] {processor.py:925} INFO - DAG(s) 'example_python_decorator' retrieved from /home/airflow/.local/lib/python3.12/site-packages/airflow/example_dags/example_python_decorator.py
[2025-03-25T15:20:57.569+0000] {logging_mixin.py:190} INFO - [2025-03-25T15:20:57.569+0000] {dag.py:3239} INFO - Sync 1 DAGs
[2025-03-25T15:20:57.596+0000] {logging_mixin.py:190} INFO - [2025-03-25T15:20:57.596+0000] {dag.py:4180} INFO - Setting next_dagrun for example_python_decorator to None, run_after=None
[2025-03-25T15:20:57.628+0000] {processor.py:208} INFO - Processing /home/airflow/.local/lib/python3.12/site-packages/airflow/example_dags/example_python_decorator.py took 0.161 seconds
[2025-03-25T15:21:29.023+0000] {processor.py:186} INFO - Started process (PID=239) to work on /home/airflow/.local/lib/python3.12/site-packages/airflow/example_dags/example_python_decorator.py
[2025-03-25T15:21:29.025+0000] {processor.py:914} INFO - Processing file /home/airflow/.local/lib/python3.12/site-packages/airflow/example_dags/example_python_decorator.py for tasks to queue
[2025-03-25T15:21:29.027+0000] {logging_mixin.py:190} INFO - [2025-03-25T15:21:29.027+0000] {dagbag.py:588} INFO - Filling up the DagBag from /home/airflow/.local/lib/python3.12/site-packages/airflow/example_dags/example_python_decorator.py
[2025-03-25T15:21:29.046+0000] {processor.py:925} INFO - DAG(s) 'example_python_decorator' retrieved from /home/airflow/.local/lib/python3.12/site-packages/airflow/example_dags/example_python_decorator.py
[2025-03-25T15:21:29.071+0000] {logging_mixin.py:190} INFO - [2025-03-25T15:21:29.071+0000] {dag.py:3239} INFO - Sync 1 DAGs
[2025-03-25T15:21:29.089+0000] {logging_mixin.py:190} INFO - [2025-03-25T15:21:29.088+0000] {dag.py:4180} INFO - Setting next_dagrun for example_python_decorator to None, run_after=None
[2025-03-25T15:21:29.110+0000] {processor.py:208} INFO - Processing /home/airflow/.local/lib/python3.12/site-packages/airflow/example_dags/example_python_decorator.py took 0.094 seconds
[2025-03-25T15:22:00.285+0000] {processor.py:186} INFO - Started process (PID=302) to work on /home/airflow/.local/lib/python3.12/site-packages/airflow/example_dags/example_python_decorator.py
[2025-03-25T15:22:00.286+0000] {processor.py:914} INFO - Processing file /home/airflow/.local/lib/python3.12/site-packages/airflow/example_dags/example_python_decorator.py for tasks to queue
[2025-03-25T15:22:00.288+0000] {logging_mixin.py:190} INFO - [2025-03-25T15:22:00.288+0000] {dagbag.py:588} INFO - Filling up the DagBag from /home/airflow/.local/lib/python3.12/site-packages/airflow/example_dags/example_python_decorator.py
[2025-03-25T15:22:00.307+0000] {processor.py:925} INFO - DAG(s) 'example_python_decorator' retrieved from /home/airflow/.local/lib/python3.12/site-packages/airflow/example_dags/example_python_decorator.py
[2025-03-25T15:22:00.334+0000] {logging_mixin.py:190} INFO - [2025-03-25T15:22:00.334+0000] {dag.py:3239} INFO - Sync 1 DAGs
[2025-03-25T15:22:00.352+0000] {logging_mixin.py:190} INFO - [2025-03-25T15:22:00.352+0000] {dag.py:4180} INFO - Setting next_dagrun for example_python_decorator to None, run_after=None
[2025-03-25T15:22:00.375+0000] {processor.py:208} INFO - Processing /home/airflow/.local/lib/python3.12/site-packages/airflow/example_dags/example_python_decorator.py took 0.097 seconds
