[2025-03-25T15:09:18.195+0000] {processor.py:186} INFO - Started process (PID=125) to work on /home/airflow/.local/lib/python3.12/site-packages/airflow/example_dags/tutorial_taskflow_templates.py
[2025-03-25T15:09:18.196+0000] {processor.py:914} INFO - Processing file /home/airflow/.local/lib/python3.12/site-packages/airflow/example_dags/tutorial_taskflow_templates.py for tasks to queue
[2025-03-25T15:09:18.199+0000] {logging_mixin.py:190} INFO - [2025-03-25T15:09:18.199+0000] {dagbag.py:588} INFO - Filling up the DagBag from /home/airflow/.local/lib/python3.12/site-packages/airflow/example_dags/tutorial_taskflow_templates.py
[2025-03-25T15:09:18.218+0000] {processor.py:925} INFO - DAG(s) 'tutorial_taskflow_templates' retrieved from /home/airflow/.local/lib/python3.12/site-packages/airflow/example_dags/tutorial_taskflow_templates.py
[2025-03-25T15:09:18.357+0000] {logging_mixin.py:190} INFO - [2025-03-25T15:09:18.356+0000] {override.py:1912} INFO - Created Permission View: can read on DAG:tutorial_taskflow_templates
[2025-03-25T15:09:18.371+0000] {logging_mixin.py:190} INFO - [2025-03-25T15:09:18.371+0000] {override.py:1912} INFO - Created Permission View: can delete on DAG:tutorial_taskflow_templates
[2025-03-25T15:09:18.380+0000] {logging_mixin.py:190} INFO - [2025-03-25T15:09:18.380+0000] {override.py:1912} INFO - Created Permission View: can edit on DAG:tutorial_taskflow_templates
[2025-03-25T15:09:18.391+0000] {logging_mixin.py:190} INFO - [2025-03-25T15:09:18.391+0000] {override.py:1912} INFO - Created Permission View: can create on DAG Run:tutorial_taskflow_templates
[2025-03-25T15:09:18.401+0000] {logging_mixin.py:190} INFO - [2025-03-25T15:09:18.401+0000] {override.py:1912} INFO - Created Permission View: can read on DAG Run:tutorial_taskflow_templates
[2025-03-25T15:09:18.412+0000] {logging_mixin.py:190} INFO - [2025-03-25T15:09:18.411+0000] {override.py:1912} INFO - Created Permission View: can delete on DAG Run:tutorial_taskflow_templates
[2025-03-25T15:09:18.423+0000] {logging_mixin.py:190} INFO - [2025-03-25T15:09:18.422+0000] {override.py:1912} INFO - Created Permission View: menu access on DAG Run:tutorial_taskflow_templates
[2025-03-25T15:09:18.423+0000] {logging_mixin.py:190} INFO - [2025-03-25T15:09:18.423+0000] {dag.py:3239} INFO - Sync 1 DAGs
[2025-03-25T15:09:18.439+0000] {logging_mixin.py:190} INFO - [2025-03-25T15:09:18.439+0000] {dag.py:3262} INFO - Creating ORM DAG for tutorial_taskflow_templates
[2025-03-25T15:09:18.454+0000] {logging_mixin.py:190} INFO - [2025-03-25T15:09:18.453+0000] {dag.py:4180} INFO - Setting next_dagrun for tutorial_taskflow_templates to 2025-03-24 00:00:00+00:00, run_after=2025-03-25 00:00:00+00:00
[2025-03-25T15:09:18.477+0000] {processor.py:208} INFO - Processing /home/airflow/.local/lib/python3.12/site-packages/airflow/example_dags/tutorial_taskflow_templates.py took 0.291 seconds
[2025-03-25T15:09:48.938+0000] {processor.py:186} INFO - Started process (PID=188) to work on /home/airflow/.local/lib/python3.12/site-packages/airflow/example_dags/tutorial_taskflow_templates.py
[2025-03-25T15:09:48.939+0000] {processor.py:914} INFO - Processing file /home/airflow/.local/lib/python3.12/site-packages/airflow/example_dags/tutorial_taskflow_templates.py for tasks to queue
[2025-03-25T15:09:48.943+0000] {logging_mixin.py:190} INFO - [2025-03-25T15:09:48.943+0000] {dagbag.py:588} INFO - Filling up the DagBag from /home/airflow/.local/lib/python3.12/site-packages/airflow/example_dags/tutorial_taskflow_templates.py
[2025-03-25T15:09:48.966+0000] {processor.py:925} INFO - DAG(s) 'tutorial_taskflow_templates' retrieved from /home/airflow/.local/lib/python3.12/site-packages/airflow/example_dags/tutorial_taskflow_templates.py
[2025-03-25T15:09:48.993+0000] {logging_mixin.py:190} INFO - [2025-03-25T15:09:48.993+0000] {dag.py:3239} INFO - Sync 1 DAGs
[2025-03-25T15:09:49.025+0000] {logging_mixin.py:190} INFO - [2025-03-25T15:09:49.025+0000] {dag.py:4180} INFO - Setting next_dagrun for tutorial_taskflow_templates to 2025-03-24 00:00:00+00:00, run_after=2025-03-25 00:00:00+00:00
[2025-03-25T15:09:49.057+0000] {processor.py:208} INFO - Processing /home/airflow/.local/lib/python3.12/site-packages/airflow/example_dags/tutorial_taskflow_templates.py took 0.130 seconds
[2025-03-25T15:10:20.196+0000] {processor.py:186} INFO - Started process (PID=257) to work on /home/airflow/.local/lib/python3.12/site-packages/airflow/example_dags/tutorial_taskflow_templates.py
[2025-03-25T15:10:20.197+0000] {processor.py:914} INFO - Processing file /home/airflow/.local/lib/python3.12/site-packages/airflow/example_dags/tutorial_taskflow_templates.py for tasks to queue
[2025-03-25T15:10:20.199+0000] {logging_mixin.py:190} INFO - [2025-03-25T15:10:20.199+0000] {dagbag.py:588} INFO - Filling up the DagBag from /home/airflow/.local/lib/python3.12/site-packages/airflow/example_dags/tutorial_taskflow_templates.py
[2025-03-25T15:10:20.213+0000] {processor.py:925} INFO - DAG(s) 'tutorial_taskflow_templates' retrieved from /home/airflow/.local/lib/python3.12/site-packages/airflow/example_dags/tutorial_taskflow_templates.py
[2025-03-25T15:10:20.234+0000] {logging_mixin.py:190} INFO - [2025-03-25T15:10:20.233+0000] {dag.py:3239} INFO - Sync 1 DAGs
[2025-03-25T15:10:20.259+0000] {logging_mixin.py:190} INFO - [2025-03-25T15:10:20.259+0000] {dag.py:4180} INFO - Setting next_dagrun for tutorial_taskflow_templates to 2025-03-24 00:00:00+00:00, run_after=2025-03-25 00:00:00+00:00
[2025-03-25T15:10:20.279+0000] {processor.py:208} INFO - Processing /home/airflow/.local/lib/python3.12/site-packages/airflow/example_dags/tutorial_taskflow_templates.py took 0.089 seconds
[2025-03-25T15:10:51.145+0000] {processor.py:186} INFO - Started process (PID=320) to work on /home/airflow/.local/lib/python3.12/site-packages/airflow/example_dags/tutorial_taskflow_templates.py
[2025-03-25T15:10:51.147+0000] {processor.py:914} INFO - Processing file /home/airflow/.local/lib/python3.12/site-packages/airflow/example_dags/tutorial_taskflow_templates.py for tasks to queue
[2025-03-25T15:10:51.149+0000] {logging_mixin.py:190} INFO - [2025-03-25T15:10:51.148+0000] {dagbag.py:588} INFO - Filling up the DagBag from /home/airflow/.local/lib/python3.12/site-packages/airflow/example_dags/tutorial_taskflow_templates.py
[2025-03-25T15:10:51.163+0000] {processor.py:925} INFO - DAG(s) 'tutorial_taskflow_templates' retrieved from /home/airflow/.local/lib/python3.12/site-packages/airflow/example_dags/tutorial_taskflow_templates.py
[2025-03-25T15:10:51.187+0000] {logging_mixin.py:190} INFO - [2025-03-25T15:10:51.187+0000] {dag.py:3239} INFO - Sync 1 DAGs
[2025-03-25T15:10:51.214+0000] {logging_mixin.py:190} INFO - [2025-03-25T15:10:51.214+0000] {dag.py:4180} INFO - Setting next_dagrun for tutorial_taskflow_templates to 2025-03-24 00:00:00+00:00, run_after=2025-03-25 00:00:00+00:00
[2025-03-25T15:10:51.233+0000] {processor.py:208} INFO - Processing /home/airflow/.local/lib/python3.12/site-packages/airflow/example_dags/tutorial_taskflow_templates.py took 0.094 seconds
[2025-03-25T15:11:22.813+0000] {processor.py:186} INFO - Started process (PID=383) to work on /home/airflow/.local/lib/python3.12/site-packages/airflow/example_dags/tutorial_taskflow_templates.py
[2025-03-25T15:11:22.814+0000] {processor.py:914} INFO - Processing file /home/airflow/.local/lib/python3.12/site-packages/airflow/example_dags/tutorial_taskflow_templates.py for tasks to queue
[2025-03-25T15:11:22.817+0000] {logging_mixin.py:190} INFO - [2025-03-25T15:11:22.816+0000] {dagbag.py:588} INFO - Filling up the DagBag from /home/airflow/.local/lib/python3.12/site-packages/airflow/example_dags/tutorial_taskflow_templates.py
[2025-03-25T15:11:22.831+0000] {processor.py:925} INFO - DAG(s) 'tutorial_taskflow_templates' retrieved from /home/airflow/.local/lib/python3.12/site-packages/airflow/example_dags/tutorial_taskflow_templates.py
[2025-03-25T15:11:22.852+0000] {logging_mixin.py:190} INFO - [2025-03-25T15:11:22.852+0000] {dag.py:3239} INFO - Sync 1 DAGs
[2025-03-25T15:11:22.876+0000] {logging_mixin.py:190} INFO - [2025-03-25T15:11:22.876+0000] {dag.py:4180} INFO - Setting next_dagrun for tutorial_taskflow_templates to 2025-03-24 00:00:00+00:00, run_after=2025-03-25 00:00:00+00:00
[2025-03-25T15:11:22.895+0000] {processor.py:208} INFO - Processing /home/airflow/.local/lib/python3.12/site-packages/airflow/example_dags/tutorial_taskflow_templates.py took 0.088 seconds
[2025-03-25T15:11:53.912+0000] {processor.py:186} INFO - Started process (PID=446) to work on /home/airflow/.local/lib/python3.12/site-packages/airflow/example_dags/tutorial_taskflow_templates.py
[2025-03-25T15:11:53.914+0000] {processor.py:914} INFO - Processing file /home/airflow/.local/lib/python3.12/site-packages/airflow/example_dags/tutorial_taskflow_templates.py for tasks to queue
[2025-03-25T15:11:53.916+0000] {logging_mixin.py:190} INFO - [2025-03-25T15:11:53.916+0000] {dagbag.py:588} INFO - Filling up the DagBag from /home/airflow/.local/lib/python3.12/site-packages/airflow/example_dags/tutorial_taskflow_templates.py
[2025-03-25T15:11:53.932+0000] {processor.py:925} INFO - DAG(s) 'tutorial_taskflow_templates' retrieved from /home/airflow/.local/lib/python3.12/site-packages/airflow/example_dags/tutorial_taskflow_templates.py
[2025-03-25T15:11:53.957+0000] {logging_mixin.py:190} INFO - [2025-03-25T15:11:53.957+0000] {dag.py:3239} INFO - Sync 1 DAGs
[2025-03-25T15:11:53.986+0000] {logging_mixin.py:190} INFO - [2025-03-25T15:11:53.986+0000] {dag.py:4180} INFO - Setting next_dagrun for tutorial_taskflow_templates to 2025-03-24 00:00:00+00:00, run_after=2025-03-25 00:00:00+00:00
[2025-03-25T15:11:54.008+0000] {processor.py:208} INFO - Processing /home/airflow/.local/lib/python3.12/site-packages/airflow/example_dags/tutorial_taskflow_templates.py took 0.103 seconds
[2025-03-25T15:12:25.598+0000] {processor.py:186} INFO - Started process (PID=509) to work on /home/airflow/.local/lib/python3.12/site-packages/airflow/example_dags/tutorial_taskflow_templates.py
[2025-03-25T15:12:25.599+0000] {processor.py:914} INFO - Processing file /home/airflow/.local/lib/python3.12/site-packages/airflow/example_dags/tutorial_taskflow_templates.py for tasks to queue
[2025-03-25T15:12:25.601+0000] {logging_mixin.py:190} INFO - [2025-03-25T15:12:25.601+0000] {dagbag.py:588} INFO - Filling up the DagBag from /home/airflow/.local/lib/python3.12/site-packages/airflow/example_dags/tutorial_taskflow_templates.py
[2025-03-25T15:12:25.620+0000] {processor.py:925} INFO - DAG(s) 'tutorial_taskflow_templates' retrieved from /home/airflow/.local/lib/python3.12/site-packages/airflow/example_dags/tutorial_taskflow_templates.py
[2025-03-25T15:12:25.645+0000] {logging_mixin.py:190} INFO - [2025-03-25T15:12:25.645+0000] {dag.py:3239} INFO - Sync 1 DAGs
[2025-03-25T15:12:25.679+0000] {logging_mixin.py:190} INFO - [2025-03-25T15:12:25.679+0000] {dag.py:4180} INFO - Setting next_dagrun for tutorial_taskflow_templates to 2025-03-24 00:00:00+00:00, run_after=2025-03-25 00:00:00+00:00
[2025-03-25T15:12:25.704+0000] {processor.py:208} INFO - Processing /home/airflow/.local/lib/python3.12/site-packages/airflow/example_dags/tutorial_taskflow_templates.py took 0.114 seconds
[2025-03-25T15:12:56.457+0000] {processor.py:186} INFO - Started process (PID=572) to work on /home/airflow/.local/lib/python3.12/site-packages/airflow/example_dags/tutorial_taskflow_templates.py
[2025-03-25T15:12:56.459+0000] {processor.py:914} INFO - Processing file /home/airflow/.local/lib/python3.12/site-packages/airflow/example_dags/tutorial_taskflow_templates.py for tasks to queue
[2025-03-25T15:12:56.461+0000] {logging_mixin.py:190} INFO - [2025-03-25T15:12:56.461+0000] {dagbag.py:588} INFO - Filling up the DagBag from /home/airflow/.local/lib/python3.12/site-packages/airflow/example_dags/tutorial_taskflow_templates.py
[2025-03-25T15:12:56.477+0000] {processor.py:925} INFO - DAG(s) 'tutorial_taskflow_templates' retrieved from /home/airflow/.local/lib/python3.12/site-packages/airflow/example_dags/tutorial_taskflow_templates.py
[2025-03-25T15:12:56.499+0000] {logging_mixin.py:190} INFO - [2025-03-25T15:12:56.499+0000] {dag.py:3239} INFO - Sync 1 DAGs
[2025-03-25T15:12:56.526+0000] {logging_mixin.py:190} INFO - [2025-03-25T15:12:56.526+0000] {dag.py:4180} INFO - Setting next_dagrun for tutorial_taskflow_templates to 2025-03-24 00:00:00+00:00, run_after=2025-03-25 00:00:00+00:00
[2025-03-25T15:12:56.548+0000] {processor.py:208} INFO - Processing /home/airflow/.local/lib/python3.12/site-packages/airflow/example_dags/tutorial_taskflow_templates.py took 0.097 seconds
[2025-03-25T15:13:28.991+0000] {processor.py:186} INFO - Started process (PID=635) to work on /home/airflow/.local/lib/python3.12/site-packages/airflow/example_dags/tutorial_taskflow_templates.py
[2025-03-25T15:13:28.992+0000] {processor.py:914} INFO - Processing file /home/airflow/.local/lib/python3.12/site-packages/airflow/example_dags/tutorial_taskflow_templates.py for tasks to queue
[2025-03-25T15:13:28.995+0000] {logging_mixin.py:190} INFO - [2025-03-25T15:13:28.995+0000] {dagbag.py:588} INFO - Filling up the DagBag from /home/airflow/.local/lib/python3.12/site-packages/airflow/example_dags/tutorial_taskflow_templates.py
[2025-03-25T15:13:29.012+0000] {processor.py:925} INFO - DAG(s) 'tutorial_taskflow_templates' retrieved from /home/airflow/.local/lib/python3.12/site-packages/airflow/example_dags/tutorial_taskflow_templates.py
[2025-03-25T15:13:29.037+0000] {logging_mixin.py:190} INFO - [2025-03-25T15:13:29.037+0000] {dag.py:3239} INFO - Sync 1 DAGs
[2025-03-25T15:13:29.069+0000] {logging_mixin.py:190} INFO - [2025-03-25T15:13:29.069+0000] {dag.py:4180} INFO - Setting next_dagrun for tutorial_taskflow_templates to 2025-03-24 00:00:00+00:00, run_after=2025-03-25 00:00:00+00:00
[2025-03-25T15:13:29.096+0000] {processor.py:208} INFO - Processing /home/airflow/.local/lib/python3.12/site-packages/airflow/example_dags/tutorial_taskflow_templates.py took 0.113 seconds
[2025-03-25T15:15:14.202+0000] {processor.py:186} INFO - Started process (PID=119) to work on /home/airflow/.local/lib/python3.12/site-packages/airflow/example_dags/tutorial_taskflow_templates.py
[2025-03-25T15:15:14.204+0000] {processor.py:914} INFO - Processing file /home/airflow/.local/lib/python3.12/site-packages/airflow/example_dags/tutorial_taskflow_templates.py for tasks to queue
[2025-03-25T15:15:14.207+0000] {logging_mixin.py:190} INFO - [2025-03-25T15:15:14.207+0000] {dagbag.py:588} INFO - Filling up the DagBag from /home/airflow/.local/lib/python3.12/site-packages/airflow/example_dags/tutorial_taskflow_templates.py
[2025-03-25T15:15:14.238+0000] {processor.py:925} INFO - DAG(s) 'tutorial_taskflow_templates' retrieved from /home/airflow/.local/lib/python3.12/site-packages/airflow/example_dags/tutorial_taskflow_templates.py
[2025-03-25T15:15:14.269+0000] {logging_mixin.py:190} INFO - [2025-03-25T15:15:14.269+0000] {dag.py:3239} INFO - Sync 1 DAGs
[2025-03-25T15:15:14.309+0000] {logging_mixin.py:190} INFO - [2025-03-25T15:15:14.309+0000] {dag.py:4180} INFO - Setting next_dagrun for tutorial_taskflow_templates to 2025-03-24 00:00:00+00:00, run_after=2025-03-25 00:00:00+00:00
[2025-03-25T15:15:14.338+0000] {processor.py:208} INFO - Processing /home/airflow/.local/lib/python3.12/site-packages/airflow/example_dags/tutorial_taskflow_templates.py took 0.144 seconds
[2025-03-25T15:20:28.177+0000] {processor.py:186} INFO - Started process (PID=126) to work on /home/airflow/.local/lib/python3.12/site-packages/airflow/example_dags/tutorial_taskflow_templates.py
[2025-03-25T15:20:28.179+0000] {processor.py:914} INFO - Processing file /home/airflow/.local/lib/python3.12/site-packages/airflow/example_dags/tutorial_taskflow_templates.py for tasks to queue
[2025-03-25T15:20:28.185+0000] {logging_mixin.py:190} INFO - [2025-03-25T15:20:28.184+0000] {dagbag.py:588} INFO - Filling up the DagBag from /home/airflow/.local/lib/python3.12/site-packages/airflow/example_dags/tutorial_taskflow_templates.py
[2025-03-25T15:20:28.201+0000] {processor.py:925} INFO - DAG(s) 'tutorial_taskflow_templates' retrieved from /home/airflow/.local/lib/python3.12/site-packages/airflow/example_dags/tutorial_taskflow_templates.py
[2025-03-25T15:20:28.226+0000] {logging_mixin.py:190} INFO - [2025-03-25T15:20:28.226+0000] {dag.py:3239} INFO - Sync 1 DAGs
[2025-03-25T15:20:28.262+0000] {logging_mixin.py:190} INFO - [2025-03-25T15:20:28.262+0000] {dag.py:4180} INFO - Setting next_dagrun for tutorial_taskflow_templates to 2025-03-24 00:00:00+00:00, run_after=2025-03-25 00:00:00+00:00
[2025-03-25T15:20:28.284+0000] {processor.py:208} INFO - Processing /home/airflow/.local/lib/python3.12/site-packages/airflow/example_dags/tutorial_taskflow_templates.py took 0.115 seconds
[2025-03-25T15:20:59.302+0000] {processor.py:186} INFO - Started process (PID=189) to work on /home/airflow/.local/lib/python3.12/site-packages/airflow/example_dags/tutorial_taskflow_templates.py
[2025-03-25T15:20:59.304+0000] {processor.py:914} INFO - Processing file /home/airflow/.local/lib/python3.12/site-packages/airflow/example_dags/tutorial_taskflow_templates.py for tasks to queue
[2025-03-25T15:20:59.306+0000] {logging_mixin.py:190} INFO - [2025-03-25T15:20:59.306+0000] {dagbag.py:588} INFO - Filling up the DagBag from /home/airflow/.local/lib/python3.12/site-packages/airflow/example_dags/tutorial_taskflow_templates.py
[2025-03-25T15:20:59.330+0000] {processor.py:925} INFO - DAG(s) 'tutorial_taskflow_templates' retrieved from /home/airflow/.local/lib/python3.12/site-packages/airflow/example_dags/tutorial_taskflow_templates.py
[2025-03-25T15:20:59.361+0000] {logging_mixin.py:190} INFO - [2025-03-25T15:20:59.361+0000] {dag.py:3239} INFO - Sync 1 DAGs
[2025-03-25T15:20:59.405+0000] {logging_mixin.py:190} INFO - [2025-03-25T15:20:59.405+0000] {dag.py:4180} INFO - Setting next_dagrun for tutorial_taskflow_templates to 2025-03-24 00:00:00+00:00, run_after=2025-03-25 00:00:00+00:00
[2025-03-25T15:20:59.437+0000] {processor.py:208} INFO - Processing /home/airflow/.local/lib/python3.12/site-packages/airflow/example_dags/tutorial_taskflow_templates.py took 0.143 seconds
[2025-03-25T15:21:29.963+0000] {processor.py:186} INFO - Started process (PID=250) to work on /home/airflow/.local/lib/python3.12/site-packages/airflow/example_dags/tutorial_taskflow_templates.py
[2025-03-25T15:21:29.965+0000] {processor.py:914} INFO - Processing file /home/airflow/.local/lib/python3.12/site-packages/airflow/example_dags/tutorial_taskflow_templates.py for tasks to queue
[2025-03-25T15:21:29.968+0000] {logging_mixin.py:190} INFO - [2025-03-25T15:21:29.967+0000] {dagbag.py:588} INFO - Filling up the DagBag from /home/airflow/.local/lib/python3.12/site-packages/airflow/example_dags/tutorial_taskflow_templates.py
[2025-03-25T15:21:29.985+0000] {processor.py:925} INFO - DAG(s) 'tutorial_taskflow_templates' retrieved from /home/airflow/.local/lib/python3.12/site-packages/airflow/example_dags/tutorial_taskflow_templates.py
[2025-03-25T15:21:30.017+0000] {logging_mixin.py:190} INFO - [2025-03-25T15:21:30.016+0000] {dag.py:3239} INFO - Sync 1 DAGs
[2025-03-25T15:21:30.083+0000] {logging_mixin.py:190} INFO - [2025-03-25T15:21:30.083+0000] {dag.py:4180} INFO - Setting next_dagrun for tutorial_taskflow_templates to 2025-03-24 00:00:00+00:00, run_after=2025-03-25 00:00:00+00:00
[2025-03-25T15:21:30.125+0000] {processor.py:208} INFO - Processing /home/airflow/.local/lib/python3.12/site-packages/airflow/example_dags/tutorial_taskflow_templates.py took 0.172 seconds
[2025-03-25T15:22:00.994+0000] {processor.py:186} INFO - Started process (PID=313) to work on /home/airflow/.local/lib/python3.12/site-packages/airflow/example_dags/tutorial_taskflow_templates.py
[2025-03-25T15:22:00.995+0000] {processor.py:914} INFO - Processing file /home/airflow/.local/lib/python3.12/site-packages/airflow/example_dags/tutorial_taskflow_templates.py for tasks to queue
[2025-03-25T15:22:00.997+0000] {logging_mixin.py:190} INFO - [2025-03-25T15:22:00.997+0000] {dagbag.py:588} INFO - Filling up the DagBag from /home/airflow/.local/lib/python3.12/site-packages/airflow/example_dags/tutorial_taskflow_templates.py
[2025-03-25T15:22:01.013+0000] {processor.py:925} INFO - DAG(s) 'tutorial_taskflow_templates' retrieved from /home/airflow/.local/lib/python3.12/site-packages/airflow/example_dags/tutorial_taskflow_templates.py
[2025-03-25T15:22:01.036+0000] {logging_mixin.py:190} INFO - [2025-03-25T15:22:01.036+0000] {dag.py:3239} INFO - Sync 1 DAGs
[2025-03-25T15:22:01.067+0000] {logging_mixin.py:190} INFO - [2025-03-25T15:22:01.067+0000] {dag.py:4180} INFO - Setting next_dagrun for tutorial_taskflow_templates to 2025-03-24 00:00:00+00:00, run_after=2025-03-25 00:00:00+00:00
[2025-03-25T15:22:01.090+0000] {processor.py:208} INFO - Processing /home/airflow/.local/lib/python3.12/site-packages/airflow/example_dags/tutorial_taskflow_templates.py took 0.103 seconds
