[2025-03-25T15:09:10.879+0000] {processor.py:186} INFO - Started process (PID=102) to work on /home/airflow/.local/lib/python3.12/site-packages/airflow/example_dags/tutorial_objectstorage.py
[2025-03-25T15:09:10.882+0000] {processor.py:914} INFO - Processing file /home/airflow/.local/lib/python3.12/site-packages/airflow/example_dags/tutorial_objectstorage.py for tasks to queue
[2025-03-25T15:09:10.888+0000] {logging_mixin.py:190} INFO - [2025-03-25T15:09:10.887+0000] {dagbag.py:588} INFO - Filling up the DagBag from /home/airflow/.local/lib/python3.12/site-packages/airflow/example_dags/tutorial_objectstorage.py
[2025-03-25T15:09:10.916+0000] {processor.py:925} INFO - DAG(s) 'tutorial_objectstorage' retrieved from /home/airflow/.local/lib/python3.12/site-packages/airflow/example_dags/tutorial_objectstorage.py
[2025-03-25T15:09:11.137+0000] {logging_mixin.py:190} INFO - [2025-03-25T15:09:11.136+0000] {override.py:1912} INFO - Created Permission View: can read on DAG:tutorial_objectstorage
[2025-03-25T15:09:11.152+0000] {logging_mixin.py:190} INFO - [2025-03-25T15:09:11.151+0000] {override.py:1912} INFO - Created Permission View: can delete on DAG:tutorial_objectstorage
[2025-03-25T15:09:11.160+0000] {logging_mixin.py:190} INFO - [2025-03-25T15:09:11.159+0000] {override.py:1912} INFO - Created Permission View: can edit on DAG:tutorial_objectstorage
[2025-03-25T15:09:11.169+0000] {logging_mixin.py:190} INFO - [2025-03-25T15:09:11.169+0000] {override.py:1912} INFO - Created Permission View: can create on DAG Run:tutorial_objectstorage
[2025-03-25T15:09:11.177+0000] {logging_mixin.py:190} INFO - [2025-03-25T15:09:11.177+0000] {override.py:1912} INFO - Created Permission View: can read on DAG Run:tutorial_objectstorage
[2025-03-25T15:09:11.186+0000] {logging_mixin.py:190} INFO - [2025-03-25T15:09:11.185+0000] {override.py:1912} INFO - Created Permission View: can delete on DAG Run:tutorial_objectstorage
[2025-03-25T15:09:11.193+0000] {logging_mixin.py:190} INFO - [2025-03-25T15:09:11.193+0000] {override.py:1912} INFO - Created Permission View: menu access on DAG Run:tutorial_objectstorage
[2025-03-25T15:09:11.193+0000] {logging_mixin.py:190} INFO - [2025-03-25T15:09:11.193+0000] {dag.py:3239} INFO - Sync 1 DAGs
[2025-03-25T15:09:11.212+0000] {logging_mixin.py:190} INFO - [2025-03-25T15:09:11.212+0000] {dag.py:3262} INFO - Creating ORM DAG for tutorial_objectstorage
[2025-03-25T15:09:11.213+0000] {logging_mixin.py:190} INFO - [2025-03-25T15:09:11.213+0000] {dag.py:4180} INFO - Setting next_dagrun for tutorial_objectstorage to None, run_after=None
[2025-03-25T15:09:11.238+0000] {processor.py:208} INFO - Processing /home/airflow/.local/lib/python3.12/site-packages/airflow/example_dags/tutorial_objectstorage.py took 0.375 seconds
[2025-03-25T15:09:41.296+0000] {processor.py:186} INFO - Started process (PID=165) to work on /home/airflow/.local/lib/python3.12/site-packages/airflow/example_dags/tutorial_objectstorage.py
[2025-03-25T15:09:41.298+0000] {processor.py:914} INFO - Processing file /home/airflow/.local/lib/python3.12/site-packages/airflow/example_dags/tutorial_objectstorage.py for tasks to queue
[2025-03-25T15:09:41.300+0000] {logging_mixin.py:190} INFO - [2025-03-25T15:09:41.300+0000] {dagbag.py:588} INFO - Filling up the DagBag from /home/airflow/.local/lib/python3.12/site-packages/airflow/example_dags/tutorial_objectstorage.py
[2025-03-25T15:09:41.312+0000] {processor.py:925} INFO - DAG(s) 'tutorial_objectstorage' retrieved from /home/airflow/.local/lib/python3.12/site-packages/airflow/example_dags/tutorial_objectstorage.py
[2025-03-25T15:09:41.335+0000] {logging_mixin.py:190} INFO - [2025-03-25T15:09:41.335+0000] {dag.py:3239} INFO - Sync 1 DAGs
[2025-03-25T15:09:41.354+0000] {logging_mixin.py:190} INFO - [2025-03-25T15:09:41.353+0000] {dag.py:4180} INFO - Setting next_dagrun for tutorial_objectstorage to None, run_after=None
[2025-03-25T15:09:41.376+0000] {processor.py:208} INFO - Processing /home/airflow/.local/lib/python3.12/site-packages/airflow/example_dags/tutorial_objectstorage.py took 0.087 seconds
[2025-03-25T15:10:11.723+0000] {processor.py:186} INFO - Started process (PID=228) to work on /home/airflow/.local/lib/python3.12/site-packages/airflow/example_dags/tutorial_objectstorage.py
[2025-03-25T15:10:11.725+0000] {processor.py:914} INFO - Processing file /home/airflow/.local/lib/python3.12/site-packages/airflow/example_dags/tutorial_objectstorage.py for tasks to queue
[2025-03-25T15:10:11.727+0000] {logging_mixin.py:190} INFO - [2025-03-25T15:10:11.727+0000] {dagbag.py:588} INFO - Filling up the DagBag from /home/airflow/.local/lib/python3.12/site-packages/airflow/example_dags/tutorial_objectstorage.py
[2025-03-25T15:10:11.736+0000] {processor.py:925} INFO - DAG(s) 'tutorial_objectstorage' retrieved from /home/airflow/.local/lib/python3.12/site-packages/airflow/example_dags/tutorial_objectstorage.py
[2025-03-25T15:10:11.756+0000] {logging_mixin.py:190} INFO - [2025-03-25T15:10:11.756+0000] {dag.py:3239} INFO - Sync 1 DAGs
[2025-03-25T15:10:11.772+0000] {logging_mixin.py:190} INFO - [2025-03-25T15:10:11.771+0000] {dag.py:4180} INFO - Setting next_dagrun for tutorial_objectstorage to None, run_after=None
[2025-03-25T15:10:11.791+0000] {processor.py:208} INFO - Processing /home/airflow/.local/lib/python3.12/site-packages/airflow/example_dags/tutorial_objectstorage.py took 0.074 seconds
[2025-03-25T15:10:42.384+0000] {processor.py:186} INFO - Started process (PID=292) to work on /home/airflow/.local/lib/python3.12/site-packages/airflow/example_dags/tutorial_objectstorage.py
[2025-03-25T15:10:42.386+0000] {processor.py:914} INFO - Processing file /home/airflow/.local/lib/python3.12/site-packages/airflow/example_dags/tutorial_objectstorage.py for tasks to queue
[2025-03-25T15:10:42.389+0000] {logging_mixin.py:190} INFO - [2025-03-25T15:10:42.388+0000] {dagbag.py:588} INFO - Filling up the DagBag from /home/airflow/.local/lib/python3.12/site-packages/airflow/example_dags/tutorial_objectstorage.py
[2025-03-25T15:10:42.400+0000] {processor.py:925} INFO - DAG(s) 'tutorial_objectstorage' retrieved from /home/airflow/.local/lib/python3.12/site-packages/airflow/example_dags/tutorial_objectstorage.py
[2025-03-25T15:10:42.424+0000] {logging_mixin.py:190} INFO - [2025-03-25T15:10:42.424+0000] {dag.py:3239} INFO - Sync 1 DAGs
[2025-03-25T15:10:42.443+0000] {logging_mixin.py:190} INFO - [2025-03-25T15:10:42.442+0000] {dag.py:4180} INFO - Setting next_dagrun for tutorial_objectstorage to None, run_after=None
[2025-03-25T15:10:42.467+0000] {processor.py:208} INFO - Processing /home/airflow/.local/lib/python3.12/site-packages/airflow/example_dags/tutorial_objectstorage.py took 0.091 seconds
[2025-03-25T15:11:13.196+0000] {processor.py:186} INFO - Started process (PID=355) to work on /home/airflow/.local/lib/python3.12/site-packages/airflow/example_dags/tutorial_objectstorage.py
[2025-03-25T15:11:13.198+0000] {processor.py:914} INFO - Processing file /home/airflow/.local/lib/python3.12/site-packages/airflow/example_dags/tutorial_objectstorage.py for tasks to queue
[2025-03-25T15:11:13.200+0000] {logging_mixin.py:190} INFO - [2025-03-25T15:11:13.200+0000] {dagbag.py:588} INFO - Filling up the DagBag from /home/airflow/.local/lib/python3.12/site-packages/airflow/example_dags/tutorial_objectstorage.py
[2025-03-25T15:11:13.209+0000] {processor.py:925} INFO - DAG(s) 'tutorial_objectstorage' retrieved from /home/airflow/.local/lib/python3.12/site-packages/airflow/example_dags/tutorial_objectstorage.py
[2025-03-25T15:11:13.230+0000] {logging_mixin.py:190} INFO - [2025-03-25T15:11:13.230+0000] {dag.py:3239} INFO - Sync 1 DAGs
[2025-03-25T15:11:13.247+0000] {logging_mixin.py:190} INFO - [2025-03-25T15:11:13.246+0000] {dag.py:4180} INFO - Setting next_dagrun for tutorial_objectstorage to None, run_after=None
[2025-03-25T15:11:13.267+0000] {processor.py:208} INFO - Processing /home/airflow/.local/lib/python3.12/site-packages/airflow/example_dags/tutorial_objectstorage.py took 0.077 seconds
[2025-03-25T15:11:41.214+0000] {processor.py:186} INFO - Started process (PID=423) to work on /home/airflow/.local/lib/python3.12/site-packages/airflow/example_dags/tutorial_objectstorage.py
[2025-03-25T15:11:41.215+0000] {processor.py:914} INFO - Processing file /home/airflow/.local/lib/python3.12/site-packages/airflow/example_dags/tutorial_objectstorage.py for tasks to queue
[2025-03-25T15:11:41.218+0000] {logging_mixin.py:190} INFO - [2025-03-25T15:11:41.217+0000] {dagbag.py:588} INFO - Filling up the DagBag from /home/airflow/.local/lib/python3.12/site-packages/airflow/example_dags/tutorial_objectstorage.py
[2025-03-25T15:11:41.228+0000] {processor.py:925} INFO - DAG(s) 'tutorial_objectstorage' retrieved from /home/airflow/.local/lib/python3.12/site-packages/airflow/example_dags/tutorial_objectstorage.py
[2025-03-25T15:11:41.252+0000] {logging_mixin.py:190} INFO - [2025-03-25T15:11:41.252+0000] {dag.py:3239} INFO - Sync 1 DAGs
[2025-03-25T15:11:41.273+0000] {logging_mixin.py:190} INFO - [2025-03-25T15:11:41.273+0000] {dag.py:4180} INFO - Setting next_dagrun for tutorial_objectstorage to None, run_after=None
[2025-03-25T15:11:41.294+0000] {processor.py:208} INFO - Processing /home/airflow/.local/lib/python3.12/site-packages/airflow/example_dags/tutorial_objectstorage.py took 0.087 seconds
[2025-03-25T15:12:11.921+0000] {processor.py:186} INFO - Started process (PID=482) to work on /home/airflow/.local/lib/python3.12/site-packages/airflow/example_dags/tutorial_objectstorage.py
[2025-03-25T15:12:11.923+0000] {processor.py:914} INFO - Processing file /home/airflow/.local/lib/python3.12/site-packages/airflow/example_dags/tutorial_objectstorage.py for tasks to queue
[2025-03-25T15:12:11.926+0000] {logging_mixin.py:190} INFO - [2025-03-25T15:12:11.925+0000] {dagbag.py:588} INFO - Filling up the DagBag from /home/airflow/.local/lib/python3.12/site-packages/airflow/example_dags/tutorial_objectstorage.py
[2025-03-25T15:12:11.938+0000] {processor.py:925} INFO - DAG(s) 'tutorial_objectstorage' retrieved from /home/airflow/.local/lib/python3.12/site-packages/airflow/example_dags/tutorial_objectstorage.py
[2025-03-25T15:12:11.964+0000] {logging_mixin.py:190} INFO - [2025-03-25T15:12:11.964+0000] {dag.py:3239} INFO - Sync 1 DAGs
[2025-03-25T15:12:11.982+0000] {logging_mixin.py:190} INFO - [2025-03-25T15:12:11.982+0000] {dag.py:4180} INFO - Setting next_dagrun for tutorial_objectstorage to None, run_after=None
[2025-03-25T15:12:12.004+0000] {processor.py:208} INFO - Processing /home/airflow/.local/lib/python3.12/site-packages/airflow/example_dags/tutorial_objectstorage.py took 0.091 seconds
[2025-03-25T15:12:42.621+0000] {processor.py:186} INFO - Started process (PID=546) to work on /home/airflow/.local/lib/python3.12/site-packages/airflow/example_dags/tutorial_objectstorage.py
[2025-03-25T15:12:42.622+0000] {processor.py:914} INFO - Processing file /home/airflow/.local/lib/python3.12/site-packages/airflow/example_dags/tutorial_objectstorage.py for tasks to queue
[2025-03-25T15:12:42.625+0000] {logging_mixin.py:190} INFO - [2025-03-25T15:12:42.625+0000] {dagbag.py:588} INFO - Filling up the DagBag from /home/airflow/.local/lib/python3.12/site-packages/airflow/example_dags/tutorial_objectstorage.py
[2025-03-25T15:12:42.637+0000] {processor.py:925} INFO - DAG(s) 'tutorial_objectstorage' retrieved from /home/airflow/.local/lib/python3.12/site-packages/airflow/example_dags/tutorial_objectstorage.py
[2025-03-25T15:12:42.660+0000] {logging_mixin.py:190} INFO - [2025-03-25T15:12:42.660+0000] {dag.py:3239} INFO - Sync 1 DAGs
[2025-03-25T15:12:42.677+0000] {logging_mixin.py:190} INFO - [2025-03-25T15:12:42.676+0000] {dag.py:4180} INFO - Setting next_dagrun for tutorial_objectstorage to None, run_after=None
[2025-03-25T15:12:42.701+0000] {processor.py:208} INFO - Processing /home/airflow/.local/lib/python3.12/site-packages/airflow/example_dags/tutorial_objectstorage.py took 0.087 seconds
[2025-03-25T15:13:12.771+0000] {processor.py:186} INFO - Started process (PID=608) to work on /home/airflow/.local/lib/python3.12/site-packages/airflow/example_dags/tutorial_objectstorage.py
[2025-03-25T15:13:12.772+0000] {processor.py:914} INFO - Processing file /home/airflow/.local/lib/python3.12/site-packages/airflow/example_dags/tutorial_objectstorage.py for tasks to queue
[2025-03-25T15:13:12.774+0000] {logging_mixin.py:190} INFO - [2025-03-25T15:13:12.774+0000] {dagbag.py:588} INFO - Filling up the DagBag from /home/airflow/.local/lib/python3.12/site-packages/airflow/example_dags/tutorial_objectstorage.py
[2025-03-25T15:13:12.785+0000] {processor.py:925} INFO - DAG(s) 'tutorial_objectstorage' retrieved from /home/airflow/.local/lib/python3.12/site-packages/airflow/example_dags/tutorial_objectstorage.py
[2025-03-25T15:13:12.805+0000] {logging_mixin.py:190} INFO - [2025-03-25T15:13:12.805+0000] {dag.py:3239} INFO - Sync 1 DAGs
[2025-03-25T15:13:12.822+0000] {logging_mixin.py:190} INFO - [2025-03-25T15:13:12.821+0000] {dag.py:4180} INFO - Setting next_dagrun for tutorial_objectstorage to None, run_after=None
[2025-03-25T15:13:12.843+0000] {processor.py:208} INFO - Processing /home/airflow/.local/lib/python3.12/site-packages/airflow/example_dags/tutorial_objectstorage.py took 0.079 seconds
[2025-03-25T15:13:43.171+0000] {processor.py:186} INFO - Started process (PID=670) to work on /home/airflow/.local/lib/python3.12/site-packages/airflow/example_dags/tutorial_objectstorage.py
[2025-03-25T15:13:43.172+0000] {processor.py:914} INFO - Processing file /home/airflow/.local/lib/python3.12/site-packages/airflow/example_dags/tutorial_objectstorage.py for tasks to queue
[2025-03-25T15:13:43.175+0000] {logging_mixin.py:190} INFO - [2025-03-25T15:13:43.174+0000] {dagbag.py:588} INFO - Filling up the DagBag from /home/airflow/.local/lib/python3.12/site-packages/airflow/example_dags/tutorial_objectstorage.py
[2025-03-25T15:13:43.184+0000] {processor.py:925} INFO - DAG(s) 'tutorial_objectstorage' retrieved from /home/airflow/.local/lib/python3.12/site-packages/airflow/example_dags/tutorial_objectstorage.py
[2025-03-25T15:13:43.204+0000] {logging_mixin.py:190} INFO - [2025-03-25T15:13:43.203+0000] {dag.py:3239} INFO - Sync 1 DAGs
[2025-03-25T15:13:43.219+0000] {logging_mixin.py:190} INFO - [2025-03-25T15:13:43.219+0000] {dag.py:4180} INFO - Setting next_dagrun for tutorial_objectstorage to None, run_after=None
[2025-03-25T15:13:43.238+0000] {processor.py:208} INFO - Processing /home/airflow/.local/lib/python3.12/site-packages/airflow/example_dags/tutorial_objectstorage.py took 0.073 seconds
[2025-03-25T15:15:06.286+0000] {processor.py:186} INFO - Started process (PID=96) to work on /home/airflow/.local/lib/python3.12/site-packages/airflow/example_dags/tutorial_objectstorage.py
[2025-03-25T15:15:06.301+0000] {processor.py:914} INFO - Processing file /home/airflow/.local/lib/python3.12/site-packages/airflow/example_dags/tutorial_objectstorage.py for tasks to queue
[2025-03-25T15:15:06.324+0000] {logging_mixin.py:190} INFO - [2025-03-25T15:15:06.322+0000] {dagbag.py:588} INFO - Filling up the DagBag from /home/airflow/.local/lib/python3.12/site-packages/airflow/example_dags/tutorial_objectstorage.py
[2025-03-25T15:15:06.375+0000] {processor.py:925} INFO - DAG(s) 'tutorial_objectstorage' retrieved from /home/airflow/.local/lib/python3.12/site-packages/airflow/example_dags/tutorial_objectstorage.py
[2025-03-25T15:15:06.467+0000] {logging_mixin.py:190} INFO - [2025-03-25T15:15:06.467+0000] {dag.py:3239} INFO - Sync 1 DAGs
[2025-03-25T15:15:06.526+0000] {logging_mixin.py:190} INFO - [2025-03-25T15:15:06.526+0000] {dag.py:4180} INFO - Setting next_dagrun for tutorial_objectstorage to None, run_after=None
[2025-03-25T15:15:06.575+0000] {processor.py:208} INFO - Processing /home/airflow/.local/lib/python3.12/site-packages/airflow/example_dags/tutorial_objectstorage.py took 0.332 seconds
[2025-03-25T15:15:37.144+0000] {processor.py:186} INFO - Started process (PID=159) to work on /home/airflow/.local/lib/python3.12/site-packages/airflow/example_dags/tutorial_objectstorage.py
[2025-03-25T15:15:37.145+0000] {processor.py:914} INFO - Processing file /home/airflow/.local/lib/python3.12/site-packages/airflow/example_dags/tutorial_objectstorage.py for tasks to queue
[2025-03-25T15:15:37.147+0000] {logging_mixin.py:190} INFO - [2025-03-25T15:15:37.147+0000] {dagbag.py:588} INFO - Filling up the DagBag from /home/airflow/.local/lib/python3.12/site-packages/airflow/example_dags/tutorial_objectstorage.py
[2025-03-25T15:15:37.157+0000] {processor.py:925} INFO - DAG(s) 'tutorial_objectstorage' retrieved from /home/airflow/.local/lib/python3.12/site-packages/airflow/example_dags/tutorial_objectstorage.py
[2025-03-25T15:15:37.178+0000] {logging_mixin.py:190} INFO - [2025-03-25T15:15:37.178+0000] {dag.py:3239} INFO - Sync 1 DAGs
[2025-03-25T15:15:37.195+0000] {logging_mixin.py:190} INFO - [2025-03-25T15:15:37.194+0000] {dag.py:4180} INFO - Setting next_dagrun for tutorial_objectstorage to None, run_after=None
[2025-03-25T15:15:37.218+0000] {processor.py:208} INFO - Processing /home/airflow/.local/lib/python3.12/site-packages/airflow/example_dags/tutorial_objectstorage.py took 0.080 seconds
[2025-03-25T15:20:22.599+0000] {processor.py:186} INFO - Started process (PID=103) to work on /home/airflow/.local/lib/python3.12/site-packages/airflow/example_dags/tutorial_objectstorage.py
[2025-03-25T15:20:22.601+0000] {processor.py:914} INFO - Processing file /home/airflow/.local/lib/python3.12/site-packages/airflow/example_dags/tutorial_objectstorage.py for tasks to queue
[2025-03-25T15:20:22.604+0000] {logging_mixin.py:190} INFO - [2025-03-25T15:20:22.604+0000] {dagbag.py:588} INFO - Filling up the DagBag from /home/airflow/.local/lib/python3.12/site-packages/airflow/example_dags/tutorial_objectstorage.py
[2025-03-25T15:20:22.620+0000] {processor.py:925} INFO - DAG(s) 'tutorial_objectstorage' retrieved from /home/airflow/.local/lib/python3.12/site-packages/airflow/example_dags/tutorial_objectstorage.py
[2025-03-25T15:20:22.653+0000] {logging_mixin.py:190} INFO - [2025-03-25T15:20:22.652+0000] {dag.py:3239} INFO - Sync 1 DAGs
[2025-03-25T15:20:22.677+0000] {logging_mixin.py:190} INFO - [2025-03-25T15:20:22.677+0000] {dag.py:4180} INFO - Setting next_dagrun for tutorial_objectstorage to None, run_after=None
[2025-03-25T15:20:22.710+0000] {processor.py:208} INFO - Processing /home/airflow/.local/lib/python3.12/site-packages/airflow/example_dags/tutorial_objectstorage.py took 0.121 seconds
[2025-03-25T15:20:53.378+0000] {processor.py:186} INFO - Started process (PID=166) to work on /home/airflow/.local/lib/python3.12/site-packages/airflow/example_dags/tutorial_objectstorage.py
[2025-03-25T15:20:53.380+0000] {processor.py:914} INFO - Processing file /home/airflow/.local/lib/python3.12/site-packages/airflow/example_dags/tutorial_objectstorage.py for tasks to queue
[2025-03-25T15:20:53.383+0000] {logging_mixin.py:190} INFO - [2025-03-25T15:20:53.382+0000] {dagbag.py:588} INFO - Filling up the DagBag from /home/airflow/.local/lib/python3.12/site-packages/airflow/example_dags/tutorial_objectstorage.py
[2025-03-25T15:20:53.395+0000] {processor.py:925} INFO - DAG(s) 'tutorial_objectstorage' retrieved from /home/airflow/.local/lib/python3.12/site-packages/airflow/example_dags/tutorial_objectstorage.py
[2025-03-25T15:20:53.427+0000] {logging_mixin.py:190} INFO - [2025-03-25T15:20:53.426+0000] {dag.py:3239} INFO - Sync 1 DAGs
[2025-03-25T15:20:53.452+0000] {logging_mixin.py:190} INFO - [2025-03-25T15:20:53.452+0000] {dag.py:4180} INFO - Setting next_dagrun for tutorial_objectstorage to None, run_after=None
[2025-03-25T15:20:53.490+0000] {processor.py:208} INFO - Processing /home/airflow/.local/lib/python3.12/site-packages/airflow/example_dags/tutorial_objectstorage.py took 0.120 seconds
[2025-03-25T15:21:23.522+0000] {processor.py:186} INFO - Started process (PID=229) to work on /home/airflow/.local/lib/python3.12/site-packages/airflow/example_dags/tutorial_objectstorage.py
[2025-03-25T15:21:23.523+0000] {processor.py:914} INFO - Processing file /home/airflow/.local/lib/python3.12/site-packages/airflow/example_dags/tutorial_objectstorage.py for tasks to queue
[2025-03-25T15:21:23.525+0000] {logging_mixin.py:190} INFO - [2025-03-25T15:21:23.525+0000] {dagbag.py:588} INFO - Filling up the DagBag from /home/airflow/.local/lib/python3.12/site-packages/airflow/example_dags/tutorial_objectstorage.py
[2025-03-25T15:21:23.537+0000] {processor.py:925} INFO - DAG(s) 'tutorial_objectstorage' retrieved from /home/airflow/.local/lib/python3.12/site-packages/airflow/example_dags/tutorial_objectstorage.py
[2025-03-25T15:21:23.561+0000] {logging_mixin.py:190} INFO - [2025-03-25T15:21:23.561+0000] {dag.py:3239} INFO - Sync 1 DAGs
[2025-03-25T15:21:23.580+0000] {logging_mixin.py:190} INFO - [2025-03-25T15:21:23.580+0000] {dag.py:4180} INFO - Setting next_dagrun for tutorial_objectstorage to None, run_after=None
[2025-03-25T15:21:23.606+0000] {processor.py:208} INFO - Processing /home/airflow/.local/lib/python3.12/site-packages/airflow/example_dags/tutorial_objectstorage.py took 0.091 seconds
[2025-03-25T15:21:53.906+0000] {processor.py:186} INFO - Started process (PID=292) to work on /home/airflow/.local/lib/python3.12/site-packages/airflow/example_dags/tutorial_objectstorage.py
[2025-03-25T15:21:53.907+0000] {processor.py:914} INFO - Processing file /home/airflow/.local/lib/python3.12/site-packages/airflow/example_dags/tutorial_objectstorage.py for tasks to queue
[2025-03-25T15:21:53.910+0000] {logging_mixin.py:190} INFO - [2025-03-25T15:21:53.910+0000] {dagbag.py:588} INFO - Filling up the DagBag from /home/airflow/.local/lib/python3.12/site-packages/airflow/example_dags/tutorial_objectstorage.py
[2025-03-25T15:21:53.922+0000] {processor.py:925} INFO - DAG(s) 'tutorial_objectstorage' retrieved from /home/airflow/.local/lib/python3.12/site-packages/airflow/example_dags/tutorial_objectstorage.py
[2025-03-25T15:21:53.947+0000] {logging_mixin.py:190} INFO - [2025-03-25T15:21:53.947+0000] {dag.py:3239} INFO - Sync 1 DAGs
[2025-03-25T15:21:53.966+0000] {logging_mixin.py:190} INFO - [2025-03-25T15:21:53.966+0000] {dag.py:4180} INFO - Setting next_dagrun for tutorial_objectstorage to None, run_after=None
[2025-03-25T15:21:53.989+0000] {processor.py:208} INFO - Processing /home/airflow/.local/lib/python3.12/site-packages/airflow/example_dags/tutorial_objectstorage.py took 0.091 seconds
