[2025-03-25T15:09:08.151+0000] {processor.py:186} INFO - Started process (PID=93) to work on /home/airflow/.local/lib/python3.12/site-packages/airflow/example_dags/tutorial.py
[2025-03-25T15:09:08.153+0000] {processor.py:914} INFO - Processing file /home/airflow/.local/lib/python3.12/site-packages/airflow/example_dags/tutorial.py for tasks to queue
[2025-03-25T15:09:08.157+0000] {logging_mixin.py:190} INFO - [2025-03-25T15:09:08.156+0000] {dagbag.py:588} INFO - Filling up the DagBag from /home/airflow/.local/lib/python3.12/site-packages/airflow/example_dags/tutorial.py
[2025-03-25T15:09:08.193+0000] {processor.py:925} INFO - DAG(s) 'tutorial' retrieved from /home/airflow/.local/lib/python3.12/site-packages/airflow/example_dags/tutorial.py
[2025-03-25T15:09:08.625+0000] {logging_mixin.py:190} INFO - [2025-03-25T15:09:08.624+0000] {override.py:1912} INFO - Created Permission View: can read on DAG:tutorial
[2025-03-25T15:09:08.652+0000] {logging_mixin.py:190} INFO - [2025-03-25T15:09:08.652+0000] {override.py:1912} INFO - Created Permission View: can delete on DAG:tutorial
[2025-03-25T15:09:08.673+0000] {logging_mixin.py:190} INFO - [2025-03-25T15:09:08.673+0000] {override.py:1912} INFO - Created Permission View: can edit on DAG:tutorial
[2025-03-25T15:09:08.695+0000] {logging_mixin.py:190} INFO - [2025-03-25T15:09:08.694+0000] {override.py:1912} INFO - Created Permission View: can create on DAG Run:tutorial
[2025-03-25T15:09:08.712+0000] {logging_mixin.py:190} INFO - [2025-03-25T15:09:08.712+0000] {override.py:1912} INFO - Created Permission View: can read on DAG Run:tutorial
[2025-03-25T15:09:08.727+0000] {logging_mixin.py:190} INFO - [2025-03-25T15:09:08.727+0000] {override.py:1912} INFO - Created Permission View: can delete on DAG Run:tutorial
[2025-03-25T15:09:08.745+0000] {logging_mixin.py:190} INFO - [2025-03-25T15:09:08.744+0000] {override.py:1912} INFO - Created Permission View: menu access on DAG Run:tutorial
[2025-03-25T15:09:08.746+0000] {logging_mixin.py:190} INFO - [2025-03-25T15:09:08.746+0000] {dag.py:3239} INFO - Sync 1 DAGs
[2025-03-25T15:09:08.790+0000] {logging_mixin.py:190} INFO - [2025-03-25T15:09:08.790+0000] {dag.py:3262} INFO - Creating ORM DAG for tutorial
[2025-03-25T15:09:08.828+0000] {logging_mixin.py:190} INFO - [2025-03-25T15:09:08.828+0000] {dag.py:4180} INFO - Setting next_dagrun for tutorial to 2025-03-24 00:00:00+00:00, run_after=2025-03-25 00:00:00+00:00
[2025-03-25T15:09:08.860+0000] {processor.py:208} INFO - Processing /home/airflow/.local/lib/python3.12/site-packages/airflow/example_dags/tutorial.py took 0.726 seconds
[2025-03-25T15:09:39.504+0000] {processor.py:186} INFO - Started process (PID=156) to work on /home/airflow/.local/lib/python3.12/site-packages/airflow/example_dags/tutorial.py
[2025-03-25T15:09:39.506+0000] {processor.py:914} INFO - Processing file /home/airflow/.local/lib/python3.12/site-packages/airflow/example_dags/tutorial.py for tasks to queue
[2025-03-25T15:09:39.508+0000] {logging_mixin.py:190} INFO - [2025-03-25T15:09:39.508+0000] {dagbag.py:588} INFO - Filling up the DagBag from /home/airflow/.local/lib/python3.12/site-packages/airflow/example_dags/tutorial.py
[2025-03-25T15:09:39.519+0000] {processor.py:925} INFO - DAG(s) 'tutorial' retrieved from /home/airflow/.local/lib/python3.12/site-packages/airflow/example_dags/tutorial.py
[2025-03-25T15:09:39.545+0000] {logging_mixin.py:190} INFO - [2025-03-25T15:09:39.545+0000] {dag.py:3239} INFO - Sync 1 DAGs
[2025-03-25T15:09:39.570+0000] {logging_mixin.py:190} INFO - [2025-03-25T15:09:39.570+0000] {dag.py:4180} INFO - Setting next_dagrun for tutorial to 2025-03-24 00:00:00+00:00, run_after=2025-03-25 00:00:00+00:00
[2025-03-25T15:09:39.594+0000] {processor.py:208} INFO - Processing /home/airflow/.local/lib/python3.12/site-packages/airflow/example_dags/tutorial.py took 0.097 seconds
[2025-03-25T15:10:10.097+0000] {processor.py:186} INFO - Started process (PID=219) to work on /home/airflow/.local/lib/python3.12/site-packages/airflow/example_dags/tutorial.py
[2025-03-25T15:10:10.098+0000] {processor.py:914} INFO - Processing file /home/airflow/.local/lib/python3.12/site-packages/airflow/example_dags/tutorial.py for tasks to queue
[2025-03-25T15:10:10.101+0000] {logging_mixin.py:190} INFO - [2025-03-25T15:10:10.100+0000] {dagbag.py:588} INFO - Filling up the DagBag from /home/airflow/.local/lib/python3.12/site-packages/airflow/example_dags/tutorial.py
[2025-03-25T15:10:10.111+0000] {processor.py:925} INFO - DAG(s) 'tutorial' retrieved from /home/airflow/.local/lib/python3.12/site-packages/airflow/example_dags/tutorial.py
[2025-03-25T15:10:10.134+0000] {logging_mixin.py:190} INFO - [2025-03-25T15:10:10.134+0000] {dag.py:3239} INFO - Sync 1 DAGs
[2025-03-25T15:10:10.160+0000] {logging_mixin.py:190} INFO - [2025-03-25T15:10:10.160+0000] {dag.py:4180} INFO - Setting next_dagrun for tutorial to 2025-03-24 00:00:00+00:00, run_after=2025-03-25 00:00:00+00:00
[2025-03-25T15:10:10.179+0000] {processor.py:208} INFO - Processing /home/airflow/.local/lib/python3.12/site-packages/airflow/example_dags/tutorial.py took 0.089 seconds
[2025-03-25T15:10:41.115+0000] {processor.py:186} INFO - Started process (PID=282) to work on /home/airflow/.local/lib/python3.12/site-packages/airflow/example_dags/tutorial.py
[2025-03-25T15:10:41.116+0000] {processor.py:914} INFO - Processing file /home/airflow/.local/lib/python3.12/site-packages/airflow/example_dags/tutorial.py for tasks to queue
[2025-03-25T15:10:41.118+0000] {logging_mixin.py:190} INFO - [2025-03-25T15:10:41.118+0000] {dagbag.py:588} INFO - Filling up the DagBag from /home/airflow/.local/lib/python3.12/site-packages/airflow/example_dags/tutorial.py
[2025-03-25T15:10:41.127+0000] {processor.py:925} INFO - DAG(s) 'tutorial' retrieved from /home/airflow/.local/lib/python3.12/site-packages/airflow/example_dags/tutorial.py
[2025-03-25T15:10:41.148+0000] {logging_mixin.py:190} INFO - [2025-03-25T15:10:41.148+0000] {dag.py:3239} INFO - Sync 1 DAGs
[2025-03-25T15:10:41.171+0000] {logging_mixin.py:190} INFO - [2025-03-25T15:10:41.171+0000] {dag.py:4180} INFO - Setting next_dagrun for tutorial to 2025-03-24 00:00:00+00:00, run_after=2025-03-25 00:00:00+00:00
[2025-03-25T15:10:41.192+0000] {processor.py:208} INFO - Processing /home/airflow/.local/lib/python3.12/site-packages/airflow/example_dags/tutorial.py took 0.083 seconds
[2025-03-25T15:11:11.812+0000] {processor.py:186} INFO - Started process (PID=345) to work on /home/airflow/.local/lib/python3.12/site-packages/airflow/example_dags/tutorial.py
[2025-03-25T15:11:11.814+0000] {processor.py:914} INFO - Processing file /home/airflow/.local/lib/python3.12/site-packages/airflow/example_dags/tutorial.py for tasks to queue
[2025-03-25T15:11:11.816+0000] {logging_mixin.py:190} INFO - [2025-03-25T15:11:11.816+0000] {dagbag.py:588} INFO - Filling up the DagBag from /home/airflow/.local/lib/python3.12/site-packages/airflow/example_dags/tutorial.py
[2025-03-25T15:11:11.824+0000] {processor.py:925} INFO - DAG(s) 'tutorial' retrieved from /home/airflow/.local/lib/python3.12/site-packages/airflow/example_dags/tutorial.py
[2025-03-25T15:11:11.846+0000] {logging_mixin.py:190} INFO - [2025-03-25T15:11:11.846+0000] {dag.py:3239} INFO - Sync 1 DAGs
[2025-03-25T15:11:11.870+0000] {logging_mixin.py:190} INFO - [2025-03-25T15:11:11.870+0000] {dag.py:4180} INFO - Setting next_dagrun for tutorial to 2025-03-24 00:00:00+00:00, run_after=2025-03-25 00:00:00+00:00
[2025-03-25T15:11:11.890+0000] {processor.py:208} INFO - Processing /home/airflow/.local/lib/python3.12/site-packages/airflow/example_dags/tutorial.py took 0.084 seconds
[2025-03-25T15:11:42.006+0000] {processor.py:186} INFO - Started process (PID=414) to work on /home/airflow/.local/lib/python3.12/site-packages/airflow/example_dags/tutorial.py
[2025-03-25T15:11:42.007+0000] {processor.py:914} INFO - Processing file /home/airflow/.local/lib/python3.12/site-packages/airflow/example_dags/tutorial.py for tasks to queue
[2025-03-25T15:11:42.010+0000] {logging_mixin.py:190} INFO - [2025-03-25T15:11:42.009+0000] {dagbag.py:588} INFO - Filling up the DagBag from /home/airflow/.local/lib/python3.12/site-packages/airflow/example_dags/tutorial.py
[2025-03-25T15:11:42.019+0000] {processor.py:925} INFO - DAG(s) 'tutorial' retrieved from /home/airflow/.local/lib/python3.12/site-packages/airflow/example_dags/tutorial.py
[2025-03-25T15:11:42.046+0000] {logging_mixin.py:190} INFO - [2025-03-25T15:11:42.046+0000] {dag.py:3239} INFO - Sync 1 DAGs
[2025-03-25T15:11:42.072+0000] {logging_mixin.py:190} INFO - [2025-03-25T15:11:42.072+0000] {dag.py:4180} INFO - Setting next_dagrun for tutorial to 2025-03-24 00:00:00+00:00, run_after=2025-03-25 00:00:00+00:00
[2025-03-25T15:11:42.099+0000] {processor.py:208} INFO - Processing /home/airflow/.local/lib/python3.12/site-packages/airflow/example_dags/tutorial.py took 0.100 seconds
[2025-03-25T15:12:13.025+0000] {processor.py:186} INFO - Started process (PID=484) to work on /home/airflow/.local/lib/python3.12/site-packages/airflow/example_dags/tutorial.py
[2025-03-25T15:12:13.027+0000] {processor.py:914} INFO - Processing file /home/airflow/.local/lib/python3.12/site-packages/airflow/example_dags/tutorial.py for tasks to queue
[2025-03-25T15:12:13.030+0000] {logging_mixin.py:190} INFO - [2025-03-25T15:12:13.030+0000] {dagbag.py:588} INFO - Filling up the DagBag from /home/airflow/.local/lib/python3.12/site-packages/airflow/example_dags/tutorial.py
[2025-03-25T15:12:13.038+0000] {processor.py:925} INFO - DAG(s) 'tutorial' retrieved from /home/airflow/.local/lib/python3.12/site-packages/airflow/example_dags/tutorial.py
[2025-03-25T15:12:13.062+0000] {logging_mixin.py:190} INFO - [2025-03-25T15:12:13.061+0000] {dag.py:3239} INFO - Sync 1 DAGs
[2025-03-25T15:12:13.087+0000] {logging_mixin.py:190} INFO - [2025-03-25T15:12:13.087+0000] {dag.py:4180} INFO - Setting next_dagrun for tutorial to 2025-03-24 00:00:00+00:00, run_after=2025-03-25 00:00:00+00:00
[2025-03-25T15:12:13.107+0000] {processor.py:208} INFO - Processing /home/airflow/.local/lib/python3.12/site-packages/airflow/example_dags/tutorial.py took 0.088 seconds
[2025-03-25T15:12:43.287+0000] {processor.py:186} INFO - Started process (PID=548) to work on /home/airflow/.local/lib/python3.12/site-packages/airflow/example_dags/tutorial.py
[2025-03-25T15:12:43.288+0000] {processor.py:914} INFO - Processing file /home/airflow/.local/lib/python3.12/site-packages/airflow/example_dags/tutorial.py for tasks to queue
[2025-03-25T15:12:43.292+0000] {logging_mixin.py:190} INFO - [2025-03-25T15:12:43.291+0000] {dagbag.py:588} INFO - Filling up the DagBag from /home/airflow/.local/lib/python3.12/site-packages/airflow/example_dags/tutorial.py
[2025-03-25T15:12:43.304+0000] {processor.py:925} INFO - DAG(s) 'tutorial' retrieved from /home/airflow/.local/lib/python3.12/site-packages/airflow/example_dags/tutorial.py
[2025-03-25T15:12:43.329+0000] {logging_mixin.py:190} INFO - [2025-03-25T15:12:43.329+0000] {dag.py:3239} INFO - Sync 1 DAGs
[2025-03-25T15:12:43.356+0000] {logging_mixin.py:190} INFO - [2025-03-25T15:12:43.355+0000] {dag.py:4180} INFO - Setting next_dagrun for tutorial to 2025-03-24 00:00:00+00:00, run_after=2025-03-25 00:00:00+00:00
[2025-03-25T15:12:43.377+0000] {processor.py:208} INFO - Processing /home/airflow/.local/lib/python3.12/site-packages/airflow/example_dags/tutorial.py took 0.103 seconds
[2025-03-25T15:13:13.794+0000] {processor.py:186} INFO - Started process (PID=610) to work on /home/airflow/.local/lib/python3.12/site-packages/airflow/example_dags/tutorial.py
[2025-03-25T15:13:13.795+0000] {processor.py:914} INFO - Processing file /home/airflow/.local/lib/python3.12/site-packages/airflow/example_dags/tutorial.py for tasks to queue
[2025-03-25T15:13:13.797+0000] {logging_mixin.py:190} INFO - [2025-03-25T15:13:13.797+0000] {dagbag.py:588} INFO - Filling up the DagBag from /home/airflow/.local/lib/python3.12/site-packages/airflow/example_dags/tutorial.py
[2025-03-25T15:13:13.807+0000] {processor.py:925} INFO - DAG(s) 'tutorial' retrieved from /home/airflow/.local/lib/python3.12/site-packages/airflow/example_dags/tutorial.py
[2025-03-25T15:13:13.831+0000] {logging_mixin.py:190} INFO - [2025-03-25T15:13:13.830+0000] {dag.py:3239} INFO - Sync 1 DAGs
[2025-03-25T15:13:13.857+0000] {logging_mixin.py:190} INFO - [2025-03-25T15:13:13.856+0000] {dag.py:4180} INFO - Setting next_dagrun for tutorial to 2025-03-24 00:00:00+00:00, run_after=2025-03-25 00:00:00+00:00
[2025-03-25T15:13:13.878+0000] {processor.py:208} INFO - Processing /home/airflow/.local/lib/python3.12/site-packages/airflow/example_dags/tutorial.py took 0.092 seconds
[2025-03-25T15:13:44.289+0000] {processor.py:186} INFO - Started process (PID=673) to work on /home/airflow/.local/lib/python3.12/site-packages/airflow/example_dags/tutorial.py
[2025-03-25T15:13:44.291+0000] {processor.py:914} INFO - Processing file /home/airflow/.local/lib/python3.12/site-packages/airflow/example_dags/tutorial.py for tasks to queue
[2025-03-25T15:13:44.293+0000] {logging_mixin.py:190} INFO - [2025-03-25T15:13:44.293+0000] {dagbag.py:588} INFO - Filling up the DagBag from /home/airflow/.local/lib/python3.12/site-packages/airflow/example_dags/tutorial.py
[2025-03-25T15:13:44.303+0000] {processor.py:925} INFO - DAG(s) 'tutorial' retrieved from /home/airflow/.local/lib/python3.12/site-packages/airflow/example_dags/tutorial.py
[2025-03-25T15:13:44.324+0000] {logging_mixin.py:190} INFO - [2025-03-25T15:13:44.324+0000] {dag.py:3239} INFO - Sync 1 DAGs
[2025-03-25T15:13:44.348+0000] {logging_mixin.py:190} INFO - [2025-03-25T15:13:44.348+0000] {dag.py:4180} INFO - Setting next_dagrun for tutorial to 2025-03-24 00:00:00+00:00, run_after=2025-03-25 00:00:00+00:00
[2025-03-25T15:13:44.368+0000] {processor.py:208} INFO - Processing /home/airflow/.local/lib/python3.12/site-packages/airflow/example_dags/tutorial.py took 0.086 seconds
[2025-03-25T15:15:03.814+0000] {processor.py:186} INFO - Started process (PID=87) to work on /home/airflow/.local/lib/python3.12/site-packages/airflow/example_dags/tutorial.py
[2025-03-25T15:15:03.816+0000] {processor.py:914} INFO - Processing file /home/airflow/.local/lib/python3.12/site-packages/airflow/example_dags/tutorial.py for tasks to queue
[2025-03-25T15:15:03.818+0000] {logging_mixin.py:190} INFO - [2025-03-25T15:15:03.818+0000] {dagbag.py:588} INFO - Filling up the DagBag from /home/airflow/.local/lib/python3.12/site-packages/airflow/example_dags/tutorial.py
[2025-03-25T15:15:03.845+0000] {processor.py:925} INFO - DAG(s) 'tutorial' retrieved from /home/airflow/.local/lib/python3.12/site-packages/airflow/example_dags/tutorial.py
[2025-03-25T15:15:03.924+0000] {logging_mixin.py:190} INFO - [2025-03-25T15:15:03.924+0000] {dag.py:3239} INFO - Sync 1 DAGs
[2025-03-25T15:15:03.987+0000] {logging_mixin.py:190} INFO - [2025-03-25T15:15:03.987+0000] {dag.py:4180} INFO - Setting next_dagrun for tutorial to 2025-03-24 00:00:00+00:00, run_after=2025-03-25 00:00:00+00:00
[2025-03-25T15:15:04.027+0000] {processor.py:208} INFO - Processing /home/airflow/.local/lib/python3.12/site-packages/airflow/example_dags/tutorial.py took 0.229 seconds
[2025-03-25T15:15:34.528+0000] {processor.py:186} INFO - Started process (PID=150) to work on /home/airflow/.local/lib/python3.12/site-packages/airflow/example_dags/tutorial.py
[2025-03-25T15:15:34.530+0000] {processor.py:914} INFO - Processing file /home/airflow/.local/lib/python3.12/site-packages/airflow/example_dags/tutorial.py for tasks to queue
[2025-03-25T15:15:34.534+0000] {logging_mixin.py:190} INFO - [2025-03-25T15:15:34.533+0000] {dagbag.py:588} INFO - Filling up the DagBag from /home/airflow/.local/lib/python3.12/site-packages/airflow/example_dags/tutorial.py
[2025-03-25T15:15:34.559+0000] {processor.py:925} INFO - DAG(s) 'tutorial' retrieved from /home/airflow/.local/lib/python3.12/site-packages/airflow/example_dags/tutorial.py
[2025-03-25T15:15:34.599+0000] {logging_mixin.py:190} INFO - [2025-03-25T15:15:34.599+0000] {dag.py:3239} INFO - Sync 1 DAGs
[2025-03-25T15:15:34.640+0000] {logging_mixin.py:190} INFO - [2025-03-25T15:15:34.640+0000] {dag.py:4180} INFO - Setting next_dagrun for tutorial to 2025-03-24 00:00:00+00:00, run_after=2025-03-25 00:00:00+00:00
[2025-03-25T15:15:34.669+0000] {processor.py:208} INFO - Processing /home/airflow/.local/lib/python3.12/site-packages/airflow/example_dags/tutorial.py took 0.154 seconds
[2025-03-25T15:20:21.110+0000] {processor.py:186} INFO - Started process (PID=94) to work on /home/airflow/.local/lib/python3.12/site-packages/airflow/example_dags/tutorial.py
[2025-03-25T15:20:21.127+0000] {processor.py:914} INFO - Processing file /home/airflow/.local/lib/python3.12/site-packages/airflow/example_dags/tutorial.py for tasks to queue
[2025-03-25T15:20:21.154+0000] {logging_mixin.py:190} INFO - [2025-03-25T15:20:21.152+0000] {dagbag.py:588} INFO - Filling up the DagBag from /home/airflow/.local/lib/python3.12/site-packages/airflow/example_dags/tutorial.py
[2025-03-25T15:20:21.224+0000] {processor.py:925} INFO - DAG(s) 'tutorial' retrieved from /home/airflow/.local/lib/python3.12/site-packages/airflow/example_dags/tutorial.py
[2025-03-25T15:20:21.328+0000] {logging_mixin.py:190} INFO - [2025-03-25T15:20:21.328+0000] {dag.py:3239} INFO - Sync 1 DAGs
[2025-03-25T15:20:21.428+0000] {logging_mixin.py:190} INFO - [2025-03-25T15:20:21.428+0000] {dag.py:4180} INFO - Setting next_dagrun for tutorial to 2025-03-24 00:00:00+00:00, run_after=2025-03-25 00:00:00+00:00
[2025-03-25T15:20:21.479+0000] {processor.py:208} INFO - Processing /home/airflow/.local/lib/python3.12/site-packages/airflow/example_dags/tutorial.py took 0.388 seconds
[2025-03-25T15:20:51.559+0000] {processor.py:186} INFO - Started process (PID=157) to work on /home/airflow/.local/lib/python3.12/site-packages/airflow/example_dags/tutorial.py
[2025-03-25T15:20:51.560+0000] {processor.py:914} INFO - Processing file /home/airflow/.local/lib/python3.12/site-packages/airflow/example_dags/tutorial.py for tasks to queue
[2025-03-25T15:20:51.563+0000] {logging_mixin.py:190} INFO - [2025-03-25T15:20:51.562+0000] {dagbag.py:588} INFO - Filling up the DagBag from /home/airflow/.local/lib/python3.12/site-packages/airflow/example_dags/tutorial.py
[2025-03-25T15:20:51.575+0000] {processor.py:925} INFO - DAG(s) 'tutorial' retrieved from /home/airflow/.local/lib/python3.12/site-packages/airflow/example_dags/tutorial.py
[2025-03-25T15:20:51.610+0000] {logging_mixin.py:190} INFO - [2025-03-25T15:20:51.609+0000] {dag.py:3239} INFO - Sync 1 DAGs
[2025-03-25T15:20:51.645+0000] {logging_mixin.py:190} INFO - [2025-03-25T15:20:51.645+0000] {dag.py:4180} INFO - Setting next_dagrun for tutorial to 2025-03-24 00:00:00+00:00, run_after=2025-03-25 00:00:00+00:00
[2025-03-25T15:20:51.673+0000] {processor.py:208} INFO - Processing /home/airflow/.local/lib/python3.12/site-packages/airflow/example_dags/tutorial.py took 0.124 seconds
[2025-03-25T15:21:21.831+0000] {processor.py:186} INFO - Started process (PID=220) to work on /home/airflow/.local/lib/python3.12/site-packages/airflow/example_dags/tutorial.py
[2025-03-25T15:21:21.832+0000] {processor.py:914} INFO - Processing file /home/airflow/.local/lib/python3.12/site-packages/airflow/example_dags/tutorial.py for tasks to queue
[2025-03-25T15:21:21.834+0000] {logging_mixin.py:190} INFO - [2025-03-25T15:21:21.834+0000] {dagbag.py:588} INFO - Filling up the DagBag from /home/airflow/.local/lib/python3.12/site-packages/airflow/example_dags/tutorial.py
[2025-03-25T15:21:21.843+0000] {processor.py:925} INFO - DAG(s) 'tutorial' retrieved from /home/airflow/.local/lib/python3.12/site-packages/airflow/example_dags/tutorial.py
[2025-03-25T15:21:21.865+0000] {logging_mixin.py:190} INFO - [2025-03-25T15:21:21.864+0000] {dag.py:3239} INFO - Sync 1 DAGs
[2025-03-25T15:21:21.891+0000] {logging_mixin.py:190} INFO - [2025-03-25T15:21:21.891+0000] {dag.py:4180} INFO - Setting next_dagrun for tutorial to 2025-03-24 00:00:00+00:00, run_after=2025-03-25 00:00:00+00:00
[2025-03-25T15:21:21.912+0000] {processor.py:208} INFO - Processing /home/airflow/.local/lib/python3.12/site-packages/airflow/example_dags/tutorial.py took 0.088 seconds
[2025-03-25T15:21:52.345+0000] {processor.py:186} INFO - Started process (PID=283) to work on /home/airflow/.local/lib/python3.12/site-packages/airflow/example_dags/tutorial.py
[2025-03-25T15:21:52.346+0000] {processor.py:914} INFO - Processing file /home/airflow/.local/lib/python3.12/site-packages/airflow/example_dags/tutorial.py for tasks to queue
[2025-03-25T15:21:52.349+0000] {logging_mixin.py:190} INFO - [2025-03-25T15:21:52.348+0000] {dagbag.py:588} INFO - Filling up the DagBag from /home/airflow/.local/lib/python3.12/site-packages/airflow/example_dags/tutorial.py
[2025-03-25T15:21:52.358+0000] {processor.py:925} INFO - DAG(s) 'tutorial' retrieved from /home/airflow/.local/lib/python3.12/site-packages/airflow/example_dags/tutorial.py
[2025-03-25T15:21:52.381+0000] {logging_mixin.py:190} INFO - [2025-03-25T15:21:52.380+0000] {dag.py:3239} INFO - Sync 1 DAGs
[2025-03-25T15:21:52.409+0000] {logging_mixin.py:190} INFO - [2025-03-25T15:21:52.409+0000] {dag.py:4180} INFO - Setting next_dagrun for tutorial to 2025-03-24 00:00:00+00:00, run_after=2025-03-25 00:00:00+00:00
[2025-03-25T15:21:52.429+0000] {processor.py:208} INFO - Processing /home/airflow/.local/lib/python3.12/site-packages/airflow/example_dags/tutorial.py took 0.091 seconds
